[0.006s] Invoking command in '/home/alex/thesis_ws/build/small_gicp': CMAKE_PREFIX_PATH=${CMAKE_PREFIX_PATH}:/opt/ros/humble /usr/bin/cmake /home/alex/thesis_ws/src/small_gicp -DCMAKE_INSTALL_PREFIX=/home/alex/thesis_ws/install/small_gicp
[0.048s] -- The C compiler identification is GNU 11.4.0
[0.086s] -- The CXX compiler identification is GNU 11.4.0
[0.091s] -- Detecting C compiler ABI info
[0.140s] -- Detecting C compiler ABI info - done
[0.147s] -- Check for working C compiler: /usr/bin/cc - skipped
[0.147s] -- Detecting C compile features
[0.148s] -- Detecting C compile features - done
[0.150s] -- Detecting CXX compiler ABI info
[0.205s] -- Detecting CXX compiler ABI info - done
[0.211s] -- Check for working CXX compiler: /usr/bin/c++ - skipped
[0.211s] -- Detecting CXX compile features
[0.211s] -- Detecting CXX compile features - done
[0.385s] -- Found OpenMP_C: -fopenmp (found version "4.5") 
[0.452s] -- Found OpenMP_CXX: -fopenmp (found version "4.5") 
[0.452s] -- Found OpenMP: TRUE (found version "4.5")  
[0.456s] -- Configuring done
[0.459s] -- Generating done
[0.461s] -- Build files have been written to: /home/alex/thesis_ws/build/small_gicp
[0.472s] Invoked command in '/home/alex/thesis_ws/build/small_gicp' returned '0': CMAKE_PREFIX_PATH=${CMAKE_PREFIX_PATH}:/opt/ros/humble /usr/bin/cmake /home/alex/thesis_ws/src/small_gicp -DCMAKE_INSTALL_PREFIX=/home/alex/thesis_ws/install/small_gicp
[0.472s] Invoking command in '/home/alex/thesis_ws/build/small_gicp': CMAKE_PREFIX_PATH=${CMAKE_PREFIX_PATH}:/opt/ros/humble /usr/bin/cmake --build /home/alex/thesis_ws/build/small_gicp -- -j8 -l8
[0.529s] [ 33%] [32mBuilding CXX object CMakeFiles/small_gicp.dir/src/small_gicp/registration/registration.cpp.o[0m
[0.537s] [ 66%] [32mBuilding CXX object CMakeFiles/small_gicp.dir/src/small_gicp/registration/registration_helper.cpp.o[0m
[10.916s] [100%] [32m[1mLinking CXX shared library libsmall_gicp.so[0m
[10.978s] [100%] Built target small_gicp
[10.989s] Invoked command in '/home/alex/thesis_ws/build/small_gicp' returned '0': CMAKE_PREFIX_PATH=${CMAKE_PREFIX_PATH}:/opt/ros/humble /usr/bin/cmake --build /home/alex/thesis_ws/build/small_gicp -- -j8 -l8
[10.991s] Invoking command in '/home/alex/thesis_ws/build/small_gicp': CMAKE_PREFIX_PATH=${CMAKE_PREFIX_PATH}:/opt/ros/humble /usr/bin/cmake --install /home/alex/thesis_ws/build/small_gicp
[10.996s] -- Install configuration: "Release"
[10.996s] -- Installing: /home/alex/thesis_ws/install/small_gicp/include
[10.996s] -- Installing: /home/alex/thesis_ws/install/small_gicp/include/small_gicp
[10.996s] -- Installing: /home/alex/thesis_ws/install/small_gicp/include/small_gicp/util
[10.997s] -- Installing: /home/alex/thesis_ws/install/small_gicp/include/small_gicp/util/downsampling.hpp
[10.997s] -- Installing: /home/alex/thesis_ws/install/small_gicp/include/small_gicp/util/sort_tbb.hpp
[11.000s] -- Installing: /home/alex/thesis_ws/install/small_gicp/include/small_gicp/util/normal_estimation.hpp
[11.000s] -- Installing: /home/alex/thesis_ws/install/small_gicp/include/small_gicp/util/lie.hpp
[11.000s] -- Installing: /home/alex/thesis_ws/install/small_gicp/include/small_gicp/util/downsampling_tbb.hpp
[11.001s] -- Installing: /home/alex/thesis_ws/install/small_gicp/include/small_gicp/util/vector3i_hash.hpp
[11.001s] -- Installing: /home/alex/thesis_ws/install/small_gicp/include/small_gicp/util/normal_estimation_omp.hpp
[11.001s] -- Installing: /home/alex/thesis_ws/install/small_gicp/include/small_gicp/util/normal_estimation_tbb.hpp
[11.001s] -- Installing: /home/alex/thesis_ws/install/small_gicp/include/small_gicp/util/sort_omp.hpp
[11.001s] -- Installing: /home/alex/thesis_ws/install/small_gicp/include/small_gicp/util/fast_floor.hpp
[11.001s] -- Installing: /home/alex/thesis_ws/install/small_gicp/include/small_gicp/util/downsampling_omp.hpp
[11.001s] -- Installing: /home/alex/thesis_ws/install/small_gicp/include/small_gicp/ann
[11.001s] -- Installing: /home/alex/thesis_ws/install/small_gicp/include/small_gicp/ann/incremental_voxelmap.hpp
[11.001s] -- Installing: /home/alex/thesis_ws/install/small_gicp/include/small_gicp/ann/projective_search.hpp
[11.002s] -- Installing: /home/alex/thesis_ws/install/small_gicp/include/small_gicp/ann/kdtree.hpp
[11.002s] -- Installing: /home/alex/thesis_ws/install/small_gicp/include/small_gicp/ann/flat_container.hpp
[11.002s] -- Installing: /home/alex/thesis_ws/install/small_gicp/include/small_gicp/ann/gaussian_voxelmap.hpp
[11.002s] -- Installing: /home/alex/thesis_ws/install/small_gicp/include/small_gicp/ann/projection.hpp
[11.002s] -- Installing: /home/alex/thesis_ws/install/small_gicp/include/small_gicp/ann/kdtree_omp.hpp
[11.002s] -- Installing: /home/alex/thesis_ws/install/small_gicp/include/small_gicp/ann/traits.hpp
[11.002s] -- Installing: /home/alex/thesis_ws/install/small_gicp/include/small_gicp/ann/knn_result.hpp
[11.002s] -- Installing: /home/alex/thesis_ws/install/small_gicp/include/small_gicp/ann/kdtree_tbb.hpp
[11.003s] -- Installing: /home/alex/thesis_ws/install/small_gicp/include/small_gicp/registration
[11.003s] -- Installing: /home/alex/thesis_ws/install/small_gicp/include/small_gicp/registration/reduction_omp.hpp
[11.003s] -- Installing: /home/alex/thesis_ws/install/small_gicp/include/small_gicp/registration/rejector.hpp
[11.003s] -- Installing: /home/alex/thesis_ws/install/small_gicp/include/small_gicp/registration/reduction.hpp
[11.003s] -- Installing: /home/alex/thesis_ws/install/small_gicp/include/small_gicp/registration/optimizer.hpp
[11.003s] -- Installing: /home/alex/thesis_ws/install/small_gicp/include/small_gicp/registration/termination_criteria.hpp
[11.003s] -- Installing: /home/alex/thesis_ws/install/small_gicp/include/small_gicp/registration/reduction_tbb.hpp
[11.003s] -- Installing: /home/alex/thesis_ws/install/small_gicp/include/small_gicp/registration/registration_result.hpp
[11.003s] -- Installing: /home/alex/thesis_ws/install/small_gicp/include/small_gicp/registration/registration.hpp
[11.003s] -- Installing: /home/alex/thesis_ws/install/small_gicp/include/small_gicp/registration/registration_helper.hpp
[11.004s] -- Installing: /home/alex/thesis_ws/install/small_gicp/include/small_gicp/factors
[11.004s] -- Installing: /home/alex/thesis_ws/install/small_gicp/include/small_gicp/factors/robust_kernel.hpp
[11.004s] -- Installing: /home/alex/thesis_ws/install/small_gicp/include/small_gicp/factors/icp_factor.hpp
[11.004s] -- Installing: /home/alex/thesis_ws/install/small_gicp/include/small_gicp/factors/plane_icp_factor.hpp
[11.004s] -- Installing: /home/alex/thesis_ws/install/small_gicp/include/small_gicp/factors/general_factor.hpp
[11.004s] -- Installing: /home/alex/thesis_ws/install/small_gicp/include/small_gicp/factors/gicp_factor.hpp
[11.004s] -- Installing: /home/alex/thesis_ws/install/small_gicp/include/small_gicp/benchmark
[11.004s] -- Installing: /home/alex/thesis_ws/install/small_gicp/include/small_gicp/benchmark/read_points.hpp
[11.005s] -- Installing: /home/alex/thesis_ws/install/small_gicp/include/small_gicp/benchmark/benchmark_odom.hpp
[11.005s] -- Installing: /home/alex/thesis_ws/install/small_gicp/include/small_gicp/benchmark/benchmark.hpp
[11.006s] -- Installing: /home/alex/thesis_ws/install/small_gicp/include/small_gicp/pcl
[11.006s] -- Installing: /home/alex/thesis_ws/install/small_gicp/include/small_gicp/pcl/pcl_registration.hpp
[11.006s] -- Installing: /home/alex/thesis_ws/install/small_gicp/include/small_gicp/pcl/pcl_point_traits.hpp
[11.006s] -- Installing: /home/alex/thesis_ws/install/small_gicp/include/small_gicp/pcl/pcl_point.hpp
[11.007s] -- Installing: /home/alex/thesis_ws/install/small_gicp/include/small_gicp/pcl/pcl_proxy.hpp
[11.007s] -- Installing: /home/alex/thesis_ws/install/small_gicp/include/small_gicp/pcl/pcl_registration_impl.hpp
[11.008s] -- Installing: /home/alex/thesis_ws/install/small_gicp/include/small_gicp/points
[11.008s] -- Installing: /home/alex/thesis_ws/install/small_gicp/include/small_gicp/points/point_cloud.hpp
[11.008s] -- Installing: /home/alex/thesis_ws/install/small_gicp/include/small_gicp/points/traits.hpp
[11.008s] -- Installing: /home/alex/thesis_ws/install/small_gicp/include/small_gicp/points/eigen.hpp
[11.008s] -- Installing: /home/alex/thesis_ws/install/small_gicp/lib/libsmall_gicp.so
[11.009s] -- Installing: /home/alex/thesis_ws/install/small_gicp/lib/cmake/small_gicp/small_gicp-targets.cmake
[11.009s] -- Installing: /home/alex/thesis_ws/install/small_gicp/lib/cmake/small_gicp/small_gicp-targets-release.cmake
[11.009s] -- Installing: /home/alex/thesis_ws/install/small_gicp/lib/cmake/small_gicp/small_gicp-config.cmake
[11.009s] -- Installing: /home/alex/thesis_ws/install/small_gicp/lib/cmake/small_gicp/small_gicp-config-version.cmake
[11.010s] Invoked command in '/home/alex/thesis_ws/build/small_gicp' returned '0': CMAKE_PREFIX_PATH=${CMAKE_PREFIX_PATH}:/opt/ros/humble /usr/bin/cmake --install /home/alex/thesis_ws/build/small_gicp
