[0.007s] Invoking command in '/home/alex/thesis_ws/build/pointcloud_to_laserscan': CMAKE_PREFIX_PATH=/home/alex/thesis_ws/install/pcl_ros:/home/alex/thesis_ws/install/pcl_conversions:/home/alex/thesis_ws/install/pointcloud_to_laserscan:/home/alex/thesis_ws/install/perception_pcl:/home/alex/thesis_ws/new_clone/src/pointcloud_to_laserscan/install/pointcloud_to_laserscan:/opt/ros/humble LD_LIBRARY_PATH=/home/alex/thesis_ws/install/pcl_ros/lib:/home/alex/thesis_ws/install/pointcloud_to_laserscan/lib:/home/alex/thesis_ws/new_clone/src/pointcloud_to_laserscan/install/pointcloud_to_laserscan/lib:/opt/ros/humble/opt/rviz_ogre_vendor/lib:/opt/ros/humble/lib/x86_64-linux-gnu:/opt/ros/humble/lib /usr/bin/cmake --build /home/alex/thesis_ws/build/pointcloud_to_laserscan -- -j8 -l8
[0.046s] [ 40%] Built target pointcloud_to_laserscan_node
[0.046s] [ 40%] Built target laserscan_to_pointcloud_node
[0.048s] [ 60%] Built target laserscan_to_pointcloud
[0.060s] [35m[1mConsolidate compiler generated dependencies of target pointcloud_to_laserscan[0m
[0.077s] [ 70%] [32mBuilding CXX object CMakeFiles/pointcloud_to_laserscan.dir/src/pointcloud_to_laserscan_node.cpp.o[0m
[4.398s] In file included from [01m[K/home/alex/thesis_ws/src/pointcloud_to_laserscan/include/pointcloud_to_laserscan/pointcloud_to_laserscan_node.hpp:52[m[K,
[4.399s]                  from [01m[K/home/alex/thesis_ws/src/pointcloud_to_laserscan/src/pointcloud_to_laserscan_node.cpp:41[m[K:
[4.399s] /opt/ros/humble/include/tf2_ros/tf2_ros/transform_listener.h: In instantiation of ‘[01m[Kvoid tf2_ros::TransformListener::init(NodeT&&, bool, const rclcpp::QoS&, const rclcpp::QoS&, const rclcpp::SubscriptionOptionsWithAllocator<AllocatorT>&, const rclcpp::SubscriptionOptionsWithAllocator<AllocatorT>&) [with NodeT = rclcpp::QoS&; AllocatorT = std::allocator<void>][m[K’:
[4.399s] [01m[K/opt/ros/humble/include/tf2_ros/tf2_ros/transform_listener.h:102:9:[m[K   required from ‘[01m[Ktf2_ros::TransformListener::TransformListener(tf2::BufferCore&, NodeT&&, bool, const rclcpp::QoS&, const rclcpp::QoS&, const rclcpp::SubscriptionOptionsWithAllocator<AllocatorT>&, const rclcpp::SubscriptionOptionsWithAllocator<AllocatorT>&) [with NodeT = rclcpp::QoS&; AllocatorT = std::allocator<void>][m[K’
[4.399s] [01m[K/usr/include/c++/11/bits/unique_ptr.h:962:30:[m[K   required from ‘[01m[Ktypename std::_MakeUniq<_Tp>::__single_object std::make_unique(_Args&& ...) [with _Tp = tf2_ros::TransformListener; _Args = {tf2_ros::Buffer&, rclcpp::QoS&}; typename std::_MakeUniq<_Tp>::__single_object = std::unique_ptr<tf2_ros::TransformListener>][m[K’
[4.399s] [01m[K/home/alex/thesis_ws/src/pointcloud_to_laserscan/src/pointcloud_to_laserscan_node.cpp:103:65:[m[K   required from here
[4.399s] [01m[K/opt/ros/humble/include/tf2_ros/tf2_ros/transform_listener.h:119:28:[m[K [01;31m[Kerror: [m[Kbase operand of ‘[01m[K->[m[K’ has non-pointer type ‘[01m[Krclcpp::QoS[m[K’
[4.399s]   119 |     node_base_interface_ = [01;31m[Knode[m[K->get_node_base_interface();
[4.399s]       |                            [01;31m[K^~~~[m[K
[4.399s] [01m[K/opt/ros/humble/include/tf2_ros/tf2_ros/transform_listener.h:120:31:[m[K [01;31m[Kerror: [m[Kbase operand of ‘[01m[K->[m[K’ has non-pointer type ‘[01m[Krclcpp::QoS[m[K’
[4.399s]   120 |     node_logging_interface_ = [01;31m[Knode[m[K->get_node_logging_interface();
[4.399s]       |                               [01;31m[K^~~~[m[K
[6.472s] gmake[2]: *** [CMakeFiles/pointcloud_to_laserscan.dir/build.make:76: CMakeFiles/pointcloud_to_laserscan.dir/src/pointcloud_to_laserscan_node.cpp.o] Error 1
[6.472s] gmake[1]: *** [CMakeFiles/Makefile2:197: CMakeFiles/pointcloud_to_laserscan.dir/all] Error 2
[6.473s] gmake: *** [Makefile:146: all] Error 2
[6.474s] Invoked command in '/home/alex/thesis_ws/build/pointcloud_to_laserscan' returned '2': CMAKE_PREFIX_PATH=/home/alex/thesis_ws/install/pcl_ros:/home/alex/thesis_ws/install/pcl_conversions:/home/alex/thesis_ws/install/pointcloud_to_laserscan:/home/alex/thesis_ws/install/perception_pcl:/home/alex/thesis_ws/new_clone/src/pointcloud_to_laserscan/install/pointcloud_to_laserscan:/opt/ros/humble LD_LIBRARY_PATH=/home/alex/thesis_ws/install/pcl_ros/lib:/home/alex/thesis_ws/install/pointcloud_to_laserscan/lib:/home/alex/thesis_ws/new_clone/src/pointcloud_to_laserscan/install/pointcloud_to_laserscan/lib:/opt/ros/humble/opt/rviz_ogre_vendor/lib:/opt/ros/humble/lib/x86_64-linux-gnu:/opt/ros/humble/lib /usr/bin/cmake --build /home/alex/thesis_ws/build/pointcloud_to_laserscan -- -j8 -l8
