[0.007s] Invoking command in '/home/alex/thesis_ws/new_clone/build/pointcloud_to_laserscan': AMENT_PREFIX_PATH=/home/alex/thesis_ws/new_clone/install/pcl_ros:/home/alex/thesis_ws/new_clone/install/pcl_conversions:${AMENT_PREFIX_PATH} CMAKE_PREFIX_PATH=/home/alex/thesis_ws/new_clone/install/pcl_ros:/home/alex/thesis_ws/new_clone/install/pcl_conversions:/home/alex/thesis_ws/new_clone/src/pointcloud_to_laserscan/install/pointcloud_to_laserscan:/home/alex/thesis_ws/install/pointcloud_to_laserscan:/home/alex/thesis_ws/install/perception_pcl:/home/alex/thesis_ws/install/pcl_ros:/home/alex/thesis_ws/install/pcl_conversions:/opt/ros/humble LD_LIBRARY_PATH=/home/alex/thesis_ws/new_clone/install/pcl_ros/lib:${LD_LIBRARY_PATH} /usr/bin/cmake --build /home/alex/thesis_ws/new_clone/build/pointcloud_to_laserscan -- -j8 -l8
[0.047s] [ 40%] Built target pointcloud_to_laserscan_node
[0.047s] [ 40%] Built target laserscan_to_pointcloud_node
[0.048s] [ 60%] Built target laserscan_to_pointcloud
[0.059s] [35m[1mConsolidate compiler generated dependencies of target pointcloud_to_laserscan[0m
[0.077s] [ 70%] [32mBuilding CXX object CMakeFiles/pointcloud_to_laserscan.dir/src/pointcloud_to_laserscan_node.cpp.o[0m
[3.738s] [01m[K/home/alex/thesis_ws/new_clone/src/pointcloud_to_laserscan/src/pointcloud_to_laserscan_node.cpp:[m[K In member function ‘[01m[Kvoid pointcloud_to_laserscan::PointCloudToLaserScanNode::cloudCallback(sensor_msgs::msg::PointCloud2_<std::allocator<void> >::ConstSharedPtr)[m[K’:
[3.738s] [01m[K/home/alex/thesis_ws/new_clone/src/pointcloud_to_laserscan/src/pointcloud_to_laserscan_node.cpp:236:15:[m[K [01;31m[Kerror: [m[Kno match for ‘[01m[Koperator=[m[K’ (operand types are ‘[01m[Ksensor_msgs::msg::PointCloud2_<std::allocator<void> >::ConstSharedPtr[m[K’ {aka ‘[01m[Kstd::shared_ptr<const sensor_msgs::msg::PointCloud2_<std::allocator<void> > >[m[K’} and ‘[01m[Kpcl::PointCloud<pcl::PointXYZ>[m[K’)
[3.738s]   236 |   cloud_msg = [01;31m[Kpcl_cloud_transformed[m[K;
[3.738s]       |               [01;31m[K^~~~~~~~~~~~~~~~~~~~~[m[K
[3.738s] In file included from [01m[K/usr/include/c++/11/memory:77[m[K,
[3.738s]                  from [01m[K/home/alex/thesis_ws/new_clone/src/pointcloud_to_laserscan/include/pointcloud_to_laserscan/pointcloud_to_laserscan_node.hpp:45[m[K,
[3.738s]                  from [01m[K/home/alex/thesis_ws/new_clone/src/pointcloud_to_laserscan/src/pointcloud_to_laserscan_node.cpp:41[m[K:
[3.738s] [01m[K/usr/include/c++/11/bits/shared_ptr.h:363:9:[m[K [01;36m[Knote: [m[Kcandidate: ‘[01m[Ktemplate<class _Yp> std::shared_ptr<_Tp>::_Assignable<const std::shared_ptr<_Yp>&> std::shared_ptr<_Tp>::operator=(const std::shared_ptr<_Yp>&) [with _Yp = _Yp; _Tp = const sensor_msgs::msg::PointCloud2_<std::allocator<void> >][m[K’
[3.738s]   363 |         [01;36m[Koperator[m[K=(const shared_ptr<_Yp>& __r) noexcept
[3.738s]       |         [01;36m[K^~~~~~~~[m[K
[3.738s] [01m[K/usr/include/c++/11/bits/shared_ptr.h:363:9:[m[K [01;36m[Knote: [m[K  template argument deduction/substitution failed:
[3.738s] [01m[K/home/alex/thesis_ws/new_clone/src/pointcloud_to_laserscan/src/pointcloud_to_laserscan_node.cpp:236:15:[m[K [01;36m[Knote: [m[K  ‘[01m[Kpcl::PointCloud<pcl::PointXYZ>[m[K’ is not derived from ‘[01m[Kconst std::shared_ptr<_Tp>[m[K’
[3.738s]   236 |   cloud_msg = [01;36m[Kpcl_cloud_transformed[m[K;
[3.738s]       |               [01;36m[K^~~~~~~~~~~~~~~~~~~~~[m[K
[3.738s] In file included from [01m[K/usr/include/c++/11/memory:77[m[K,
[3.738s]                  from [01m[K/home/alex/thesis_ws/new_clone/src/pointcloud_to_laserscan/include/pointcloud_to_laserscan/pointcloud_to_laserscan_node.hpp:45[m[K,
[3.739s]                  from [01m[K/home/alex/thesis_ws/new_clone/src/pointcloud_to_laserscan/src/pointcloud_to_laserscan_node.cpp:41[m[K:
[3.739s] [01m[K/usr/include/c++/11/bits/shared_ptr.h:374:9:[m[K [01;36m[Knote: [m[Kcandidate: ‘[01m[Ktemplate<class _Yp> std::shared_ptr<_Tp>::_Assignable<std::auto_ptr<_Up> > std::shared_ptr<_Tp>::operator=(std::auto_ptr<_Up>&&) [with _Yp = _Yp; _Tp = const sensor_msgs::msg::PointCloud2_<std::allocator<void> >][m[K’
[3.739s]   374 |         [01;36m[Koperator[m[K=(auto_ptr<_Yp>&& __r)
[3.739s]       |         [01;36m[K^~~~~~~~[m[K
[3.739s] [01m[K/usr/include/c++/11/bits/shared_ptr.h:374:9:[m[K [01;36m[Knote: [m[K  template argument deduction/substitution failed:
[3.739s] [01m[K/home/alex/thesis_ws/new_clone/src/pointcloud_to_laserscan/src/pointcloud_to_laserscan_node.cpp:236:15:[m[K [01;36m[Knote: [m[K  ‘[01m[Kpcl::PointCloud<pcl::PointXYZ>[m[K’ is not derived from ‘[01m[Kstd::auto_ptr<_Up>[m[K’
[3.739s]   236 |   cloud_msg = [01;36m[Kpcl_cloud_transformed[m[K;
[3.739s]       |               [01;36m[K^~~~~~~~~~~~~~~~~~~~~[m[K
[3.739s] In file included from [01m[K/usr/include/c++/11/memory:77[m[K,
[3.739s]                  from [01m[K/home/alex/thesis_ws/new_clone/src/pointcloud_to_laserscan/include/pointcloud_to_laserscan/pointcloud_to_laserscan_node.hpp:45[m[K,
[3.739s]                  from [01m[K/home/alex/thesis_ws/new_clone/src/pointcloud_to_laserscan/src/pointcloud_to_laserscan_node.cpp:41[m[K:
[3.739s] [01m[K/usr/include/c++/11/bits/shared_ptr.h:391:9:[m[K [01;36m[Knote: [m[Kcandidate: ‘[01m[Ktemplate<class _Yp> std::shared_ptr<_Tp>::_Assignable<std::shared_ptr<_Yp> > std::shared_ptr<_Tp>::operator=(std::shared_ptr<_Yp>&&) [with _Yp = _Yp; _Tp = const sensor_msgs::msg::PointCloud2_<std::allocator<void> >][m[K’
[3.739s]   391 |         [01;36m[Koperator[m[K=(shared_ptr<_Yp>&& __r) noexcept
[3.739s]       |         [01;36m[K^~~~~~~~[m[K
[3.739s] [01m[K/usr/include/c++/11/bits/shared_ptr.h:391:9:[m[K [01;36m[Knote: [m[K  template argument deduction/substitution failed:
[3.739s] [01m[K/home/alex/thesis_ws/new_clone/src/pointcloud_to_laserscan/src/pointcloud_to_laserscan_node.cpp:236:15:[m[K [01;36m[Knote: [m[K  ‘[01m[Kpcl::PointCloud<pcl::PointXYZ>[m[K’ is not derived from ‘[01m[Kstd::shared_ptr<_Tp>[m[K’
[3.739s]   236 |   cloud_msg = [01;36m[Kpcl_cloud_transformed[m[K;
[3.739s]       |               [01;36m[K^~~~~~~~~~~~~~~~~~~~~[m[K
[3.739s] In file included from [01m[K/usr/include/c++/11/memory:77[m[K,
[3.739s]                  from [01m[K/home/alex/thesis_ws/new_clone/src/pointcloud_to_laserscan/include/pointcloud_to_laserscan/pointcloud_to_laserscan_node.hpp:45[m[K,
[3.739s]                  from [01m[K/home/alex/thesis_ws/new_clone/src/pointcloud_to_laserscan/src/pointcloud_to_laserscan_node.cpp:41[m[K:
[3.739s] [01m[K/usr/include/c++/11/bits/shared_ptr.h:399:9:[m[K [01;36m[Knote: [m[Kcandidate: ‘[01m[Ktemplate<class _Yp, class _Del> std::shared_ptr<_Tp>::_Assignable<std::unique_ptr<_Up, _Ep> > std::shared_ptr<_Tp>::operator=(std::unique_ptr<_Up, _Ep>&&) [with _Yp = _Yp; _Del = _Del; _Tp = const sensor_msgs::msg::PointCloud2_<std::allocator<void> >][m[K’
[3.739s]   399 |         [01;36m[Koperator[m[K=(unique_ptr<_Yp, _Del>&& __r)
[3.739s]       |         [01;36m[K^~~~~~~~[m[K
[3.739s] [01m[K/usr/include/c++/11/bits/shared_ptr.h:399:9:[m[K [01;36m[Knote: [m[K  template argument deduction/substitution failed:
[3.739s] [01m[K/home/alex/thesis_ws/new_clone/src/pointcloud_to_laserscan/src/pointcloud_to_laserscan_node.cpp:236:15:[m[K [01;36m[Knote: [m[K  ‘[01m[Kpcl::PointCloud<pcl::PointXYZ>[m[K’ is not derived from ‘[01m[Kstd::unique_ptr<_Tp, _Dp>[m[K’
[3.739s]   236 |   cloud_msg = [01;36m[Kpcl_cloud_transformed[m[K;
[3.739s]       |               [01;36m[K^~~~~~~~~~~~~~~~~~~~~[m[K
[3.739s] In file included from [01m[K/usr/include/c++/11/memory:77[m[K,
[3.739s]                  from [01m[K/home/alex/thesis_ws/new_clone/src/pointcloud_to_laserscan/include/pointcloud_to_laserscan/pointcloud_to_laserscan_node.hpp:45[m[K,
[3.739s]                  from [01m[K/home/alex/thesis_ws/new_clone/src/pointcloud_to_laserscan/src/pointcloud_to_laserscan_node.cpp:41[m[K:
[3.739s] [01m[K/usr/include/c++/11/bits/shared_ptr.h:359:19:[m[K [01;36m[Knote: [m[Kcandidate: ‘[01m[Kstd::shared_ptr<_Tp>& std::shared_ptr<_Tp>::operator=(const std::shared_ptr<_Tp>&) [with _Tp = const sensor_msgs::msg::PointCloud2_<std::allocator<void> >][m[K’
[3.740s]   359 |       shared_ptr& [01;36m[Koperator[m[K=(const shared_ptr&) noexcept = default;
[3.740s]       |                   [01;36m[K^~~~~~~~[m[K
[3.740s] [01m[K/usr/include/c++/11/bits/shared_ptr.h:359:29:[m[K [01;36m[Knote: [m[K  no known conversion for argument 1 from ‘[01m[Kpcl::PointCloud<pcl::PointXYZ>[m[K’ to ‘[01m[Kconst std::shared_ptr<const sensor_msgs::msg::PointCloud2_<std::allocator<void> > >&[m[K’
[3.740s]   359 |       shared_ptr& operator=([01;36m[Kconst shared_ptr&[m[K) noexcept = default;
[3.740s]       |                             [01;36m[K^~~~~~~~~~~~~~~~~[m[K
[3.740s] [01m[K/usr/include/c++/11/bits/shared_ptr.h:383:7:[m[K [01;36m[Knote: [m[Kcandidate: ‘[01m[Kstd::shared_ptr<_Tp>& std::shared_ptr<_Tp>::operator=(std::shared_ptr<_Tp>&&) [with _Tp = const sensor_msgs::msg::PointCloud2_<std::allocator<void> >][m[K’
[3.740s]   383 |       [01;36m[Koperator[m[K=(shared_ptr&& __r) noexcept
[3.740s]       |       [01;36m[K^~~~~~~~[m[K
[3.740s] [01m[K/usr/include/c++/11/bits/shared_ptr.h:383:30:[m[K [01;36m[Knote: [m[K  no known conversion for argument 1 from ‘[01m[Kpcl::PointCloud<pcl::PointXYZ>[m[K’ to ‘[01m[Kstd::shared_ptr<const sensor_msgs::msg::PointCloud2_<std::allocator<void> > >&&[m[K’
[3.740s]   383 |       operator=([01;36m[Kshared_ptr&& __r[m[K) noexcept
[3.740s]       |                 [01;36m[K~~~~~~~~~~~~~^~~[m[K
[6.265s] gmake[2]: *** [CMakeFiles/pointcloud_to_laserscan.dir/build.make:76: CMakeFiles/pointcloud_to_laserscan.dir/src/pointcloud_to_laserscan_node.cpp.o] Error 1
[6.265s] gmake[1]: *** [CMakeFiles/Makefile2:197: CMakeFiles/pointcloud_to_laserscan.dir/all] Error 2
[6.265s] gmake: *** [Makefile:146: all] Error 2
[6.267s] Invoked command in '/home/alex/thesis_ws/new_clone/build/pointcloud_to_laserscan' returned '2': AMENT_PREFIX_PATH=/home/alex/thesis_ws/new_clone/install/pcl_ros:/home/alex/thesis_ws/new_clone/install/pcl_conversions:${AMENT_PREFIX_PATH} CMAKE_PREFIX_PATH=/home/alex/thesis_ws/new_clone/install/pcl_ros:/home/alex/thesis_ws/new_clone/install/pcl_conversions:/home/alex/thesis_ws/new_clone/src/pointcloud_to_laserscan/install/pointcloud_to_laserscan:/home/alex/thesis_ws/install/pointcloud_to_laserscan:/home/alex/thesis_ws/install/perception_pcl:/home/alex/thesis_ws/install/pcl_ros:/home/alex/thesis_ws/install/pcl_conversions:/opt/ros/humble LD_LIBRARY_PATH=/home/alex/thesis_ws/new_clone/install/pcl_ros/lib:${LD_LIBRARY_PATH} /usr/bin/cmake --build /home/alex/thesis_ws/new_clone/build/pointcloud_to_laserscan -- -j8 -l8
