In file included from [01m[K/usr/local/include/small_gicp/pcl/pcl_registration_impl.hpp:17[m[K,
                 from [01m[K/usr/local/include/small_gicp/pcl/pcl_registration.hpp:116[m[K,
                 from [01m[K/home/alex/thesis_ws/src/pointcloud_to_laserscan/include/pointcloud_to_laserscan/vgicp_registration.hpp:6[m[K,
                 from [01m[K/home/alex/thesis_ws/src/pointcloud_to_laserscan/src/vgicp_registration.cpp:4[m[K:
[01m[K/usr/local/include/small_gicp/registration/reduction_omp.hpp:10:2:[m[K [01;35m[Kwarning: [m[K#warning "OpenMP is not available. Parallel reduction will be disabled." [[01;35m[K]8;;https://gcc.gnu.org/onlinedocs/gcc/Warning-Options.html#index-Wcpp-Wcpp]8;;[m[K]
   10 | #[01;35m[Kwarning[m[K "OpenMP is not available. Parallel reduction will be disabled."
      |  [01;35m[K^~~~~~~[m[K
In file included from [01m[K/usr/local/include/small_gicp/pcl/pcl_registration_impl.hpp:17[m[K,
                 from [01m[K/usr/local/include/small_gicp/pcl/pcl_registration.hpp:116[m[K,
                 from [01m[K/home/alex/thesis_ws/src/pointcloud_to_laserscan/include/pointcloud_to_laserscan/vgicp_registration.hpp:6[m[K,
                 from [01m[K/home/alex/thesis_ws/src/pointcloud_to_laserscan/include/pointcloud_to_laserscan/pointcloud_to_laserscan_node.hpp:62[m[K,
                 from [01m[K/home/alex/thesis_ws/src/pointcloud_to_laserscan/src/pointcloud_to_laserscan_node.cpp:41[m[K:
[01m[K/usr/local/include/small_gicp/registration/reduction_omp.hpp:10:2:[m[K [01;35m[Kwarning: [m[K#warning "OpenMP is not available. Parallel reduction will be disabled." [[01;35m[K]8;;https://gcc.gnu.org/onlinedocs/gcc/Warning-Options.html#index-Wcpp-Wcpp]8;;[m[K]
   10 | #[01;35m[Kwarning[m[K "OpenMP is not available. Parallel reduction will be disabled."
      |  [01;35m[K^~~~~~~[m[K
[01m[K/home/alex/thesis_ws/src/pointcloud_to_laserscan/src/vgicp_registration.cpp:[m[K In member function ‘[01m[Kvoid vgicpRegistrationClass::setLastCloud(const pcl::PointCloud<pcl::PointXYZ>&)[m[K’:
[01m[K/home/alex/thesis_ws/src/pointcloud_to_laserscan/src/vgicp_registration.cpp:27:20:[m[K [01;31m[Kerror: [m[Kno match for ‘[01m[Koperator=[m[K’ (operand types are ‘[01m[Kpcl::PointCloud<pcl::PointXYZ>::Ptr[m[K’ {aka ‘[01m[Kstd::shared_ptr<pcl::PointCloud<pcl::PointXYZ> >[m[K’} and ‘[01m[Kstd::__shared_ptr_access<pcl::PointCloud<pcl::PointXYZ>, __gnu_cxx::_S_atomic, false, false>::element_type[m[K’ {aka ‘[01m[Kpcl::PointCloud<pcl::PointXYZ>[m[K’})
   27 |     last_cloud_ = *[01;31m[Kdownsampled_last_cloud[m[K;
      |                    [01;31m[K^~~~~~~~~~~~~~~~~~~~~~[m[K
In file included from [01m[K/usr/include/c++/11/memory:77[m[K,
                 from [01m[K/usr/include/pcl-1.12/pcl/memory.h:50[m[K,
                 from [01m[K/usr/include/pcl-1.12/pcl/impl/point_types.hpp:41[m[K,
                 from [01m[K/usr/include/pcl-1.12/pcl/point_types.h:354[m[K,
                 from [01m[K/usr/local/include/small_gicp/pcl/pcl_point.hpp:5[m[K,
                 from [01m[K/home/alex/thesis_ws/src/pointcloud_to_laserscan/include/pointcloud_to_laserscan/vgicp_registration.hpp:4[m[K,
                 from [01m[K/home/alex/thesis_ws/src/pointcloud_to_laserscan/src/vgicp_registration.cpp:4[m[K:
[01m[K/usr/include/c++/11/bits/shared_ptr.h:363:9:[m[K [01;36m[Knote: [m[Kcandidate: ‘[01m[Ktemplate<class _Yp> std::shared_ptr<_Tp>::_Assignable<const std::shared_ptr<_Yp>&> std::shared_ptr<_Tp>::operator=(const std::shared_ptr<_Yp>&) [with _Yp = _Yp; _Tp = pcl::PointCloud<pcl::PointXYZ>][m[K’
  363 |         [01;36m[Koperator[m[K=(const shared_ptr<_Yp>& __r) noexcept
      |         [01;36m[K^~~~~~~~[m[K
[01m[K/usr/include/c++/11/bits/shared_ptr.h:363:9:[m[K [01;36m[Knote: [m[K  template argument deduction/substitution failed:
[01m[K/home/alex/thesis_ws/src/pointcloud_to_laserscan/src/vgicp_registration.cpp:27:20:[m[K [01;36m[Knote: [m[K  ‘[01m[Kstd::__shared_ptr_access<pcl::PointCloud<pcl::PointXYZ>, __gnu_cxx::_S_atomic, false, false>::element_type[m[K’ {aka ‘[01m[Kpcl::PointCloud<pcl::PointXYZ>[m[K’} is not derived from ‘[01m[Kconst std::shared_ptr<_Tp>[m[K’
   27 |     last_cloud_ = *[01;36m[Kdownsampled_last_cloud[m[K;
      |                    [01;36m[K^~~~~~~~~~~~~~~~~~~~~~[m[K
In file included from [01m[K/usr/include/c++/11/memory:77[m[K,
                 from [01m[K/usr/include/pcl-1.12/pcl/memory.h:50[m[K,
                 from [01m[K/usr/include/pcl-1.12/pcl/impl/point_types.hpp:41[m[K,
                 from [01m[K/usr/include/pcl-1.12/pcl/point_types.h:354[m[K,
                 from [01m[K/usr/local/include/small_gicp/pcl/pcl_point.hpp:5[m[K,
                 from [01m[K/home/alex/thesis_ws/src/pointcloud_to_laserscan/include/pointcloud_to_laserscan/vgicp_registration.hpp:4[m[K,
                 from [01m[K/home/alex/thesis_ws/src/pointcloud_to_laserscan/src/vgicp_registration.cpp:4[m[K:
[01m[K/usr/include/c++/11/bits/shared_ptr.h:374:9:[m[K [01;36m[Knote: [m[Kcandidate: ‘[01m[Ktemplate<class _Yp> std::shared_ptr<_Tp>::_Assignable<std::auto_ptr<_Up> > std::shared_ptr<_Tp>::operator=(std::auto_ptr<_Up>&&) [with _Yp = _Yp; _Tp = pcl::PointCloud<pcl::PointXYZ>][m[K’
  374 |         [01;36m[Koperator[m[K=(auto_ptr<_Yp>&& __r)
      |         [01;36m[K^~~~~~~~[m[K
[01m[K/usr/include/c++/11/bits/shared_ptr.h:374:9:[m[K [01;36m[Knote: [m[K  template argument deduction/substitution failed:
[01m[K/home/alex/thesis_ws/src/pointcloud_to_laserscan/src/vgicp_registration.cpp:27:20:[m[K [01;36m[Knote: [m[K  ‘[01m[Kstd::__shared_ptr_access<pcl::PointCloud<pcl::PointXYZ>, __gnu_cxx::_S_atomic, false, false>::element_type[m[K’ {aka ‘[01m[Kpcl::PointCloud<pcl::PointXYZ>[m[K’} is not derived from ‘[01m[Kstd::auto_ptr<_Up>[m[K’
   27 |     last_cloud_ = *[01;36m[Kdownsampled_last_cloud[m[K;
      |                    [01;36m[K^~~~~~~~~~~~~~~~~~~~~~[m[K
In file included from [01m[K/usr/include/c++/11/memory:77[m[K,
                 from [01m[K/usr/include/pcl-1.12/pcl/memory.h:50[m[K,
                 from [01m[K/usr/include/pcl-1.12/pcl/impl/point_types.hpp:41[m[K,
                 from [01m[K/usr/include/pcl-1.12/pcl/point_types.h:354[m[K,
                 from [01m[K/usr/local/include/small_gicp/pcl/pcl_point.hpp:5[m[K,
                 from [01m[K/home/alex/thesis_ws/src/pointcloud_to_laserscan/include/pointcloud_to_laserscan/vgicp_registration.hpp:4[m[K,
                 from [01m[K/home/alex/thesis_ws/src/pointcloud_to_laserscan/src/vgicp_registration.cpp:4[m[K:
[01m[K/usr/include/c++/11/bits/shared_ptr.h:391:9:[m[K [01;36m[Knote: [m[Kcandidate: ‘[01m[Ktemplate<class _Yp> std::shared_ptr<_Tp>::_Assignable<std::shared_ptr<_Yp> > std::shared_ptr<_Tp>::operator=(std::shared_ptr<_Yp>&&) [with _Yp = _Yp; _Tp = pcl::PointCloud<pcl::PointXYZ>][m[K’
  391 |         [01;36m[Koperator[m[K=(shared_ptr<_Yp>&& __r) noexcept
      |         [01;36m[K^~~~~~~~[m[K
[01m[K/usr/include/c++/11/bits/shared_ptr.h:391:9:[m[K [01;36m[Knote: [m[K  template argument deduction/substitution failed:
[01m[K/home/alex/thesis_ws/src/pointcloud_to_laserscan/src/vgicp_registration.cpp:27:20:[m[K [01;36m[Knote: [m[K  ‘[01m[Kstd::__shared_ptr_access<pcl::PointCloud<pcl::PointXYZ>, __gnu_cxx::_S_atomic, false, false>::element_type[m[K’ {aka ‘[01m[Kpcl::PointCloud<pcl::PointXYZ>[m[K’} is not derived from ‘[01m[Kstd::shared_ptr<_Tp>[m[K’
   27 |     last_cloud_ = *[01;36m[Kdownsampled_last_cloud[m[K;
      |                    [01;36m[K^~~~~~~~~~~~~~~~~~~~~~[m[K
In file included from [01m[K/usr/include/c++/11/memory:77[m[K,
                 from [01m[K/usr/include/pcl-1.12/pcl/memory.h:50[m[K,
                 from [01m[K/usr/include/pcl-1.12/pcl/impl/point_types.hpp:41[m[K,
                 from [01m[K/usr/include/pcl-1.12/pcl/point_types.h:354[m[K,
                 from [01m[K/usr/local/include/small_gicp/pcl/pcl_point.hpp:5[m[K,
                 from [01m[K/home/alex/thesis_ws/src/pointcloud_to_laserscan/include/pointcloud_to_laserscan/vgicp_registration.hpp:4[m[K,
                 from [01m[K/home/alex/thesis_ws/src/pointcloud_to_laserscan/src/vgicp_registration.cpp:4[m[K:
[01m[K/usr/include/c++/11/bits/shared_ptr.h:399:9:[m[K [01;36m[Knote: [m[Kcandidate: ‘[01m[Ktemplate<class _Yp, class _Del> std::shared_ptr<_Tp>::_Assignable<std::unique_ptr<_Up, _Ep> > std::shared_ptr<_Tp>::operator=(std::unique_ptr<_Up, _Ep>&&) [with _Yp = _Yp; _Del = _Del; _Tp = pcl::PointCloud<pcl::PointXYZ>][m[K’
  399 |         [01;36m[Koperator[m[K=(unique_ptr<_Yp, _Del>&& __r)
      |         [01;36m[K^~~~~~~~[m[K
[01m[K/usr/include/c++/11/bits/shared_ptr.h:399:9:[m[K [01;36m[Knote: [m[K  template argument deduction/substitution failed:
[01m[K/home/alex/thesis_ws/src/pointcloud_to_laserscan/src/vgicp_registration.cpp:27:20:[m[K [01;36m[Knote: [m[K  ‘[01m[Kstd::__shared_ptr_access<pcl::PointCloud<pcl::PointXYZ>, __gnu_cxx::_S_atomic, false, false>::element_type[m[K’ {aka ‘[01m[Kpcl::PointCloud<pcl::PointXYZ>[m[K’} is not derived from ‘[01m[Kstd::unique_ptr<_Tp, _Dp>[m[K’
   27 |     last_cloud_ = *[01;36m[Kdownsampled_last_cloud[m[K;
      |                    [01;36m[K^~~~~~~~~~~~~~~~~~~~~~[m[K
In file included from [01m[K/usr/include/c++/11/memory:77[m[K,
                 from [01m[K/usr/include/pcl-1.12/pcl/memory.h:50[m[K,
                 from [01m[K/usr/include/pcl-1.12/pcl/impl/point_types.hpp:41[m[K,
                 from [01m[K/usr/include/pcl-1.12/pcl/point_types.h:354[m[K,
                 from [01m[K/usr/local/include/small_gicp/pcl/pcl_point.hpp:5[m[K,
                 from [01m[K/home/alex/thesis_ws/src/pointcloud_to_laserscan/include/pointcloud_to_laserscan/vgicp_registration.hpp:4[m[K,
                 from [01m[K/home/alex/thesis_ws/src/pointcloud_to_laserscan/src/vgicp_registration.cpp:4[m[K:
[01m[K/usr/include/c++/11/bits/shared_ptr.h:359:19:[m[K [01;36m[Knote: [m[Kcandidate: ‘[01m[Kstd::shared_ptr<_Tp>& std::shared_ptr<_Tp>::operator=(const std::shared_ptr<_Tp>&) [with _Tp = pcl::PointCloud<pcl::PointXYZ>][m[K’
  359 |       shared_ptr& [01;36m[Koperator[m[K=(const shared_ptr&) noexcept = default;
      |                   [01;36m[K^~~~~~~~[m[K
[01m[K/usr/include/c++/11/bits/shared_ptr.h:359:29:[m[K [01;36m[Knote: [m[K  no known conversion for argument 1 from ‘[01m[Kstd::__shared_ptr_access<pcl::PointCloud<pcl::PointXYZ>, __gnu_cxx::_S_atomic, false, false>::element_type[m[K’ {aka ‘[01m[Kpcl::PointCloud<pcl::PointXYZ>[m[K’} to ‘[01m[Kconst std::shared_ptr<pcl::PointCloud<pcl::PointXYZ> >&[m[K’
  359 |       shared_ptr& operator=([01;36m[Kconst shared_ptr&[m[K) noexcept = default;
      |                             [01;36m[K^~~~~~~~~~~~~~~~~[m[K
[01m[K/usr/include/c++/11/bits/shared_ptr.h:383:7:[m[K [01;36m[Knote: [m[Kcandidate: ‘[01m[Kstd::shared_ptr<_Tp>& std::shared_ptr<_Tp>::operator=(std::shared_ptr<_Tp>&&) [with _Tp = pcl::PointCloud<pcl::PointXYZ>][m[K’
  383 |       [01;36m[Koperator[m[K=(shared_ptr&& __r) noexcept
      |       [01;36m[K^~~~~~~~[m[K
[01m[K/usr/include/c++/11/bits/shared_ptr.h:383:30:[m[K [01;36m[Knote: [m[K  no known conversion for argument 1 from ‘[01m[Kstd::__shared_ptr_access<pcl::PointCloud<pcl::PointXYZ>, __gnu_cxx::_S_atomic, false, false>::element_type[m[K’ {aka ‘[01m[Kpcl::PointCloud<pcl::PointXYZ>[m[K’} to ‘[01m[Kstd::shared_ptr<pcl::PointCloud<pcl::PointXYZ> >&&[m[K’
  383 |       operator=([01;36m[Kshared_ptr&& __r[m[K) noexcept
      |                 [01;36m[K~~~~~~~~~~~~~^~~[m[K
[01m[K/home/alex/thesis_ws/src/pointcloud_to_laserscan/src/vgicp_registration.cpp:[m[K In member function ‘[01m[Kvoid vgicpRegistrationClass::setNewCloud(const pcl::PointCloud<pcl::PointXYZ>&)[m[K’:
[01m[K/home/alex/thesis_ws/src/pointcloud_to_laserscan/src/vgicp_registration.cpp:35:19:[m[K [01;31m[Kerror: [m[Kno match for ‘[01m[Koperator=[m[K’ (operand types are ‘[01m[Kpcl::PointCloud<pcl::PointXYZ>::Ptr[m[K’ {aka ‘[01m[Kstd::shared_ptr<pcl::PointCloud<pcl::PointXYZ> >[m[K’} and ‘[01m[Kstd::__shared_ptr_access<pcl::PointCloud<pcl::PointXYZ>, __gnu_cxx::_S_atomic, false, false>::element_type[m[K’ {aka ‘[01m[Kpcl::PointCloud<pcl::PointXYZ>[m[K’})
   35 |     new_cloud_ = *[01;31m[Kdownsampled_new_cloud[m[K;
      |                   [01;31m[K^~~~~~~~~~~~~~~~~~~~~[m[K
In file included from [01m[K/usr/include/c++/11/memory:77[m[K,
                 from [01m[K/usr/include/pcl-1.12/pcl/memory.h:50[m[K,
                 from [01m[K/usr/include/pcl-1.12/pcl/impl/point_types.hpp:41[m[K,
                 from [01m[K/usr/include/pcl-1.12/pcl/point_types.h:354[m[K,
                 from [01m[K/usr/local/include/small_gicp/pcl/pcl_point.hpp:5[m[K,
                 from [01m[K/home/alex/thesis_ws/src/pointcloud_to_laserscan/include/pointcloud_to_laserscan/vgicp_registration.hpp:4[m[K,
                 from [01m[K/home/alex/thesis_ws/src/pointcloud_to_laserscan/src/vgicp_registration.cpp:4[m[K:
[01m[K/usr/include/c++/11/bits/shared_ptr.h:363:9:[m[K [01;36m[Knote: [m[Kcandidate: ‘[01m[Ktemplate<class _Yp> std::shared_ptr<_Tp>::_Assignable<const std::shared_ptr<_Yp>&> std::shared_ptr<_Tp>::operator=(const std::shared_ptr<_Yp>&) [with _Yp = _Yp; _Tp = pcl::PointCloud<pcl::PointXYZ>][m[K’
  363 |         [01;36m[Koperator[m[K=(const shared_ptr<_Yp>& __r) noexcept
      |         [01;36m[K^~~~~~~~[m[K
[01m[K/usr/include/c++/11/bits/shared_ptr.h:363:9:[m[K [01;36m[Knote: [m[K  template argument deduction/substitution failed:
[01m[K/home/alex/thesis_ws/src/pointcloud_to_laserscan/src/vgicp_registration.cpp:35:19:[m[K [01;36m[Knote: [m[K  ‘[01m[Kstd::__shared_ptr_access<pcl::PointCloud<pcl::PointXYZ>, __gnu_cxx::_S_atomic, false, false>::element_type[m[K’ {aka ‘[01m[Kpcl::PointCloud<pcl::PointXYZ>[m[K’} is not derived from ‘[01m[Kconst std::shared_ptr<_Tp>[m[K’
   35 |     new_cloud_ = *[01;36m[Kdownsampled_new_cloud[m[K;
      |                   [01;36m[K^~~~~~~~~~~~~~~~~~~~~[m[K
In file included from [01m[K/usr/include/c++/11/memory:77[m[K,
                 from [01m[K/usr/include/pcl-1.12/pcl/memory.h:50[m[K,
                 from [01m[K/usr/include/pcl-1.12/pcl/impl/point_types.hpp:41[m[K,
                 from [01m[K/usr/include/pcl-1.12/pcl/point_types.h:354[m[K,
                 from [01m[K/usr/local/include/small_gicp/pcl/pcl_point.hpp:5[m[K,
                 from [01m[K/home/alex/thesis_ws/src/pointcloud_to_laserscan/include/pointcloud_to_laserscan/vgicp_registration.hpp:4[m[K,
                 from [01m[K/home/alex/thesis_ws/src/pointcloud_to_laserscan/src/vgicp_registration.cpp:4[m[K:
[01m[K/usr/include/c++/11/bits/shared_ptr.h:374:9:[m[K [01;36m[Knote: [m[Kcandidate: ‘[01m[Ktemplate<class _Yp> std::shared_ptr<_Tp>::_Assignable<std::auto_ptr<_Up> > std::shared_ptr<_Tp>::operator=(std::auto_ptr<_Up>&&) [with _Yp = _Yp; _Tp = pcl::PointCloud<pcl::PointXYZ>][m[K’
  374 |         [01;36m[Koperator[m[K=(auto_ptr<_Yp>&& __r)
      |         [01;36m[K^~~~~~~~[m[K
[01m[K/usr/include/c++/11/bits/shared_ptr.h:374:9:[m[K [01;36m[Knote: [m[K  template argument deduction/substitution failed:
[01m[K/home/alex/thesis_ws/src/pointcloud_to_laserscan/src/vgicp_registration.cpp:35:19:[m[K [01;36m[Knote: [m[K  ‘[01m[Kstd::__shared_ptr_access<pcl::PointCloud<pcl::PointXYZ>, __gnu_cxx::_S_atomic, false, false>::element_type[m[K’ {aka ‘[01m[Kpcl::PointCloud<pcl::PointXYZ>[m[K’} is not derived from ‘[01m[Kstd::auto_ptr<_Up>[m[K’
   35 |     new_cloud_ = *[01;36m[Kdownsampled_new_cloud[m[K;
      |                   [01;36m[K^~~~~~~~~~~~~~~~~~~~~[m[K
In file included from [01m[K/usr/include/c++/11/memory:77[m[K,
                 from [01m[K/usr/include/pcl-1.12/pcl/memory.h:50[m[K,
                 from [01m[K/usr/include/pcl-1.12/pcl/impl/point_types.hpp:41[m[K,
                 from [01m[K/usr/include/pcl-1.12/pcl/point_types.h:354[m[K,
                 from [01m[K/usr/local/include/small_gicp/pcl/pcl_point.hpp:5[m[K,
                 from [01m[K/home/alex/thesis_ws/src/pointcloud_to_laserscan/include/pointcloud_to_laserscan/vgicp_registration.hpp:4[m[K,
                 from [01m[K/home/alex/thesis_ws/src/pointcloud_to_laserscan/src/vgicp_registration.cpp:4[m[K:
[01m[K/usr/include/c++/11/bits/shared_ptr.h:391:9:[m[K [01;36m[Knote: [m[Kcandidate: ‘[01m[Ktemplate<class _Yp> std::shared_ptr<_Tp>::_Assignable<std::shared_ptr<_Yp> > std::shared_ptr<_Tp>::operator=(std::shared_ptr<_Yp>&&) [with _Yp = _Yp; _Tp = pcl::PointCloud<pcl::PointXYZ>][m[K’
  391 |         [01;36m[Koperator[m[K=(shared_ptr<_Yp>&& __r) noexcept
      |         [01;36m[K^~~~~~~~[m[K
[01m[K/usr/include/c++/11/bits/shared_ptr.h:391:9:[m[K [01;36m[Knote: [m[K  template argument deduction/substitution failed:
[01m[K/home/alex/thesis_ws/src/pointcloud_to_laserscan/src/vgicp_registration.cpp:35:19:[m[K [01;36m[Knote: [m[K  ‘[01m[Kstd::__shared_ptr_access<pcl::PointCloud<pcl::PointXYZ>, __gnu_cxx::_S_atomic, false, false>::element_type[m[K’ {aka ‘[01m[Kpcl::PointCloud<pcl::PointXYZ>[m[K’} is not derived from ‘[01m[Kstd::shared_ptr<_Tp>[m[K’
   35 |     new_cloud_ = *[01;36m[Kdownsampled_new_cloud[m[K;
      |                   [01;36m[K^~~~~~~~~~~~~~~~~~~~~[m[K
In file included from [01m[K/usr/include/c++/11/memory:77[m[K,
                 from [01m[K/usr/include/pcl-1.12/pcl/memory.h:50[m[K,
                 from [01m[K/usr/include/pcl-1.12/pcl/impl/point_types.hpp:41[m[K,
                 from [01m[K/usr/include/pcl-1.12/pcl/point_types.h:354[m[K,
                 from [01m[K/usr/local/include/small_gicp/pcl/pcl_point.hpp:5[m[K,
                 from [01m[K/home/alex/thesis_ws/src/pointcloud_to_laserscan/include/pointcloud_to_laserscan/vgicp_registration.hpp:4[m[K,
                 from [01m[K/home/alex/thesis_ws/src/pointcloud_to_laserscan/src/vgicp_registration.cpp:4[m[K:
[01m[K/usr/include/c++/11/bits/shared_ptr.h:399:9:[m[K [01;36m[Knote: [m[Kcandidate: ‘[01m[Ktemplate<class _Yp, class _Del> std::shared_ptr<_Tp>::_Assignable<std::unique_ptr<_Up, _Ep> > std::shared_ptr<_Tp>::operator=(std::unique_ptr<_Up, _Ep>&&) [with _Yp = _Yp; _Del = _Del; _Tp = pcl::PointCloud<pcl::PointXYZ>][m[K’
  399 |         [01;36m[Koperator[m[K=(unique_ptr<_Yp, _Del>&& __r)
      |         [01;36m[K^~~~~~~~[m[K
[01m[K/usr/include/c++/11/bits/shared_ptr.h:399:9:[m[K [01;36m[Knote: [m[K  template argument deduction/substitution failed:
[01m[K/home/alex/thesis_ws/src/pointcloud_to_laserscan/src/vgicp_registration.cpp:35:19:[m[K [01;36m[Knote: [m[K  ‘[01m[Kstd::__shared_ptr_access<pcl::PointCloud<pcl::PointXYZ>, __gnu_cxx::_S_atomic, false, false>::element_type[m[K’ {aka ‘[01m[Kpcl::PointCloud<pcl::PointXYZ>[m[K’} is not derived from ‘[01m[Kstd::unique_ptr<_Tp, _Dp>[m[K’
   35 |     new_cloud_ = *[01;36m[Kdownsampled_new_cloud[m[K;
      |                   [01;36m[K^~~~~~~~~~~~~~~~~~~~~[m[K
In file included from [01m[K/usr/include/c++/11/memory:77[m[K,
                 from [01m[K/usr/include/pcl-1.12/pcl/memory.h:50[m[K,
                 from [01m[K/usr/include/pcl-1.12/pcl/impl/point_types.hpp:41[m[K,
                 from [01m[K/usr/include/pcl-1.12/pcl/point_types.h:354[m[K,
                 from [01m[K/usr/local/include/small_gicp/pcl/pcl_point.hpp:5[m[K,
                 from [01m[K/home/alex/thesis_ws/src/pointcloud_to_laserscan/include/pointcloud_to_laserscan/vgicp_registration.hpp:4[m[K,
                 from [01m[K/home/alex/thesis_ws/src/pointcloud_to_laserscan/src/vgicp_registration.cpp:4[m[K:
[01m[K/usr/include/c++/11/bits/shared_ptr.h:359:19:[m[K [01;36m[Knote: [m[Kcandidate: ‘[01m[Kstd::shared_ptr<_Tp>& std::shared_ptr<_Tp>::operator=(const std::shared_ptr<_Tp>&) [with _Tp = pcl::PointCloud<pcl::PointXYZ>][m[K’
  359 |       shared_ptr& [01;36m[Koperator[m[K=(const shared_ptr&) noexcept = default;
      |                   [01;36m[K^~~~~~~~[m[K
[01m[K/usr/include/c++/11/bits/shared_ptr.h:359:29:[m[K [01;36m[Knote: [m[K  no known conversion for argument 1 from ‘[01m[Kstd::__shared_ptr_access<pcl::PointCloud<pcl::PointXYZ>, __gnu_cxx::_S_atomic, false, false>::element_type[m[K’ {aka ‘[01m[Kpcl::PointCloud<pcl::PointXYZ>[m[K’} to ‘[01m[Kconst std::shared_ptr<pcl::PointCloud<pcl::PointXYZ> >&[m[K’
  359 |       shared_ptr& operator=([01;36m[Kconst shared_ptr&[m[K) noexcept = default;
      |                             [01;36m[K^~~~~~~~~~~~~~~~~[m[K
[01m[K/usr/include/c++/11/bits/shared_ptr.h:383:7:[m[K [01;36m[Knote: [m[Kcandidate: ‘[01m[Kstd::shared_ptr<_Tp>& std::shared_ptr<_Tp>::operator=(std::shared_ptr<_Tp>&&) [with _Tp = pcl::PointCloud<pcl::PointXYZ>][m[K’
  383 |       [01;36m[Koperator[m[K=(shared_ptr&& __r) noexcept
      |       [01;36m[K^~~~~~~~[m[K
[01m[K/usr/include/c++/11/bits/shared_ptr.h:383:30:[m[K [01;36m[Knote: [m[K  no known conversion for argument 1 from ‘[01m[Kstd::__shared_ptr_access<pcl::PointCloud<pcl::PointXYZ>, __gnu_cxx::_S_atomic, false, false>::element_type[m[K’ {aka ‘[01m[Kpcl::PointCloud<pcl::PointXYZ>[m[K’} to ‘[01m[Kstd::shared_ptr<pcl::PointCloud<pcl::PointXYZ> >&&[m[K’
  383 |       operator=([01;36m[Kshared_ptr&& __r[m[K) noexcept
      |                 [01;36m[K~~~~~~~~~~~~~^~~[m[K
[01m[K/home/alex/thesis_ws/src/pointcloud_to_laserscan/src/vgicp_registration.cpp:[m[K In member function ‘[01m[Kvoid vgicpRegistrationClass::computeRegistration()[m[K’:
[01m[K/home/alex/thesis_ws/src/pointcloud_to_laserscan/src/vgicp_registration.cpp:60:63:[m[K [01;31m[Kerror: [m[Kcannot convert ‘[01m[KEigen::PlainObjectBase<Eigen::Matrix<float, 4, 4> >::Scalar*[m[K’ {aka ‘[01m[Kfloat*[m[K’} to ‘[01m[Kconst tf2Scalar*[m[K’ {aka ‘[01m[Kconst double*[m[K’}
   60 |         tf_transform.setFromOpenGLMatrix([01;31m[Ktransform_matrix.data()[m[K);
      |                                          [01;31m[K~~~~~~~~~~~~~~~~~~~~~^~[m[K
      |                                                               [01;31m[K|[m[K
      |                                                               [01;31m[KEigen::PlainObjectBase<Eigen::Matrix<float, 4, 4> >::Scalar* {aka float*}[m[K
In file included from [01m[K/opt/ros/humble/include/tf2/tf2/buffer_core.hpp:47[m[K,
                 from [01m[K/opt/ros/humble/include/tf2_ros/tf2_ros/async_buffer_interface.h:39[m[K,
                 from [01m[K/opt/ros/humble/include/tf2_ros/tf2_ros/message_filter.h:55[m[K,
                 from [01m[K/home/alex/thesis_ws/src/pointcloud_to_laserscan/include/pointcloud_to_laserscan/vgicp_registration.hpp:10[m[K,
                 from [01m[K/home/alex/thesis_ws/src/pointcloud_to_laserscan/src/vgicp_registration.cpp:4[m[K:
[01m[K/opt/ros/humble/include/tf2/tf2/LinearMath/Transform.hpp:134:51:[m[K [01;36m[Knote: [m[K  initializing argument 1 of ‘[01m[Kvoid tf2::Transform::setFromOpenGLMatrix(const tf2Scalar*)[m[K’
  134 |         void setFromOpenGLMatrix([01;36m[Kconst tf2Scalar *m[m[K)
      |                                  [01;36m[K~~~~~~~~~~~~~~~~~^[m[K
[01m[K/home/alex/thesis_ws/src/pointcloud_to_laserscan/src/vgicp_registration.cpp:61:56:[m[K [01;31m[Kerror: [m[Kno match for ‘[01m[Koperator=[m[K’ (operand types are ‘[01m[Kgeometry_msgs::msg::TransformStamped[m[K’ {aka ‘[01m[Kgeometry_msgs::msg::TransformStamped_<std::allocator<void> >[m[K’} and ‘[01m[Kgeometry_msgs::msg::Transform[m[K’ {aka ‘[01m[Kgeometry_msgs::msg::Transform_<std::allocator<void> >[m[K’})
   61 |         ICP_output_transform_ = tf2::toMsg(tf_transform[01;31m[K)[m[K;
      |                                                        [01;31m[K^[m[K
In file included from [01m[K/opt/ros/humble/include/geometry_msgs/geometry_msgs/msg/transform_stamped.hpp:7[m[K,
                 from [01m[K/opt/ros/humble/include/tf2/tf2/buffer_core_interface.hpp:34[m[K,
                 from [01m[K/opt/ros/humble/include/tf2_ros/tf2_ros/message_filter.h:53[m[K,
                 from [01m[K/home/alex/thesis_ws/src/pointcloud_to_laserscan/include/pointcloud_to_laserscan/vgicp_registration.hpp:10[m[K,
                 from [01m[K/home/alex/thesis_ws/src/pointcloud_to_laserscan/src/vgicp_registration.cpp:4[m[K:
[01m[K/opt/ros/humble/include/geometry_msgs/geometry_msgs/msg/detail/transform_stamped__struct.hpp:38:8:[m[K [01;36m[Knote: [m[Kcandidate: ‘[01m[Kgeometry_msgs::msg::TransformStamped_<std::allocator<void> >& geometry_msgs::msg::TransformStamped_<std::allocator<void> >::operator=(const geometry_msgs::msg::TransformStamped_<std::allocator<void> >&)[m[K’
   38 | struct [01;36m[KTransformStamped_[m[K
      |        [01;36m[K^~~~~~~~~~~~~~~~~[m[K
[01m[K/opt/ros/humble/include/geometry_msgs/geometry_msgs/msg/detail/transform_stamped__struct.hpp:38:8:[m[K [01;36m[Knote: [m[K  no known conversion for argument 1 from ‘[01m[Kgeometry_msgs::msg::Transform[m[K’ {aka ‘[01m[Kgeometry_msgs::msg::Transform_<std::allocator<void> >[m[K’} to ‘[01m[Kconst geometry_msgs::msg::TransformStamped_<std::allocator<void> >&[m[K’
[01m[K/opt/ros/humble/include/geometry_msgs/geometry_msgs/msg/detail/transform_stamped__struct.hpp:38:8:[m[K [01;36m[Knote: [m[Kcandidate: ‘[01m[Kgeometry_msgs::msg::TransformStamped_<std::allocator<void> >& geometry_msgs::msg::TransformStamped_<std::allocator<void> >::operator=(geometry_msgs::msg::TransformStamped_<std::allocator<void> >&&)[m[K’
[01m[K/opt/ros/humble/include/geometry_msgs/geometry_msgs/msg/detail/transform_stamped__struct.hpp:38:8:[m[K [01;36m[Knote: [m[K  no known conversion for argument 1 from ‘[01m[Kgeometry_msgs::msg::Transform[m[K’ {aka ‘[01m[Kgeometry_msgs::msg::Transform_<std::allocator<void> >[m[K’} to ‘[01m[Kgeometry_msgs::msg::TransformStamped_<std::allocator<void> >&&[m[K’
gmake[2]: *** [CMakeFiles/pointcloud_to_laserscan.dir/build.make:90: CMakeFiles/pointcloud_to_laserscan.dir/src/vgicp_registration.cpp.o] Error 1
gmake[2]: *** Waiting for unfinished jobs....
gmake[1]: *** [CMakeFiles/Makefile2:167: CMakeFiles/pointcloud_to_laserscan.dir/all] Error 2
gmake: *** [Makefile:146: all] Error 2
