[01m[K/home/alex/thesis_ws/src/pointcloud_to_laserscan/src/pointcloud_to_laserscan_node.cpp:[m[K In member function ‘[01m[Kvoid pointcloud_to_laserscan::PointCloudToLaserScanNode::cloudCallback(sensor_msgs::msg::PointCloud2_<std::allocator<void> >::ConstSharedPtr)[m[K’:
[01m[K/home/alex/thesis_ws/src/pointcloud_to_laserscan/src/pointcloud_to_laserscan_node.cpp:203:33:[m[K [01;31m[Kerror: [m[Kno matching function for call to ‘[01m[KtransformPointCloud(geometry_msgs::msg::TransformStamped&, std::__shared_ptr_access<const sensor_msgs::msg::PointCloud2_<std::allocator<void> >, __gnu_cxx::_S_atomic, false, false>::element_type&, std::__shared_ptr_access<sensor_msgs::msg::PointCloud2_<std::allocator<void> >, __gnu_cxx::_S_atomic, false, false>::element_type&, tf2_ros::Buffer&)[m[K’
  203 |     [01;31m[Kpcl_ros::transformPointCloud(noattitude_transform, *cloud_msg, *cloud, *tf2_)[m[K;
      |     [01;31m[K~~~~~~~~~~~~~~~~~~~~~~~~~~~~^~~~~~~~~~~~~~~~~~~~~~~~~~~~~~~~~~~~~~~~~~~~~~~~~[m[K
In file included from [01m[K/home/alex/thesis_ws/src/pointcloud_to_laserscan/src/pointcloud_to_laserscan_node.cpp:57[m[K:
[01m[K/home/alex/thesis_ws/install/pcl_ros/include/pcl_ros/pcl_ros/transforms.hpp:118:1:[m[K [01;36m[Knote: [m[Kcandidate: ‘[01m[Ktemplate<class PointT> void pcl_ros::transformPointCloud(const pcl::PointCloud<PointT>&, pcl::PointCloud<PointT>&, const tf2::Transform&)[m[K’
  118 | [01;36m[KtransformPointCloud[m[K(
      | [01;36m[K^~~~~~~~~~~~~~~~~~~[m[K
[01m[K/home/alex/thesis_ws/install/pcl_ros/include/pcl_ros/pcl_ros/transforms.hpp:118:1:[m[K [01;36m[Knote: [m[K  template argument deduction/substitution failed:
[01m[K/home/alex/thesis_ws/src/pointcloud_to_laserscan/src/pointcloud_to_laserscan_node.cpp:203:33:[m[K [01;36m[Knote: [m[K  ‘[01m[Kgeometry_msgs::msg::TransformStamped[m[K’ {aka ‘[01m[Kgeometry_msgs::msg::TransformStamped_<std::allocator<void> >[m[K’} is not derived from ‘[01m[Kconst pcl::PointCloud<PointT>[m[K’
  203 |     [01;36m[Kpcl_ros::transformPointCloud(noattitude_transform, *cloud_msg, *cloud, *tf2_)[m[K;
      |     [01;36m[K~~~~~~~~~~~~~~~~~~~~~~~~~~~~^~~~~~~~~~~~~~~~~~~~~~~~~~~~~~~~~~~~~~~~~~~~~~~~~[m[K
In file included from [01m[K/home/alex/thesis_ws/src/pointcloud_to_laserscan/src/pointcloud_to_laserscan_node.cpp:57[m[K:
[01m[K/home/alex/thesis_ws/install/pcl_ros/include/pcl_ros/pcl_ros/transforms.hpp:131:1:[m[K [01;36m[Knote: [m[Kcandidate: ‘[01m[Ktemplate<class PointT> void pcl_ros::transformPointCloud(const pcl::PointCloud<PointT>&, pcl::PointCloud<PointT>&, const TransformStamped&)[m[K’
  131 | [01;36m[KtransformPointCloud[m[K(
      | [01;36m[K^~~~~~~~~~~~~~~~~~~[m[K
[01m[K/home/alex/thesis_ws/install/pcl_ros/include/pcl_ros/pcl_ros/transforms.hpp:131:1:[m[K [01;36m[Knote: [m[K  template argument deduction/substitution failed:
[01m[K/home/alex/thesis_ws/src/pointcloud_to_laserscan/src/pointcloud_to_laserscan_node.cpp:203:33:[m[K [01;36m[Knote: [m[K  ‘[01m[Kgeometry_msgs::msg::TransformStamped[m[K’ {aka ‘[01m[Kgeometry_msgs::msg::TransformStamped_<std::allocator<void> >[m[K’} is not derived from ‘[01m[Kconst pcl::PointCloud<PointT>[m[K’
  203 |     [01;36m[Kpcl_ros::transformPointCloud(noattitude_transform, *cloud_msg, *cloud, *tf2_)[m[K;
      |     [01;36m[K~~~~~~~~~~~~~~~~~~~~~~~~~~~~^~~~~~~~~~~~~~~~~~~~~~~~~~~~~~~~~~~~~~~~~~~~~~~~~[m[K
In file included from [01m[K/home/alex/thesis_ws/src/pointcloud_to_laserscan/src/pointcloud_to_laserscan_node.cpp:57[m[K:
[01m[K/home/alex/thesis_ws/install/pcl_ros/include/pcl_ros/pcl_ros/transforms.hpp:144:1:[m[K [01;36m[Knote: [m[Kcandidate: ‘[01m[Ktemplate<class PointT> bool pcl_ros::transformPointCloud(const string&, const pcl::PointCloud<PointT>&, pcl::PointCloud<PointT>&, const tf2_ros::Buffer&)[m[K’
  144 | [01;36m[KtransformPointCloud[m[K(
      | [01;36m[K^~~~~~~~~~~~~~~~~~~[m[K
[01m[K/home/alex/thesis_ws/install/pcl_ros/include/pcl_ros/pcl_ros/transforms.hpp:144:1:[m[K [01;36m[Knote: [m[K  template argument deduction/substitution failed:
[01m[K/home/alex/thesis_ws/src/pointcloud_to_laserscan/src/pointcloud_to_laserscan_node.cpp:203:33:[m[K [01;36m[Knote: [m[K  ‘[01m[Kstd::__shared_ptr_access<const sensor_msgs::msg::PointCloud2_<std::allocator<void> >, __gnu_cxx::_S_atomic, false, false>::element_type[m[K’ {aka ‘[01m[Kconst sensor_msgs::msg::PointCloud2_<std::allocator<void> >[m[K’} is not derived from ‘[01m[Kconst pcl::PointCloud<PointT>[m[K’
  203 |     [01;36m[Kpcl_ros::transformPointCloud(noattitude_transform, *cloud_msg, *cloud, *tf2_)[m[K;
      |     [01;36m[K~~~~~~~~~~~~~~~~~~~~~~~~~~~~^~~~~~~~~~~~~~~~~~~~~~~~~~~~~~~~~~~~~~~~~~~~~~~~~[m[K
In file included from [01m[K/home/alex/thesis_ws/src/pointcloud_to_laserscan/src/pointcloud_to_laserscan_node.cpp:57[m[K:
[01m[K/home/alex/thesis_ws/install/pcl_ros/include/pcl_ros/pcl_ros/transforms.hpp:160:1:[m[K [01;36m[Knote: [m[Kcandidate: ‘[01m[Ktemplate<class PointT> bool pcl_ros::transformPointCloud(const string&, const rclcpp::Time&, const pcl::PointCloud<PointT>&, const string&, pcl::PointCloud<PointT>&, const tf2_ros::Buffer&)[m[K’
  160 | [01;36m[KtransformPointCloud[m[K(
      | [01;36m[K^~~~~~~~~~~~~~~~~~~[m[K
[01m[K/home/alex/thesis_ws/install/pcl_ros/include/pcl_ros/pcl_ros/transforms.hpp:160:1:[m[K [01;36m[Knote: [m[K  template argument deduction/substitution failed:
[01m[K/home/alex/thesis_ws/src/pointcloud_to_laserscan/src/pointcloud_to_laserscan_node.cpp:203:33:[m[K [01;36m[Knote: [m[K  ‘[01m[Kstd::__shared_ptr_access<sensor_msgs::msg::PointCloud2_<std::allocator<void> >, __gnu_cxx::_S_atomic, false, false>::element_type[m[K’ {aka ‘[01m[Ksensor_msgs::msg::PointCloud2_<std::allocator<void> >[m[K’} is not derived from ‘[01m[Kconst pcl::PointCloud<PointT>[m[K’
  203 |     [01;36m[Kpcl_ros::transformPointCloud(noattitude_transform, *cloud_msg, *cloud, *tf2_)[m[K;
      |     [01;36m[K~~~~~~~~~~~~~~~~~~~~~~~~~~~~^~~~~~~~~~~~~~~~~~~~~~~~~~~~~~~~~~~~~~~~~~~~~~~~~[m[K
In file included from [01m[K/home/alex/thesis_ws/src/pointcloud_to_laserscan/src/pointcloud_to_laserscan_node.cpp:57[m[K:
[01m[K/home/alex/thesis_ws/install/pcl_ros/include/pcl_ros/pcl_ros/transforms.hpp:175:1:[m[K [01;36m[Knote: [m[Kcandidate: ‘[01m[Kbool pcl_ros::transformPointCloud(const string&, const PointCloud2&, sensor_msgs::msg::PointCloud2&, const tf2_ros::Buffer&)[m[K’
  175 | [01;36m[KtransformPointCloud[m[K(
      | [01;36m[K^~~~~~~~~~~~~~~~~~~[m[K
[01m[K/home/alex/thesis_ws/install/pcl_ros/include/pcl_ros/pcl_ros/transforms.hpp:176:23:[m[K [01;36m[Knote: [m[K  no known conversion for argument 1 from ‘[01m[Kgeometry_msgs::msg::TransformStamped[m[K’ {aka ‘[01m[Kgeometry_msgs::msg::TransformStamped_<std::allocator<void> >[m[K’} to ‘[01m[Kconst string&[m[K’ {aka ‘[01m[Kconst std::__cxx11::basic_string<char>&[m[K’}
  176 |   [01;36m[Kconst std::string & target_frame[m[K,
      |   [01;36m[K~~~~~~~~~~~~~~~~~~~~^~~~~~~~~~~~[m[K
[01m[K/home/alex/thesis_ws/install/pcl_ros/include/pcl_ros/pcl_ros/transforms.hpp:188:1:[m[K [01;36m[Knote: [m[Kcandidate: ‘[01m[Kvoid pcl_ros::transformPointCloud(const string&, const tf2::Transform&, const PointCloud2&, sensor_msgs::msg::PointCloud2&)[m[K’
  188 | [01;36m[KtransformPointCloud[m[K(
      | [01;36m[K^~~~~~~~~~~~~~~~~~~[m[K
[01m[K/home/alex/thesis_ws/install/pcl_ros/include/pcl_ros/pcl_ros/transforms.hpp:189:23:[m[K [01;36m[Knote: [m[K  no known conversion for argument 1 from ‘[01m[Kgeometry_msgs::msg::TransformStamped[m[K’ {aka ‘[01m[Kgeometry_msgs::msg::TransformStamped_<std::allocator<void> >[m[K’} to ‘[01m[Kconst string&[m[K’ {aka ‘[01m[Kconst std::__cxx11::basic_string<char>&[m[K’}
  189 |   [01;36m[Kconst std::string & target_frame[m[K,
      |   [01;36m[K~~~~~~~~~~~~~~~~~~~~^~~~~~~~~~~~[m[K
[01m[K/home/alex/thesis_ws/install/pcl_ros/include/pcl_ros/pcl_ros/transforms.hpp:201:1:[m[K [01;36m[Knote: [m[Kcandidate: ‘[01m[Kvoid pcl_ros::transformPointCloud(const string&, const TransformStamped&, const PointCloud2&, sensor_msgs::msg::PointCloud2&)[m[K’
  201 | [01;36m[KtransformPointCloud[m[K(
      | [01;36m[K^~~~~~~~~~~~~~~~~~~[m[K
[01m[K/home/alex/thesis_ws/install/pcl_ros/include/pcl_ros/pcl_ros/transforms.hpp:202:23:[m[K [01;36m[Knote: [m[K  no known conversion for argument 1 from ‘[01m[Kgeometry_msgs::msg::TransformStamped[m[K’ {aka ‘[01m[Kgeometry_msgs::msg::TransformStamped_<std::allocator<void> >[m[K’} to ‘[01m[Kconst string&[m[K’ {aka ‘[01m[Kconst std::__cxx11::basic_string<char>&[m[K’}
  202 |   [01;36m[Kconst std::string & target_frame[m[K,
      |   [01;36m[K~~~~~~~~~~~~~~~~~~~~^~~~~~~~~~~~[m[K
[01m[K/home/alex/thesis_ws/install/pcl_ros/include/pcl_ros/pcl_ros/transforms.hpp:213:1:[m[K [01;36m[Knote: [m[Kcandidate: ‘[01m[Kvoid pcl_ros::transformPointCloud(const Matrix4f&, const PointCloud2&, sensor_msgs::msg::PointCloud2&)[m[K’
  213 | [01;36m[KtransformPointCloud[m[K(
      | [01;36m[K^~~~~~~~~~~~~~~~~~~[m[K
[01m[K/home/alex/thesis_ws/install/pcl_ros/include/pcl_ros/pcl_ros/transforms.hpp:213:1:[m[K [01;36m[Knote: [m[K  candidate expects 3 arguments, 4 provided
gmake[2]: *** [CMakeFiles/pointcloud_to_laserscan.dir/build.make:76: CMakeFiles/pointcloud_to_laserscan.dir/src/pointcloud_to_laserscan_node.cpp.o] Error 1
gmake[1]: *** [CMakeFiles/Makefile2:197: CMakeFiles/pointcloud_to_laserscan.dir/all] Error 2
gmake: *** [Makefile:146: all] Error 2
