[0.008s] Invoking command in '/home/alex/thesis_ws/new_clone/build/pcl_conversions': CMAKE_PREFIX_PATH=${CMAKE_PREFIX_PATH}:/opt/ros/humble /usr/bin/cmake /home/alex/thesis_ws/new_clone/src/perception_pcl/pcl_conversions -DCMAKE_INSTALL_PREFIX=/home/alex/thesis_ws/new_clone/install/pcl_conversions
[0.042s] -- The C compiler identification is GNU 11.4.0
[0.085s] -- The CXX compiler identification is GNU 11.4.0
[0.090s] -- Detecting C compiler ABI info
[0.142s] -- Detecting C compiler ABI info - done
[0.150s] -- Check for working C compiler: /usr/bin/cc - skipped
[0.150s] -- Detecting C compile features
[0.150s] -- Detecting C compile features - done
[0.153s] -- Detecting CXX compiler ABI info
[0.208s] -- Detecting CXX compiler ABI info - done
[0.213s] -- Check for working CXX compiler: /usr/bin/c++ - skipped
[0.213s] -- Detecting CXX compile features
[0.214s] -- Detecting CXX compile features - done
[0.216s] -- Found ament_cmake: 1.3.11 (/opt/ros/humble/share/ament_cmake/cmake)
[0.325s] -- Found Python3: /usr/bin/python3 (found version "3.10.12") found components: Interpreter 
[0.406s] -- Found Boost: /usr/lib/x86_64-linux-gnu/cmake/Boost-1.74.0/BoostConfig.cmake (found version "1.74.0")  
[0.412s] -- Found message_filters: 4.3.5 (/opt/ros/humble/share/message_filters/cmake)
[0.445s] -- Found rosidl_generator_c: 3.1.6 (/opt/ros/humble/share/rosidl_generator_c/cmake)
[0.448s] -- Found rosidl_adapter: 3.1.6 (/opt/ros/humble/share/rosidl_adapter/cmake)
[0.455s] -- Found rosidl_generator_cpp: 3.1.6 (/opt/ros/humble/share/rosidl_generator_cpp/cmake)
[0.463s] -- Using all available rosidl_typesupport_c: rosidl_typesupport_fastrtps_c;rosidl_typesupport_introspection_c
[0.475s] -- Using all available rosidl_typesupport_cpp: rosidl_typesupport_fastrtps_cpp;rosidl_typesupport_introspection_cpp
[0.503s] -- Found rmw_implementation_cmake: 6.1.2 (/opt/ros/humble/share/rmw_implementation_cmake/cmake)
[0.505s] -- Found rmw_fastrtps_cpp: 6.2.7 (/opt/ros/humble/share/rmw_fastrtps_cpp/cmake)
[0.559s] -- Found OpenSSL: /usr/lib/x86_64-linux-gnu/libcrypto.so (found version "3.0.2")  
[0.577s] -- Found FastRTPS: /opt/ros/humble/include  
[0.602s] -- Using RMW implementation 'rmw_fastrtps_cpp' as default
[0.607s] -- Looking for pthread.h
[0.663s] -- Looking for pthread.h - found
[0.663s] -- Performing Test CMAKE_HAVE_LIBC_PTHREAD
[0.723s] -- Performing Test CMAKE_HAVE_LIBC_PTHREAD - Success
[0.723s] -- Found Threads: TRUE  
[0.769s] -- Checking for module 'eigen3'
[0.778s] --   Found eigen3, version 3.4.0
[0.799s] -- Found Eigen: /usr/include/eigen3 (Required is at least version "3.1") 
[0.799s] -- Eigen found (include: /usr/include/eigen3, version: 3.4.0)
[0.856s] -- Checking for module 'libusb-1.0'
[0.864s] --   Found libusb-1.0, version 1.0.25
[0.887s] -- Found libusb: /usr/lib/x86_64-linux-gnu/libusb-1.0.so  
[0.888s] -- OpenNI found (version: 1.5.4.0, include: /usr/include/ni, lib: /usr/lib/libOpenNI.so;libusb::libusb)
[0.922s] -- OpenNI2 found (version: 2.2.0.33, include: /usr/include/openni2, lib: /usr/lib/x86_64-linux-gnu/libOpenNI2.so;libusb::libusb)
[2.080s] -- Eigen found (include: /usr/include/eigen3, version: 3.4.0)
[2.081s] -- Found PCL_COMMON: /usr/lib/x86_64-linux-gnu/libpcl_common.so  
[2.082s] -- Found PCL_OCTREE: /usr/lib/x86_64-linux-gnu/libpcl_octree.so  
[2.083s] -- Found PCL_IO: /usr/lib/x86_64-linux-gnu/libpcl_io.so  
[2.088s] -- Found pcl_msgs: 1.0.0 (/opt/ros/humble/share/pcl_msgs/cmake)
[2.182s] -- Found ament_cmake_gtest: 1.3.11 (/opt/ros/humble/share/ament_cmake_gtest/cmake)
[2.194s] -- Found gtest sources under '/opt/ros/humble/src/gtest_vendor': C++ tests using 'Google Test' will be built
[2.305s] -- Configuring done
[2.347s] -- Generating done
[2.355s] -- Build files have been written to: /home/alex/thesis_ws/new_clone/build/pcl_conversions
[2.369s] Invoked command in '/home/alex/thesis_ws/new_clone/build/pcl_conversions' returned '0': CMAKE_PREFIX_PATH=${CMAKE_PREFIX_PATH}:/opt/ros/humble /usr/bin/cmake /home/alex/thesis_ws/new_clone/src/perception_pcl/pcl_conversions -DCMAKE_INSTALL_PREFIX=/home/alex/thesis_ws/new_clone/install/pcl_conversions
[2.372s] Invoking command in '/home/alex/thesis_ws/new_clone/build/pcl_conversions': CMAKE_PREFIX_PATH=${CMAKE_PREFIX_PATH}:/opt/ros/humble /usr/bin/cmake --build /home/alex/thesis_ws/new_clone/build/pcl_conversions -- -j8 -l8
[2.424s] [ 16%] [32mBuilding CXX object gtest/CMakeFiles/gtest.dir/src/gtest-all.cc.o[0m
[2.430s] [ 33%] [32mBuilding CXX object gtest/CMakeFiles/gtest_main.dir/src/gtest_main.cc.o[0m
[3.214s] [ 50%] [32m[1mLinking CXX static library libgtest_main.a[0m
[3.258s] [ 50%] Built target gtest_main
[5.249s] [ 66%] [32m[1mLinking CXX static library libgtest.a[0m
[5.288s] [ 66%] Built target gtest
[5.302s] [ 83%] [32mBuilding CXX object CMakeFiles/pcl_conversions-test.dir/test/test_pcl_conversions.cpp.o[0m
[10.029s] [100%] [32m[1mLinking CXX executable pcl_conversions-test[0m
[10.238s] [100%] Built target pcl_conversions-test
[10.248s] Invoked command in '/home/alex/thesis_ws/new_clone/build/pcl_conversions' returned '0': CMAKE_PREFIX_PATH=${CMAKE_PREFIX_PATH}:/opt/ros/humble /usr/bin/cmake --build /home/alex/thesis_ws/new_clone/build/pcl_conversions -- -j8 -l8
[10.256s] Invoking command in '/home/alex/thesis_ws/new_clone/build/pcl_conversions': CMAKE_PREFIX_PATH=${CMAKE_PREFIX_PATH}:/opt/ros/humble /usr/bin/cmake --install /home/alex/thesis_ws/new_clone/build/pcl_conversions
[10.262s] -- Install configuration: ""
[10.262s] -- Installing: /home/alex/thesis_ws/new_clone/install/pcl_conversions/include/pcl_conversions
[10.262s] -- Installing: /home/alex/thesis_ws/new_clone/install/pcl_conversions/include/pcl_conversions/pcl_conversions
[10.263s] -- Installing: /home/alex/thesis_ws/new_clone/install/pcl_conversions/include/pcl_conversions/pcl_conversions/pcl_conversions.h
[10.263s] -- Installing: /home/alex/thesis_ws/new_clone/install/pcl_conversions/share/ament_index/resource_index/package_run_dependencies/pcl_conversions
[10.263s] -- Installing: /home/alex/thesis_ws/new_clone/install/pcl_conversions/share/ament_index/resource_index/parent_prefix_path/pcl_conversions
[10.263s] -- Installing: /home/alex/thesis_ws/new_clone/install/pcl_conversions/share/pcl_conversions/environment/ament_prefix_path.sh
[10.263s] -- Installing: /home/alex/thesis_ws/new_clone/install/pcl_conversions/share/pcl_conversions/environment/ament_prefix_path.dsv
[10.263s] -- Installing: /home/alex/thesis_ws/new_clone/install/pcl_conversions/share/pcl_conversions/environment/path.sh
[10.263s] -- Installing: /home/alex/thesis_ws/new_clone/install/pcl_conversions/share/pcl_conversions/environment/path.dsv
[10.263s] -- Installing: /home/alex/thesis_ws/new_clone/install/pcl_conversions/share/pcl_conversions/local_setup.bash
[10.263s] -- Installing: /home/alex/thesis_ws/new_clone/install/pcl_conversions/share/pcl_conversions/local_setup.sh
[10.263s] -- Installing: /home/alex/thesis_ws/new_clone/install/pcl_conversions/share/pcl_conversions/local_setup.zsh
[10.263s] -- Installing: /home/alex/thesis_ws/new_clone/install/pcl_conversions/share/pcl_conversions/local_setup.dsv
[10.263s] -- Installing: /home/alex/thesis_ws/new_clone/install/pcl_conversions/share/pcl_conversions/package.dsv
[10.263s] -- Installing: /home/alex/thesis_ws/new_clone/install/pcl_conversions/share/ament_index/resource_index/packages/pcl_conversions
[10.263s] -- Installing: /home/alex/thesis_ws/new_clone/install/pcl_conversions/share/pcl_conversions/cmake/ament_cmake_export_include_directories-extras.cmake
[10.263s] -- Installing: /home/alex/thesis_ws/new_clone/install/pcl_conversions/share/pcl_conversions/cmake/ament_cmake_export_dependencies-extras.cmake
[10.263s] -- Installing: /home/alex/thesis_ws/new_clone/install/pcl_conversions/share/pcl_conversions/cmake/pcl_conversionsConfig.cmake
[10.264s] -- Installing: /home/alex/thesis_ws/new_clone/install/pcl_conversions/share/pcl_conversions/cmake/pcl_conversionsConfig-version.cmake
[10.264s] -- Installing: /home/alex/thesis_ws/new_clone/install/pcl_conversions/share/pcl_conversions/package.xml
[10.265s] Invoked command in '/home/alex/thesis_ws/new_clone/build/pcl_conversions' returned '0': CMAKE_PREFIX_PATH=${CMAKE_PREFIX_PATH}:/opt/ros/humble /usr/bin/cmake --install /home/alex/thesis_ws/new_clone/build/pcl_conversions
