[0.006s] Invoking command in '/home/alex/thesis_ws/build/pointcloud_to_laserscan': CMAKE_PREFIX_PATH=/opt/ros/humble /usr/bin/cmake /home/alex/thesis_ws/src/pointcloud_to_laserscan -DCMAKE_INSTALL_PREFIX=/home/alex/thesis_ws/install/pointcloud_to_laserscan
[0.039s] -- The C compiler identification is GNU 11.4.0
[0.074s] -- The CXX compiler identification is GNU 11.4.0
[0.079s] -- Detecting C compiler ABI info
[0.121s] -- Detecting C compiler ABI info - done
[0.128s] -- Check for working C compiler: /usr/bin/cc - skipped
[0.128s] -- Detecting C compile features
[0.128s] -- Detecting C compile features - done
[0.131s] -- Detecting CXX compiler ABI info
[0.183s] -- Detecting CXX compiler ABI info - done
[0.187s] -- Check for working CXX compiler: /usr/bin/c++ - skipped
[0.187s] -- Detecting CXX compile features
[0.188s] -- Detecting CXX compile features - done
[0.190s] -- Found ament_cmake_auto: 1.3.11 (/opt/ros/humble/share/ament_cmake_auto/cmake)
[0.289s] -- Found Python3: /usr/bin/python3 (found version "3.10.12") found components: Interpreter 
[0.423s] -- Found rosidl_generator_c: 3.1.6 (/opt/ros/humble/share/rosidl_generator_c/cmake)
[0.426s] -- Found rosidl_adapter: 3.1.6 (/opt/ros/humble/share/rosidl_adapter/cmake)
[0.431s] -- Found rosidl_generator_cpp: 3.1.6 (/opt/ros/humble/share/rosidl_generator_cpp/cmake)
[0.437s] -- Using all available rosidl_typesupport_c: rosidl_typesupport_fastrtps_c;rosidl_typesupport_introspection_c
[0.446s] -- Using all available rosidl_typesupport_cpp: rosidl_typesupport_fastrtps_cpp;rosidl_typesupport_introspection_cpp
[0.468s] -- Found rmw_implementation_cmake: 6.1.2 (/opt/ros/humble/share/rmw_implementation_cmake/cmake)
[0.470s] -- Found rmw_fastrtps_cpp: 6.2.7 (/opt/ros/humble/share/rmw_fastrtps_cpp/cmake)
[0.517s] -- Found OpenSSL: /usr/lib/x86_64-linux-gnu/libcrypto.so (found version "3.0.2")  
[0.533s] -- Found FastRTPS: /opt/ros/humble/include  
[0.556s] -- Using RMW implementation 'rmw_fastrtps_cpp' as default
[0.560s] -- Looking for pthread.h
[0.604s] -- Looking for pthread.h - found
[0.604s] -- Performing Test CMAKE_HAVE_LIBC_PTHREAD
[0.654s] -- Performing Test CMAKE_HAVE_LIBC_PTHREAD - Success
[0.654s] -- Found Threads: TRUE  
[0.771s] -- Found ament_lint_auto: 0.12.11 (/opt/ros/humble/share/ament_lint_auto/cmake)
[0.788s] -- Added test 'cppcheck' to perform static code analysis on C / C++ code
[0.788s] -- Configured cppcheck include dirs: /home/alex/thesis_ws/src/pointcloud_to_laserscan/include
[0.788s] -- Configured cppcheck exclude dirs and/or files: 
[0.789s] -- Added test 'cpplint' to check C / C++ code against the Google style
[0.789s] -- Configured cpplint exclude dirs and/or files: 
[0.790s] -- Added test 'flake8' to check Python code syntax and style conventions
[0.790s] -- Added test 'lint_cmake' to check CMake code style
[0.791s] -- Added test 'pep257' to check Python code against some of the docstring style conventions in PEP 257
[0.792s] -- Added test 'uncrustify' to check C / C++ code style
[0.792s] -- Configured uncrustify additional arguments: 
[0.792s] -- Added test 'xmllint' to check XML markup files
[0.794s] -- Configuring done
[0.816s] -- Generating done
[0.822s] -- Build files have been written to: /home/alex/thesis_ws/build/pointcloud_to_laserscan
[0.830s] Invoked command in '/home/alex/thesis_ws/build/pointcloud_to_laserscan' returned '0': CMAKE_PREFIX_PATH=/opt/ros/humble /usr/bin/cmake /home/alex/thesis_ws/src/pointcloud_to_laserscan -DCMAKE_INSTALL_PREFIX=/home/alex/thesis_ws/install/pointcloud_to_laserscan
[0.831s] Invoking command in '/home/alex/thesis_ws/build/pointcloud_to_laserscan': CMAKE_PREFIX_PATH=/opt/ros/humble /usr/bin/cmake --build /home/alex/thesis_ws/build/pointcloud_to_laserscan -- -j8 -l8
[0.862s] [ 30%] [32mBuilding CXX object CMakeFiles/laserscan_to_pointcloud.dir/src/laserscan_to_pointcloud_node.cpp.o[0m
[0.862s] [ 30%] [32mBuilding CXX object CMakeFiles/laserscan_to_pointcloud_node.dir/rclcpp_components/node_main_laserscan_to_pointcloud_node.cpp.o[0m
[0.862s] [ 30%] [32mBuilding CXX object CMakeFiles/pointcloud_to_laserscan_node.dir/rclcpp_components/node_main_pointcloud_to_laserscan_node.cpp.o[0m
[3.353s] [ 40%] [32m[1mLinking CXX executable pointcloud_to_laserscan_node[0m
[3.354s] [ 50%] [32m[1mLinking CXX executable laserscan_to_pointcloud_node[0m
[3.459s] [ 50%] Built target pointcloud_to_laserscan_node
[3.460s] [ 50%] Built target laserscan_to_pointcloud_node
[8.688s] [ 60%] [32m[1mLinking CXX shared library liblaserscan_to_pointcloud.so[0m
[9.047s] [ 60%] Built target laserscan_to_pointcloud
[9.060s] [ 70%] [32mBuilding CXX object CMakeFiles/pointcloud_to_laserscan.dir/src/pointcloud_to_laserscan_node.cpp.o[0m
[16.002s] [ 80%] [32m[1mLinking CXX shared library libpointcloud_to_laserscan.so[0m
[16.362s] [ 80%] Built target pointcloud_to_laserscan
[16.374s] [ 90%] [32mBuilding CXX object CMakeFiles/dummy_pointcloud_publisher.dir/src/dummy_pointcloud_publisher.cpp.o[0m
[19.009s] [100%] [32m[1mLinking CXX executable dummy_pointcloud_publisher[0m
[19.157s] [100%] Built target dummy_pointcloud_publisher
[19.167s] Invoked command in '/home/alex/thesis_ws/build/pointcloud_to_laserscan' returned '0': CMAKE_PREFIX_PATH=/opt/ros/humble /usr/bin/cmake --build /home/alex/thesis_ws/build/pointcloud_to_laserscan -- -j8 -l8
[19.172s] Invoking command in '/home/alex/thesis_ws/build/pointcloud_to_laserscan': CMAKE_PREFIX_PATH=/opt/ros/humble /usr/bin/cmake --install /home/alex/thesis_ws/build/pointcloud_to_laserscan
[19.176s] -- Install configuration: ""
[19.177s] -- Installing: /home/alex/thesis_ws/install/pointcloud_to_laserscan/lib/pointcloud_to_laserscan/laserscan_to_pointcloud_node
[19.177s] -- Set runtime path of "/home/alex/thesis_ws/install/pointcloud_to_laserscan/lib/pointcloud_to_laserscan/laserscan_to_pointcloud_node" to ""
[19.177s] -- Installing: /home/alex/thesis_ws/install/pointcloud_to_laserscan/lib/pointcloud_to_laserscan/pointcloud_to_laserscan_node
[19.177s] -- Set runtime path of "/home/alex/thesis_ws/install/pointcloud_to_laserscan/lib/pointcloud_to_laserscan/pointcloud_to_laserscan_node" to ""
[19.177s] -- Installing: /home/alex/thesis_ws/install/pointcloud_to_laserscan/include
[19.177s] -- Installing: /home/alex/thesis_ws/install/pointcloud_to_laserscan/include/pointcloud_to_laserscan
[19.177s] -- Installing: /home/alex/thesis_ws/install/pointcloud_to_laserscan/include/pointcloud_to_laserscan/pointcloud_to_laserscan_node.hpp
[19.177s] -- Installing: /home/alex/thesis_ws/install/pointcloud_to_laserscan/include/pointcloud_to_laserscan/visibility_control.h
[19.177s] -- Installing: /home/alex/thesis_ws/install/pointcloud_to_laserscan/include/pointcloud_to_laserscan/laserscan_to_pointcloud_node.hpp
[19.177s] -- Installing: /home/alex/thesis_ws/install/pointcloud_to_laserscan/share/pointcloud_to_laserscan/environment/library_path.sh
[19.177s] -- Installing: /home/alex/thesis_ws/install/pointcloud_to_laserscan/share/pointcloud_to_laserscan/environment/library_path.dsv
[19.177s] -- Installing: /home/alex/thesis_ws/install/pointcloud_to_laserscan/lib/liblaserscan_to_pointcloud.so
[19.181s] -- Set runtime path of "/home/alex/thesis_ws/install/pointcloud_to_laserscan/lib/liblaserscan_to_pointcloud.so" to ""
[19.181s] -- Installing: /home/alex/thesis_ws/install/pointcloud_to_laserscan/lib/libpointcloud_to_laserscan.so
[19.184s] -- Set runtime path of "/home/alex/thesis_ws/install/pointcloud_to_laserscan/lib/libpointcloud_to_laserscan.so" to ""
[19.184s] -- Installing: /home/alex/thesis_ws/install/pointcloud_to_laserscan/lib/pointcloud_to_laserscan/dummy_pointcloud_publisher
[19.185s] -- Set runtime path of "/home/alex/thesis_ws/install/pointcloud_to_laserscan/lib/pointcloud_to_laserscan/dummy_pointcloud_publisher" to ""
[19.185s] -- Installing: /home/alex/thesis_ws/install/pointcloud_to_laserscan/share/pointcloud_to_laserscan/launch
[19.185s] -- Installing: /home/alex/thesis_ws/install/pointcloud_to_laserscan/share/pointcloud_to_laserscan/launch/sample_laserscan_to_pointcloud_launch.py
[19.185s] -- Installing: /home/alex/thesis_ws/install/pointcloud_to_laserscan/share/pointcloud_to_laserscan/launch/sample_pointcloud_to_laserscan_launch.py
[19.185s] -- Installing: /home/alex/thesis_ws/install/pointcloud_to_laserscan/share/ament_index/resource_index/package_run_dependencies/pointcloud_to_laserscan
[19.185s] -- Installing: /home/alex/thesis_ws/install/pointcloud_to_laserscan/share/ament_index/resource_index/parent_prefix_path/pointcloud_to_laserscan
[19.185s] -- Installing: /home/alex/thesis_ws/install/pointcloud_to_laserscan/share/pointcloud_to_laserscan/environment/ament_prefix_path.sh
[19.185s] -- Installing: /home/alex/thesis_ws/install/pointcloud_to_laserscan/share/pointcloud_to_laserscan/environment/ament_prefix_path.dsv
[19.185s] -- Installing: /home/alex/thesis_ws/install/pointcloud_to_laserscan/share/pointcloud_to_laserscan/environment/path.sh
[19.185s] -- Installing: /home/alex/thesis_ws/install/pointcloud_to_laserscan/share/pointcloud_to_laserscan/environment/path.dsv
[19.185s] -- Installing: /home/alex/thesis_ws/install/pointcloud_to_laserscan/share/pointcloud_to_laserscan/local_setup.bash
[19.186s] -- Installing: /home/alex/thesis_ws/install/pointcloud_to_laserscan/share/pointcloud_to_laserscan/local_setup.sh
[19.186s] -- Installing: /home/alex/thesis_ws/install/pointcloud_to_laserscan/share/pointcloud_to_laserscan/local_setup.zsh
[19.186s] -- Installing: /home/alex/thesis_ws/install/pointcloud_to_laserscan/share/pointcloud_to_laserscan/local_setup.dsv
[19.186s] -- Installing: /home/alex/thesis_ws/install/pointcloud_to_laserscan/share/pointcloud_to_laserscan/package.dsv
[19.186s] -- Installing: /home/alex/thesis_ws/install/pointcloud_to_laserscan/share/ament_index/resource_index/packages/pointcloud_to_laserscan
[19.186s] -- Installing: /home/alex/thesis_ws/install/pointcloud_to_laserscan/share/ament_index/resource_index/rclcpp_components/pointcloud_to_laserscan
[19.186s] -- Installing: /home/alex/thesis_ws/install/pointcloud_to_laserscan/share/pointcloud_to_laserscan/cmake/ament_cmake_export_dependencies-extras.cmake
[19.186s] -- Installing: /home/alex/thesis_ws/install/pointcloud_to_laserscan/share/pointcloud_to_laserscan/cmake/ament_cmake_export_include_directories-extras.cmake
[19.186s] -- Installing: /home/alex/thesis_ws/install/pointcloud_to_laserscan/share/pointcloud_to_laserscan/cmake/ament_cmake_export_libraries-extras.cmake
[19.186s] -- Installing: /home/alex/thesis_ws/install/pointcloud_to_laserscan/share/pointcloud_to_laserscan/cmake/pointcloud_to_laserscanConfig.cmake
[19.186s] -- Installing: /home/alex/thesis_ws/install/pointcloud_to_laserscan/share/pointcloud_to_laserscan/cmake/pointcloud_to_laserscanConfig-version.cmake
[19.186s] -- Installing: /home/alex/thesis_ws/install/pointcloud_to_laserscan/share/pointcloud_to_laserscan/package.xml
[19.188s] Invoked command in '/home/alex/thesis_ws/build/pointcloud_to_laserscan' returned '0': CMAKE_PREFIX_PATH=/opt/ros/humble /usr/bin/cmake --install /home/alex/thesis_ws/build/pointcloud_to_laserscan
