[0.009s] Invoking command in '/home/alex/thesis_ws/build/pointcloud_to_laserscan': AMENT_PREFIX_PATH=/home/alex/thesis_ws/install/pcl_ros:/home/alex/thesis_ws/install/pcl_conversions:${AMENT_PREFIX_PATH} CMAKE_PREFIX_PATH=/home/alex/thesis_ws/install/pcl_ros:/home/alex/thesis_ws/install/pcl_conversions:/home/alex/thesis_ws/install/pointcloud_to_laserscan:/opt/ros/humble LD_LIBRARY_PATH=/home/alex/thesis_ws/install/pcl_ros/lib:${LD_LIBRARY_PATH} /usr/bin/cmake --build /home/alex/thesis_ws/build/pointcloud_to_laserscan -- -j8 -l8
[0.067s] [ 20%] Built target laserscan_to_pointcloud_node
[0.068s] [ 40%] Built target pointcloud_to_laserscan_node
[0.068s] [ 60%] Built target laserscan_to_pointcloud
[0.082s] [35m[1mConsolidate compiler generated dependencies of target pointcloud_to_laserscan[0m
[0.106s] [ 70%] [32mBuilding CXX object CMakeFiles/pointcloud_to_laserscan.dir/src/pointcloud_to_laserscan_node.cpp.o[0m
[11.122s] [ 80%] [32m[1mLinking CXX shared library libpointcloud_to_laserscan.so[0m
[12.001s] [ 80%] Built target pointcloud_to_laserscan
[12.022s] [ 90%] [32m[1mLinking CXX executable dummy_pointcloud_publisher[0m
[12.363s] [100%] Built target dummy_pointcloud_publisher
[12.373s] Invoked command in '/home/alex/thesis_ws/build/pointcloud_to_laserscan' returned '0': AMENT_PREFIX_PATH=/home/alex/thesis_ws/install/pcl_ros:/home/alex/thesis_ws/install/pcl_conversions:${AMENT_PREFIX_PATH} CMAKE_PREFIX_PATH=/home/alex/thesis_ws/install/pcl_ros:/home/alex/thesis_ws/install/pcl_conversions:/home/alex/thesis_ws/install/pointcloud_to_laserscan:/opt/ros/humble LD_LIBRARY_PATH=/home/alex/thesis_ws/install/pcl_ros/lib:${LD_LIBRARY_PATH} /usr/bin/cmake --build /home/alex/thesis_ws/build/pointcloud_to_laserscan -- -j8 -l8
[12.374s] Invoking command in '/home/alex/thesis_ws/build/pointcloud_to_laserscan': AMENT_PREFIX_PATH=/home/alex/thesis_ws/install/pcl_ros:/home/alex/thesis_ws/install/pcl_conversions:${AMENT_PREFIX_PATH} CMAKE_PREFIX_PATH=/home/alex/thesis_ws/install/pcl_ros:/home/alex/thesis_ws/install/pcl_conversions:/home/alex/thesis_ws/install/pointcloud_to_laserscan:/opt/ros/humble LD_LIBRARY_PATH=/home/alex/thesis_ws/install/pcl_ros/lib:${LD_LIBRARY_PATH} /usr/bin/cmake --install /home/alex/thesis_ws/build/pointcloud_to_laserscan
[12.379s] -- Install configuration: ""
[12.379s] -- Up-to-date: /home/alex/thesis_ws/install/pointcloud_to_laserscan/lib/pointcloud_to_laserscan/laserscan_to_pointcloud_node
[12.380s] -- Up-to-date: /home/alex/thesis_ws/install/pointcloud_to_laserscan/lib/pointcloud_to_laserscan/pointcloud_to_laserscan_node
[12.380s] -- Up-to-date: /home/alex/thesis_ws/install/pointcloud_to_laserscan/include
[12.380s] -- Up-to-date: /home/alex/thesis_ws/install/pointcloud_to_laserscan/include/pointcloud_to_laserscan
[12.380s] -- Up-to-date: /home/alex/thesis_ws/install/pointcloud_to_laserscan/include/pointcloud_to_laserscan/pointcloud_to_laserscan_node.hpp
[12.380s] -- Up-to-date: /home/alex/thesis_ws/install/pointcloud_to_laserscan/include/pointcloud_to_laserscan/visibility_control.h
[12.380s] -- Up-to-date: /home/alex/thesis_ws/install/pointcloud_to_laserscan/include/pointcloud_to_laserscan/laserscan_to_pointcloud_node.hpp
[12.380s] -- Up-to-date: /home/alex/thesis_ws/install/pointcloud_to_laserscan/share/pointcloud_to_laserscan/environment/library_path.sh
[12.380s] -- Up-to-date: /home/alex/thesis_ws/install/pointcloud_to_laserscan/share/pointcloud_to_laserscan/environment/library_path.dsv
[12.380s] -- Up-to-date: /home/alex/thesis_ws/install/pointcloud_to_laserscan/lib/liblaserscan_to_pointcloud.so
[12.380s] -- Installing: /home/alex/thesis_ws/install/pointcloud_to_laserscan/lib/libpointcloud_to_laserscan.so
[12.392s] -- Set runtime path of "/home/alex/thesis_ws/install/pointcloud_to_laserscan/lib/libpointcloud_to_laserscan.so" to ""
[12.392s] -- Installing: /home/alex/thesis_ws/install/pointcloud_to_laserscan/lib/pointcloud_to_laserscan/dummy_pointcloud_publisher
[12.393s] -- Set runtime path of "/home/alex/thesis_ws/install/pointcloud_to_laserscan/lib/pointcloud_to_laserscan/dummy_pointcloud_publisher" to ""
[12.393s] -- Up-to-date: /home/alex/thesis_ws/install/pointcloud_to_laserscan/share/pointcloud_to_laserscan/launch
[12.393s] -- Up-to-date: /home/alex/thesis_ws/install/pointcloud_to_laserscan/share/pointcloud_to_laserscan/launch/sample_laserscan_to_pointcloud_launch.py
[12.393s] -- Installing: /home/alex/thesis_ws/install/pointcloud_to_laserscan/share/pointcloud_to_laserscan/launch/sample_pointcloud_to_laserscan_launch.py
[12.393s] -- Up-to-date: /home/alex/thesis_ws/install/pointcloud_to_laserscan/share/ament_index/resource_index/package_run_dependencies/pointcloud_to_laserscan
[12.394s] -- Up-to-date: /home/alex/thesis_ws/install/pointcloud_to_laserscan/share/ament_index/resource_index/parent_prefix_path/pointcloud_to_laserscan
[12.394s] -- Up-to-date: /home/alex/thesis_ws/install/pointcloud_to_laserscan/share/pointcloud_to_laserscan/environment/ament_prefix_path.sh
[12.394s] -- Up-to-date: /home/alex/thesis_ws/install/pointcloud_to_laserscan/share/pointcloud_to_laserscan/environment/ament_prefix_path.dsv
[12.394s] -- Up-to-date: /home/alex/thesis_ws/install/pointcloud_to_laserscan/share/pointcloud_to_laserscan/environment/path.sh
[12.394s] -- Up-to-date: /home/alex/thesis_ws/install/pointcloud_to_laserscan/share/pointcloud_to_laserscan/environment/path.dsv
[12.394s] -- Up-to-date: /home/alex/thesis_ws/install/pointcloud_to_laserscan/share/pointcloud_to_laserscan/local_setup.bash
[12.394s] -- Up-to-date: /home/alex/thesis_ws/install/pointcloud_to_laserscan/share/pointcloud_to_laserscan/local_setup.sh
[12.394s] -- Up-to-date: /home/alex/thesis_ws/install/pointcloud_to_laserscan/share/pointcloud_to_laserscan/local_setup.zsh
[12.394s] -- Up-to-date: /home/alex/thesis_ws/install/pointcloud_to_laserscan/share/pointcloud_to_laserscan/local_setup.dsv
[12.394s] -- Installing: /home/alex/thesis_ws/install/pointcloud_to_laserscan/share/pointcloud_to_laserscan/package.dsv
[12.394s] -- Up-to-date: /home/alex/thesis_ws/install/pointcloud_to_laserscan/share/ament_index/resource_index/packages/pointcloud_to_laserscan
[12.395s] -- Up-to-date: /home/alex/thesis_ws/install/pointcloud_to_laserscan/share/ament_index/resource_index/rclcpp_components/pointcloud_to_laserscan
[12.395s] -- Up-to-date: /home/alex/thesis_ws/install/pointcloud_to_laserscan/share/pointcloud_to_laserscan/cmake/ament_cmake_export_dependencies-extras.cmake
[12.395s] -- Up-to-date: /home/alex/thesis_ws/install/pointcloud_to_laserscan/share/pointcloud_to_laserscan/cmake/ament_cmake_export_include_directories-extras.cmake
[12.395s] -- Up-to-date: /home/alex/thesis_ws/install/pointcloud_to_laserscan/share/pointcloud_to_laserscan/cmake/ament_cmake_export_libraries-extras.cmake
[12.395s] -- Up-to-date: /home/alex/thesis_ws/install/pointcloud_to_laserscan/share/pointcloud_to_laserscan/cmake/pointcloud_to_laserscanConfig.cmake
[12.395s] -- Up-to-date: /home/alex/thesis_ws/install/pointcloud_to_laserscan/share/pointcloud_to_laserscan/cmake/pointcloud_to_laserscanConfig-version.cmake
[12.395s] -- Up-to-date: /home/alex/thesis_ws/install/pointcloud_to_laserscan/share/pointcloud_to_laserscan/package.xml
[12.397s] Invoked command in '/home/alex/thesis_ws/build/pointcloud_to_laserscan' returned '0': AMENT_PREFIX_PATH=/home/alex/thesis_ws/install/pcl_ros:/home/alex/thesis_ws/install/pcl_conversions:${AMENT_PREFIX_PATH} CMAKE_PREFIX_PATH=/home/alex/thesis_ws/install/pcl_ros:/home/alex/thesis_ws/install/pcl_conversions:/home/alex/thesis_ws/install/pointcloud_to_laserscan:/opt/ros/humble LD_LIBRARY_PATH=/home/alex/thesis_ws/install/pcl_ros/lib:${LD_LIBRARY_PATH} /usr/bin/cmake --install /home/alex/thesis_ws/build/pointcloud_to_laserscan
