[0.007s] Invoking command in '/home/alex/thesis_ws/build/pointcloud_to_laserscan': CMAKE_PREFIX_PATH=${CMAKE_PREFIX_PATH}:/opt/ros/humble /usr/bin/cmake --build /home/alex/thesis_ws/build/pointcloud_to_laserscan -- -j8 -l8
[0.043s] [ 40%] Built target pointcloud_to_laserscan_node
[0.044s] [ 40%] Built target laserscan_to_pointcloud_node
[0.044s] [ 60%] Built target laserscan_to_pointcloud
[0.055s] [35m[1mConsolidate compiler generated dependencies of target pointcloud_to_laserscan[0m
[0.069s] [ 70%] [32mBuilding CXX object CMakeFiles/pointcloud_to_laserscan.dir/src/pointcloud_to_laserscan_node.cpp.o[0m
[2.026s] In file included from [01m[K/home/alex/thesis_ws/src/pointcloud_to_laserscan/src/pointcloud_to_laserscan_node.cpp:41[m[K:
[2.026s] [01m[K/home/alex/thesis_ws/src/pointcloud_to_laserscan/include/pointcloud_to_laserscan/pointcloud_to_laserscan_node.hpp:112:102:[m[K [01;31m[Kerror: [m[Kredeclaration of ‘[01m[Kdouble pointcloud_to_laserscan::PointCloudToLaserScanNode::min_height_longrange_[m[K’
[2.027s]   112 | e min_height_shortrange_, max_height_shortrange_, min_height_longrange_, min_height_longrange_[01;31m[K,[m[K angle_min_, angle_max_, angle_increment_, scan_time_, range_min_,
[2.027s]       |                                                                                               [01;31m[K^[m[K
[2.027s] 
[2.027s] [01m[K/home/alex/thesis_ws/src/pointcloud_to_laserscan/include/pointcloud_to_laserscan/pointcloud_to_laserscan_node.hpp:112:58:[m[K [01;36m[Knote: [m[Kprevious declaration ‘[01m[Kdouble pointcloud_to_laserscan::PointCloudToLaserScanNode::min_height_longrange_[m[K’
[2.027s]   112 |   double min_height_shortrange_, max_height_shortrange_, [01;36m[Kmin_height_longrange_[m[K, min_height_longrange_, angle_min_, angle_max_, angle_increment_, scan_time_, range_min_,
[2.027s]       |                                                          [01;36m[K^~~~~~~~~~~~~~~~~~~~~[m[K
[2.541s] [01m[K/home/alex/thesis_ws/src/pointcloud_to_laserscan/src/pointcloud_to_laserscan_node.cpp:[m[K In member function ‘[01m[Kvoid pointcloud_to_laserscan::PointCloudToLaserScanNode::cloudCallback(sensor_msgs::msg::PointCloud2_<std::allocator<void> >::ConstSharedPtr)[m[K’:
[2.541s] [01m[K/home/alex/thesis_ws/src/pointcloud_to_laserscan/src/pointcloud_to_laserscan_node.cpp:209:72:[m[K [01;31m[Kerror: [m[K‘[01m[Kmax_height_longrange_[m[K’ was not declared in this scope; did you mean ‘[01m[Kmin_height_longrange_[m[K’?
[2.541s]   209 |       cloud_msg, range_transition_, range_max_, min_height_longrange_, [01;31m[Kmax_height_longrange_[m[K,
[2.541s]       |                                                                        [01;31m[K^~~~~~~~~~~~~~~~~~~~~[m[K
[2.542s]       |                                                                        [32m[Kmin_height_longrange_[m[K
[2.544s] [01m[K/home/alex/thesis_ws/src/pointcloud_to_laserscan/src/pointcloud_to_laserscan_node.cpp:[m[K In function ‘[01m[Ksensor_msgs::msg::LaserScan_<std::allocator<void> >::UniquePtr pointcloud_to_laserscan::mergeLaserScans(const UniquePtr&, const UniquePtr&)[m[K’:
[2.544s] [01m[K/home/alex/thesis_ws/src/pointcloud_to_laserscan/src/pointcloud_to_laserscan_node.cpp:313:12:[m[K [01;31m[Kerror: [m[Kuse of deleted function ‘[01m[Kstd::unique_ptr<_Tp, _Dp>::unique_ptr(const std::unique_ptr<_Tp, _Dp>&) [with _Tp = sensor_msgs::msg::LaserScan_<std::allocator<void> >; _Dp = std::default_delete<sensor_msgs::msg::LaserScan_<std::allocator<void> > >][m[K’
[2.544s]   313 |     return [01;31m[Klong_scan[m[K;
[2.544s]       |            [01;31m[K^~~~~~~~~[m[K
[2.545s] In file included from [01m[K/usr/include/c++/11/memory:76[m[K,
[2.545s]                  from [01m[K/home/alex/thesis_ws/src/pointcloud_to_laserscan/include/pointcloud_to_laserscan/pointcloud_to_laserscan_node.hpp:45[m[K,
[2.545s]                  from [01m[K/home/alex/thesis_ws/src/pointcloud_to_laserscan/src/pointcloud_to_laserscan_node.cpp:41[m[K:
[2.545s] [01m[K/usr/include/c++/11/bits/unique_ptr.h:468:7:[m[K [01;36m[Knote: [m[Kdeclared here
[2.545s]   468 |       [01;36m[Kunique_ptr[m[K(const unique_ptr&) = delete;
[2.545s]       |       [01;36m[K^~~~~~~~~~[m[K
[4.804s] gmake[2]: *** [CMakeFiles/pointcloud_to_laserscan.dir/build.make:76: CMakeFiles/pointcloud_to_laserscan.dir/src/pointcloud_to_laserscan_node.cpp.o] Error 1
[4.804s] gmake[1]: *** [CMakeFiles/Makefile2:197: CMakeFiles/pointcloud_to_laserscan.dir/all] Error 2
[4.804s] gmake: *** [Makefile:146: all] Error 2
[4.806s] Invoked command in '/home/alex/thesis_ws/build/pointcloud_to_laserscan' returned '2': CMAKE_PREFIX_PATH=${CMAKE_PREFIX_PATH}:/opt/ros/humble /usr/bin/cmake --build /home/alex/thesis_ws/build/pointcloud_to_laserscan -- -j8 -l8
