[0.006s] Invoking command in '/home/alex/thesis_ws/build/perception_pcl': CMAKE_PREFIX_PATH=/home/alex/thesis_ws/install/pcl_ros:/home/alex/thesis_ws/install/pcl_conversions:/home/alex/thesis_ws/install/pointcloud_to_laserscan:/home/alex/thesis_ws/install/perception_pcl:/home/alex/thesis_ws/new_clone/src/pointcloud_to_laserscan/install/pointcloud_to_laserscan:/opt/ros/humble LD_LIBRARY_PATH=/home/alex/thesis_ws/install/pcl_ros/lib:/home/alex/thesis_ws/install/pointcloud_to_laserscan/lib:/home/alex/thesis_ws/new_clone/src/pointcloud_to_laserscan/install/pointcloud_to_laserscan/lib:/opt/ros/humble/opt/rviz_ogre_vendor/lib:/opt/ros/humble/lib/x86_64-linux-gnu:/opt/ros/humble/lib /usr/bin/cmake --build /home/alex/thesis_ws/build/perception_pcl -- -j8 -l8
[0.030s] Invoked command in '/home/alex/thesis_ws/build/perception_pcl' returned '0': CMAKE_PREFIX_PATH=/home/alex/thesis_ws/install/pcl_ros:/home/alex/thesis_ws/install/pcl_conversions:/home/alex/thesis_ws/install/pointcloud_to_laserscan:/home/alex/thesis_ws/install/perception_pcl:/home/alex/thesis_ws/new_clone/src/pointcloud_to_laserscan/install/pointcloud_to_laserscan:/opt/ros/humble LD_LIBRARY_PATH=/home/alex/thesis_ws/install/pcl_ros/lib:/home/alex/thesis_ws/install/pointcloud_to_laserscan/lib:/home/alex/thesis_ws/new_clone/src/pointcloud_to_laserscan/install/pointcloud_to_laserscan/lib:/opt/ros/humble/opt/rviz_ogre_vendor/lib:/opt/ros/humble/lib/x86_64-linux-gnu:/opt/ros/humble/lib /usr/bin/cmake --build /home/alex/thesis_ws/build/perception_pcl -- -j8 -l8
[0.031s] Invoking command in '/home/alex/thesis_ws/build/perception_pcl': CMAKE_PREFIX_PATH=/home/alex/thesis_ws/install/pcl_ros:/home/alex/thesis_ws/install/pcl_conversions:/home/alex/thesis_ws/install/pointcloud_to_laserscan:/home/alex/thesis_ws/install/perception_pcl:/home/alex/thesis_ws/new_clone/src/pointcloud_to_laserscan/install/pointcloud_to_laserscan:/opt/ros/humble LD_LIBRARY_PATH=/home/alex/thesis_ws/install/pcl_ros/lib:/home/alex/thesis_ws/install/pointcloud_to_laserscan/lib:/home/alex/thesis_ws/new_clone/src/pointcloud_to_laserscan/install/pointcloud_to_laserscan/lib:/opt/ros/humble/opt/rviz_ogre_vendor/lib:/opt/ros/humble/lib/x86_64-linux-gnu:/opt/ros/humble/lib /usr/bin/cmake --install /home/alex/thesis_ws/build/perception_pcl
[0.036s] -- Install configuration: ""
[0.036s] -- Up-to-date: /home/alex/thesis_ws/install/perception_pcl/share/ament_index/resource_index/package_run_dependencies/perception_pcl
[0.036s] -- Up-to-date: /home/alex/thesis_ws/install/perception_pcl/share/ament_index/resource_index/parent_prefix_path/perception_pcl
[0.036s] -- Up-to-date: /home/alex/thesis_ws/install/perception_pcl/share/perception_pcl/environment/ament_prefix_path.sh
[0.036s] -- Up-to-date: /home/alex/thesis_ws/install/perception_pcl/share/perception_pcl/environment/ament_prefix_path.dsv
[0.037s] -- Up-to-date: /home/alex/thesis_ws/install/perception_pcl/share/perception_pcl/environment/path.sh
[0.037s] -- Up-to-date: /home/alex/thesis_ws/install/perception_pcl/share/perception_pcl/environment/path.dsv
[0.037s] -- Up-to-date: /home/alex/thesis_ws/install/perception_pcl/share/perception_pcl/local_setup.bash
[0.037s] -- Up-to-date: /home/alex/thesis_ws/install/perception_pcl/share/perception_pcl/local_setup.sh
[0.037s] -- Up-to-date: /home/alex/thesis_ws/install/perception_pcl/share/perception_pcl/local_setup.zsh
[0.037s] -- Up-to-date: /home/alex/thesis_ws/install/perception_pcl/share/perception_pcl/local_setup.dsv
[0.037s] -- Installing: /home/alex/thesis_ws/install/perception_pcl/share/perception_pcl/package.dsv
[0.037s] -- Up-to-date: /home/alex/thesis_ws/install/perception_pcl/share/ament_index/resource_index/packages/perception_pcl
[0.037s] -- Up-to-date: /home/alex/thesis_ws/install/perception_pcl/share/perception_pcl/cmake/perception_pclConfig.cmake
[0.037s] -- Up-to-date: /home/alex/thesis_ws/install/perception_pcl/share/perception_pcl/cmake/perception_pclConfig-version.cmake
[0.037s] -- Up-to-date: /home/alex/thesis_ws/install/perception_pcl/share/perception_pcl/package.xml
[0.038s] Invoked command in '/home/alex/thesis_ws/build/perception_pcl' returned '0': CMAKE_PREFIX_PATH=/home/alex/thesis_ws/install/pcl_ros:/home/alex/thesis_ws/install/pcl_conversions:/home/alex/thesis_ws/install/pointcloud_to_laserscan:/home/alex/thesis_ws/install/perception_pcl:/home/alex/thesis_ws/new_clone/src/pointcloud_to_laserscan/install/pointcloud_to_laserscan:/opt/ros/humble LD_LIBRARY_PATH=/home/alex/thesis_ws/install/pcl_ros/lib:/home/alex/thesis_ws/install/pointcloud_to_laserscan/lib:/home/alex/thesis_ws/new_clone/src/pointcloud_to_laserscan/install/pointcloud_to_laserscan/lib:/opt/ros/humble/opt/rviz_ogre_vendor/lib:/opt/ros/humble/lib/x86_64-linux-gnu:/opt/ros/humble/lib /usr/bin/cmake --install /home/alex/thesis_ws/build/perception_pcl
