[0.006s] Invoking command in '/home/alex/thesis_ws/build/pointcloud_to_laserscan': CMAKE_PREFIX_PATH=/home/alex/thesis_ws/install/pcl_ros:/home/alex/thesis_ws/install/pcl_conversions:/home/alex/thesis_ws/install/pointcloud_to_laserscan:/home/alex/thesis_ws/install/small_gicp:/home/alex/thesis_ws/install/perception_pcl:/opt/ros/humble LD_LIBRARY_PATH=/home/alex/thesis_ws/install/pcl_ros/lib:/home/alex/thesis_ws/install/pointcloud_to_laserscan/lib:/home/alex/thesis_ws/install/small_gicp/lib:/opt/ros/humble/opt/rviz_ogre_vendor/lib:/opt/ros/humble/lib/x86_64-linux-gnu:/opt/ros/humble/lib /usr/bin/cmake --build /home/alex/thesis_ws/build/pointcloud_to_laserscan -- -j8 -l8
[0.047s] [ 28%] Built target pointcloud_to_laserscan_node
[0.051s] [ 57%] Built target laserscan_to_pointcloud
[0.064s] [35m[1mConsolidate compiler generated dependencies of target pointcloud_to_laserscan[0m
[0.088s] [ 71%] [32mBuilding CXX object CMakeFiles/pointcloud_to_laserscan.dir/src/pointcloud_to_laserscan_node.cpp.o[0m
[0.090s] [ 85%] [32mBuilding CXX object CMakeFiles/pointcloud_to_laserscan.dir/src/vgicp_registration.cpp.o[0m
[1.043s] In file included from [01m[K/usr/local/include/small_gicp/pcl/pcl_registration_impl.hpp:17[m[K,
[1.043s]                  from [01m[K/usr/local/include/small_gicp/pcl/pcl_registration.hpp:116[m[K,
[1.043s]                  from [01m[K/home/alex/thesis_ws/src/pointcloud_to_laserscan/include/pointcloud_to_laserscan/vgicp_registration.hpp:6[m[K,
[1.043s]                  from [01m[K/home/alex/thesis_ws/src/pointcloud_to_laserscan/src/vgicp_registration.cpp:4[m[K:
[1.043s] [01m[K/usr/local/include/small_gicp/registration/reduction_omp.hpp:10:2:[m[K [01;35m[Kwarning: [m[K#warning "OpenMP is not available. Parallel reduction will be disabled." [[01;35m[K]8;;https://gcc.gnu.org/onlinedocs/gcc/Warning-Options.html#index-Wcpp-Wcpp]8;;[m[K]
[1.043s]    10 | #[01;35m[Kwarning[m[K "OpenMP is not available. Parallel reduction will be disabled."
[1.043s]       |  [01;35m[K^~~~~~~[m[K
[1.175s] In file included from [01m[K/usr/local/include/small_gicp/pcl/pcl_registration_impl.hpp:17[m[K,
[1.175s]                  from [01m[K/usr/local/include/small_gicp/pcl/pcl_registration.hpp:116[m[K,
[1.175s]                  from [01m[K/home/alex/thesis_ws/src/pointcloud_to_laserscan/include/pointcloud_to_laserscan/vgicp_registration.hpp:6[m[K,
[1.175s]                  from [01m[K/home/alex/thesis_ws/src/pointcloud_to_laserscan/include/pointcloud_to_laserscan/pointcloud_to_laserscan_node.hpp:62[m[K,
[1.175s]                  from [01m[K/home/alex/thesis_ws/src/pointcloud_to_laserscan/src/pointcloud_to_laserscan_node.cpp:41[m[K:
[1.175s] [01m[K/usr/local/include/small_gicp/registration/reduction_omp.hpp:10:2:[m[K [01;35m[Kwarning: [m[K#warning "OpenMP is not available. Parallel reduction will be disabled." [[01;35m[K]8;;https://gcc.gnu.org/onlinedocs/gcc/Warning-Options.html#index-Wcpp-Wcpp]8;;[m[K]
[1.175s]    10 | #[01;35m[Kwarning[m[K "OpenMP is not available. Parallel reduction will be disabled."
[1.175s]       |  [01;35m[K^~~~~~~[m[K
[5.070s] [01m[K/home/alex/thesis_ws/src/pointcloud_to_laserscan/src/vgicp_registration.cpp:[m[K In member function ‘[01m[Kvoid vgicpRegistrationClass::setLastCloud(const pcl::PointCloud<pcl::PointXYZ>&)[m[K’:
[5.070s] [01m[K/home/alex/thesis_ws/src/pointcloud_to_laserscan/src/vgicp_registration.cpp:23:19:[m[K [01;31m[Kerror: [m[Kno match for ‘[01m[Koperator=[m[K’ (operand types are ‘[01m[Kpcl::PointCloud<pcl::PointXYZ>[m[K’ and ‘[01m[Kpcl::PointCloud<pcl::PointXYZ>::Ptr[m[K’ {aka ‘[01m[Kstd::shared_ptr<pcl::PointCloud<pcl::PointXYZ> >[m[K’})
[5.070s]    23 |     last_cloud_ = [01;31m[Kdownsampled_last_cloud[m[K;
[5.070s]       |                   [01;31m[K^~~~~~~~~~~~~~~~~~~~~~[m[K
[5.070s] In file included from [01m[K/usr/local/include/small_gicp/pcl/pcl_point_traits.hpp:6[m[K,
[5.070s]                  from [01m[K/home/alex/thesis_ws/src/pointcloud_to_laserscan/include/pointcloud_to_laserscan/vgicp_registration.hpp:5[m[K,
[5.070s]                  from [01m[K/home/alex/thesis_ws/src/pointcloud_to_laserscan/src/vgicp_registration.cpp:4[m[K:
[5.070s] [01m[K/usr/include/pcl-1.12/pcl/point_cloud.h:172:21:[m[K [01;36m[Knote: [m[Kcandidate: ‘[01m[Kpcl::PointCloud<pcl::PointXYZ>& pcl::PointCloud<pcl::PointXYZ>::operator=(const pcl::PointCloud<pcl::PointXYZ>&)[m[K’
[5.070s]   172 |   class PCL_EXPORTS [01;36m[KPointCloud[m[K
[5.070s]       |                     [01;36m[K^~~~~~~~~~[m[K
[5.071s] [01m[K/usr/include/pcl-1.12/pcl/point_cloud.h:172:21:[m[K [01;36m[Knote: [m[K  no known conversion for argument 1 from ‘[01m[Kpcl::PointCloud<pcl::PointXYZ>::Ptr[m[K’ {aka ‘[01m[Kstd::shared_ptr<pcl::PointCloud<pcl::PointXYZ> >[m[K’} to ‘[01m[Kconst pcl::PointCloud<pcl::PointXYZ>&[m[K’
[5.071s] [01m[K/usr/include/pcl-1.12/pcl/point_cloud.h:172:21:[m[K [01;36m[Knote: [m[Kcandidate: ‘[01m[Kpcl::PointCloud<pcl::PointXYZ>& pcl::PointCloud<pcl::PointXYZ>::operator=(pcl::PointCloud<pcl::PointXYZ>&&)[m[K’
[5.071s] [01m[K/usr/include/pcl-1.12/pcl/point_cloud.h:172:21:[m[K [01;36m[Knote: [m[K  no known conversion for argument 1 from ‘[01m[Kpcl::PointCloud<pcl::PointXYZ>::Ptr[m[K’ {aka ‘[01m[Kstd::shared_ptr<pcl::PointCloud<pcl::PointXYZ> >[m[K’} to ‘[01m[Kpcl::PointCloud<pcl::PointXYZ>&&[m[K’
[5.071s] [01m[K/home/alex/thesis_ws/src/pointcloud_to_laserscan/src/vgicp_registration.cpp:25:25:[m[K [01;31m[Kerror: [m[Kcannot convert ‘[01m[Kpcl::PointCloud<pcl::PointXYZ>[m[K’ to ‘[01m[Kconst PointCloudSourceConstPtr&[m[K’ {aka ‘[01m[Kconst std::shared_ptr<const pcl::PointCloud<pcl::PointXYZ> >&[m[K’}
[5.071s]    25 |     reg_.setInputSource([01;31m[Klast_cloud_[m[K);
[5.071s]       |                         [01;31m[K^~~~~~~~~~~[m[K
[5.071s]       |                         [01;31m[K|[m[K
[5.071s]       |                         [01;31m[Kpcl::PointCloud<pcl::PointXYZ>[m[K
[5.071s] In file included from [01m[K/usr/local/include/small_gicp/pcl/pcl_registration.hpp:116[m[K,
[5.071s]                  from [01m[K/home/alex/thesis_ws/src/pointcloud_to_laserscan/include/pointcloud_to_laserscan/vgicp_registration.hpp:6[m[K,
[5.071s]                  from [01m[K/home/alex/thesis_ws/src/pointcloud_to_laserscan/src/vgicp_registration.cpp:4[m[K:
[5.071s] [01m[K/usr/local/include/small_gicp/pcl/pcl_registration_impl.hpp:41:96:[m[K [01;36m[Knote: [m[K  initializing argument 1 of ‘[01m[Kvoid small_gicp::RegistrationPCL<PointSource, PointTarget>::setInputSource(const PointCloudSourceConstPtr&) [with PointSource = pcl::PointXYZ; PointTarget = pcl::PointXYZ; small_gicp::RegistrationPCL<PointSource, PointTarget>::PointCloudSourceConstPtr = std::shared_ptr<const pcl::PointCloud<pcl::PointXYZ> >][m[K’
[5.071s]    41 | void RegistrationPCL<PointSource, PointTarget>::setInputSource([01;36m[Kconst PointCloudSourceConstPtr& cloud[m[K) {
[5.071s]       |                                                                [01;36m[K~~~~~~~~~~~~~~~~~~~~~~~~~~~~~~~~^~~~~[m[K
[5.071s] [01m[K/home/alex/thesis_ws/src/pointcloud_to_laserscan/src/vgicp_registration.cpp:[m[K In member function ‘[01m[Kvoid vgicpRegistrationClass::setNewCloud(const pcl::PointCloud<pcl::PointXYZ>&)[m[K’:
[5.071s] [01m[K/home/alex/thesis_ws/src/pointcloud_to_laserscan/src/vgicp_registration.cpp:31:18:[m[K [01;31m[Kerror: [m[Kno match for ‘[01m[Koperator=[m[K’ (operand types are ‘[01m[Kpcl::PointCloud<pcl::PointXYZ>[m[K’ and ‘[01m[Kpcl::PointCloud<pcl::PointXYZ>::Ptr[m[K’ {aka ‘[01m[Kstd::shared_ptr<pcl::PointCloud<pcl::PointXYZ> >[m[K’})
[5.071s]    31 |     new_cloud_ = [01;31m[Kdownsampled_new_cloud[m[K;
[5.071s]       |                  [01;31m[K^~~~~~~~~~~~~~~~~~~~~[m[K
[5.071s] In file included from [01m[K/usr/local/include/small_gicp/pcl/pcl_point_traits.hpp:6[m[K,
[5.071s]                  from [01m[K/home/alex/thesis_ws/src/pointcloud_to_laserscan/include/pointcloud_to_laserscan/vgicp_registration.hpp:5[m[K,
[5.071s]                  from [01m[K/home/alex/thesis_ws/src/pointcloud_to_laserscan/src/vgicp_registration.cpp:4[m[K:
[5.071s] [01m[K/usr/include/pcl-1.12/pcl/point_cloud.h:172:21:[m[K [01;36m[Knote: [m[Kcandidate: ‘[01m[Kpcl::PointCloud<pcl::PointXYZ>& pcl::PointCloud<pcl::PointXYZ>::operator=(const pcl::PointCloud<pcl::PointXYZ>&)[m[K’
[5.071s]   172 |   class PCL_EXPORTS [01;36m[KPointCloud[m[K
[5.071s]       |                     [01;36m[K^~~~~~~~~~[m[K
[5.071s] [01m[K/usr/include/pcl-1.12/pcl/point_cloud.h:172:21:[m[K [01;36m[Knote: [m[K  no known conversion for argument 1 from ‘[01m[Kpcl::PointCloud<pcl::PointXYZ>::Ptr[m[K’ {aka ‘[01m[Kstd::shared_ptr<pcl::PointCloud<pcl::PointXYZ> >[m[K’} to ‘[01m[Kconst pcl::PointCloud<pcl::PointXYZ>&[m[K’
[5.071s] [01m[K/usr/include/pcl-1.12/pcl/point_cloud.h:172:21:[m[K [01;36m[Knote: [m[Kcandidate: ‘[01m[Kpcl::PointCloud<pcl::PointXYZ>& pcl::PointCloud<pcl::PointXYZ>::operator=(pcl::PointCloud<pcl::PointXYZ>&&)[m[K’
[5.071s] [01m[K/usr/include/pcl-1.12/pcl/point_cloud.h:172:21:[m[K [01;36m[Knote: [m[K  no known conversion for argument 1 from ‘[01m[Kpcl::PointCloud<pcl::PointXYZ>::Ptr[m[K’ {aka ‘[01m[Kstd::shared_ptr<pcl::PointCloud<pcl::PointXYZ> >[m[K’} to ‘[01m[Kpcl::PointCloud<pcl::PointXYZ>&&[m[K’
[5.071s] [01m[K/home/alex/thesis_ws/src/pointcloud_to_laserscan/src/vgicp_registration.cpp:33:25:[m[K [01;31m[Kerror: [m[Kcannot convert ‘[01m[Kpcl::PointCloud<pcl::PointXYZ>[m[K’ to ‘[01m[Kconst PointCloudTargetConstPtr&[m[K’ {aka ‘[01m[Kconst std::shared_ptr<const pcl::PointCloud<pcl::PointXYZ> >&[m[K’}
[5.071s]    33 |     reg_.setInputTarget([01;31m[Knew_cloud_[m[K);
[5.072s]       |                         [01;31m[K^~~~~~~~~~[m[K
[5.072s]       |                         [01;31m[K|[m[K
[5.072s]       |                         [01;31m[Kpcl::PointCloud<pcl::PointXYZ>[m[K
[5.072s] In file included from [01m[K/usr/local/include/small_gicp/pcl/pcl_registration.hpp:116[m[K,
[5.072s]                  from [01m[K/home/alex/thesis_ws/src/pointcloud_to_laserscan/include/pointcloud_to_laserscan/vgicp_registration.hpp:6[m[K,
[5.072s]                  from [01m[K/home/alex/thesis_ws/src/pointcloud_to_laserscan/src/vgicp_registration.cpp:4[m[K:
[5.072s] [01m[K/usr/local/include/small_gicp/pcl/pcl_registration_impl.hpp:53:96:[m[K [01;36m[Knote: [m[K  initializing argument 1 of ‘[01m[Kvoid small_gicp::RegistrationPCL<PointSource, PointTarget>::setInputTarget(const PointCloudTargetConstPtr&) [with PointSource = pcl::PointXYZ; PointTarget = pcl::PointXYZ; small_gicp::RegistrationPCL<PointSource, PointTarget>::PointCloudTargetConstPtr = std::shared_ptr<const pcl::PointCloud<pcl::PointXYZ> >][m[K’
[5.072s]    53 | void RegistrationPCL<PointSource, PointTarget>::setInputTarget([01;36m[Kconst PointCloudTargetConstPtr& cloud[m[K) {
[5.072s]       |                                                                [01;36m[K~~~~~~~~~~~~~~~~~~~~~~~~~~~~~~~~^~~~~[m[K
[5.072s] [01m[K/home/alex/thesis_ws/src/pointcloud_to_laserscan/src/vgicp_registration.cpp:[m[K In member function ‘[01m[Kpcl::PointCloud<pcl::PointXYZ> vgicpRegistrationClass::getNewTransformedCloud() const[m[K’:
[5.072s] [01m[K/home/alex/thesis_ws/src/pointcloud_to_laserscan/src/vgicp_registration.cpp:38:38:[m[K [01;31m[Kerror: [m[Kno match for ‘[01m[Koperator*[m[K’ (operand type is ‘[01m[Kconst pcl::PointCloud<pcl::PointXYZ>[m[K’)
[5.072s]    38 |         pcl_ros::transformPointCloud([01;31m[K*new_cloud_[m[K, *new_cloud_transformed_, ICP_output_transform_);
[5.072s]       |                                      [01;31m[K^~~~~~~~~~~[m[K
[5.072s] [01m[K/home/alex/thesis_ws/src/pointcloud_to_laserscan/src/vgicp_registration.cpp:38:51:[m[K [01;31m[Kerror: [m[Kno match for ‘[01m[Koperator*[m[K’ (operand type is ‘[01m[Kconst pcl::PointCloud<pcl::PointXYZ>[m[K’)
[5.072s]    38 |         pcl_ros::transformPointCloud(*new_cloud_, [01;31m[K*new_cloud_transformed_[m[K, ICP_output_transform_);
[5.072s]       |                                                   [01;31m[K^~~~~~~~~~~~~~~~~~~~~~~[m[K
[5.072s] [01m[K/home/alex/thesis_ws/src/pointcloud_to_laserscan/src/vgicp_registration.cpp:[m[K In member function ‘[01m[Kvoid vgicpRegistrationClass::computeRegistration()[m[K’:
[5.072s] [01m[K/home/alex/thesis_ws/src/pointcloud_to_laserscan/src/vgicp_registration.cpp:49:32:[m[K [01;31m[Kerror: [m[K‘[01m[Kclass pcl::PointCloud<pcl::PointXYZ>[m[K’ has no member named ‘[01m[Kreset[m[K’
[5.072s]    49 |         new_cloud_transformed_.[01;31m[Kreset[m[K(new pcl::PointCloud<pcl::PointXYZ>);
[5.072s]       |                                [01;31m[K^~~~~[m[K
[5.072s] [01m[K/home/alex/thesis_ws/src/pointcloud_to_laserscan/src/vgicp_registration.cpp:51:20:[m[K [01;31m[Kerror: [m[Kno match for ‘[01m[Koperator*[m[K’ (operand type is ‘[01m[Kpcl::PointCloud<pcl::PointXYZ>[m[K’)
[5.072s]    51 |         reg_.align([01;31m[K*new_cloud_transformed_[m[K);
[5.072s]       |                    [01;31m[K^~~~~~~~~~~~~~~~~~~~~~~[m[K
[5.072s] [01m[K/home/alex/thesis_ws/src/pointcloud_to_laserscan/src/vgicp_registration.cpp:55:38:[m[K [01;31m[Kerror: [m[K‘[01m[KeigenToTransform[m[K’ is not a member of ‘[01m[Ktf2[m[K’; did you mean ‘[01m[KdoTransform[m[K’?
[5.072s]    55 |         ICP_output_transform_ = tf2::[01;31m[KeigenToTransform[m[K(transform_matrix);
[5.072s]       |                                      [01;31m[K^~~~~~~~~~~~~~~~[m[K
[5.072s]       |                                      [32m[KdoTransform[m[K
[10.408s] gmake[2]: *** [CMakeFiles/pointcloud_to_laserscan.dir/build.make:90: CMakeFiles/pointcloud_to_laserscan.dir/src/vgicp_registration.cpp.o] Error 1
[10.408s] gmake[2]: *** Waiting for unfinished jobs....
[18.452s] gmake[1]: *** [CMakeFiles/Makefile2:167: CMakeFiles/pointcloud_to_laserscan.dir/all] Error 2
[18.452s] gmake: *** [Makefile:146: all] Error 2
[18.454s] Invoked command in '/home/alex/thesis_ws/build/pointcloud_to_laserscan' returned '2': CMAKE_PREFIX_PATH=/home/alex/thesis_ws/install/pcl_ros:/home/alex/thesis_ws/install/pcl_conversions:/home/alex/thesis_ws/install/pointcloud_to_laserscan:/home/alex/thesis_ws/install/small_gicp:/home/alex/thesis_ws/install/perception_pcl:/opt/ros/humble LD_LIBRARY_PATH=/home/alex/thesis_ws/install/pcl_ros/lib:/home/alex/thesis_ws/install/pointcloud_to_laserscan/lib:/home/alex/thesis_ws/install/small_gicp/lib:/opt/ros/humble/opt/rviz_ogre_vendor/lib:/opt/ros/humble/lib/x86_64-linux-gnu:/opt/ros/humble/lib /usr/bin/cmake --build /home/alex/thesis_ws/build/pointcloud_to_laserscan -- -j8 -l8
