[0.009s] Invoking command in '/home/alex/thesis_ws/new_clone/build/pointcloud_to_laserscan': AMENT_PREFIX_PATH=/home/alex/thesis_ws/new_clone/install/pcl_ros:/home/alex/thesis_ws/new_clone/install/pcl_conversions:${AMENT_PREFIX_PATH} CMAKE_PREFIX_PATH=/home/alex/thesis_ws/new_clone/install/pcl_ros:/home/alex/thesis_ws/new_clone/install/pcl_conversions:/home/alex/thesis_ws/new_clone/src/pointcloud_to_laserscan/install/pointcloud_to_laserscan:/home/alex/thesis_ws/install/pointcloud_to_laserscan:/home/alex/thesis_ws/install/perception_pcl:/home/alex/thesis_ws/install/pcl_ros:/home/alex/thesis_ws/install/pcl_conversions:/opt/ros/humble LD_LIBRARY_PATH=/home/alex/thesis_ws/new_clone/install/pcl_ros/lib:${LD_LIBRARY_PATH} /usr/bin/cmake --build /home/alex/thesis_ws/new_clone/build/pointcloud_to_laserscan -- -j8 -l8
[0.057s] [ 20%] Built target pointcloud_to_laserscan_node
[0.059s] [ 40%] Built target laserscan_to_pointcloud_node
[0.065s] [ 60%] Built target laserscan_to_pointcloud
[0.091s] [ 70%] [32mBuilding CXX object CMakeFiles/pointcloud_to_laserscan.dir/src/pointcloud_to_laserscan_node.cpp.o[0m
[10.839s] [ 80%] [32m[1mLinking CXX shared library libpointcloud_to_laserscan.so[0m
[11.950s] [ 80%] Built target pointcloud_to_laserscan
[11.968s] [ 90%] [32m[1mLinking CXX executable dummy_pointcloud_publisher[0m
[12.294s] [100%] Built target dummy_pointcloud_publisher
[12.302s] Invoked command in '/home/alex/thesis_ws/new_clone/build/pointcloud_to_laserscan' returned '0': AMENT_PREFIX_PATH=/home/alex/thesis_ws/new_clone/install/pcl_ros:/home/alex/thesis_ws/new_clone/install/pcl_conversions:${AMENT_PREFIX_PATH} CMAKE_PREFIX_PATH=/home/alex/thesis_ws/new_clone/install/pcl_ros:/home/alex/thesis_ws/new_clone/install/pcl_conversions:/home/alex/thesis_ws/new_clone/src/pointcloud_to_laserscan/install/pointcloud_to_laserscan:/home/alex/thesis_ws/install/pointcloud_to_laserscan:/home/alex/thesis_ws/install/perception_pcl:/home/alex/thesis_ws/install/pcl_ros:/home/alex/thesis_ws/install/pcl_conversions:/opt/ros/humble LD_LIBRARY_PATH=/home/alex/thesis_ws/new_clone/install/pcl_ros/lib:${LD_LIBRARY_PATH} /usr/bin/cmake --build /home/alex/thesis_ws/new_clone/build/pointcloud_to_laserscan -- -j8 -l8
[12.303s] Invoking command in '/home/alex/thesis_ws/new_clone/build/pointcloud_to_laserscan': AMENT_PREFIX_PATH=/home/alex/thesis_ws/new_clone/install/pcl_ros:/home/alex/thesis_ws/new_clone/install/pcl_conversions:${AMENT_PREFIX_PATH} CMAKE_PREFIX_PATH=/home/alex/thesis_ws/new_clone/install/pcl_ros:/home/alex/thesis_ws/new_clone/install/pcl_conversions:/home/alex/thesis_ws/new_clone/src/pointcloud_to_laserscan/install/pointcloud_to_laserscan:/home/alex/thesis_ws/install/pointcloud_to_laserscan:/home/alex/thesis_ws/install/perception_pcl:/home/alex/thesis_ws/install/pcl_ros:/home/alex/thesis_ws/install/pcl_conversions:/opt/ros/humble LD_LIBRARY_PATH=/home/alex/thesis_ws/new_clone/install/pcl_ros/lib:${LD_LIBRARY_PATH} /usr/bin/cmake --install /home/alex/thesis_ws/new_clone/build/pointcloud_to_laserscan
[12.308s] -- Install configuration: ""
[12.308s] -- Up-to-date: /home/alex/thesis_ws/new_clone/install/pointcloud_to_laserscan/lib/pointcloud_to_laserscan/laserscan_to_pointcloud_node
[12.308s] -- Up-to-date: /home/alex/thesis_ws/new_clone/install/pointcloud_to_laserscan/lib/pointcloud_to_laserscan/pointcloud_to_laserscan_node
[12.308s] -- Up-to-date: /home/alex/thesis_ws/new_clone/install/pointcloud_to_laserscan/include
[12.308s] -- Up-to-date: /home/alex/thesis_ws/new_clone/install/pointcloud_to_laserscan/include/pointcloud_to_laserscan
[12.308s] -- Up-to-date: /home/alex/thesis_ws/new_clone/install/pointcloud_to_laserscan/include/pointcloud_to_laserscan/pointcloud_to_laserscan_node.hpp
[12.308s] -- Up-to-date: /home/alex/thesis_ws/new_clone/install/pointcloud_to_laserscan/include/pointcloud_to_laserscan/visibility_control.h
[12.308s] -- Up-to-date: /home/alex/thesis_ws/new_clone/install/pointcloud_to_laserscan/include/pointcloud_to_laserscan/laserscan_to_pointcloud_node.hpp
[12.309s] -- Up-to-date: /home/alex/thesis_ws/new_clone/install/pointcloud_to_laserscan/share/pointcloud_to_laserscan/environment/library_path.sh
[12.309s] -- Up-to-date: /home/alex/thesis_ws/new_clone/install/pointcloud_to_laserscan/share/pointcloud_to_laserscan/environment/library_path.dsv
[12.309s] -- Up-to-date: /home/alex/thesis_ws/new_clone/install/pointcloud_to_laserscan/lib/liblaserscan_to_pointcloud.so
[12.309s] -- Installing: /home/alex/thesis_ws/new_clone/install/pointcloud_to_laserscan/lib/libpointcloud_to_laserscan.so
[12.312s] -- Set runtime path of "/home/alex/thesis_ws/new_clone/install/pointcloud_to_laserscan/lib/libpointcloud_to_laserscan.so" to ""
[12.312s] -- Installing: /home/alex/thesis_ws/new_clone/install/pointcloud_to_laserscan/lib/pointcloud_to_laserscan/dummy_pointcloud_publisher
[12.313s] -- Set runtime path of "/home/alex/thesis_ws/new_clone/install/pointcloud_to_laserscan/lib/pointcloud_to_laserscan/dummy_pointcloud_publisher" to ""
[12.313s] -- Up-to-date: /home/alex/thesis_ws/new_clone/install/pointcloud_to_laserscan/share/pointcloud_to_laserscan/launch
[12.313s] -- Up-to-date: /home/alex/thesis_ws/new_clone/install/pointcloud_to_laserscan/share/pointcloud_to_laserscan/launch/sample_laserscan_to_pointcloud_launch.py
[12.313s] -- Installing: /home/alex/thesis_ws/new_clone/install/pointcloud_to_laserscan/share/pointcloud_to_laserscan/launch/sample_pointcloud_to_laserscan_launch.py
[12.313s] -- Up-to-date: /home/alex/thesis_ws/new_clone/install/pointcloud_to_laserscan/share/ament_index/resource_index/package_run_dependencies/pointcloud_to_laserscan
[12.313s] -- Up-to-date: /home/alex/thesis_ws/new_clone/install/pointcloud_to_laserscan/share/ament_index/resource_index/parent_prefix_path/pointcloud_to_laserscan
[12.313s] -- Up-to-date: /home/alex/thesis_ws/new_clone/install/pointcloud_to_laserscan/share/pointcloud_to_laserscan/environment/ament_prefix_path.sh
[12.313s] -- Up-to-date: /home/alex/thesis_ws/new_clone/install/pointcloud_to_laserscan/share/pointcloud_to_laserscan/environment/ament_prefix_path.dsv
[12.313s] -- Up-to-date: /home/alex/thesis_ws/new_clone/install/pointcloud_to_laserscan/share/pointcloud_to_laserscan/environment/path.sh
[12.313s] -- Up-to-date: /home/alex/thesis_ws/new_clone/install/pointcloud_to_laserscan/share/pointcloud_to_laserscan/environment/path.dsv
[12.313s] -- Up-to-date: /home/alex/thesis_ws/new_clone/install/pointcloud_to_laserscan/share/pointcloud_to_laserscan/local_setup.bash
[12.313s] -- Up-to-date: /home/alex/thesis_ws/new_clone/install/pointcloud_to_laserscan/share/pointcloud_to_laserscan/local_setup.sh
[12.313s] -- Up-to-date: /home/alex/thesis_ws/new_clone/install/pointcloud_to_laserscan/share/pointcloud_to_laserscan/local_setup.zsh
[12.314s] -- Up-to-date: /home/alex/thesis_ws/new_clone/install/pointcloud_to_laserscan/share/pointcloud_to_laserscan/local_setup.dsv
[12.314s] -- Installing: /home/alex/thesis_ws/new_clone/install/pointcloud_to_laserscan/share/pointcloud_to_laserscan/package.dsv
[12.314s] -- Up-to-date: /home/alex/thesis_ws/new_clone/install/pointcloud_to_laserscan/share/ament_index/resource_index/packages/pointcloud_to_laserscan
[12.314s] -- Up-to-date: /home/alex/thesis_ws/new_clone/install/pointcloud_to_laserscan/share/ament_index/resource_index/rclcpp_components/pointcloud_to_laserscan
[12.314s] -- Up-to-date: /home/alex/thesis_ws/new_clone/install/pointcloud_to_laserscan/share/pointcloud_to_laserscan/cmake/ament_cmake_export_dependencies-extras.cmake
[12.314s] -- Up-to-date: /home/alex/thesis_ws/new_clone/install/pointcloud_to_laserscan/share/pointcloud_to_laserscan/cmake/ament_cmake_export_include_directories-extras.cmake
[12.314s] -- Up-to-date: /home/alex/thesis_ws/new_clone/install/pointcloud_to_laserscan/share/pointcloud_to_laserscan/cmake/ament_cmake_export_libraries-extras.cmake
[12.314s] -- Up-to-date: /home/alex/thesis_ws/new_clone/install/pointcloud_to_laserscan/share/pointcloud_to_laserscan/cmake/pointcloud_to_laserscanConfig.cmake
[12.314s] -- Up-to-date: /home/alex/thesis_ws/new_clone/install/pointcloud_to_laserscan/share/pointcloud_to_laserscan/cmake/pointcloud_to_laserscanConfig-version.cmake
[12.314s] -- Up-to-date: /home/alex/thesis_ws/new_clone/install/pointcloud_to_laserscan/share/pointcloud_to_laserscan/package.xml
[12.315s] Invoked command in '/home/alex/thesis_ws/new_clone/build/pointcloud_to_laserscan' returned '0': AMENT_PREFIX_PATH=/home/alex/thesis_ws/new_clone/install/pcl_ros:/home/alex/thesis_ws/new_clone/install/pcl_conversions:${AMENT_PREFIX_PATH} CMAKE_PREFIX_PATH=/home/alex/thesis_ws/new_clone/install/pcl_ros:/home/alex/thesis_ws/new_clone/install/pcl_conversions:/home/alex/thesis_ws/new_clone/src/pointcloud_to_laserscan/install/pointcloud_to_laserscan:/home/alex/thesis_ws/install/pointcloud_to_laserscan:/home/alex/thesis_ws/install/perception_pcl:/home/alex/thesis_ws/install/pcl_ros:/home/alex/thesis_ws/install/pcl_conversions:/opt/ros/humble LD_LIBRARY_PATH=/home/alex/thesis_ws/new_clone/install/pcl_ros/lib:${LD_LIBRARY_PATH} /usr/bin/cmake --install /home/alex/thesis_ws/new_clone/build/pointcloud_to_laserscan
