[0.074s] DEBUG:colcon:Command line arguments: ['/usr/bin/colcon', 'build']
[0.074s] DEBUG:colcon:Parsed command line arguments: Namespace(log_base=None, log_level=None, verb_name='build', build_base='build', install_base='install', merge_install=False, symlink_install=False, test_result_base=None, continue_on_error=False, executor='parallel', parallel_workers=8, event_handlers=None, ignore_user_meta=False, metas=['./colcon.meta'], base_paths=['.'], packages_ignore=None, packages_ignore_regex=None, paths=None, packages_up_to=None, packages_up_to_regex=None, packages_above=None, packages_above_and_dependencies=None, packages_above_depth=None, packages_select_by_dep=None, packages_skip_by_dep=None, packages_skip_up_to=None, packages_select_build_failed=False, packages_skip_build_finished=False, packages_select_test_failures=False, packages_skip_test_passed=False, packages_select=None, packages_skip=None, packages_select_regex=None, packages_skip_regex=None, packages_start=None, packages_end=None, allow_overriding=[], cmake_args=None, cmake_target=None, cmake_target_skip_unavailable=False, cmake_clean_cache=False, cmake_clean_first=False, cmake_force_configure=False, ament_cmake_args=None, catkin_cmake_args=None, catkin_skip_building_tests=False, mixin_files=None, mixin=None, verb_parser=<colcon_mixin.mixin.mixin_argument.MixinArgumentDecorator object at 0x74bfcd1d2260>, verb_extension=<colcon_core.verb.build.BuildVerb object at 0x74bfcd1d1c90>, main=<bound method BuildVerb.main of <colcon_core.verb.build.BuildVerb object at 0x74bfcd1d1c90>>, mixin_verb=('build',))
[0.197s] Level 1:colcon.colcon_core.package_discovery:discover_packages(colcon_meta) check parameters
[0.197s] Level 1:colcon.colcon_core.package_discovery:discover_packages(recursive) check parameters
[0.198s] Level 1:colcon.colcon_core.package_discovery:discover_packages(ignore) check parameters
[0.198s] Level 1:colcon.colcon_core.package_discovery:discover_packages(path) check parameters
[0.198s] Level 1:colcon.colcon_core.package_discovery:discover_packages(colcon_meta) discover
[0.198s] Level 1:colcon.colcon_core.package_discovery:discover_packages(recursive) discover
[0.198s] INFO:colcon.colcon_core.package_discovery:Crawling recursively for packages in '/home/alex/thesis_ws'
[0.198s] Level 1:colcon.colcon_core.package_identification:_identify(.) by extensions ['ignore', 'ignore_ament_install']
[0.198s] Level 1:colcon.colcon_core.package_identification:_identify(.) by extension 'ignore'
[0.198s] Level 1:colcon.colcon_core.package_identification:_identify(.) by extension 'ignore_ament_install'
[0.198s] Level 1:colcon.colcon_core.package_identification:_identify(.) by extensions ['colcon_pkg']
[0.198s] Level 1:colcon.colcon_core.package_identification:_identify(.) by extension 'colcon_pkg'
[0.198s] Level 1:colcon.colcon_core.package_identification:_identify(.) by extensions ['colcon_meta']
[0.198s] Level 1:colcon.colcon_core.package_identification:_identify(.) by extension 'colcon_meta'
[0.198s] Level 1:colcon.colcon_core.package_identification:_identify(.) by extensions ['ros']
[0.198s] Level 1:colcon.colcon_core.package_identification:_identify(.) by extension 'ros'
[0.212s] Level 1:colcon.colcon_core.package_identification:_identify(.) by extensions ['cmake', 'python']
[0.212s] Level 1:colcon.colcon_core.package_identification:_identify(.) by extension 'cmake'
[0.212s] Level 1:colcon.colcon_core.package_identification:_identify(.) by extension 'python'
[0.212s] Level 1:colcon.colcon_core.package_identification:_identify(.) by extensions ['python_setup_py']
[0.212s] Level 1:colcon.colcon_core.package_identification:_identify(.) by extension 'python_setup_py'
[0.212s] Level 1:colcon.colcon_core.package_identification:_identify(build) by extensions ['ignore', 'ignore_ament_install']
[0.212s] Level 1:colcon.colcon_core.package_identification:_identify(build) by extension 'ignore'
[0.212s] Level 1:colcon.colcon_core.package_identification:_identify(build) ignored
[0.212s] Level 1:colcon.colcon_core.package_identification:_identify(install) by extensions ['ignore', 'ignore_ament_install']
[0.212s] Level 1:colcon.colcon_core.package_identification:_identify(install) by extension 'ignore'
[0.212s] Level 1:colcon.colcon_core.package_identification:_identify(install) ignored
[0.212s] Level 1:colcon.colcon_core.package_identification:_identify(log) by extensions ['ignore', 'ignore_ament_install']
[0.212s] Level 1:colcon.colcon_core.package_identification:_identify(log) by extension 'ignore'
[0.213s] Level 1:colcon.colcon_core.package_identification:_identify(log) ignored
[0.213s] Level 1:colcon.colcon_core.package_identification:_identify(src) by extensions ['ignore', 'ignore_ament_install']
[0.213s] Level 1:colcon.colcon_core.package_identification:_identify(src) by extension 'ignore'
[0.213s] Level 1:colcon.colcon_core.package_identification:_identify(src) by extension 'ignore_ament_install'
[0.213s] Level 1:colcon.colcon_core.package_identification:_identify(src) by extensions ['colcon_pkg']
[0.213s] Level 1:colcon.colcon_core.package_identification:_identify(src) by extension 'colcon_pkg'
[0.213s] Level 1:colcon.colcon_core.package_identification:_identify(src) by extensions ['colcon_meta']
[0.213s] Level 1:colcon.colcon_core.package_identification:_identify(src) by extension 'colcon_meta'
[0.213s] Level 1:colcon.colcon_core.package_identification:_identify(src) by extensions ['ros']
[0.213s] Level 1:colcon.colcon_core.package_identification:_identify(src) by extension 'ros'
[0.213s] Level 1:colcon.colcon_core.package_identification:_identify(src) by extensions ['cmake', 'python']
[0.213s] Level 1:colcon.colcon_core.package_identification:_identify(src) by extension 'cmake'
[0.213s] Level 1:colcon.colcon_core.package_identification:_identify(src) by extension 'python'
[0.213s] Level 1:colcon.colcon_core.package_identification:_identify(src) by extensions ['python_setup_py']
[0.213s] Level 1:colcon.colcon_core.package_identification:_identify(src) by extension 'python_setup_py'
[0.213s] Level 1:colcon.colcon_core.package_identification:_identify(src/pointcloud_to_laserscan) by extensions ['ignore', 'ignore_ament_install']
[0.213s] Level 1:colcon.colcon_core.package_identification:_identify(src/pointcloud_to_laserscan) by extension 'ignore'
[0.213s] Level 1:colcon.colcon_core.package_identification:_identify(src/pointcloud_to_laserscan) by extension 'ignore_ament_install'
[0.213s] Level 1:colcon.colcon_core.package_identification:_identify(src/pointcloud_to_laserscan) by extensions ['colcon_pkg']
[0.213s] Level 1:colcon.colcon_core.package_identification:_identify(src/pointcloud_to_laserscan) by extension 'colcon_pkg'
[0.213s] Level 1:colcon.colcon_core.package_identification:_identify(src/pointcloud_to_laserscan) by extensions ['colcon_meta']
[0.213s] Level 1:colcon.colcon_core.package_identification:_identify(src/pointcloud_to_laserscan) by extension 'colcon_meta'
[0.213s] Level 1:colcon.colcon_core.package_identification:_identify(src/pointcloud_to_laserscan) by extensions ['ros']
[0.213s] Level 1:colcon.colcon_core.package_identification:_identify(src/pointcloud_to_laserscan) by extension 'ros'
[0.215s] DEBUG:colcon.colcon_core.package_identification:Package 'src/pointcloud_to_laserscan' with type 'ros.ament_cmake' and name 'pointcloud_to_laserscan'
[0.215s] Level 1:colcon.colcon_core.package_identification:_identify(src/snipets) by extensions ['ignore', 'ignore_ament_install']
[0.216s] Level 1:colcon.colcon_core.package_identification:_identify(src/snipets) by extension 'ignore'
[0.216s] Level 1:colcon.colcon_core.package_identification:_identify(src/snipets) ignored
[0.216s] Level 1:colcon.colcon_core.package_discovery:discover_packages(recursive) using defaults
[0.216s] Level 1:colcon.colcon_core.package_discovery:discover_packages(ignore) discover
[0.216s] Level 1:colcon.colcon_core.package_discovery:discover_packages(ignore) using defaults
[0.216s] Level 1:colcon.colcon_core.package_discovery:discover_packages(path) discover
[0.216s] Level 1:colcon.colcon_core.package_discovery:discover_packages(path) using defaults
[0.229s] Level 1:colcon.colcon_core.package_discovery:discover_packages(prefix_path) check parameters
[0.229s] Level 1:colcon.colcon_core.package_discovery:discover_packages(prefix_path) discover
[0.230s] DEBUG:colcon.colcon_installed_package_information.package_discovery:Found 1 installed packages in /home/alex/thesis_ws/install
[0.231s] DEBUG:colcon.colcon_installed_package_information.package_discovery:Found 302 installed packages in /opt/ros/humble
[0.232s] Level 1:colcon.colcon_core.package_discovery:discover_packages(prefix_path) using defaults
[0.257s] Level 5:colcon.colcon_core.verb:set package 'pointcloud_to_laserscan' build argument 'cmake_args' from command line to 'None'
[0.257s] Level 5:colcon.colcon_core.verb:set package 'pointcloud_to_laserscan' build argument 'cmake_target' from command line to 'None'
[0.257s] Level 5:colcon.colcon_core.verb:set package 'pointcloud_to_laserscan' build argument 'cmake_target_skip_unavailable' from command line to 'False'
[0.257s] Level 5:colcon.colcon_core.verb:set package 'pointcloud_to_laserscan' build argument 'cmake_clean_cache' from command line to 'False'
[0.257s] Level 5:colcon.colcon_core.verb:set package 'pointcloud_to_laserscan' build argument 'cmake_clean_first' from command line to 'False'
[0.257s] Level 5:colcon.colcon_core.verb:set package 'pointcloud_to_laserscan' build argument 'cmake_force_configure' from command line to 'False'
[0.257s] Level 5:colcon.colcon_core.verb:set package 'pointcloud_to_laserscan' build argument 'ament_cmake_args' from command line to 'None'
[0.257s] Level 5:colcon.colcon_core.verb:set package 'pointcloud_to_laserscan' build argument 'catkin_cmake_args' from command line to 'None'
[0.257s] Level 5:colcon.colcon_core.verb:set package 'pointcloud_to_laserscan' build argument 'catkin_skip_building_tests' from command line to 'False'
[0.257s] DEBUG:colcon.colcon_core.verb:Building package 'pointcloud_to_laserscan' with the following arguments: {'ament_cmake_args': None, 'build_base': '/home/alex/thesis_ws/build/pointcloud_to_laserscan', 'catkin_cmake_args': None, 'catkin_skip_building_tests': False, 'cmake_args': None, 'cmake_clean_cache': False, 'cmake_clean_first': False, 'cmake_force_configure': False, 'cmake_target': None, 'cmake_target_skip_unavailable': False, 'install_base': '/home/alex/thesis_ws/install/pointcloud_to_laserscan', 'merge_install': False, 'path': '/home/alex/thesis_ws/src/pointcloud_to_laserscan', 'symlink_install': False, 'test_result_base': None}
[0.257s] INFO:colcon.colcon_core.executor:Executing jobs using 'parallel' executor
[0.258s] DEBUG:colcon.colcon_parallel_executor.executor.parallel:run_until_complete
[0.258s] INFO:colcon.colcon_ros.task.ament_cmake.build:Building ROS package in '/home/alex/thesis_ws/src/pointcloud_to_laserscan' with build type 'ament_cmake'
[0.258s] INFO:colcon.colcon_cmake.task.cmake.build:Building CMake package in '/home/alex/thesis_ws/src/pointcloud_to_laserscan'
[0.259s] INFO:colcon.colcon_core.plugin_system:Skipping extension 'colcon_core.shell.bat': Not used on non-Windows systems
[0.259s] INFO:colcon.colcon_core.shell:Skip shell extension 'powershell' for command environment: Not usable outside of PowerShell
[0.259s] DEBUG:colcon.colcon_core.shell:Skip shell extension 'dsv' for command environment
[0.265s] DEBUG:colcon.colcon_core.event_handler.log_command:Invoking command in '/home/alex/thesis_ws/build/pointcloud_to_laserscan': CMAKE_PREFIX_PATH=${CMAKE_PREFIX_PATH}:/opt/ros/humble /usr/bin/cmake --build /home/alex/thesis_ws/build/pointcloud_to_laserscan -- -j8 -l8
[8.972s] DEBUG:colcon.colcon_core.event_handler.log_command:Invoked command in '/home/alex/thesis_ws/build/pointcloud_to_laserscan' returned '0': CMAKE_PREFIX_PATH=${CMAKE_PREFIX_PATH}:/opt/ros/humble /usr/bin/cmake --build /home/alex/thesis_ws/build/pointcloud_to_laserscan -- -j8 -l8
[8.979s] DEBUG:colcon.colcon_core.event_handler.log_command:Invoking command in '/home/alex/thesis_ws/build/pointcloud_to_laserscan': CMAKE_PREFIX_PATH=${CMAKE_PREFIX_PATH}:/opt/ros/humble /usr/bin/cmake --install /home/alex/thesis_ws/build/pointcloud_to_laserscan
[8.997s] Level 1:colcon.colcon_core.environment:create_environment_scripts_only(pointcloud_to_laserscan)
[8.997s] DEBUG:colcon.colcon_core.event_handler.log_command:Invoked command in '/home/alex/thesis_ws/build/pointcloud_to_laserscan' returned '0': CMAKE_PREFIX_PATH=${CMAKE_PREFIX_PATH}:/opt/ros/humble /usr/bin/cmake --install /home/alex/thesis_ws/build/pointcloud_to_laserscan
[8.999s] Level 1:colcon.colcon_core.environment:checking '/home/alex/thesis_ws/install/pointcloud_to_laserscan' for CMake module files
[9.000s] Level 1:colcon.colcon_core.environment:checking '/home/alex/thesis_ws/install/pointcloud_to_laserscan' for CMake config files
[9.000s] Level 1:colcon.colcon_core.shell:create_environment_hook('pointcloud_to_laserscan', 'cmake_prefix_path')
[9.000s] INFO:colcon.colcon_core.shell:Creating environment hook '/home/alex/thesis_ws/install/pointcloud_to_laserscan/share/pointcloud_to_laserscan/hook/cmake_prefix_path.ps1'
[9.001s] INFO:colcon.colcon_core.shell:Creating environment descriptor '/home/alex/thesis_ws/install/pointcloud_to_laserscan/share/pointcloud_to_laserscan/hook/cmake_prefix_path.dsv'
[9.001s] INFO:colcon.colcon_core.shell:Creating environment hook '/home/alex/thesis_ws/install/pointcloud_to_laserscan/share/pointcloud_to_laserscan/hook/cmake_prefix_path.sh'
[9.002s] Level 1:colcon.colcon_core.environment:checking '/home/alex/thesis_ws/install/pointcloud_to_laserscan/lib'
[9.002s] Level 1:colcon.colcon_core.shell:create_environment_hook('pointcloud_to_laserscan', 'ld_library_path_lib')
[9.003s] INFO:colcon.colcon_core.shell:Creating environment hook '/home/alex/thesis_ws/install/pointcloud_to_laserscan/share/pointcloud_to_laserscan/hook/ld_library_path_lib.ps1'
[9.003s] INFO:colcon.colcon_core.shell:Creating environment descriptor '/home/alex/thesis_ws/install/pointcloud_to_laserscan/share/pointcloud_to_laserscan/hook/ld_library_path_lib.dsv'
[9.003s] INFO:colcon.colcon_core.shell:Creating environment hook '/home/alex/thesis_ws/install/pointcloud_to_laserscan/share/pointcloud_to_laserscan/hook/ld_library_path_lib.sh'
[9.003s] Level 1:colcon.colcon_core.environment:checking '/home/alex/thesis_ws/install/pointcloud_to_laserscan/bin'
[9.004s] Level 1:colcon.colcon_core.environment:checking '/home/alex/thesis_ws/install/pointcloud_to_laserscan/lib/pkgconfig/pointcloud_to_laserscan.pc'
[9.004s] Level 1:colcon.colcon_core.environment:checking '/home/alex/thesis_ws/install/pointcloud_to_laserscan/lib/python3.10/site-packages'
[9.004s] Level 1:colcon.colcon_core.environment:checking '/home/alex/thesis_ws/install/pointcloud_to_laserscan/bin'
[9.004s] INFO:colcon.colcon_core.shell:Creating package script '/home/alex/thesis_ws/install/pointcloud_to_laserscan/share/pointcloud_to_laserscan/package.ps1'
[9.005s] INFO:colcon.colcon_core.shell:Creating package descriptor '/home/alex/thesis_ws/install/pointcloud_to_laserscan/share/pointcloud_to_laserscan/package.dsv'
[9.005s] INFO:colcon.colcon_core.shell:Creating package script '/home/alex/thesis_ws/install/pointcloud_to_laserscan/share/pointcloud_to_laserscan/package.sh'
[9.006s] INFO:colcon.colcon_core.shell:Creating package script '/home/alex/thesis_ws/install/pointcloud_to_laserscan/share/pointcloud_to_laserscan/package.bash'
[9.006s] INFO:colcon.colcon_core.shell:Creating package script '/home/alex/thesis_ws/install/pointcloud_to_laserscan/share/pointcloud_to_laserscan/package.zsh'
[9.007s] Level 1:colcon.colcon_core.environment:create_file_with_runtime_dependencies(/home/alex/thesis_ws/install/pointcloud_to_laserscan/share/colcon-core/packages/pointcloud_to_laserscan)
[9.007s] Level 1:colcon.colcon_core.environment:create_environment_scripts_only(pointcloud_to_laserscan)
[9.007s] Level 1:colcon.colcon_core.environment:checking '/home/alex/thesis_ws/install/pointcloud_to_laserscan' for CMake module files
[9.008s] Level 1:colcon.colcon_core.environment:checking '/home/alex/thesis_ws/install/pointcloud_to_laserscan' for CMake config files
[9.008s] Level 1:colcon.colcon_core.shell:create_environment_hook('pointcloud_to_laserscan', 'cmake_prefix_path')
[9.008s] INFO:colcon.colcon_core.shell:Creating environment hook '/home/alex/thesis_ws/install/pointcloud_to_laserscan/share/pointcloud_to_laserscan/hook/cmake_prefix_path.ps1'
[9.009s] INFO:colcon.colcon_core.shell:Creating environment descriptor '/home/alex/thesis_ws/install/pointcloud_to_laserscan/share/pointcloud_to_laserscan/hook/cmake_prefix_path.dsv'
[9.009s] INFO:colcon.colcon_core.shell:Creating environment hook '/home/alex/thesis_ws/install/pointcloud_to_laserscan/share/pointcloud_to_laserscan/hook/cmake_prefix_path.sh'
[9.009s] Level 1:colcon.colcon_core.environment:checking '/home/alex/thesis_ws/install/pointcloud_to_laserscan/lib'
[9.009s] Level 1:colcon.colcon_core.shell:create_environment_hook('pointcloud_to_laserscan', 'ld_library_path_lib')
[9.009s] INFO:colcon.colcon_core.shell:Creating environment hook '/home/alex/thesis_ws/install/pointcloud_to_laserscan/share/pointcloud_to_laserscan/hook/ld_library_path_lib.ps1'
[9.010s] INFO:colcon.colcon_core.shell:Creating environment descriptor '/home/alex/thesis_ws/install/pointcloud_to_laserscan/share/pointcloud_to_laserscan/hook/ld_library_path_lib.dsv'
[9.010s] INFO:colcon.colcon_core.shell:Creating environment hook '/home/alex/thesis_ws/install/pointcloud_to_laserscan/share/pointcloud_to_laserscan/hook/ld_library_path_lib.sh'
[9.010s] Level 1:colcon.colcon_core.environment:checking '/home/alex/thesis_ws/install/pointcloud_to_laserscan/bin'
[9.010s] Level 1:colcon.colcon_core.environment:checking '/home/alex/thesis_ws/install/pointcloud_to_laserscan/lib/pkgconfig/pointcloud_to_laserscan.pc'
[9.011s] Level 1:colcon.colcon_core.environment:checking '/home/alex/thesis_ws/install/pointcloud_to_laserscan/lib/python3.10/site-packages'
[9.011s] Level 1:colcon.colcon_core.environment:checking '/home/alex/thesis_ws/install/pointcloud_to_laserscan/bin'
[9.011s] INFO:colcon.colcon_core.shell:Creating package script '/home/alex/thesis_ws/install/pointcloud_to_laserscan/share/pointcloud_to_laserscan/package.ps1'
[9.011s] INFO:colcon.colcon_core.shell:Creating package descriptor '/home/alex/thesis_ws/install/pointcloud_to_laserscan/share/pointcloud_to_laserscan/package.dsv'
[9.012s] INFO:colcon.colcon_core.shell:Creating package script '/home/alex/thesis_ws/install/pointcloud_to_laserscan/share/pointcloud_to_laserscan/package.sh'
[9.012s] INFO:colcon.colcon_core.shell:Creating package script '/home/alex/thesis_ws/install/pointcloud_to_laserscan/share/pointcloud_to_laserscan/package.bash'
[9.012s] INFO:colcon.colcon_core.shell:Creating package script '/home/alex/thesis_ws/install/pointcloud_to_laserscan/share/pointcloud_to_laserscan/package.zsh'
[9.012s] Level 1:colcon.colcon_core.environment:create_file_with_runtime_dependencies(/home/alex/thesis_ws/install/pointcloud_to_laserscan/share/colcon-core/packages/pointcloud_to_laserscan)
[9.012s] DEBUG:colcon.colcon_parallel_executor.executor.parallel:closing loop
[9.013s] DEBUG:colcon.colcon_parallel_executor.executor.parallel:loop closed
[9.013s] DEBUG:colcon.colcon_parallel_executor.executor.parallel:run_until_complete finished with '0'
[9.013s] DEBUG:colcon.colcon_core.event_reactor:joining thread
[9.016s] INFO:colcon.colcon_core.plugin_system:Skipping extension 'colcon_notification.desktop_notification.terminal_notifier': Not used on non-Darwin systems
[9.016s] INFO:colcon.colcon_core.plugin_system:Skipping extension 'colcon_notification.desktop_notification.win32': Not used on non-Windows systems
[9.016s] INFO:colcon.colcon_notification.desktop_notification:Sending desktop notification using 'notify2'
[9.023s] DEBUG:colcon.colcon_core.event_reactor:joined thread
[9.024s] INFO:colcon.colcon_core.shell:Creating prefix script '/home/alex/thesis_ws/install/local_setup.ps1'
[9.024s] INFO:colcon.colcon_core.shell:Creating prefix util module '/home/alex/thesis_ws/install/_local_setup_util_ps1.py'
[9.025s] INFO:colcon.colcon_core.shell:Creating prefix chain script '/home/alex/thesis_ws/install/setup.ps1'
[9.026s] INFO:colcon.colcon_core.shell:Creating prefix script '/home/alex/thesis_ws/install/local_setup.sh'
[9.027s] INFO:colcon.colcon_core.shell:Creating prefix util module '/home/alex/thesis_ws/install/_local_setup_util_sh.py'
[9.027s] INFO:colcon.colcon_core.shell:Creating prefix chain script '/home/alex/thesis_ws/install/setup.sh'
[9.028s] INFO:colcon.colcon_core.shell:Creating prefix script '/home/alex/thesis_ws/install/local_setup.bash'
[9.028s] INFO:colcon.colcon_core.shell:Creating prefix chain script '/home/alex/thesis_ws/install/setup.bash'
[9.028s] INFO:colcon.colcon_core.shell:Creating prefix script '/home/alex/thesis_ws/install/local_setup.zsh'
[9.029s] INFO:colcon.colcon_core.shell:Creating prefix chain script '/home/alex/thesis_ws/install/setup.zsh'
