[0.007s] Invoking command in '/home/alex/thesis_ws/build/pointcloud_to_laserscan': CMAKE_PREFIX_PATH=${CMAKE_PREFIX_PATH}:/opt/ros/humble /usr/bin/cmake --build /home/alex/thesis_ws/build/pointcloud_to_laserscan -- -j8 -l8
[0.022s] -- Found ament_cmake_auto: 1.3.11 (/opt/ros/humble/share/ament_cmake_auto/cmake)
[0.104s] -- Configuring incomplete, errors occurred!
[0.104s] See also "/home/alex/thesis_ws/build/pointcloud_to_laserscan/CMakeFiles/CMakeOutput.log".
[0.104s] [31mCMake Error at CMakeLists.txt:5 (find_package):
[0.104s]   By not providing "Findpcl_ros.cmake" in CMAKE_MODULE_PATH this project has
[0.104s]   asked CMake to find a package configuration file provided by "pcl_ros", but
[0.104s]   CMake did not find one.
[0.104s] 
[0.104s]   Could not find a package configuration file provided by "pcl_ros" with any
[0.105s]   of the following names:
[0.105s] 
[0.105s]     pcl_rosConfig.cmake
[0.105s]     pcl_ros-config.cmake
[0.105s] 
[0.105s]   Add the installation prefix of "pcl_ros" to CMAKE_PREFIX_PATH or set
[0.105s]   "pcl_ros_DIR" to a directory containing one of the above files.  If
[0.105s]   "pcl_ros" provides a separate development package or SDK, be sure it has
[0.105s]   been installed.
[0.105s] 
[0.105s] [0m
[0.106s] gmake: *** [Makefile:431: cmake_check_build_system] Error 1
[0.107s] Invoked command in '/home/alex/thesis_ws/build/pointcloud_to_laserscan' returned '2': CMAKE_PREFIX_PATH=${CMAKE_PREFIX_PATH}:/opt/ros/humble /usr/bin/cmake --build /home/alex/thesis_ws/build/pointcloud_to_laserscan -- -j8 -l8
