[0.008s] Invoking command in '/home/alex/thesis_ws/build/pcl_conversions': CMAKE_PREFIX_PATH=${CMAKE_PREFIX_PATH}:/opt/ros/humble /usr/bin/cmake --build /home/alex/thesis_ws/build/pcl_conversions -- -j8 -l8
[0.044s] [ 33%] Built target gtest_main
[0.045s] [ 66%] Built target gtest
[0.067s] [100%] Built target pcl_conversions-test
[0.075s] Invoked command in '/home/alex/thesis_ws/build/pcl_conversions' returned '0': CMAKE_PREFIX_PATH=${CMAKE_PREFIX_PATH}:/opt/ros/humble /usr/bin/cmake --build /home/alex/thesis_ws/build/pcl_conversions -- -j8 -l8
[0.082s] Invoking command in '/home/alex/thesis_ws/build/pcl_conversions': CMAKE_PREFIX_PATH=${CMAKE_PREFIX_PATH}:/opt/ros/humble /usr/bin/cmake --install /home/alex/thesis_ws/build/pcl_conversions
[0.087s] -- Install configuration: ""
[0.087s] -- Up-to-date: /home/alex/thesis_ws/install/pcl_conversions/include/pcl_conversions
[0.087s] -- Up-to-date: /home/alex/thesis_ws/install/pcl_conversions/include/pcl_conversions/pcl_conversions
[0.087s] -- Up-to-date: /home/alex/thesis_ws/install/pcl_conversions/include/pcl_conversions/pcl_conversions/pcl_conversions.h
[0.087s] -- Up-to-date: /home/alex/thesis_ws/install/pcl_conversions/share/ament_index/resource_index/package_run_dependencies/pcl_conversions
[0.087s] -- Up-to-date: /home/alex/thesis_ws/install/pcl_conversions/share/ament_index/resource_index/parent_prefix_path/pcl_conversions
[0.087s] -- Up-to-date: /home/alex/thesis_ws/install/pcl_conversions/share/pcl_conversions/environment/ament_prefix_path.sh
[0.087s] -- Up-to-date: /home/alex/thesis_ws/install/pcl_conversions/share/pcl_conversions/environment/ament_prefix_path.dsv
[0.087s] -- Up-to-date: /home/alex/thesis_ws/install/pcl_conversions/share/pcl_conversions/environment/path.sh
[0.087s] -- Up-to-date: /home/alex/thesis_ws/install/pcl_conversions/share/pcl_conversions/environment/path.dsv
[0.087s] -- Up-to-date: /home/alex/thesis_ws/install/pcl_conversions/share/pcl_conversions/local_setup.bash
[0.088s] -- Up-to-date: /home/alex/thesis_ws/install/pcl_conversions/share/pcl_conversions/local_setup.sh
[0.088s] -- Up-to-date: /home/alex/thesis_ws/install/pcl_conversions/share/pcl_conversions/local_setup.zsh
[0.088s] -- Up-to-date: /home/alex/thesis_ws/install/pcl_conversions/share/pcl_conversions/local_setup.dsv
[0.088s] -- Installing: /home/alex/thesis_ws/install/pcl_conversions/share/pcl_conversions/package.dsv
[0.088s] -- Up-to-date: /home/alex/thesis_ws/install/pcl_conversions/share/ament_index/resource_index/packages/pcl_conversions
[0.088s] -- Up-to-date: /home/alex/thesis_ws/install/pcl_conversions/share/pcl_conversions/cmake/ament_cmake_export_include_directories-extras.cmake
[0.088s] -- Up-to-date: /home/alex/thesis_ws/install/pcl_conversions/share/pcl_conversions/cmake/ament_cmake_export_dependencies-extras.cmake
[0.088s] -- Up-to-date: /home/alex/thesis_ws/install/pcl_conversions/share/pcl_conversions/cmake/pcl_conversionsConfig.cmake
[0.088s] -- Up-to-date: /home/alex/thesis_ws/install/pcl_conversions/share/pcl_conversions/cmake/pcl_conversionsConfig-version.cmake
[0.088s] -- Up-to-date: /home/alex/thesis_ws/install/pcl_conversions/share/pcl_conversions/package.xml
[0.089s] Invoked command in '/home/alex/thesis_ws/build/pcl_conversions' returned '0': CMAKE_PREFIX_PATH=${CMAKE_PREFIX_PATH}:/opt/ros/humble /usr/bin/cmake --install /home/alex/thesis_ws/build/pcl_conversions
