[0.006s] Invoking command in '/home/alex/thesis_ws/build/pointcloud_to_laserscan': CMAKE_PREFIX_PATH=/home/alex/thesis_ws/install/pcl_ros:/home/alex/thesis_ws/install/pcl_conversions:/home/alex/thesis_ws/install/pointcloud_to_laserscan:/home/alex/thesis_ws/install/perception_pcl:/home/alex/thesis_ws/new_clone/src/pointcloud_to_laserscan/install/pointcloud_to_laserscan:/opt/ros/humble LD_LIBRARY_PATH=/home/alex/thesis_ws/install/pcl_ros/lib:/home/alex/thesis_ws/install/pointcloud_to_laserscan/lib:/home/alex/thesis_ws/new_clone/src/pointcloud_to_laserscan/install/pointcloud_to_laserscan/lib:/opt/ros/humble/opt/rviz_ogre_vendor/lib:/opt/ros/humble/lib/x86_64-linux-gnu:/opt/ros/humble/lib /usr/bin/cmake --build /home/alex/thesis_ws/build/pointcloud_to_laserscan -- -j8 -l8
[0.047s] [ 60%] Built target pointcloud_to_laserscan_node
[0.047s] [ 60%] Built target laserscan_to_pointcloud_node
[0.047s] [ 60%] Built target laserscan_to_pointcloud
[0.059s] [35m[1mConsolidate compiler generated dependencies of target pointcloud_to_laserscan[0m
[0.078s] [ 70%] [32mBuilding CXX object CMakeFiles/pointcloud_to_laserscan.dir/src/pointcloud_to_laserscan_node.cpp.o[0m
[9.694s] [ 80%] [32m[1mLinking CXX shared library libpointcloud_to_laserscan.so[0m
[10.390s] [ 80%] Built target pointcloud_to_laserscan
[10.408s] [ 90%] [32m[1mLinking CXX executable dummy_pointcloud_publisher[0m
[10.772s] [100%] Built target dummy_pointcloud_publisher
[10.782s] Invoked command in '/home/alex/thesis_ws/build/pointcloud_to_laserscan' returned '0': CMAKE_PREFIX_PATH=/home/alex/thesis_ws/install/pcl_ros:/home/alex/thesis_ws/install/pcl_conversions:/home/alex/thesis_ws/install/pointcloud_to_laserscan:/home/alex/thesis_ws/install/perception_pcl:/home/alex/thesis_ws/new_clone/src/pointcloud_to_laserscan/install/pointcloud_to_laserscan:/opt/ros/humble LD_LIBRARY_PATH=/home/alex/thesis_ws/install/pcl_ros/lib:/home/alex/thesis_ws/install/pointcloud_to_laserscan/lib:/home/alex/thesis_ws/new_clone/src/pointcloud_to_laserscan/install/pointcloud_to_laserscan/lib:/opt/ros/humble/opt/rviz_ogre_vendor/lib:/opt/ros/humble/lib/x86_64-linux-gnu:/opt/ros/humble/lib /usr/bin/cmake --build /home/alex/thesis_ws/build/pointcloud_to_laserscan -- -j8 -l8
[10.783s] Invoking command in '/home/alex/thesis_ws/build/pointcloud_to_laserscan': CMAKE_PREFIX_PATH=/home/alex/thesis_ws/install/pcl_ros:/home/alex/thesis_ws/install/pcl_conversions:/home/alex/thesis_ws/install/pointcloud_to_laserscan:/home/alex/thesis_ws/install/perception_pcl:/home/alex/thesis_ws/new_clone/src/pointcloud_to_laserscan/install/pointcloud_to_laserscan:/opt/ros/humble LD_LIBRARY_PATH=/home/alex/thesis_ws/install/pcl_ros/lib:/home/alex/thesis_ws/install/pointcloud_to_laserscan/lib:/home/alex/thesis_ws/new_clone/src/pointcloud_to_laserscan/install/pointcloud_to_laserscan/lib:/opt/ros/humble/opt/rviz_ogre_vendor/lib:/opt/ros/humble/lib/x86_64-linux-gnu:/opt/ros/humble/lib /usr/bin/cmake --install /home/alex/thesis_ws/build/pointcloud_to_laserscan
[10.788s] -- Install configuration: ""
[10.788s] -- Up-to-date: /home/alex/thesis_ws/install/pointcloud_to_laserscan/lib/pointcloud_to_laserscan/laserscan_to_pointcloud_node
[10.788s] -- Up-to-date: /home/alex/thesis_ws/install/pointcloud_to_laserscan/lib/pointcloud_to_laserscan/pointcloud_to_laserscan_node
[10.788s] -- Up-to-date: /home/alex/thesis_ws/install/pointcloud_to_laserscan/include
[10.788s] -- Up-to-date: /home/alex/thesis_ws/install/pointcloud_to_laserscan/include/pointcloud_to_laserscan
[10.788s] -- Up-to-date: /home/alex/thesis_ws/install/pointcloud_to_laserscan/include/pointcloud_to_laserscan/pointcloud_to_laserscan_node.hpp
[10.788s] -- Up-to-date: /home/alex/thesis_ws/install/pointcloud_to_laserscan/include/pointcloud_to_laserscan/visibility_control.h
[10.788s] -- Up-to-date: /home/alex/thesis_ws/install/pointcloud_to_laserscan/include/pointcloud_to_laserscan/laserscan_to_pointcloud_node.hpp
[10.788s] -- Up-to-date: /home/alex/thesis_ws/install/pointcloud_to_laserscan/share/pointcloud_to_laserscan/environment/library_path.sh
[10.788s] -- Up-to-date: /home/alex/thesis_ws/install/pointcloud_to_laserscan/share/pointcloud_to_laserscan/environment/library_path.dsv
[10.789s] -- Up-to-date: /home/alex/thesis_ws/install/pointcloud_to_laserscan/lib/liblaserscan_to_pointcloud.so
[10.789s] -- Installing: /home/alex/thesis_ws/install/pointcloud_to_laserscan/lib/libpointcloud_to_laserscan.so
[10.794s] -- Set runtime path of "/home/alex/thesis_ws/install/pointcloud_to_laserscan/lib/libpointcloud_to_laserscan.so" to ""
[10.794s] -- Installing: /home/alex/thesis_ws/install/pointcloud_to_laserscan/lib/pointcloud_to_laserscan/dummy_pointcloud_publisher
[10.794s] -- Set runtime path of "/home/alex/thesis_ws/install/pointcloud_to_laserscan/lib/pointcloud_to_laserscan/dummy_pointcloud_publisher" to ""
[10.794s] -- Up-to-date: /home/alex/thesis_ws/install/pointcloud_to_laserscan/share/pointcloud_to_laserscan/launch
[10.794s] -- Up-to-date: /home/alex/thesis_ws/install/pointcloud_to_laserscan/share/pointcloud_to_laserscan/launch/sample_laserscan_to_pointcloud_launch.py
[10.794s] -- Up-to-date: /home/alex/thesis_ws/install/pointcloud_to_laserscan/share/pointcloud_to_laserscan/launch/sample_pointcloud_to_laserscan_launch.py
[10.795s] -- Up-to-date: /home/alex/thesis_ws/install/pointcloud_to_laserscan/share/ament_index/resource_index/package_run_dependencies/pointcloud_to_laserscan
[10.795s] -- Up-to-date: /home/alex/thesis_ws/install/pointcloud_to_laserscan/share/ament_index/resource_index/parent_prefix_path/pointcloud_to_laserscan
[10.795s] -- Up-to-date: /home/alex/thesis_ws/install/pointcloud_to_laserscan/share/pointcloud_to_laserscan/environment/ament_prefix_path.sh
[10.795s] -- Up-to-date: /home/alex/thesis_ws/install/pointcloud_to_laserscan/share/pointcloud_to_laserscan/environment/ament_prefix_path.dsv
[10.795s] -- Up-to-date: /home/alex/thesis_ws/install/pointcloud_to_laserscan/share/pointcloud_to_laserscan/environment/path.sh
[10.795s] -- Up-to-date: /home/alex/thesis_ws/install/pointcloud_to_laserscan/share/pointcloud_to_laserscan/environment/path.dsv
[10.795s] -- Up-to-date: /home/alex/thesis_ws/install/pointcloud_to_laserscan/share/pointcloud_to_laserscan/local_setup.bash
[10.795s] -- Up-to-date: /home/alex/thesis_ws/install/pointcloud_to_laserscan/share/pointcloud_to_laserscan/local_setup.sh
[10.795s] -- Up-to-date: /home/alex/thesis_ws/install/pointcloud_to_laserscan/share/pointcloud_to_laserscan/local_setup.zsh
[10.795s] -- Up-to-date: /home/alex/thesis_ws/install/pointcloud_to_laserscan/share/pointcloud_to_laserscan/local_setup.dsv
[10.795s] -- Installing: /home/alex/thesis_ws/install/pointcloud_to_laserscan/share/pointcloud_to_laserscan/package.dsv
[10.795s] -- Up-to-date: /home/alex/thesis_ws/install/pointcloud_to_laserscan/share/ament_index/resource_index/packages/pointcloud_to_laserscan
[10.795s] -- Up-to-date: /home/alex/thesis_ws/install/pointcloud_to_laserscan/share/ament_index/resource_index/rclcpp_components/pointcloud_to_laserscan
[10.795s] -- Up-to-date: /home/alex/thesis_ws/install/pointcloud_to_laserscan/share/pointcloud_to_laserscan/cmake/ament_cmake_export_dependencies-extras.cmake
[10.795s] -- Up-to-date: /home/alex/thesis_ws/install/pointcloud_to_laserscan/share/pointcloud_to_laserscan/cmake/ament_cmake_export_include_directories-extras.cmake
[10.795s] -- Up-to-date: /home/alex/thesis_ws/install/pointcloud_to_laserscan/share/pointcloud_to_laserscan/cmake/ament_cmake_export_libraries-extras.cmake
[10.795s] -- Up-to-date: /home/alex/thesis_ws/install/pointcloud_to_laserscan/share/pointcloud_to_laserscan/cmake/pointcloud_to_laserscanConfig.cmake
[10.795s] -- Up-to-date: /home/alex/thesis_ws/install/pointcloud_to_laserscan/share/pointcloud_to_laserscan/cmake/pointcloud_to_laserscanConfig-version.cmake
[10.795s] -- Up-to-date: /home/alex/thesis_ws/install/pointcloud_to_laserscan/share/pointcloud_to_laserscan/package.xml
[10.796s] Invoked command in '/home/alex/thesis_ws/build/pointcloud_to_laserscan' returned '0': CMAKE_PREFIX_PATH=/home/alex/thesis_ws/install/pcl_ros:/home/alex/thesis_ws/install/pcl_conversions:/home/alex/thesis_ws/install/pointcloud_to_laserscan:/home/alex/thesis_ws/install/perception_pcl:/home/alex/thesis_ws/new_clone/src/pointcloud_to_laserscan/install/pointcloud_to_laserscan:/opt/ros/humble LD_LIBRARY_PATH=/home/alex/thesis_ws/install/pcl_ros/lib:/home/alex/thesis_ws/install/pointcloud_to_laserscan/lib:/home/alex/thesis_ws/new_clone/src/pointcloud_to_laserscan/install/pointcloud_to_laserscan/lib:/opt/ros/humble/opt/rviz_ogre_vendor/lib:/opt/ros/humble/lib/x86_64-linux-gnu:/opt/ros/humble/lib /usr/bin/cmake --install /home/alex/thesis_ws/build/pointcloud_to_laserscan
