[0.009s] Invoking command in '/home/alex/thesis_ws/new_clone/build/pointcloud_to_laserscan': AMENT_PREFIX_PATH=/home/alex/thesis_ws/new_clone/install/pcl_ros:/home/alex/thesis_ws/new_clone/install/pcl_conversions:${AMENT_PREFIX_PATH} CMAKE_PREFIX_PATH=/home/alex/thesis_ws/new_clone/install/pcl_ros:/home/alex/thesis_ws/new_clone/install/pcl_conversions:/home/alex/thesis_ws/install/pointcloud_to_laserscan:/home/alex/thesis_ws/install/perception_pcl:/home/alex/thesis_ws/install/pcl_ros:/home/alex/thesis_ws/install/pcl_conversions:/opt/ros/humble LD_LIBRARY_PATH=/home/alex/thesis_ws/new_clone/install/pcl_ros/lib:${LD_LIBRARY_PATH} /usr/bin/cmake --build /home/alex/thesis_ws/new_clone/build/pointcloud_to_laserscan -- -j8 -l8
[0.038s] -- Found ament_cmake_auto: 1.3.11 (/opt/ros/humble/share/ament_cmake_auto/cmake)
[0.127s] -- Found pcl_ros: 2.4.5 (/home/alex/thesis_ws/new_clone/install/pcl_ros/share/pcl_ros/cmake)
[0.180s] -- Found rosidl_generator_c: 3.1.6 (/opt/ros/humble/share/rosidl_generator_c/cmake)
[0.184s] -- Found rosidl_adapter: 3.1.6 (/opt/ros/humble/share/rosidl_adapter/cmake)
[0.193s] -- Found rosidl_generator_cpp: 3.1.6 (/opt/ros/humble/share/rosidl_generator_cpp/cmake)
[0.207s] -- Using all available rosidl_typesupport_c: rosidl_typesupport_fastrtps_c;rosidl_typesupport_introspection_c
[0.221s] -- Using all available rosidl_typesupport_cpp: rosidl_typesupport_fastrtps_cpp;rosidl_typesupport_introspection_cpp
[0.264s] -- Found rmw_implementation_cmake: 6.1.2 (/opt/ros/humble/share/rmw_implementation_cmake/cmake)
[0.268s] -- Found rmw_fastrtps_cpp: 6.2.7 (/opt/ros/humble/share/rmw_fastrtps_cpp/cmake)
[0.351s] -- Using RMW implementation 'rmw_fastrtps_cpp' as default
[0.462s] -- Checking for module 'eigen3'
[0.470s] --   Found eigen3, version 3.4.0
[0.490s] -- Found Eigen: /usr/include/eigen3 (Required is at least version "3.1") 
[0.490s] -- Eigen found (include: /usr/include/eigen3, version: 3.4.0)
[0.533s] -- Checking for module 'flann'
[0.541s] --   Found flann, version 1.9.1
[0.566s] -- Found FLANN: /usr/lib/x86_64-linux-gnu/libflann_cpp.so  
[0.566s] -- FLANN found (include: /usr/include, lib: /usr/lib/x86_64-linux-gnu/libflann_cpp.so)
[1.288s] -- Checking for module 'libusb-1.0'
[1.298s] --   Found libusb-1.0, version 1.0.25
[1.328s] -- Found libusb: /usr/lib/x86_64-linux-gnu/libusb-1.0.so  
[1.329s] -- OpenNI found (version: 1.5.4.0, include: /usr/include/ni, lib: /usr/lib/libOpenNI.so;libusb::libusb)
[1.383s] -- OpenNI2 found (version: 2.2.0.33, include: /usr/include/openni2, lib: /usr/lib/x86_64-linux-gnu/libOpenNI2.so;libusb::libusb)
[1.483s] -- Eigen found (include: /usr/include/eigen3, version: 3.4.0)
[1.487s] -- OpenNI found (version: 1.5.4.0, include: /usr/include/ni, lib: /usr/lib/libOpenNI.so;libusb::libusb)
[1.492s] -- OpenNI2 found (version: 2.2.0.33, include: /usr/include/openni2, lib: /usr/lib/x86_64-linux-gnu/libOpenNI2.so;libusb::libusb)
[1.592s] -- Found Qhull version 8.0.2
[1.686s] -- OpenNI found (version: 1.5.4.0, include: /usr/include/ni, lib: /usr/lib/libOpenNI.so;libusb::libusb)
[1.775s] -- Found PCL_COMMON: /usr/lib/x86_64-linux-gnu/libpcl_common.so  
[1.776s] -- Found PCL_KDTREE: /usr/lib/x86_64-linux-gnu/libpcl_kdtree.so  
[1.776s] -- Found PCL_OCTREE: /usr/lib/x86_64-linux-gnu/libpcl_octree.so  
[1.777s] -- Found PCL_SEARCH: /usr/lib/x86_64-linux-gnu/libpcl_search.so  
[1.777s] -- Found PCL_SAMPLE_CONSENSUS: /usr/lib/x86_64-linux-gnu/libpcl_sample_consensus.so  
[1.778s] -- Found PCL_FILTERS: /usr/lib/x86_64-linux-gnu/libpcl_filters.so  
[1.778s] -- Found PCL_2D: /usr/include/pcl-1.12  
[1.778s] -- Found PCL_GEOMETRY: /usr/include/pcl-1.12  
[1.778s] -- Found PCL_IO: /usr/lib/x86_64-linux-gnu/libpcl_io.so  
[1.779s] -- Found PCL_FEATURES: /usr/lib/x86_64-linux-gnu/libpcl_features.so  
[1.780s] -- Found PCL_ML: /usr/lib/x86_64-linux-gnu/libpcl_ml.so  
[1.780s] -- Found PCL_SEGMENTATION: /usr/lib/x86_64-linux-gnu/libpcl_segmentation.so  
[1.781s] -- Found PCL_VISUALIZATION: /usr/lib/x86_64-linux-gnu/libpcl_visualization.so  
[1.781s] -- Found PCL_SURFACE: /usr/lib/x86_64-linux-gnu/libpcl_surface.so  
[1.782s] -- Found PCL_REGISTRATION: /usr/lib/x86_64-linux-gnu/libpcl_registration.so  
[1.783s] -- Found PCL_KEYPOINTS: /usr/lib/x86_64-linux-gnu/libpcl_keypoints.so  
[1.783s] -- Found PCL_TRACKING: /usr/lib/x86_64-linux-gnu/libpcl_tracking.so  
[1.784s] -- Found PCL_RECOGNITION: /usr/lib/x86_64-linux-gnu/libpcl_recognition.so  
[1.784s] -- Found PCL_STEREO: /usr/lib/x86_64-linux-gnu/libpcl_stereo.so  
[1.785s] -- Found PCL_APPS: /usr/lib/x86_64-linux-gnu/libpcl_apps.so  
[1.785s] -- Found PCL_IN_HAND_SCANNER: /usr/include/pcl-1.12  
[1.786s] -- Found PCL_MODELER: /usr/include/pcl-1.12  
[1.786s] -- Found PCL_POINT_CLOUD_EDITOR: /usr/include/pcl-1.12  
[1.787s] -- Found PCL_OUTOFCORE: /usr/lib/x86_64-linux-gnu/libpcl_outofcore.so  
[1.788s] -- Found PCL_PEOPLE: /usr/lib/x86_64-linux-gnu/libpcl_people.so  
[1.815s] -- Found eigen3_cmake_module: 0.1.1 (/opt/ros/humble/share/eigen3_cmake_module/cmake)
[1.816s] -- Found Eigen3: TRUE (found version "3.4.0") 
[1.816s] -- Ensuring Eigen3 include directory is part of orocos-kdl CMake target
[1.955s] -- Found ament_lint_auto: 0.12.11 (/opt/ros/humble/share/ament_lint_auto/cmake)
[1.980s] -- Added test 'cppcheck' to perform static code analysis on C / C++ code
[1.981s] -- Configured cppcheck include dirs: /home/alex/thesis_ws/new_clone/src/pointcloud_to_laserscan/include
[1.981s] -- Configured cppcheck exclude dirs and/or files: 
[1.990s] -- Added test 'cpplint' to check C / C++ code against the Google style
[1.990s] -- Configured cpplint exclude dirs and/or files: 
[1.992s] -- Added test 'flake8' to check Python code syntax and style conventions
[1.994s] -- Added test 'lint_cmake' to check CMake code style
[1.996s] -- Added test 'pep257' to check Python code against some of the docstring style conventions in PEP 257
[2.004s] -- Added test 'uncrustify' to check C / C++ code style
[2.004s] -- Configured uncrustify additional arguments: 
[2.006s] -- Added test 'xmllint' to check XML markup files
[2.011s] -- Configuring done
[2.121s] -- Generating done
[2.132s] -- Build files have been written to: /home/alex/thesis_ws/new_clone/build/pointcloud_to_laserscan
[2.157s] [35m[1mConsolidate compiler generated dependencies of target laserscan_to_pointcloud_node[0m
[2.157s] [35m[1mConsolidate compiler generated dependencies of target laserscan_to_pointcloud[0m
[2.157s] [35m[1mConsolidate compiler generated dependencies of target pointcloud_to_laserscan_node[0m
[2.167s] [ 40%] Built target laserscan_to_pointcloud_node
[2.167s] [ 40%] Built target pointcloud_to_laserscan_node
[2.169s] [ 50%] [32mBuilding CXX object CMakeFiles/laserscan_to_pointcloud.dir/src/laserscan_to_pointcloud_node.cpp.o[0m
[9.891s] [ 60%] [32m[1mLinking CXX shared library liblaserscan_to_pointcloud.so[0m
[10.740s] [ 60%] Built target laserscan_to_pointcloud
[10.756s] [ 70%] [32mBuilding CXX object CMakeFiles/pointcloud_to_laserscan.dir/src/pointcloud_to_laserscan_node.cpp.o[0m
[14.955s] [01m[K/home/alex/thesis_ws/new_clone/src/pointcloud_to_laserscan/src/pointcloud_to_laserscan_node.cpp:[m[K In member function ‘[01m[Kvoid pointcloud_to_laserscan::PointCloudToLaserScanNode::cloudCallback(sensor_msgs::msg::PointCloud2_<std::allocator<void> >::ConstSharedPtr)[m[K’:
[14.955s] [01m[K/home/alex/thesis_ws/new_clone/src/pointcloud_to_laserscan/src/pointcloud_to_laserscan_node.cpp:209:55:[m[K [01;31m[Kerror: [m[Kno matching function for call to ‘[01m[KtoMsg(tf2::Quaternion&)[m[K’
[14.955s]   209 |   noattitude_transform.transform.rotation = [01;31m[Ktf2::toMsg(q_new)[m[K;
[14.955s]       |                                             [01;31m[K~~~~~~~~~~^~~~~~~[m[K
[14.955s] In file included from [01m[K/opt/ros/humble/include/tf2_ros/tf2_ros/buffer_interface.h:43[m[K,
[14.955s]                  from [01m[K/opt/ros/humble/include/tf2_ros/tf2_ros/buffer.h:42[m[K,
[14.955s]                  from [01m[K/home/alex/thesis_ws/new_clone/src/pointcloud_to_laserscan/include/pointcloud_to_laserscan/pointcloud_to_laserscan_node.hpp:50[m[K,
[14.955s]                  from [01m[K/home/alex/thesis_ws/new_clone/src/pointcloud_to_laserscan/src/pointcloud_to_laserscan_node.cpp:41[m[K:
[14.955s] [01m[K/opt/ros/humble/include/tf2/tf2/convert.hpp:129:3:[m[K [01;36m[Knote: [m[Kcandidate: ‘[01m[Ktemplate<class A, class B> B tf2::toMsg(const A&)[m[K’
[14.955s]   129 | B [01;36m[KtoMsg[m[K(const A & a);
[14.955s]       |   [01;36m[K^~~~~[m[K
[14.955s] [01m[K/opt/ros/humble/include/tf2/tf2/convert.hpp:129:3:[m[K [01;36m[Knote: [m[K  template argument deduction/substitution failed:
[14.955s] [01m[K/home/alex/thesis_ws/new_clone/src/pointcloud_to_laserscan/src/pointcloud_to_laserscan_node.cpp:209:55:[m[K [01;36m[Knote: [m[K  couldn’t deduce template parameter ‘[01m[KB[m[K’
[14.955s]   209 |   noattitude_transform.transform.rotation = [01;36m[Ktf2::toMsg(q_new)[m[K;
[14.955s]       |                                             [01;36m[K~~~~~~~~~~^~~~~~~[m[K
[14.955s] In file included from [01m[K/home/alex/thesis_ws/new_clone/src/pointcloud_to_laserscan/src/pointcloud_to_laserscan_node.cpp:52[m[K:
[14.955s] [01m[K/opt/ros/humble/include/tf2_sensor_msgs/tf2_sensor_msgs.hpp:119:31:[m[K [01;36m[Knote: [m[Kcandidate: ‘[01m[Ksensor_msgs::msg::PointCloud2 tf2::toMsg(const PointCloud2&)[m[K’
[14.955s]   119 | sensor_msgs::msg::PointCloud2 [01;36m[KtoMsg[m[K(const sensor_msgs::msg::PointCloud2 & in)
[14.955s]       |                               [01;36m[K^~~~~[m[K
[14.956s] [01m[K/opt/ros/humble/include/tf2_sensor_msgs/tf2_sensor_msgs.hpp:119:75:[m[K [01;36m[Knote: [m[K  no known conversion for argument 1 from ‘[01m[Ktf2::Quaternion[m[K’ to ‘[01m[Kconst PointCloud2&[m[K’ {aka ‘[01m[Kconst sensor_msgs::msg::PointCloud2_<std::allocator<void> >&[m[K’}
[14.956s]   119 | _msgs::msg::PointCloud2 toMsg([01;36m[Kconst sensor_msgs::msg::PointCloud2 & in[m[K)
[14.956s]       |                               [01;36m[K~~~~~~~~~~~~~~~~~~~~~~~~~~~~~~~~~~~~~~^~[m[K
[14.956s] 
[14.956s] [01m[K/home/alex/thesis_ws/new_clone/src/pointcloud_to_laserscan/src/pointcloud_to_laserscan_node.cpp:216:55:[m[K [01;31m[Kerror: [m[Kno matching function for call to ‘[01m[KtoMsg(tf2::Quaternion&)[m[K’
[14.956s]   216 |   noattitude_transform.transform.rotation = [01;31m[Ktf2::toMsg(q_new)[m[K;
[14.956s]       |                                             [01;31m[K~~~~~~~~~~^~~~~~~[m[K
[14.956s] In file included from [01m[K/opt/ros/humble/include/tf2_ros/tf2_ros/buffer_interface.h:43[m[K,
[14.956s]                  from [01m[K/opt/ros/humble/include/tf2_ros/tf2_ros/buffer.h:42[m[K,
[14.956s]                  from [01m[K/home/alex/thesis_ws/new_clone/src/pointcloud_to_laserscan/include/pointcloud_to_laserscan/pointcloud_to_laserscan_node.hpp:50[m[K,
[14.956s]                  from [01m[K/home/alex/thesis_ws/new_clone/src/pointcloud_to_laserscan/src/pointcloud_to_laserscan_node.cpp:41[m[K:
[14.956s] [01m[K/opt/ros/humble/include/tf2/tf2/convert.hpp:129:3:[m[K [01;36m[Knote: [m[Kcandidate: ‘[01m[Ktemplate<class A, class B> B tf2::toMsg(const A&)[m[K’
[14.956s]   129 | B [01;36m[KtoMsg[m[K(const A & a);
[14.956s]       |   [01;36m[K^~~~~[m[K
[14.956s] [01m[K/opt/ros/humble/include/tf2/tf2/convert.hpp:129:3:[m[K [01;36m[Knote: [m[K  template argument deduction/substitution failed:
[14.956s] [01m[K/home/alex/thesis_ws/new_clone/src/pointcloud_to_laserscan/src/pointcloud_to_laserscan_node.cpp:216:55:[m[K [01;36m[Knote: [m[K  couldn’t deduce template parameter ‘[01m[KB[m[K’
[14.956s]   216 |   noattitude_transform.transform.rotation = [01;36m[Ktf2::toMsg(q_new)[m[K;
[14.956s]       |                                             [01;36m[K~~~~~~~~~~^~~~~~~[m[K
[14.956s] In file included from [01m[K/home/alex/thesis_ws/new_clone/src/pointcloud_to_laserscan/src/pointcloud_to_laserscan_node.cpp:52[m[K:
[14.956s] [01m[K/opt/ros/humble/include/tf2_sensor_msgs/tf2_sensor_msgs.hpp:119:31:[m[K [01;36m[Knote: [m[Kcandidate: ‘[01m[Ksensor_msgs::msg::PointCloud2 tf2::toMsg(const PointCloud2&)[m[K’
[14.956s]   119 | sensor_msgs::msg::PointCloud2 [01;36m[KtoMsg[m[K(const sensor_msgs::msg::PointCloud2 & in)
[14.956s]       |                               [01;36m[K^~~~~[m[K
[14.956s] [01m[K/opt/ros/humble/include/tf2_sensor_msgs/tf2_sensor_msgs.hpp:119:75:[m[K [01;36m[Knote: [m[K  no known conversion for argument 1 from ‘[01m[Ktf2::Quaternion[m[K’ to ‘[01m[Kconst PointCloud2&[m[K’ {aka ‘[01m[Kconst sensor_msgs::msg::PointCloud2_<std::allocator<void> >&[m[K’}
[14.956s]   119 | _msgs::msg::PointCloud2 toMsg([01;36m[Kconst sensor_msgs::msg::PointCloud2 & in[m[K)
[14.956s]       |                               [01;36m[K~~~~~~~~~~~~~~~~~~~~~~~~~~~~~~~~~~~~~~^~[m[K
[14.956s] 
[14.960s] [01m[K/home/alex/thesis_ws/new_clone/src/pointcloud_to_laserscan/src/pointcloud_to_laserscan_node.cpp:233:15:[m[K [01;31m[Kerror: [m[Kno match for ‘[01m[Koperator=[m[K’ (operand types are ‘[01m[Ksensor_msgs::msg::PointCloud2_<std::allocator<void> >::ConstSharedPtr[m[K’ {aka ‘[01m[Kstd::shared_ptr<const sensor_msgs::msg::PointCloud2_<std::allocator<void> > >[m[K’} and ‘[01m[Kpcl::PointCloud<pcl::PointXYZ>[m[K’)
[14.960s]   233 |   cloud_msg = [01;31m[Kpcl_cloud_transformed[m[K;
[14.960s]       |               [01;31m[K^~~~~~~~~~~~~~~~~~~~~[m[K
[14.960s] In file included from [01m[K/usr/include/c++/11/memory:77[m[K,
[14.960s]                  from [01m[K/home/alex/thesis_ws/new_clone/src/pointcloud_to_laserscan/include/pointcloud_to_laserscan/pointcloud_to_laserscan_node.hpp:45[m[K,
[14.960s]                  from [01m[K/home/alex/thesis_ws/new_clone/src/pointcloud_to_laserscan/src/pointcloud_to_laserscan_node.cpp:41[m[K:
[14.960s] [01m[K/usr/include/c++/11/bits/shared_ptr.h:363:9:[m[K [01;36m[Knote: [m[Kcandidate: ‘[01m[Ktemplate<class _Yp> std::shared_ptr<_Tp>::_Assignable<const std::shared_ptr<_Yp>&> std::shared_ptr<_Tp>::operator=(const std::shared_ptr<_Yp>&) [with _Yp = _Yp; _Tp = const sensor_msgs::msg::PointCloud2_<std::allocator<void> >][m[K’
[14.960s]   363 |         [01;36m[Koperator[m[K=(const shared_ptr<_Yp>& __r) noexcept
[14.960s]       |         [01;36m[K^~~~~~~~[m[K
[14.960s] [01m[K/usr/include/c++/11/bits/shared_ptr.h:363:9:[m[K [01;36m[Knote: [m[K  template argument deduction/substitution failed:
[14.960s] [01m[K/home/alex/thesis_ws/new_clone/src/pointcloud_to_laserscan/src/pointcloud_to_laserscan_node.cpp:233:15:[m[K [01;36m[Knote: [m[K  ‘[01m[Kpcl::PointCloud<pcl::PointXYZ>[m[K’ is not derived from ‘[01m[Kconst std::shared_ptr<_Tp>[m[K’
[14.960s]   233 |   cloud_msg = [01;36m[Kpcl_cloud_transformed[m[K;
[14.960s]       |               [01;36m[K^~~~~~~~~~~~~~~~~~~~~[m[K
[14.960s] In file included from [01m[K/usr/include/c++/11/memory:77[m[K,
[14.961s]                  from [01m[K/home/alex/thesis_ws/new_clone/src/pointcloud_to_laserscan/include/pointcloud_to_laserscan/pointcloud_to_laserscan_node.hpp:45[m[K,
[14.961s]                  from [01m[K/home/alex/thesis_ws/new_clone/src/pointcloud_to_laserscan/src/pointcloud_to_laserscan_node.cpp:41[m[K:
[14.961s] [01m[K/usr/include/c++/11/bits/shared_ptr.h:374:9:[m[K [01;36m[Knote: [m[Kcandidate: ‘[01m[Ktemplate<class _Yp> std::shared_ptr<_Tp>::_Assignable<std::auto_ptr<_Up> > std::shared_ptr<_Tp>::operator=(std::auto_ptr<_Up>&&) [with _Yp = _Yp; _Tp = const sensor_msgs::msg::PointCloud2_<std::allocator<void> >][m[K’
[14.961s]   374 |         [01;36m[Koperator[m[K=(auto_ptr<_Yp>&& __r)
[14.961s]       |         [01;36m[K^~~~~~~~[m[K
[14.961s] [01m[K/usr/include/c++/11/bits/shared_ptr.h:374:9:[m[K [01;36m[Knote: [m[K  template argument deduction/substitution failed:
[14.961s] [01m[K/home/alex/thesis_ws/new_clone/src/pointcloud_to_laserscan/src/pointcloud_to_laserscan_node.cpp:233:15:[m[K [01;36m[Knote: [m[K  ‘[01m[Kpcl::PointCloud<pcl::PointXYZ>[m[K’ is not derived from ‘[01m[Kstd::auto_ptr<_Up>[m[K’
[14.961s]   233 |   cloud_msg = [01;36m[Kpcl_cloud_transformed[m[K;
[14.961s]       |               [01;36m[K^~~~~~~~~~~~~~~~~~~~~[m[K
[14.961s] In file included from [01m[K/usr/include/c++/11/memory:77[m[K,
[14.961s]                  from [01m[K/home/alex/thesis_ws/new_clone/src/pointcloud_to_laserscan/include/pointcloud_to_laserscan/pointcloud_to_laserscan_node.hpp:45[m[K,
[14.961s]                  from [01m[K/home/alex/thesis_ws/new_clone/src/pointcloud_to_laserscan/src/pointcloud_to_laserscan_node.cpp:41[m[K:
[14.961s] [01m[K/usr/include/c++/11/bits/shared_ptr.h:391:9:[m[K [01;36m[Knote: [m[Kcandidate: ‘[01m[Ktemplate<class _Yp> std::shared_ptr<_Tp>::_Assignable<std::shared_ptr<_Yp> > std::shared_ptr<_Tp>::operator=(std::shared_ptr<_Yp>&&) [with _Yp = _Yp; _Tp = const sensor_msgs::msg::PointCloud2_<std::allocator<void> >][m[K’
[14.961s]   391 |         [01;36m[Koperator[m[K=(shared_ptr<_Yp>&& __r) noexcept
[14.961s]       |         [01;36m[K^~~~~~~~[m[K
[14.961s] [01m[K/usr/include/c++/11/bits/shared_ptr.h:391:9:[m[K [01;36m[Knote: [m[K  template argument deduction/substitution failed:
[14.961s] [01m[K/home/alex/thesis_ws/new_clone/src/pointcloud_to_laserscan/src/pointcloud_to_laserscan_node.cpp:233:15:[m[K [01;36m[Knote: [m[K  ‘[01m[Kpcl::PointCloud<pcl::PointXYZ>[m[K’ is not derived from ‘[01m[Kstd::shared_ptr<_Tp>[m[K’
[14.961s]   233 |   cloud_msg = [01;36m[Kpcl_cloud_transformed[m[K;
[14.961s]       |               [01;36m[K^~~~~~~~~~~~~~~~~~~~~[m[K
[14.961s] In file included from [01m[K/usr/include/c++/11/memory:77[m[K,
[14.961s]                  from [01m[K/home/alex/thesis_ws/new_clone/src/pointcloud_to_laserscan/include/pointcloud_to_laserscan/pointcloud_to_laserscan_node.hpp:45[m[K,
[14.961s]                  from [01m[K/home/alex/thesis_ws/new_clone/src/pointcloud_to_laserscan/src/pointcloud_to_laserscan_node.cpp:41[m[K:
[14.961s] [01m[K/usr/include/c++/11/bits/shared_ptr.h:399:9:[m[K [01;36m[Knote: [m[Kcandidate: ‘[01m[Ktemplate<class _Yp, class _Del> std::shared_ptr<_Tp>::_Assignable<std::unique_ptr<_Up, _Ep> > std::shared_ptr<_Tp>::operator=(std::unique_ptr<_Up, _Ep>&&) [with _Yp = _Yp; _Del = _Del; _Tp = const sensor_msgs::msg::PointCloud2_<std::allocator<void> >][m[K’
[14.961s]   399 |         [01;36m[Koperator[m[K=(unique_ptr<_Yp, _Del>&& __r)
[14.961s]       |         [01;36m[K^~~~~~~~[m[K
[14.961s] [01m[K/usr/include/c++/11/bits/shared_ptr.h:399:9:[m[K [01;36m[Knote: [m[K  template argument deduction/substitution failed:
[14.961s] [01m[K/home/alex/thesis_ws/new_clone/src/pointcloud_to_laserscan/src/pointcloud_to_laserscan_node.cpp:233:15:[m[K [01;36m[Knote: [m[K  ‘[01m[Kpcl::PointCloud<pcl::PointXYZ>[m[K’ is not derived from ‘[01m[Kstd::unique_ptr<_Tp, _Dp>[m[K’
[14.961s]   233 |   cloud_msg = [01;36m[Kpcl_cloud_transformed[m[K;
[14.961s]       |               [01;36m[K^~~~~~~~~~~~~~~~~~~~~[m[K
[14.962s] In file included from [01m[K/usr/include/c++/11/memory:77[m[K,
[14.962s]                  from [01m[K/home/alex/thesis_ws/new_clone/src/pointcloud_to_laserscan/include/pointcloud_to_laserscan/pointcloud_to_laserscan_node.hpp:45[m[K,
[14.962s]                  from [01m[K/home/alex/thesis_ws/new_clone/src/pointcloud_to_laserscan/src/pointcloud_to_laserscan_node.cpp:41[m[K:
[14.962s] [01m[K/usr/include/c++/11/bits/shared_ptr.h:359:19:[m[K [01;36m[Knote: [m[Kcandidate: ‘[01m[Kstd::shared_ptr<_Tp>& std::shared_ptr<_Tp>::operator=(const std::shared_ptr<_Tp>&) [with _Tp = const sensor_msgs::msg::PointCloud2_<std::allocator<void> >][m[K’
[14.962s]   359 |       shared_ptr& [01;36m[Koperator[m[K=(const shared_ptr&) noexcept = default;
[14.962s]       |                   [01;36m[K^~~~~~~~[m[K
[14.962s] [01m[K/usr/include/c++/11/bits/shared_ptr.h:359:29:[m[K [01;36m[Knote: [m[K  no known conversion for argument 1 from ‘[01m[Kpcl::PointCloud<pcl::PointXYZ>[m[K’ to ‘[01m[Kconst std::shared_ptr<const sensor_msgs::msg::PointCloud2_<std::allocator<void> > >&[m[K’
[14.962s]   359 |       shared_ptr& operator=([01;36m[Kconst shared_ptr&[m[K) noexcept = default;
[14.962s]       |                             [01;36m[K^~~~~~~~~~~~~~~~~[m[K
[14.962s] [01m[K/usr/include/c++/11/bits/shared_ptr.h:383:7:[m[K [01;36m[Knote: [m[Kcandidate: ‘[01m[Kstd::shared_ptr<_Tp>& std::shared_ptr<_Tp>::operator=(std::shared_ptr<_Tp>&&) [with _Tp = const sensor_msgs::msg::PointCloud2_<std::allocator<void> >][m[K’
[14.962s]   383 |       [01;36m[Koperator[m[K=(shared_ptr&& __r) noexcept
[14.962s]       |       [01;36m[K^~~~~~~~[m[K
[14.962s] [01m[K/usr/include/c++/11/bits/shared_ptr.h:383:30:[m[K [01;36m[Knote: [m[K  no known conversion for argument 1 from ‘[01m[Kpcl::PointCloud<pcl::PointXYZ>[m[K’ to ‘[01m[Kstd::shared_ptr<const sensor_msgs::msg::PointCloud2_<std::allocator<void> > >&&[m[K’
[14.962s]   383 |       operator=([01;36m[Kshared_ptr&& __r[m[K) noexcept
[14.962s]       |                 [01;36m[K~~~~~~~~~~~~~^~~[m[K
[17.677s] gmake[2]: *** [CMakeFiles/pointcloud_to_laserscan.dir/build.make:76: CMakeFiles/pointcloud_to_laserscan.dir/src/pointcloud_to_laserscan_node.cpp.o] Error 1
[17.677s] gmake[1]: *** [CMakeFiles/Makefile2:197: CMakeFiles/pointcloud_to_laserscan.dir/all] Error 2
[17.677s] gmake: *** [Makefile:146: all] Error 2
[17.679s] Invoked command in '/home/alex/thesis_ws/new_clone/build/pointcloud_to_laserscan' returned '2': AMENT_PREFIX_PATH=/home/alex/thesis_ws/new_clone/install/pcl_ros:/home/alex/thesis_ws/new_clone/install/pcl_conversions:${AMENT_PREFIX_PATH} CMAKE_PREFIX_PATH=/home/alex/thesis_ws/new_clone/install/pcl_ros:/home/alex/thesis_ws/new_clone/install/pcl_conversions:/home/alex/thesis_ws/install/pointcloud_to_laserscan:/home/alex/thesis_ws/install/perception_pcl:/home/alex/thesis_ws/install/pcl_ros:/home/alex/thesis_ws/install/pcl_conversions:/opt/ros/humble LD_LIBRARY_PATH=/home/alex/thesis_ws/new_clone/install/pcl_ros/lib:${LD_LIBRARY_PATH} /usr/bin/cmake --build /home/alex/thesis_ws/new_clone/build/pointcloud_to_laserscan -- -j8 -l8
