[0.007s] Invoking command in '/home/alex/thesis_ws/build/pointcloud_to_laserscan': CMAKE_PREFIX_PATH=/home/alex/thesis_ws/install/pcl_ros:/home/alex/thesis_ws/install/pcl_conversions:/home/alex/thesis_ws/install/pointcloud_to_laserscan:/home/alex/thesis_ws/install/small_gicp:/home/alex/thesis_ws/install/perception_pcl:/opt/ros/humble LD_LIBRARY_PATH=/home/alex/thesis_ws/install/pcl_ros/lib:/home/alex/thesis_ws/install/pointcloud_to_laserscan/lib:/home/alex/thesis_ws/install/small_gicp/lib:/opt/ros/humble/opt/rviz_ogre_vendor/lib:/opt/ros/humble/lib/x86_64-linux-gnu:/opt/ros/humble/lib /usr/bin/cmake --build /home/alex/thesis_ws/build/pointcloud_to_laserscan -- -j8 -l8
[0.046s] [ 28%] Built target pointcloud_to_laserscan_node
[0.050s] [ 57%] Built target laserscan_to_pointcloud
[0.064s] [35m[1mConsolidate compiler generated dependencies of target pointcloud_to_laserscan[0m
[0.090s] [ 71%] [32mBuilding CXX object CMakeFiles/pointcloud_to_laserscan.dir/src/vgicp_registration.cpp.o[0m
[1.000s] In file included from [01m[K/usr/local/include/small_gicp/pcl/pcl_registration_impl.hpp:17[m[K,
[1.000s]                  from [01m[K/usr/local/include/small_gicp/pcl/pcl_registration.hpp:116[m[K,
[1.000s]                  from [01m[K/home/alex/thesis_ws/src/pointcloud_to_laserscan/include/pointcloud_to_laserscan/vgicp_registration.hpp:6[m[K,
[1.000s]                  from [01m[K/home/alex/thesis_ws/src/pointcloud_to_laserscan/src/vgicp_registration.cpp:4[m[K:
[1.000s] [01m[K/usr/local/include/small_gicp/registration/reduction_omp.hpp:10:2:[m[K [01;35m[Kwarning: [m[K#warning "OpenMP is not available. Parallel reduction will be disabled." [[01;35m[K]8;;https://gcc.gnu.org/onlinedocs/gcc/Warning-Options.html#index-Wcpp-Wcpp]8;;[m[K]
[1.000s]    10 | #[01;35m[Kwarning[m[K "OpenMP is not available. Parallel reduction will be disabled."
[1.000s]       |  [01;35m[K^~~~~~~[m[K
[1.315s] [01m[K/home/alex/thesis_ws/src/pointcloud_to_laserscan/src/vgicp_registration.cpp:9:10:[m[K [01;31m[Kfatal error: [m[Ktf2_eigen/tf2_eigen.hpp: No such file or directory
[1.315s]     9 | #include [01;31m[K<tf2_eigen/tf2_eigen.hpp>[m[K
[1.315s]       |          [01;31m[K^~~~~~~~~~~~~~~~~~~~~~~~~[m[K
[1.315s] compilation terminated.
[1.338s] gmake[2]: *** [CMakeFiles/pointcloud_to_laserscan.dir/build.make:90: CMakeFiles/pointcloud_to_laserscan.dir/src/vgicp_registration.cpp.o] Error 1
[1.338s] gmake[1]: *** [CMakeFiles/Makefile2:167: CMakeFiles/pointcloud_to_laserscan.dir/all] Error 2
[1.338s] gmake: *** [Makefile:146: all] Error 2
[1.340s] Invoked command in '/home/alex/thesis_ws/build/pointcloud_to_laserscan' returned '2': CMAKE_PREFIX_PATH=/home/alex/thesis_ws/install/pcl_ros:/home/alex/thesis_ws/install/pcl_conversions:/home/alex/thesis_ws/install/pointcloud_to_laserscan:/home/alex/thesis_ws/install/small_gicp:/home/alex/thesis_ws/install/perception_pcl:/opt/ros/humble LD_LIBRARY_PATH=/home/alex/thesis_ws/install/pcl_ros/lib:/home/alex/thesis_ws/install/pointcloud_to_laserscan/lib:/home/alex/thesis_ws/install/small_gicp/lib:/opt/ros/humble/opt/rviz_ogre_vendor/lib:/opt/ros/humble/lib/x86_64-linux-gnu:/opt/ros/humble/lib /usr/bin/cmake --build /home/alex/thesis_ws/build/pointcloud_to_laserscan -- -j8 -l8
