[0.008s] Invoking command in '/home/alex/thesis_ws/build/pcl_conversions': CMAKE_PREFIX_PATH=${CMAKE_PREFIX_PATH}:/opt/ros/humble /usr/bin/cmake /home/alex/thesis_ws/src/perception_pcl/pcl_conversions -DCMAKE_INSTALL_PREFIX=/home/alex/thesis_ws/install/pcl_conversions
[0.042s] -- The C compiler identification is GNU 11.4.0
[0.079s] -- The CXX compiler identification is GNU 11.4.0
[0.084s] -- Detecting C compiler ABI info
[0.132s] -- Detecting C compiler ABI info - done
[0.141s] -- Check for working C compiler: /usr/bin/cc - skipped
[0.141s] -- Detecting C compile features
[0.142s] -- Detecting C compile features - done
[0.144s] -- Detecting CXX compiler ABI info
[0.200s] -- Detecting CXX compiler ABI info - done
[0.206s] -- Check for working CXX compiler: /usr/bin/c++ - skipped
[0.207s] -- Detecting CXX compile features
[0.207s] -- Detecting CXX compile features - done
[0.209s] -- Found ament_cmake: 1.3.11 (/opt/ros/humble/share/ament_cmake/cmake)
[0.317s] -- Found Python3: /usr/bin/python3 (found version "3.10.12") found components: Interpreter 
[0.383s] -- Found Boost: /usr/lib/x86_64-linux-gnu/cmake/Boost-1.74.0/BoostConfig.cmake (found version "1.74.0")  
[0.388s] -- Found message_filters: 4.3.5 (/opt/ros/humble/share/message_filters/cmake)
[0.422s] -- Found rosidl_generator_c: 3.1.6 (/opt/ros/humble/share/rosidl_generator_c/cmake)
[0.425s] -- Found rosidl_adapter: 3.1.6 (/opt/ros/humble/share/rosidl_adapter/cmake)
[0.431s] -- Found rosidl_generator_cpp: 3.1.6 (/opt/ros/humble/share/rosidl_generator_cpp/cmake)
[0.440s] -- Using all available rosidl_typesupport_c: rosidl_typesupport_fastrtps_c;rosidl_typesupport_introspection_c
[0.458s] -- Using all available rosidl_typesupport_cpp: rosidl_typesupport_fastrtps_cpp;rosidl_typesupport_introspection_cpp
[0.517s] -- Found rmw_implementation_cmake: 6.1.2 (/opt/ros/humble/share/rmw_implementation_cmake/cmake)
[0.518s] -- Found rmw_fastrtps_cpp: 6.2.7 (/opt/ros/humble/share/rmw_fastrtps_cpp/cmake)
[0.605s] -- Found OpenSSL: /usr/lib/x86_64-linux-gnu/libcrypto.so (found version "3.0.2")  
[0.627s] -- Found FastRTPS: /opt/ros/humble/include  
[0.660s] -- Using RMW implementation 'rmw_fastrtps_cpp' as default
[0.666s] -- Looking for pthread.h
[0.731s] -- Looking for pthread.h - found
[0.731s] -- Performing Test CMAKE_HAVE_LIBC_PTHREAD
[0.796s] -- Performing Test CMAKE_HAVE_LIBC_PTHREAD - Success
[0.797s] -- Found Threads: TRUE  
[0.881s] -- Checking for module 'eigen3'
[0.897s] --   Found eigen3, version 3.4.0
[0.931s] -- Found Eigen: /usr/include/eigen3 (Required is at least version "3.1") 
[0.931s] -- Eigen found (include: /usr/include/eigen3, version: 3.4.0)
[1.024s] -- Checking for module 'libusb-1.0'
[1.041s] --   Found libusb-1.0, version 1.0.25
[1.083s] -- Found libusb: /usr/lib/x86_64-linux-gnu/libusb-1.0.so  
[1.084s] -- OpenNI found (version: 1.5.4.0, include: /usr/include/ni, lib: /usr/lib/libOpenNI.so;libusb::libusb)
[1.153s] -- OpenNI2 found (version: 2.2.0.33, include: /usr/include/openni2, lib: /usr/lib/x86_64-linux-gnu/libOpenNI2.so;libusb::libusb)
[2.061s] -- Eigen found (include: /usr/include/eigen3, version: 3.4.0)
[2.063s] -- Found PCL_COMMON: /usr/lib/x86_64-linux-gnu/libpcl_common.so  
[2.064s] -- Found PCL_OCTREE: /usr/lib/x86_64-linux-gnu/libpcl_octree.so  
[2.065s] -- Found PCL_IO: /usr/lib/x86_64-linux-gnu/libpcl_io.so  
[2.067s] -- Found pcl_msgs: 1.0.0 (/opt/ros/humble/share/pcl_msgs/cmake)
[2.127s] -- Found ament_cmake_gtest: 1.3.11 (/opt/ros/humble/share/ament_cmake_gtest/cmake)
[2.128s] -- Found gtest sources under '/opt/ros/humble/src/gtest_vendor': C++ tests using 'Google Test' will be built
[2.181s] -- Configuring done
[2.198s] -- Generating done
[2.205s] -- Build files have been written to: /home/alex/thesis_ws/build/pcl_conversions
[2.216s] Invoked command in '/home/alex/thesis_ws/build/pcl_conversions' returned '0': CMAKE_PREFIX_PATH=${CMAKE_PREFIX_PATH}:/opt/ros/humble /usr/bin/cmake /home/alex/thesis_ws/src/perception_pcl/pcl_conversions -DCMAKE_INSTALL_PREFIX=/home/alex/thesis_ws/install/pcl_conversions
[2.217s] Invoking command in '/home/alex/thesis_ws/build/pcl_conversions': CMAKE_PREFIX_PATH=${CMAKE_PREFIX_PATH}:/opt/ros/humble /usr/bin/cmake --build /home/alex/thesis_ws/build/pcl_conversions -- -j8 -l8
[2.259s] [ 16%] [32mBuilding CXX object gtest/CMakeFiles/gtest.dir/src/gtest-all.cc.o[0m
[2.260s] [ 33%] [32mBuilding CXX object gtest/CMakeFiles/gtest_main.dir/src/gtest_main.cc.o[0m
[2.725s] [ 50%] [32m[1mLinking CXX static library libgtest_main.a[0m
[2.750s] [ 50%] Built target gtest_main
[4.367s] [ 66%] [32m[1mLinking CXX static library libgtest.a[0m
[4.405s] [ 66%] Built target gtest
[4.419s] [ 83%] [32mBuilding CXX object CMakeFiles/pcl_conversions-test.dir/test/test_pcl_conversions.cpp.o[0m
[9.070s] [100%] [32m[1mLinking CXX executable pcl_conversions-test[0m
[9.275s] [100%] Built target pcl_conversions-test
[9.285s] Invoked command in '/home/alex/thesis_ws/build/pcl_conversions' returned '0': CMAKE_PREFIX_PATH=${CMAKE_PREFIX_PATH}:/opt/ros/humble /usr/bin/cmake --build /home/alex/thesis_ws/build/pcl_conversions -- -j8 -l8
[9.292s] Invoking command in '/home/alex/thesis_ws/build/pcl_conversions': CMAKE_PREFIX_PATH=${CMAKE_PREFIX_PATH}:/opt/ros/humble /usr/bin/cmake --install /home/alex/thesis_ws/build/pcl_conversions
[9.296s] -- Install configuration: ""
[9.296s] -- Installing: /home/alex/thesis_ws/install/pcl_conversions/include/pcl_conversions
[9.297s] -- Installing: /home/alex/thesis_ws/install/pcl_conversions/include/pcl_conversions/pcl_conversions
[9.297s] -- Installing: /home/alex/thesis_ws/install/pcl_conversions/include/pcl_conversions/pcl_conversions/pcl_conversions.h
[9.297s] -- Installing: /home/alex/thesis_ws/install/pcl_conversions/share/ament_index/resource_index/package_run_dependencies/pcl_conversions
[9.297s] -- Installing: /home/alex/thesis_ws/install/pcl_conversions/share/ament_index/resource_index/parent_prefix_path/pcl_conversions
[9.297s] -- Installing: /home/alex/thesis_ws/install/pcl_conversions/share/pcl_conversions/environment/ament_prefix_path.sh
[9.297s] -- Installing: /home/alex/thesis_ws/install/pcl_conversions/share/pcl_conversions/environment/ament_prefix_path.dsv
[9.297s] -- Installing: /home/alex/thesis_ws/install/pcl_conversions/share/pcl_conversions/environment/path.sh
[9.297s] -- Installing: /home/alex/thesis_ws/install/pcl_conversions/share/pcl_conversions/environment/path.dsv
[9.297s] -- Installing: /home/alex/thesis_ws/install/pcl_conversions/share/pcl_conversions/local_setup.bash
[9.297s] -- Installing: /home/alex/thesis_ws/install/pcl_conversions/share/pcl_conversions/local_setup.sh
[9.297s] -- Installing: /home/alex/thesis_ws/install/pcl_conversions/share/pcl_conversions/local_setup.zsh
[9.297s] -- Installing: /home/alex/thesis_ws/install/pcl_conversions/share/pcl_conversions/local_setup.dsv
[9.297s] -- Installing: /home/alex/thesis_ws/install/pcl_conversions/share/pcl_conversions/package.dsv
[9.298s] -- Installing: /home/alex/thesis_ws/install/pcl_conversions/share/ament_index/resource_index/packages/pcl_conversions
[9.298s] -- Installing: /home/alex/thesis_ws/install/pcl_conversions/share/pcl_conversions/cmake/ament_cmake_export_include_directories-extras.cmake
[9.298s] -- Installing: /home/alex/thesis_ws/install/pcl_conversions/share/pcl_conversions/cmake/ament_cmake_export_dependencies-extras.cmake
[9.298s] -- Installing: /home/alex/thesis_ws/install/pcl_conversions/share/pcl_conversions/cmake/pcl_conversionsConfig.cmake
[9.298s] -- Installing: /home/alex/thesis_ws/install/pcl_conversions/share/pcl_conversions/cmake/pcl_conversionsConfig-version.cmake
[9.298s] -- Installing: /home/alex/thesis_ws/install/pcl_conversions/share/pcl_conversions/package.xml
[9.299s] Invoked command in '/home/alex/thesis_ws/build/pcl_conversions' returned '0': CMAKE_PREFIX_PATH=${CMAKE_PREFIX_PATH}:/opt/ros/humble /usr/bin/cmake --install /home/alex/thesis_ws/build/pcl_conversions
