In file included from [01m[K/usr/local/include/small_gicp/pcl/pcl_registration_impl.hpp:17[m[K,
                 from [01m[K/usr/local/include/small_gicp/pcl/pcl_registration.hpp:116[m[K,
                 from [01m[K/home/alex/thesis_ws/src/pointcloud_to_laserscan/include/pointcloud_to_laserscan/vgicp_registration.hpp:6[m[K,
                 from [01m[K/home/alex/thesis_ws/src/pointcloud_to_laserscan/src/vgicp_registration.cpp:4[m[K:
[01m[K/usr/local/include/small_gicp/registration/reduction_omp.hpp:10:2:[m[K [01;35m[Kwarning: [m[K#warning "OpenMP is not available. Parallel reduction will be disabled." [[01;35m[K]8;;https://gcc.gnu.org/onlinedocs/gcc/Warning-Options.html#index-Wcpp-Wcpp]8;;[m[K]
   10 | #[01;35m[Kwarning[m[K "OpenMP is not available. Parallel reduction will be disabled."
      |  [01;35m[K^~~~~~~[m[K
[01m[K/home/alex/thesis_ws/src/pointcloud_to_laserscan/src/vgicp_registration.cpp:[m[K In member function ‘[01m[Kpcl::PointCloud<pcl::PointXYZ> vgicpRegistrationClass::getNewTransformedCloud() const[m[K’:
[01m[K/home/alex/thesis_ws/src/pointcloud_to_laserscan/src/vgicp_registration.cpp:39:38:[m[K [01;31m[Kerror: [m[Kno match for ‘[01m[Koperator*[m[K’ (operand type is ‘[01m[Kconst pcl::PointCloud<pcl::PointXYZ>[m[K’)
   39 |         pcl_ros::transformPointCloud([01;31m[K*new_cloud_[m[K, *new_cloud_transformed_, ICP_output_transform_);
      |                                      [01;31m[K^~~~~~~~~~~[m[K
In file included from [01m[K/opt/ros/humble/include/tf2/tf2/LinearMath/Matrix3x3.hpp:19[m[K,
                 from [01m[K/opt/ros/humble/include/tf2/tf2/LinearMath/Transform.hpp:21[m[K,
                 from [01m[K/opt/ros/humble/include/tf2/tf2/buffer_core.hpp:47[m[K,
                 from [01m[K/opt/ros/humble/include/tf2_ros/tf2_ros/async_buffer_interface.h:39[m[K,
                 from [01m[K/opt/ros/humble/include/tf2_ros/tf2_ros/message_filter.h:55[m[K,
                 from [01m[K/home/alex/thesis_ws/src/pointcloud_to_laserscan/include/pointcloud_to_laserscan/vgicp_registration.hpp:10[m[K,
                 from [01m[K/home/alex/thesis_ws/src/pointcloud_to_laserscan/src/vgicp_registration.cpp:4[m[K:
[01m[K/opt/ros/humble/include/tf2/tf2/LinearMath/Vector3.hpp:364:1:[m[K [01;36m[Knote: [m[Kcandidate: ‘[01m[Ktf2::Vector3 tf2::operator*(const tf2::Vector3&, const tf2::Vector3&)[m[K’
  364 | [01;36m[Koperator[m[K*(const Vector3& v1, const Vector3& v2)
      | [01;36m[K^~~~~~~~[m[K
[01m[K/opt/ros/humble/include/tf2/tf2/LinearMath/Vector3.hpp:364:1:[m[K [01;36m[Knote: [m[K  candidate expects 2 arguments, 1 provided
[01m[K/opt/ros/humble/include/tf2/tf2/LinearMath/Vector3.hpp:384:1:[m[K [01;36m[Knote: [m[Kcandidate: ‘[01m[Ktf2::Vector3 tf2::operator*(const tf2::Vector3&, const tf2Scalar&)[m[K’
  384 | [01;36m[Koperator[m[K*(const Vector3& v, const tf2Scalar& s)
      | [01;36m[K^~~~~~~~[m[K
[01m[K/opt/ros/humble/include/tf2/tf2/LinearMath/Vector3.hpp:384:1:[m[K [01;36m[Knote: [m[K  candidate expects 2 arguments, 1 provided
[01m[K/opt/ros/humble/include/tf2/tf2/LinearMath/Vector3.hpp:391:1:[m[K [01;36m[Knote: [m[Kcandidate: ‘[01m[Ktf2::Vector3 tf2::operator*(const tf2Scalar&, const tf2::Vector3&)[m[K’
  391 | [01;36m[Koperator[m[K*(const tf2Scalar& s, const Vector3& v)
      | [01;36m[K^~~~~~~~[m[K
[01m[K/opt/ros/humble/include/tf2/tf2/LinearMath/Vector3.hpp:391:1:[m[K [01;36m[Knote: [m[K  candidate expects 2 arguments, 1 provided
In file included from [01m[K/opt/ros/humble/include/tf2/tf2/LinearMath/Matrix3x3.hpp:20[m[K,
                 from [01m[K/opt/ros/humble/include/tf2/tf2/LinearMath/Transform.hpp:21[m[K,
                 from [01m[K/opt/ros/humble/include/tf2/tf2/buffer_core.hpp:47[m[K,
                 from [01m[K/opt/ros/humble/include/tf2_ros/tf2_ros/async_buffer_interface.h:39[m[K,
                 from [01m[K/opt/ros/humble/include/tf2_ros/tf2_ros/message_filter.h:55[m[K,
                 from [01m[K/home/alex/thesis_ws/src/pointcloud_to_laserscan/include/pointcloud_to_laserscan/vgicp_registration.hpp:10[m[K,
                 from [01m[K/home/alex/thesis_ws/src/pointcloud_to_laserscan/src/vgicp_registration.cpp:4[m[K:
[01m[K/opt/ros/humble/include/tf2/tf2/LinearMath/Quaternion.hpp:368:1:[m[K [01;36m[Knote: [m[Kcandidate: ‘[01m[Ktf2::Quaternion tf2::operator*(const tf2::Quaternion&, const tf2::Quaternion&)[m[K’
  368 | [01;36m[Koperator[m[K*(const Quaternion& q1, const Quaternion& q2) {
      | [01;36m[K^~~~~~~~[m[K
[01m[K/opt/ros/humble/include/tf2/tf2/LinearMath/Quaternion.hpp:368:1:[m[K [01;36m[Knote: [m[K  candidate expects 2 arguments, 1 provided
[01m[K/opt/ros/humble/include/tf2/tf2/LinearMath/Quaternion.hpp:376:1:[m[K [01;36m[Knote: [m[Kcandidate: ‘[01m[Ktf2::Quaternion tf2::operator*(const tf2::Quaternion&, const tf2::Vector3&)[m[K’
  376 | [01;36m[Koperator[m[K*(const Quaternion& q, const Vector3& w)
      | [01;36m[K^~~~~~~~[m[K
[01m[K/opt/ros/humble/include/tf2/tf2/LinearMath/Quaternion.hpp:376:1:[m[K [01;36m[Knote: [m[K  candidate expects 2 arguments, 1 provided
[01m[K/opt/ros/humble/include/tf2/tf2/LinearMath/Quaternion.hpp:385:1:[m[K [01;36m[Knote: [m[Kcandidate: ‘[01m[Ktf2::Quaternion tf2::operator*(const tf2::Vector3&, const tf2::Quaternion&)[m[K’
  385 | [01;36m[Koperator[m[K*(const Vector3& w, const Quaternion& q)
      | [01;36m[K^~~~~~~~[m[K
[01m[K/opt/ros/humble/include/tf2/tf2/LinearMath/Quaternion.hpp:385:1:[m[K [01;36m[Knote: [m[K  candidate expects 2 arguments, 1 provided
In file included from [01m[K/opt/ros/humble/include/tf2/tf2/LinearMath/Transform.hpp:21[m[K,
                 from [01m[K/opt/ros/humble/include/tf2/tf2/buffer_core.hpp:47[m[K,
                 from [01m[K/opt/ros/humble/include/tf2_ros/tf2_ros/async_buffer_interface.h:39[m[K,
                 from [01m[K/opt/ros/humble/include/tf2_ros/tf2_ros/message_filter.h:55[m[K,
                 from [01m[K/home/alex/thesis_ws/src/pointcloud_to_laserscan/include/pointcloud_to_laserscan/vgicp_registration.hpp:10[m[K,
                 from [01m[K/home/alex/thesis_ws/src/pointcloud_to_laserscan/src/vgicp_registration.cpp:4[m[K:
[01m[K/opt/ros/humble/include/tf2/tf2/LinearMath/Matrix3x3.hpp:611:1:[m[K [01;36m[Knote: [m[Kcandidate: ‘[01m[Ktf2::Vector3 tf2::operator*(const tf2::Matrix3x3&, const tf2::Vector3&)[m[K’
  611 | [01;36m[Koperator[m[K*(const Matrix3x3& m, const Vector3& v)
      | [01;36m[K^~~~~~~~[m[K
[01m[K/opt/ros/humble/include/tf2/tf2/LinearMath/Matrix3x3.hpp:611:1:[m[K [01;36m[Knote: [m[K  candidate expects 2 arguments, 1 provided
[01m[K/opt/ros/humble/include/tf2/tf2/LinearMath/Matrix3x3.hpp:618:1:[m[K [01;36m[Knote: [m[Kcandidate: ‘[01m[Ktf2::Vector3 tf2::operator*(const tf2::Vector3&, const tf2::Matrix3x3&)[m[K’
  618 | [01;36m[Koperator[m[K*(const Vector3& v, const Matrix3x3& m)
      | [01;36m[K^~~~~~~~[m[K
[01m[K/opt/ros/humble/include/tf2/tf2/LinearMath/Matrix3x3.hpp:618:1:[m[K [01;36m[Knote: [m[K  candidate expects 2 arguments, 1 provided
[01m[K/opt/ros/humble/include/tf2/tf2/LinearMath/Matrix3x3.hpp:624:1:[m[K [01;36m[Knote: [m[Kcandidate: ‘[01m[Ktf2::Matrix3x3 tf2::operator*(const tf2::Matrix3x3&, const tf2::Matrix3x3&)[m[K’
  624 | [01;36m[Koperator[m[K*(const Matrix3x3& m1, const Matrix3x3& m2)
      | [01;36m[K^~~~~~~~[m[K
[01m[K/opt/ros/humble/include/tf2/tf2/LinearMath/Matrix3x3.hpp:624:1:[m[K [01;36m[Knote: [m[K  candidate expects 2 arguments, 1 provided
[01m[K/home/alex/thesis_ws/src/pointcloud_to_laserscan/src/vgicp_registration.cpp:39:51:[m[K [01;31m[Kerror: [m[Kno match for ‘[01m[Koperator*[m[K’ (operand type is ‘[01m[Kconst pcl::PointCloud<pcl::PointXYZ>[m[K’)
   39 |         pcl_ros::transformPointCloud(*new_cloud_, [01;31m[K*new_cloud_transformed_[m[K, ICP_output_transform_);
      |                                                   [01;31m[K^~~~~~~~~~~~~~~~~~~~~~~[m[K
In file included from [01m[K/opt/ros/humble/include/tf2/tf2/LinearMath/Matrix3x3.hpp:19[m[K,
                 from [01m[K/opt/ros/humble/include/tf2/tf2/LinearMath/Transform.hpp:21[m[K,
                 from [01m[K/opt/ros/humble/include/tf2/tf2/buffer_core.hpp:47[m[K,
                 from [01m[K/opt/ros/humble/include/tf2_ros/tf2_ros/async_buffer_interface.h:39[m[K,
                 from [01m[K/opt/ros/humble/include/tf2_ros/tf2_ros/message_filter.h:55[m[K,
                 from [01m[K/home/alex/thesis_ws/src/pointcloud_to_laserscan/include/pointcloud_to_laserscan/vgicp_registration.hpp:10[m[K,
                 from [01m[K/home/alex/thesis_ws/src/pointcloud_to_laserscan/src/vgicp_registration.cpp:4[m[K:
[01m[K/opt/ros/humble/include/tf2/tf2/LinearMath/Vector3.hpp:364:1:[m[K [01;36m[Knote: [m[Kcandidate: ‘[01m[Ktf2::Vector3 tf2::operator*(const tf2::Vector3&, const tf2::Vector3&)[m[K’
  364 | [01;36m[Koperator[m[K*(const Vector3& v1, const Vector3& v2)
      | [01;36m[K^~~~~~~~[m[K
[01m[K/opt/ros/humble/include/tf2/tf2/LinearMath/Vector3.hpp:364:1:[m[K [01;36m[Knote: [m[K  candidate expects 2 arguments, 1 provided
[01m[K/opt/ros/humble/include/tf2/tf2/LinearMath/Vector3.hpp:384:1:[m[K [01;36m[Knote: [m[Kcandidate: ‘[01m[Ktf2::Vector3 tf2::operator*(const tf2::Vector3&, const tf2Scalar&)[m[K’
  384 | [01;36m[Koperator[m[K*(const Vector3& v, const tf2Scalar& s)
      | [01;36m[K^~~~~~~~[m[K
[01m[K/opt/ros/humble/include/tf2/tf2/LinearMath/Vector3.hpp:384:1:[m[K [01;36m[Knote: [m[K  candidate expects 2 arguments, 1 provided
[01m[K/opt/ros/humble/include/tf2/tf2/LinearMath/Vector3.hpp:391:1:[m[K [01;36m[Knote: [m[Kcandidate: ‘[01m[Ktf2::Vector3 tf2::operator*(const tf2Scalar&, const tf2::Vector3&)[m[K’
  391 | [01;36m[Koperator[m[K*(const tf2Scalar& s, const Vector3& v)
      | [01;36m[K^~~~~~~~[m[K
[01m[K/opt/ros/humble/include/tf2/tf2/LinearMath/Vector3.hpp:391:1:[m[K [01;36m[Knote: [m[K  candidate expects 2 arguments, 1 provided
In file included from [01m[K/opt/ros/humble/include/tf2/tf2/LinearMath/Matrix3x3.hpp:20[m[K,
                 from [01m[K/opt/ros/humble/include/tf2/tf2/LinearMath/Transform.hpp:21[m[K,
                 from [01m[K/opt/ros/humble/include/tf2/tf2/buffer_core.hpp:47[m[K,
                 from [01m[K/opt/ros/humble/include/tf2_ros/tf2_ros/async_buffer_interface.h:39[m[K,
                 from [01m[K/opt/ros/humble/include/tf2_ros/tf2_ros/message_filter.h:55[m[K,
                 from [01m[K/home/alex/thesis_ws/src/pointcloud_to_laserscan/include/pointcloud_to_laserscan/vgicp_registration.hpp:10[m[K,
                 from [01m[K/home/alex/thesis_ws/src/pointcloud_to_laserscan/src/vgicp_registration.cpp:4[m[K:
[01m[K/opt/ros/humble/include/tf2/tf2/LinearMath/Quaternion.hpp:368:1:[m[K [01;36m[Knote: [m[Kcandidate: ‘[01m[Ktf2::Quaternion tf2::operator*(const tf2::Quaternion&, const tf2::Quaternion&)[m[K’
  368 | [01;36m[Koperator[m[K*(const Quaternion& q1, const Quaternion& q2) {
      | [01;36m[K^~~~~~~~[m[K
[01m[K/opt/ros/humble/include/tf2/tf2/LinearMath/Quaternion.hpp:368:1:[m[K [01;36m[Knote: [m[K  candidate expects 2 arguments, 1 provided
[01m[K/opt/ros/humble/include/tf2/tf2/LinearMath/Quaternion.hpp:376:1:[m[K [01;36m[Knote: [m[Kcandidate: ‘[01m[Ktf2::Quaternion tf2::operator*(const tf2::Quaternion&, const tf2::Vector3&)[m[K’
  376 | [01;36m[Koperator[m[K*(const Quaternion& q, const Vector3& w)
      | [01;36m[K^~~~~~~~[m[K
[01m[K/opt/ros/humble/include/tf2/tf2/LinearMath/Quaternion.hpp:376:1:[m[K [01;36m[Knote: [m[K  candidate expects 2 arguments, 1 provided
[01m[K/opt/ros/humble/include/tf2/tf2/LinearMath/Quaternion.hpp:385:1:[m[K [01;36m[Knote: [m[Kcandidate: ‘[01m[Ktf2::Quaternion tf2::operator*(const tf2::Vector3&, const tf2::Quaternion&)[m[K’
  385 | [01;36m[Koperator[m[K*(const Vector3& w, const Quaternion& q)
      | [01;36m[K^~~~~~~~[m[K
[01m[K/opt/ros/humble/include/tf2/tf2/LinearMath/Quaternion.hpp:385:1:[m[K [01;36m[Knote: [m[K  candidate expects 2 arguments, 1 provided
In file included from [01m[K/opt/ros/humble/include/tf2/tf2/LinearMath/Transform.hpp:21[m[K,
                 from [01m[K/opt/ros/humble/include/tf2/tf2/buffer_core.hpp:47[m[K,
                 from [01m[K/opt/ros/humble/include/tf2_ros/tf2_ros/async_buffer_interface.h:39[m[K,
                 from [01m[K/opt/ros/humble/include/tf2_ros/tf2_ros/message_filter.h:55[m[K,
                 from [01m[K/home/alex/thesis_ws/src/pointcloud_to_laserscan/include/pointcloud_to_laserscan/vgicp_registration.hpp:10[m[K,
                 from [01m[K/home/alex/thesis_ws/src/pointcloud_to_laserscan/src/vgicp_registration.cpp:4[m[K:
[01m[K/opt/ros/humble/include/tf2/tf2/LinearMath/Matrix3x3.hpp:611:1:[m[K [01;36m[Knote: [m[Kcandidate: ‘[01m[Ktf2::Vector3 tf2::operator*(const tf2::Matrix3x3&, const tf2::Vector3&)[m[K’
  611 | [01;36m[Koperator[m[K*(const Matrix3x3& m, const Vector3& v)
      | [01;36m[K^~~~~~~~[m[K
[01m[K/opt/ros/humble/include/tf2/tf2/LinearMath/Matrix3x3.hpp:611:1:[m[K [01;36m[Knote: [m[K  candidate expects 2 arguments, 1 provided
[01m[K/opt/ros/humble/include/tf2/tf2/LinearMath/Matrix3x3.hpp:618:1:[m[K [01;36m[Knote: [m[Kcandidate: ‘[01m[Ktf2::Vector3 tf2::operator*(const tf2::Vector3&, const tf2::Matrix3x3&)[m[K’
  618 | [01;36m[Koperator[m[K*(const Vector3& v, const Matrix3x3& m)
      | [01;36m[K^~~~~~~~[m[K
[01m[K/opt/ros/humble/include/tf2/tf2/LinearMath/Matrix3x3.hpp:618:1:[m[K [01;36m[Knote: [m[K  candidate expects 2 arguments, 1 provided
[01m[K/opt/ros/humble/include/tf2/tf2/LinearMath/Matrix3x3.hpp:624:1:[m[K [01;36m[Knote: [m[Kcandidate: ‘[01m[Ktf2::Matrix3x3 tf2::operator*(const tf2::Matrix3x3&, const tf2::Matrix3x3&)[m[K’
  624 | [01;36m[Koperator[m[K*(const Matrix3x3& m1, const Matrix3x3& m2)
      | [01;36m[K^~~~~~~~[m[K
[01m[K/opt/ros/humble/include/tf2/tf2/LinearMath/Matrix3x3.hpp:624:1:[m[K [01;36m[Knote: [m[K  candidate expects 2 arguments, 1 provided
[01m[K/home/alex/thesis_ws/src/pointcloud_to_laserscan/src/vgicp_registration.cpp:[m[K In member function ‘[01m[Kvoid vgicpRegistrationClass::computeRegistration()[m[K’:
[01m[K/home/alex/thesis_ws/src/pointcloud_to_laserscan/src/vgicp_registration.cpp:50:32:[m[K [01;31m[Kerror: [m[K‘[01m[Kclass pcl::PointCloud<pcl::PointXYZ>[m[K’ has no member named ‘[01m[Kreset[m[K’
   50 |         new_cloud_transformed_.[01;31m[Kreset[m[K(new pcl::PointCloud<pcl::PointXYZ>);
      |                                [01;31m[K^~~~~[m[K
[01m[K/home/alex/thesis_ws/src/pointcloud_to_laserscan/src/vgicp_registration.cpp:52:20:[m[K [01;31m[Kerror: [m[Kno match for ‘[01m[Koperator*[m[K’ (operand type is ‘[01m[Kpcl::PointCloud<pcl::PointXYZ>[m[K’)
   52 |         reg_.align([01;31m[K*new_cloud_transformed_[m[K);
      |                    [01;31m[K^~~~~~~~~~~~~~~~~~~~~~~[m[K
In file included from [01m[K/opt/ros/humble/include/tf2/tf2/LinearMath/Matrix3x3.hpp:19[m[K,
                 from [01m[K/opt/ros/humble/include/tf2/tf2/LinearMath/Transform.hpp:21[m[K,
                 from [01m[K/opt/ros/humble/include/tf2/tf2/buffer_core.hpp:47[m[K,
                 from [01m[K/opt/ros/humble/include/tf2_ros/tf2_ros/async_buffer_interface.h:39[m[K,
                 from [01m[K/opt/ros/humble/include/tf2_ros/tf2_ros/message_filter.h:55[m[K,
                 from [01m[K/home/alex/thesis_ws/src/pointcloud_to_laserscan/include/pointcloud_to_laserscan/vgicp_registration.hpp:10[m[K,
                 from [01m[K/home/alex/thesis_ws/src/pointcloud_to_laserscan/src/vgicp_registration.cpp:4[m[K:
[01m[K/opt/ros/humble/include/tf2/tf2/LinearMath/Vector3.hpp:364:1:[m[K [01;36m[Knote: [m[Kcandidate: ‘[01m[Ktf2::Vector3 tf2::operator*(const tf2::Vector3&, const tf2::Vector3&)[m[K’
  364 | [01;36m[Koperator[m[K*(const Vector3& v1, const Vector3& v2)
      | [01;36m[K^~~~~~~~[m[K
[01m[K/opt/ros/humble/include/tf2/tf2/LinearMath/Vector3.hpp:364:1:[m[K [01;36m[Knote: [m[K  candidate expects 2 arguments, 1 provided
[01m[K/opt/ros/humble/include/tf2/tf2/LinearMath/Vector3.hpp:384:1:[m[K [01;36m[Knote: [m[Kcandidate: ‘[01m[Ktf2::Vector3 tf2::operator*(const tf2::Vector3&, const tf2Scalar&)[m[K’
  384 | [01;36m[Koperator[m[K*(const Vector3& v, const tf2Scalar& s)
      | [01;36m[K^~~~~~~~[m[K
[01m[K/opt/ros/humble/include/tf2/tf2/LinearMath/Vector3.hpp:384:1:[m[K [01;36m[Knote: [m[K  candidate expects 2 arguments, 1 provided
[01m[K/opt/ros/humble/include/tf2/tf2/LinearMath/Vector3.hpp:391:1:[m[K [01;36m[Knote: [m[Kcandidate: ‘[01m[Ktf2::Vector3 tf2::operator*(const tf2Scalar&, const tf2::Vector3&)[m[K’
  391 | [01;36m[Koperator[m[K*(const tf2Scalar& s, const Vector3& v)
      | [01;36m[K^~~~~~~~[m[K
[01m[K/opt/ros/humble/include/tf2/tf2/LinearMath/Vector3.hpp:391:1:[m[K [01;36m[Knote: [m[K  candidate expects 2 arguments, 1 provided
In file included from [01m[K/opt/ros/humble/include/tf2/tf2/LinearMath/Matrix3x3.hpp:20[m[K,
                 from [01m[K/opt/ros/humble/include/tf2/tf2/LinearMath/Transform.hpp:21[m[K,
                 from [01m[K/opt/ros/humble/include/tf2/tf2/buffer_core.hpp:47[m[K,
                 from [01m[K/opt/ros/humble/include/tf2_ros/tf2_ros/async_buffer_interface.h:39[m[K,
                 from [01m[K/opt/ros/humble/include/tf2_ros/tf2_ros/message_filter.h:55[m[K,
                 from [01m[K/home/alex/thesis_ws/src/pointcloud_to_laserscan/include/pointcloud_to_laserscan/vgicp_registration.hpp:10[m[K,
                 from [01m[K/home/alex/thesis_ws/src/pointcloud_to_laserscan/src/vgicp_registration.cpp:4[m[K:
[01m[K/opt/ros/humble/include/tf2/tf2/LinearMath/Quaternion.hpp:368:1:[m[K [01;36m[Knote: [m[Kcandidate: ‘[01m[Ktf2::Quaternion tf2::operator*(const tf2::Quaternion&, const tf2::Quaternion&)[m[K’
  368 | [01;36m[Koperator[m[K*(const Quaternion& q1, const Quaternion& q2) {
      | [01;36m[K^~~~~~~~[m[K
[01m[K/opt/ros/humble/include/tf2/tf2/LinearMath/Quaternion.hpp:368:1:[m[K [01;36m[Knote: [m[K  candidate expects 2 arguments, 1 provided
[01m[K/opt/ros/humble/include/tf2/tf2/LinearMath/Quaternion.hpp:376:1:[m[K [01;36m[Knote: [m[Kcandidate: ‘[01m[Ktf2::Quaternion tf2::operator*(const tf2::Quaternion&, const tf2::Vector3&)[m[K’
  376 | [01;36m[Koperator[m[K*(const Quaternion& q, const Vector3& w)
      | [01;36m[K^~~~~~~~[m[K
[01m[K/opt/ros/humble/include/tf2/tf2/LinearMath/Quaternion.hpp:376:1:[m[K [01;36m[Knote: [m[K  candidate expects 2 arguments, 1 provided
[01m[K/opt/ros/humble/include/tf2/tf2/LinearMath/Quaternion.hpp:385:1:[m[K [01;36m[Knote: [m[Kcandidate: ‘[01m[Ktf2::Quaternion tf2::operator*(const tf2::Vector3&, const tf2::Quaternion&)[m[K’
  385 | [01;36m[Koperator[m[K*(const Vector3& w, const Quaternion& q)
      | [01;36m[K^~~~~~~~[m[K
[01m[K/opt/ros/humble/include/tf2/tf2/LinearMath/Quaternion.hpp:385:1:[m[K [01;36m[Knote: [m[K  candidate expects 2 arguments, 1 provided
In file included from [01m[K/opt/ros/humble/include/tf2/tf2/LinearMath/Transform.hpp:21[m[K,
                 from [01m[K/opt/ros/humble/include/tf2/tf2/buffer_core.hpp:47[m[K,
                 from [01m[K/opt/ros/humble/include/tf2_ros/tf2_ros/async_buffer_interface.h:39[m[K,
                 from [01m[K/opt/ros/humble/include/tf2_ros/tf2_ros/message_filter.h:55[m[K,
                 from [01m[K/home/alex/thesis_ws/src/pointcloud_to_laserscan/include/pointcloud_to_laserscan/vgicp_registration.hpp:10[m[K,
                 from [01m[K/home/alex/thesis_ws/src/pointcloud_to_laserscan/src/vgicp_registration.cpp:4[m[K:
[01m[K/opt/ros/humble/include/tf2/tf2/LinearMath/Matrix3x3.hpp:611:1:[m[K [01;36m[Knote: [m[Kcandidate: ‘[01m[Ktf2::Vector3 tf2::operator*(const tf2::Matrix3x3&, const tf2::Vector3&)[m[K’
  611 | [01;36m[Koperator[m[K*(const Matrix3x3& m, const Vector3& v)
      | [01;36m[K^~~~~~~~[m[K
[01m[K/opt/ros/humble/include/tf2/tf2/LinearMath/Matrix3x3.hpp:611:1:[m[K [01;36m[Knote: [m[K  candidate expects 2 arguments, 1 provided
[01m[K/opt/ros/humble/include/tf2/tf2/LinearMath/Matrix3x3.hpp:618:1:[m[K [01;36m[Knote: [m[Kcandidate: ‘[01m[Ktf2::Vector3 tf2::operator*(const tf2::Vector3&, const tf2::Matrix3x3&)[m[K’
  618 | [01;36m[Koperator[m[K*(const Vector3& v, const Matrix3x3& m)
      | [01;36m[K^~~~~~~~[m[K
[01m[K/opt/ros/humble/include/tf2/tf2/LinearMath/Matrix3x3.hpp:618:1:[m[K [01;36m[Knote: [m[K  candidate expects 2 arguments, 1 provided
[01m[K/opt/ros/humble/include/tf2/tf2/LinearMath/Matrix3x3.hpp:624:1:[m[K [01;36m[Knote: [m[Kcandidate: ‘[01m[Ktf2::Matrix3x3 tf2::operator*(const tf2::Matrix3x3&, const tf2::Matrix3x3&)[m[K’
  624 | [01;36m[Koperator[m[K*(const Matrix3x3& m1, const Matrix3x3& m2)
      | [01;36m[K^~~~~~~~[m[K
[01m[K/opt/ros/humble/include/tf2/tf2/LinearMath/Matrix3x3.hpp:624:1:[m[K [01;36m[Knote: [m[K  candidate expects 2 arguments, 1 provided
[01m[K/home/alex/thesis_ws/src/pointcloud_to_laserscan/src/vgicp_registration.cpp:56:38:[m[K [01;31m[Kerror: [m[K‘[01m[KeigenToTransform[m[K’ is not a member of ‘[01m[Ktf2[m[K’; did you mean ‘[01m[KdoTransform[m[K’?
   56 |         ICP_output_transform_ = tf2::[01;31m[KeigenToTransform[m[K(transform_matrix);
      |                                      [01;31m[K^~~~~~~~~~~~~~~~[m[K
      |                                      [32m[KdoTransform[m[K
gmake[2]: *** [CMakeFiles/pointcloud_to_laserscan.dir/build.make:90: CMakeFiles/pointcloud_to_laserscan.dir/src/vgicp_registration.cpp.o] Error 1
gmake[1]: *** [CMakeFiles/Makefile2:167: CMakeFiles/pointcloud_to_laserscan.dir/all] Error 2
gmake: *** [Makefile:146: all] Error 2
