[0.005s] Invoking command in '/home/alex/thesis_ws/build/pcl_ros': AMENT_PREFIX_PATH=/home/alex/thesis_ws/install/pcl_conversions:${AMENT_PREFIX_PATH} CMAKE_PREFIX_PATH=/home/alex/thesis_ws/install/pcl_conversions:/home/alex/thesis_ws/install/pointcloud_to_laserscan:/opt/ros/humble /usr/bin/cmake /home/alex/thesis_ws/src/perception_pcl/pcl_ros -DCMAKE_INSTALL_PREFIX=/home/alex/thesis_ws/install/pcl_ros
[0.039s] -- The C compiler identification is GNU 11.4.0
[0.075s] -- The CXX compiler identification is GNU 11.4.0
[0.079s] -- Detecting C compiler ABI info
[0.122s] -- Detecting C compiler ABI info - done
[0.128s] -- Check for working C compiler: /usr/bin/cc - skipped
[0.129s] -- Detecting C compile features
[0.129s] -- Detecting C compile features - done
[0.132s] -- Detecting CXX compiler ABI info
[0.182s] -- Detecting CXX compiler ABI info - done
[0.187s] -- Check for working CXX compiler: /usr/bin/c++ - skipped
[0.187s] -- Detecting CXX compile features
[0.188s] -- Detecting CXX compile features - done
[0.201s] -- Checking for module 'eigen3'
[0.209s] --   Found eigen3, version 3.4.0
[0.225s] -- Found Eigen: /usr/include/eigen3 (Required is at least version "3.1") 
[0.225s] -- Eigen found (include: /usr/include/eigen3, version: 3.4.0)
[0.245s] -- Checking for module 'flann'
[0.253s] --   Found flann, version 1.9.1
[0.279s] -- Found FLANN: /usr/lib/x86_64-linux-gnu/libflann_cpp.so  
[0.279s] -- FLANN found (include: /usr/include, lib: /usr/lib/x86_64-linux-gnu/libflann_cpp.so)
[1.037s] -- Checking for module 'libusb-1.0'
[1.045s] --   Found libusb-1.0, version 1.0.25
[1.070s] -- Found libusb: /usr/lib/x86_64-linux-gnu/libusb-1.0.so  
[1.071s] -- OpenNI found (version: 1.5.4.0, include: /usr/include/ni, lib: /usr/lib/libOpenNI.so;libusb::libusb)
[1.114s] -- OpenNI2 found (version: 2.2.0.33, include: /usr/include/openni2, lib: /usr/lib/x86_64-linux-gnu/libOpenNI2.so;libusb::libusb)
[1.208s] -- Eigen found (include: /usr/include/eigen3, version: 3.4.0)
[1.210s] -- Found Qhull version 8.0.2
[1.294s] -- Could NOT find PCL_CORE (missing: PCL_CORE_LIBRARY PCL_CORE_INCLUDE_DIR) 
[1.294s] -- Found PCL_COMMON: /usr/lib/x86_64-linux-gnu/libpcl_common.so  
[1.295s] -- Found PCL_KDTREE: /usr/lib/x86_64-linux-gnu/libpcl_kdtree.so  
[1.295s] -- Found PCL_OCTREE: /usr/lib/x86_64-linux-gnu/libpcl_octree.so  
[1.296s] -- Found PCL_SEARCH: /usr/lib/x86_64-linux-gnu/libpcl_search.so  
[1.296s] -- Found PCL_2D: /usr/include/pcl-1.12  
[1.297s] -- Found PCL_FEATURES: /usr/lib/x86_64-linux-gnu/libpcl_features.so  
[1.297s] -- Found PCL_SAMPLE_CONSENSUS: /usr/lib/x86_64-linux-gnu/libpcl_sample_consensus.so  
[1.298s] -- Found PCL_FILTERS: /usr/lib/x86_64-linux-gnu/libpcl_filters.so  
[1.299s] -- Found PCL_IO: /usr/lib/x86_64-linux-gnu/libpcl_io.so  
[1.299s] -- Found PCL_GEOMETRY: /usr/include/pcl-1.12  
[1.299s] -- Found PCL_ML: /usr/lib/x86_64-linux-gnu/libpcl_ml.so  
[1.300s] -- Found PCL_SEGMENTATION: /usr/lib/x86_64-linux-gnu/libpcl_segmentation.so  
[1.301s] -- Found PCL_SURFACE: /usr/lib/x86_64-linux-gnu/libpcl_surface.so  
[1.302s] -- Found ament_cmake: 1.3.11 (/opt/ros/humble/share/ament_cmake/cmake)
[1.399s] -- Found Python3: /usr/bin/python3 (found version "3.10.12") found components: Interpreter 
[1.451s] -- Found pcl_conversions: 2.4.5 (/home/alex/thesis_ws/install/pcl_conversions/share/pcl_conversions/cmake)
[1.474s] -- Found rosidl_generator_c: 3.1.6 (/opt/ros/humble/share/rosidl_generator_c/cmake)
[1.477s] -- Found rosidl_adapter: 3.1.6 (/opt/ros/humble/share/rosidl_adapter/cmake)
[1.481s] -- Found rosidl_generator_cpp: 3.1.6 (/opt/ros/humble/share/rosidl_generator_cpp/cmake)
[1.488s] -- Using all available rosidl_typesupport_c: rosidl_typesupport_fastrtps_c;rosidl_typesupport_introspection_c
[1.497s] -- Using all available rosidl_typesupport_cpp: rosidl_typesupport_fastrtps_cpp;rosidl_typesupport_introspection_cpp
[1.522s] -- Found rmw_implementation_cmake: 6.1.2 (/opt/ros/humble/share/rmw_implementation_cmake/cmake)
[1.524s] -- Found rmw_fastrtps_cpp: 6.2.7 (/opt/ros/humble/share/rmw_fastrtps_cpp/cmake)
[1.579s] -- Found OpenSSL: /usr/lib/x86_64-linux-gnu/libcrypto.so (found version "3.0.2")  
[1.594s] -- Found FastRTPS: /opt/ros/humble/include  
[1.620s] -- Using RMW implementation 'rmw_fastrtps_cpp' as default
[1.625s] -- Found Threads: TRUE  
[1.687s] -- Found rclcpp_components: 16.0.11 (/opt/ros/humble/share/rclcpp_components/cmake)
[1.702s] -- Found tf2: 0.25.11 (/opt/ros/humble/share/tf2/cmake)
[1.705s] -- Found tf2_geometry_msgs: 0.25.11 (/opt/ros/humble/share/tf2_geometry_msgs/cmake)
[1.709s] -- Found eigen3_cmake_module: 0.1.1 (/opt/ros/humble/share/eigen3_cmake_module/cmake)
[1.710s] -- Found Eigen3: TRUE (found version "3.4.0") 
[1.711s] -- Ensuring Eigen3 include directory is part of orocos-kdl CMake target
[1.763s] -- Found ament_lint_auto: 0.12.11 (/opt/ros/humble/share/ament_lint_auto/cmake)
[1.816s] -- Added test 'cppcheck' to perform static code analysis on C / C++ code
[1.816s] -- Configured cppcheck include dirs: $<BUILD_INTERFACE:/home/alex/thesis_ws/src/perception_pcl/pcl_ros/include>
[1.816s] -- Configured cppcheck exclude dirs and/or files: 
[1.820s] -- Added test 'cpplint' to check C / C++ code against the Google style
[1.820s] -- Configured cpplint exclude dirs and/or files: 
[1.820s] -- Added test 'flake8' to check Python code syntax and style conventions
[1.821s] -- Added test 'lint_cmake' to check CMake code style
[1.822s] -- Added test 'pep257' to check Python code against some of the docstring style conventions in PEP 257
[1.825s] -- Added test 'uncrustify' to check C / C++ code style
[1.825s] -- Configured uncrustify additional arguments: 
[1.825s] -- Added test 'xmllint' to check XML markup files
[1.827s] -- Configuring done
[1.858s] -- Generating done
[1.865s] -- Build files have been written to: /home/alex/thesis_ws/build/pcl_ros
[1.876s] Invoked command in '/home/alex/thesis_ws/build/pcl_ros' returned '0': AMENT_PREFIX_PATH=/home/alex/thesis_ws/install/pcl_conversions:${AMENT_PREFIX_PATH} CMAKE_PREFIX_PATH=/home/alex/thesis_ws/install/pcl_conversions:/home/alex/thesis_ws/install/pointcloud_to_laserscan:/opt/ros/humble /usr/bin/cmake /home/alex/thesis_ws/src/perception_pcl/pcl_ros -DCMAKE_INSTALL_PREFIX=/home/alex/thesis_ws/install/pcl_ros
[1.878s] Invoking command in '/home/alex/thesis_ws/build/pcl_ros': AMENT_PREFIX_PATH=/home/alex/thesis_ws/install/pcl_conversions:${AMENT_PREFIX_PATH} CMAKE_PREFIX_PATH=/home/alex/thesis_ws/install/pcl_conversions:/home/alex/thesis_ws/install/pointcloud_to_laserscan:/opt/ros/humble /usr/bin/cmake --build /home/alex/thesis_ws/build/pcl_ros -- -j8 -l8
[1.911s] [ 50%] [32mBuilding CXX object CMakeFiles/pcd_to_pointcloud_lib.dir/tools/pcd_to_pointcloud.cpp.o[0m
[1.912s] [ 50%] [32mBuilding CXX object CMakeFiles/pcl_ros_tf.dir/src/transforms.cpp.o[0m
[1.912s] [ 50%] [32mBuilding CXX object CMakeFiles/pcd_to_pointcloud.dir/rclcpp_components/node_main_pcd_to_pointcloud.cpp.o[0m
[4.124s] [ 66%] [32m[1mLinking CXX executable pcd_to_pointcloud[0m
[4.208s] [ 66%] Built target pcd_to_pointcloud
[6.863s] [ 83%] [32m[1mLinking CXX shared library libpcd_to_pointcloud_lib.so[0m
[7.198s] [ 83%] Built target pcd_to_pointcloud_lib
[8.078s] [100%] [32m[1mLinking CXX static library libpcl_ros_tf.a[0m
[8.110s] [100%] Built target pcl_ros_tf
[8.118s] Invoked command in '/home/alex/thesis_ws/build/pcl_ros' returned '0': AMENT_PREFIX_PATH=/home/alex/thesis_ws/install/pcl_conversions:${AMENT_PREFIX_PATH} CMAKE_PREFIX_PATH=/home/alex/thesis_ws/install/pcl_conversions:/home/alex/thesis_ws/install/pointcloud_to_laserscan:/opt/ros/humble /usr/bin/cmake --build /home/alex/thesis_ws/build/pcl_ros -- -j8 -l8
[8.119s] Invoking command in '/home/alex/thesis_ws/build/pcl_ros': AMENT_PREFIX_PATH=/home/alex/thesis_ws/install/pcl_conversions:${AMENT_PREFIX_PATH} CMAKE_PREFIX_PATH=/home/alex/thesis_ws/install/pcl_conversions:/home/alex/thesis_ws/install/pointcloud_to_laserscan:/opt/ros/humble /usr/bin/cmake --install /home/alex/thesis_ws/build/pcl_ros
[8.124s] -- Install configuration: ""
[8.124s] -- Installing: /home/alex/thesis_ws/install/pcl_ros/lib/pcl_ros/pcd_to_pointcloud
[8.124s] -- Set runtime path of "/home/alex/thesis_ws/install/pcl_ros/lib/pcl_ros/pcd_to_pointcloud" to ""
[8.124s] -- Installing: /home/alex/thesis_ws/install/pcl_ros/include/pcl_ros
[8.124s] -- Installing: /home/alex/thesis_ws/install/pcl_ros/include/pcl_ros/pcl_ros
[8.124s] -- Installing: /home/alex/thesis_ws/install/pcl_ros/include/pcl_ros/pcl_ros/features
[8.124s] -- Installing: /home/alex/thesis_ws/install/pcl_ros/include/pcl_ros/pcl_ros/features/fpfh_omp.hpp
[8.125s] -- Installing: /home/alex/thesis_ws/install/pcl_ros/include/pcl_ros/pcl_ros/features/principal_curvatures.hpp
[8.125s] -- Installing: /home/alex/thesis_ws/install/pcl_ros/include/pcl_ros/pcl_ros/features/normal_3d.hpp
[8.125s] -- Installing: /home/alex/thesis_ws/install/pcl_ros/include/pcl_ros/pcl_ros/features/feature.hpp
[8.125s] -- Installing: /home/alex/thesis_ws/install/pcl_ros/include/pcl_ros/pcl_ros/features/vfh.hpp
[8.125s] -- Installing: /home/alex/thesis_ws/install/pcl_ros/include/pcl_ros/pcl_ros/features/shot_omp.hpp
[8.125s] -- Installing: /home/alex/thesis_ws/install/pcl_ros/include/pcl_ros/pcl_ros/features/normal_3d_tbb.hpp
[8.125s] -- Installing: /home/alex/thesis_ws/install/pcl_ros/include/pcl_ros/pcl_ros/features/shot.hpp
[8.125s] -- Installing: /home/alex/thesis_ws/install/pcl_ros/include/pcl_ros/pcl_ros/features/normal_3d_omp.hpp
[8.125s] -- Installing: /home/alex/thesis_ws/install/pcl_ros/include/pcl_ros/pcl_ros/features/fpfh.hpp
[8.125s] -- Installing: /home/alex/thesis_ws/install/pcl_ros/include/pcl_ros/pcl_ros/features/pfh.hpp
[8.125s] -- Installing: /home/alex/thesis_ws/install/pcl_ros/include/pcl_ros/pcl_ros/features/boundary.hpp
[8.125s] -- Installing: /home/alex/thesis_ws/install/pcl_ros/include/pcl_ros/pcl_ros/features/moment_invariants.hpp
[8.125s] -- Installing: /home/alex/thesis_ws/install/pcl_ros/include/pcl_ros/pcl_ros/io
[8.125s] -- Installing: /home/alex/thesis_ws/install/pcl_ros/include/pcl_ros/pcl_ros/io/bag_io.hpp
[8.125s] -- Installing: /home/alex/thesis_ws/install/pcl_ros/include/pcl_ros/pcl_ros/io/concatenate_data.hpp
[8.125s] -- Installing: /home/alex/thesis_ws/install/pcl_ros/include/pcl_ros/pcl_ros/io/concatenate_fields.hpp
[8.126s] -- Installing: /home/alex/thesis_ws/install/pcl_ros/include/pcl_ros/pcl_ros/io/pcd_io.hpp
[8.126s] -- Installing: /home/alex/thesis_ws/install/pcl_ros/include/pcl_ros/pcl_ros/transforms.hpp
[8.126s] -- Installing: /home/alex/thesis_ws/install/pcl_ros/include/pcl_ros/pcl_ros/pcl_nodelet.hpp
[8.126s] -- Installing: /home/alex/thesis_ws/install/pcl_ros/include/pcl_ros/pcl_ros/point_cloud.hpp
[8.126s] -- Installing: /home/alex/thesis_ws/install/pcl_ros/include/pcl_ros/pcl_ros/filters
[8.126s] -- Installing: /home/alex/thesis_ws/install/pcl_ros/include/pcl_ros/pcl_ros/filters/statistical_outlier_removal.hpp
[8.126s] -- Installing: /home/alex/thesis_ws/install/pcl_ros/include/pcl_ros/pcl_ros/filters/passthrough.hpp
[8.126s] -- Installing: /home/alex/thesis_ws/install/pcl_ros/include/pcl_ros/pcl_ros/filters/project_inliers.hpp
[8.126s] -- Installing: /home/alex/thesis_ws/install/pcl_ros/include/pcl_ros/pcl_ros/filters/crop_box.hpp
[8.126s] -- Installing: /home/alex/thesis_ws/install/pcl_ros/include/pcl_ros/pcl_ros/filters/radius_outlier_removal.hpp
[8.126s] -- Installing: /home/alex/thesis_ws/install/pcl_ros/include/pcl_ros/pcl_ros/filters/extract_indices.hpp
[8.126s] -- Installing: /home/alex/thesis_ws/install/pcl_ros/include/pcl_ros/pcl_ros/filters/filter.hpp
[8.126s] -- Installing: /home/alex/thesis_ws/install/pcl_ros/include/pcl_ros/pcl_ros/filters/voxel_grid.hpp
[8.126s] -- Installing: /home/alex/thesis_ws/install/pcl_ros/include/pcl_ros/pcl_ros/surface
[8.126s] -- Installing: /home/alex/thesis_ws/install/pcl_ros/include/pcl_ros/pcl_ros/surface/convex_hull.hpp
[8.127s] -- Installing: /home/alex/thesis_ws/install/pcl_ros/include/pcl_ros/pcl_ros/surface/moving_least_squares.hpp
[8.127s] -- Installing: /home/alex/thesis_ws/install/pcl_ros/include/pcl_ros/pcl_ros/publisher.hpp
[8.127s] -- Installing: /home/alex/thesis_ws/install/pcl_ros/include/pcl_ros/pcl_ros/segmentation
[8.127s] -- Installing: /home/alex/thesis_ws/install/pcl_ros/include/pcl_ros/pcl_ros/segmentation/extract_polygonal_prism_data.hpp
[8.127s] -- Installing: /home/alex/thesis_ws/install/pcl_ros/include/pcl_ros/pcl_ros/segmentation/sac_segmentation.hpp
[8.127s] -- Installing: /home/alex/thesis_ws/install/pcl_ros/include/pcl_ros/pcl_ros/segmentation/segment_differences.hpp
[8.127s] -- Installing: /home/alex/thesis_ws/install/pcl_ros/include/pcl_ros/pcl_ros/segmentation/extract_clusters.hpp
[8.127s] -- Installing: /home/alex/thesis_ws/install/pcl_ros/include/pcl_ros/pcl_ros/impl
[8.127s] -- Installing: /home/alex/thesis_ws/install/pcl_ros/include/pcl_ros/pcl_ros/impl/transforms.hpp
[8.127s] -- Installing: /home/alex/thesis_ws/install/pcl_ros/lib/libpcl_ros_tf.a
[8.127s] -- Installing: /home/alex/thesis_ws/install/pcl_ros/lib/libpcd_to_pointcloud_lib.so
[8.128s] -- Set runtime path of "/home/alex/thesis_ws/install/pcl_ros/lib/libpcd_to_pointcloud_lib.so" to ""
[8.128s] -- Installing: /home/alex/thesis_ws/install/pcl_ros/share/pcl_ros/plugins
[8.128s] -- Installing: /home/alex/thesis_ws/install/pcl_ros/share/pcl_ros/plugins/nodelet
[8.128s] -- Installing: /home/alex/thesis_ws/install/pcl_ros/share/pcl_ros/plugins/nodelet/libpcl_ros_surface.xml
[8.128s] -- Installing: /home/alex/thesis_ws/install/pcl_ros/share/pcl_ros/plugins/nodelet/libpcl_ros_features.xml
[8.129s] -- Installing: /home/alex/thesis_ws/install/pcl_ros/share/pcl_ros/plugins/nodelet/libpcl_ros_io.xml
[8.129s] -- Installing: /home/alex/thesis_ws/install/pcl_ros/share/pcl_ros/plugins/nodelet/libpcl_ros_filters.xml
[8.129s] -- Installing: /home/alex/thesis_ws/install/pcl_ros/share/pcl_ros/plugins/nodelet/libpcl_ros_segmentation.xml
[8.129s] -- Installing: /home/alex/thesis_ws/install/pcl_ros/share/pcl_ros/samples
[8.129s] -- Installing: /home/alex/thesis_ws/install/pcl_ros/share/pcl_ros/samples/pcl_ros
[8.129s] -- Installing: /home/alex/thesis_ws/install/pcl_ros/share/pcl_ros/samples/pcl_ros/features
[8.129s] -- Installing: /home/alex/thesis_ws/install/pcl_ros/share/pcl_ros/samples/pcl_ros/features/sample_normal_3d.launch
[8.129s] -- Installing: /home/alex/thesis_ws/install/pcl_ros/share/pcl_ros/samples/pcl_ros/io
[8.129s] -- Installing: /home/alex/thesis_ws/install/pcl_ros/share/pcl_ros/samples/pcl_ros/io/sample_concatenate_data.launch
[8.129s] -- Installing: /home/alex/thesis_ws/install/pcl_ros/share/pcl_ros/samples/pcl_ros/filters
[8.129s] -- Installing: /home/alex/thesis_ws/install/pcl_ros/share/pcl_ros/samples/pcl_ros/filters/sample_voxel_grid.launch
[8.129s] -- Installing: /home/alex/thesis_ws/install/pcl_ros/share/pcl_ros/samples/pcl_ros/filters/sample_statistical_outlier_removal.launch
[8.129s] -- Installing: /home/alex/thesis_ws/install/pcl_ros/share/pcl_ros/samples/pcl_ros/filters/config
[8.129s] -- Installing: /home/alex/thesis_ws/install/pcl_ros/share/pcl_ros/samples/pcl_ros/filters/config/statistical_outlier_removal.rviz
[8.130s] -- Installing: /home/alex/thesis_ws/install/pcl_ros/share/pcl_ros/samples/pcl_ros/filters/config/voxel_grid.rviz
[8.130s] -- Installing: /home/alex/thesis_ws/install/pcl_ros/share/pcl_ros/samples/pcl_ros/surface
[8.130s] -- Installing: /home/alex/thesis_ws/install/pcl_ros/share/pcl_ros/samples/pcl_ros/surface/sample_convex_hull.launch
[8.130s] -- Installing: /home/alex/thesis_ws/install/pcl_ros/share/pcl_ros/samples/pcl_ros/segmentation
[8.130s] -- Installing: /home/alex/thesis_ws/install/pcl_ros/share/pcl_ros/samples/pcl_ros/segmentation/sample_extract_clusters.launch
[8.130s] -- Installing: /home/alex/thesis_ws/install/pcl_ros/share/pcl_ros/samples/data
[8.130s] -- Installing: /home/alex/thesis_ws/install/pcl_ros/share/pcl_ros/samples/data/.gitignore
[8.130s] -- Installing: /home/alex/thesis_ws/install/pcl_ros/share/pcl_ros/environment/library_path.sh
[8.130s] -- Installing: /home/alex/thesis_ws/install/pcl_ros/share/pcl_ros/environment/library_path.dsv
[8.130s] -- Installing: /home/alex/thesis_ws/install/pcl_ros/share/ament_index/resource_index/package_run_dependencies/pcl_ros
[8.130s] -- Installing: /home/alex/thesis_ws/install/pcl_ros/share/ament_index/resource_index/parent_prefix_path/pcl_ros
[8.130s] -- Installing: /home/alex/thesis_ws/install/pcl_ros/share/pcl_ros/environment/ament_prefix_path.sh
[8.130s] -- Installing: /home/alex/thesis_ws/install/pcl_ros/share/pcl_ros/environment/ament_prefix_path.dsv
[8.130s] -- Installing: /home/alex/thesis_ws/install/pcl_ros/share/pcl_ros/environment/path.sh
[8.130s] -- Installing: /home/alex/thesis_ws/install/pcl_ros/share/pcl_ros/environment/path.dsv
[8.131s] -- Installing: /home/alex/thesis_ws/install/pcl_ros/share/pcl_ros/local_setup.bash
[8.131s] -- Installing: /home/alex/thesis_ws/install/pcl_ros/share/pcl_ros/local_setup.sh
[8.131s] -- Installing: /home/alex/thesis_ws/install/pcl_ros/share/pcl_ros/local_setup.zsh
[8.131s] -- Installing: /home/alex/thesis_ws/install/pcl_ros/share/pcl_ros/local_setup.dsv
[8.131s] -- Installing: /home/alex/thesis_ws/install/pcl_ros/share/pcl_ros/package.dsv
[8.131s] -- Installing: /home/alex/thesis_ws/install/pcl_ros/share/ament_index/resource_index/packages/pcl_ros
[8.131s] -- Installing: /home/alex/thesis_ws/install/pcl_ros/share/ament_index/resource_index/rclcpp_components/pcl_ros
[8.131s] -- Installing: /home/alex/thesis_ws/install/pcl_ros/share/pcl_ros/cmake/export_pcl_rosExport.cmake
[8.131s] -- Installing: /home/alex/thesis_ws/install/pcl_ros/share/pcl_ros/cmake/export_pcl_rosExport-noconfig.cmake
[8.131s] -- Installing: /home/alex/thesis_ws/install/pcl_ros/share/pcl_ros/cmake/ament_cmake_export_include_directories-extras.cmake
[8.131s] -- Installing: /home/alex/thesis_ws/install/pcl_ros/share/pcl_ros/cmake/ament_cmake_export_libraries-extras.cmake
[8.131s] -- Installing: /home/alex/thesis_ws/install/pcl_ros/share/pcl_ros/cmake/ament_cmake_export_targets-extras.cmake
[8.131s] -- Installing: /home/alex/thesis_ws/install/pcl_ros/share/pcl_ros/cmake/ament_cmake_export_dependencies-extras.cmake
[8.131s] -- Installing: /home/alex/thesis_ws/install/pcl_ros/share/pcl_ros/cmake/pcl_rosConfig.cmake
[8.131s] -- Installing: /home/alex/thesis_ws/install/pcl_ros/share/pcl_ros/cmake/pcl_rosConfig-version.cmake
[8.131s] -- Installing: /home/alex/thesis_ws/install/pcl_ros/share/pcl_ros/package.xml
[8.132s] Invoked command in '/home/alex/thesis_ws/build/pcl_ros' returned '0': AMENT_PREFIX_PATH=/home/alex/thesis_ws/install/pcl_conversions:${AMENT_PREFIX_PATH} CMAKE_PREFIX_PATH=/home/alex/thesis_ws/install/pcl_conversions:/home/alex/thesis_ws/install/pointcloud_to_laserscan:/opt/ros/humble /usr/bin/cmake --install /home/alex/thesis_ws/build/pcl_ros
