[0.007s] Invoking command in '/home/alex/thesis_ws/build/pointcloud_to_laserscan': CMAKE_PREFIX_PATH=${CMAKE_PREFIX_PATH}:/opt/ros/humble /usr/bin/cmake --build /home/alex/thesis_ws/build/pointcloud_to_laserscan -- -j8 -l8
[0.042s] [ 40%] Built target pointcloud_to_laserscan_node
[0.042s] [ 40%] Built target laserscan_to_pointcloud_node
[0.043s] [ 60%] Built target laserscan_to_pointcloud
[0.053s] [35m[1mConsolidate compiler generated dependencies of target pointcloud_to_laserscan[0m
[0.067s] [ 70%] [32mBuilding CXX object CMakeFiles/pointcloud_to_laserscan.dir/src/pointcloud_to_laserscan_node.cpp.o[0m
[8.250s] [ 80%] [32m[1mLinking CXX shared library libpointcloud_to_laserscan.so[0m
[8.691s] [ 80%] Built target pointcloud_to_laserscan
[8.709s] [ 90%] [32m[1mLinking CXX executable dummy_pointcloud_publisher[0m
[8.878s] [100%] Built target dummy_pointcloud_publisher
[8.887s] Invoked command in '/home/alex/thesis_ws/build/pointcloud_to_laserscan' returned '0': CMAKE_PREFIX_PATH=${CMAKE_PREFIX_PATH}:/opt/ros/humble /usr/bin/cmake --build /home/alex/thesis_ws/build/pointcloud_to_laserscan -- -j8 -l8
[8.893s] Invoking command in '/home/alex/thesis_ws/build/pointcloud_to_laserscan': CMAKE_PREFIX_PATH=${CMAKE_PREFIX_PATH}:/opt/ros/humble /usr/bin/cmake --install /home/alex/thesis_ws/build/pointcloud_to_laserscan
[8.898s] -- Install configuration: ""
[8.898s] -- Up-to-date: /home/alex/thesis_ws/install/pointcloud_to_laserscan/lib/pointcloud_to_laserscan/laserscan_to_pointcloud_node
[8.898s] -- Up-to-date: /home/alex/thesis_ws/install/pointcloud_to_laserscan/lib/pointcloud_to_laserscan/pointcloud_to_laserscan_node
[8.898s] -- Up-to-date: /home/alex/thesis_ws/install/pointcloud_to_laserscan/include
[8.899s] -- Up-to-date: /home/alex/thesis_ws/install/pointcloud_to_laserscan/include/pointcloud_to_laserscan
[8.899s] -- Installing: /home/alex/thesis_ws/install/pointcloud_to_laserscan/include/pointcloud_to_laserscan/pointcloud_to_laserscan_node.hpp
[8.899s] -- Up-to-date: /home/alex/thesis_ws/install/pointcloud_to_laserscan/include/pointcloud_to_laserscan/visibility_control.h
[8.899s] -- Up-to-date: /home/alex/thesis_ws/install/pointcloud_to_laserscan/include/pointcloud_to_laserscan/laserscan_to_pointcloud_node.hpp
[8.899s] -- Up-to-date: /home/alex/thesis_ws/install/pointcloud_to_laserscan/share/pointcloud_to_laserscan/environment/library_path.sh
[8.899s] -- Up-to-date: /home/alex/thesis_ws/install/pointcloud_to_laserscan/share/pointcloud_to_laserscan/environment/library_path.dsv
[8.899s] -- Up-to-date: /home/alex/thesis_ws/install/pointcloud_to_laserscan/lib/liblaserscan_to_pointcloud.so
[8.899s] -- Installing: /home/alex/thesis_ws/install/pointcloud_to_laserscan/lib/libpointcloud_to_laserscan.so
[8.905s] -- Set runtime path of "/home/alex/thesis_ws/install/pointcloud_to_laserscan/lib/libpointcloud_to_laserscan.so" to ""
[8.905s] -- Installing: /home/alex/thesis_ws/install/pointcloud_to_laserscan/lib/pointcloud_to_laserscan/dummy_pointcloud_publisher
[8.906s] -- Set runtime path of "/home/alex/thesis_ws/install/pointcloud_to_laserscan/lib/pointcloud_to_laserscan/dummy_pointcloud_publisher" to ""
[8.906s] -- Up-to-date: /home/alex/thesis_ws/install/pointcloud_to_laserscan/share/pointcloud_to_laserscan/launch
[8.906s] -- Up-to-date: /home/alex/thesis_ws/install/pointcloud_to_laserscan/share/pointcloud_to_laserscan/launch/sample_laserscan_to_pointcloud_launch.py
[8.906s] -- Up-to-date: /home/alex/thesis_ws/install/pointcloud_to_laserscan/share/pointcloud_to_laserscan/launch/sample_pointcloud_to_laserscan_launch.py
[8.906s] -- Up-to-date: /home/alex/thesis_ws/install/pointcloud_to_laserscan/share/ament_index/resource_index/package_run_dependencies/pointcloud_to_laserscan
[8.906s] -- Up-to-date: /home/alex/thesis_ws/install/pointcloud_to_laserscan/share/ament_index/resource_index/parent_prefix_path/pointcloud_to_laserscan
[8.906s] -- Up-to-date: /home/alex/thesis_ws/install/pointcloud_to_laserscan/share/pointcloud_to_laserscan/environment/ament_prefix_path.sh
[8.906s] -- Up-to-date: /home/alex/thesis_ws/install/pointcloud_to_laserscan/share/pointcloud_to_laserscan/environment/ament_prefix_path.dsv
[8.906s] -- Up-to-date: /home/alex/thesis_ws/install/pointcloud_to_laserscan/share/pointcloud_to_laserscan/environment/path.sh
[8.907s] -- Up-to-date: /home/alex/thesis_ws/install/pointcloud_to_laserscan/share/pointcloud_to_laserscan/environment/path.dsv
[8.907s] -- Up-to-date: /home/alex/thesis_ws/install/pointcloud_to_laserscan/share/pointcloud_to_laserscan/local_setup.bash
[8.907s] -- Up-to-date: /home/alex/thesis_ws/install/pointcloud_to_laserscan/share/pointcloud_to_laserscan/local_setup.sh
[8.907s] -- Up-to-date: /home/alex/thesis_ws/install/pointcloud_to_laserscan/share/pointcloud_to_laserscan/local_setup.zsh
[8.907s] -- Up-to-date: /home/alex/thesis_ws/install/pointcloud_to_laserscan/share/pointcloud_to_laserscan/local_setup.dsv
[8.907s] -- Installing: /home/alex/thesis_ws/install/pointcloud_to_laserscan/share/pointcloud_to_laserscan/package.dsv
[8.907s] -- Up-to-date: /home/alex/thesis_ws/install/pointcloud_to_laserscan/share/ament_index/resource_index/packages/pointcloud_to_laserscan
[8.907s] -- Up-to-date: /home/alex/thesis_ws/install/pointcloud_to_laserscan/share/ament_index/resource_index/rclcpp_components/pointcloud_to_laserscan
[8.907s] -- Up-to-date: /home/alex/thesis_ws/install/pointcloud_to_laserscan/share/pointcloud_to_laserscan/cmake/ament_cmake_export_dependencies-extras.cmake
[8.907s] -- Up-to-date: /home/alex/thesis_ws/install/pointcloud_to_laserscan/share/pointcloud_to_laserscan/cmake/ament_cmake_export_include_directories-extras.cmake
[8.907s] -- Up-to-date: /home/alex/thesis_ws/install/pointcloud_to_laserscan/share/pointcloud_to_laserscan/cmake/ament_cmake_export_libraries-extras.cmake
[8.907s] -- Up-to-date: /home/alex/thesis_ws/install/pointcloud_to_laserscan/share/pointcloud_to_laserscan/cmake/pointcloud_to_laserscanConfig.cmake
[8.907s] -- Up-to-date: /home/alex/thesis_ws/install/pointcloud_to_laserscan/share/pointcloud_to_laserscan/cmake/pointcloud_to_laserscanConfig-version.cmake
[8.907s] -- Up-to-date: /home/alex/thesis_ws/install/pointcloud_to_laserscan/share/pointcloud_to_laserscan/package.xml
[8.909s] Invoked command in '/home/alex/thesis_ws/build/pointcloud_to_laserscan' returned '0': CMAKE_PREFIX_PATH=${CMAKE_PREFIX_PATH}:/opt/ros/humble /usr/bin/cmake --install /home/alex/thesis_ws/build/pointcloud_to_laserscan
