[0.007s] Invoking command in '/home/alex/thesis_ws/build/pcl_conversions': CMAKE_PREFIX_PATH=${CMAKE_PREFIX_PATH}:/opt/ros/humble /usr/bin/cmake /home/alex/thesis_ws/src/perception_pcl/pcl_conversions -DCMAKE_INSTALL_PREFIX=/home/alex/thesis_ws/install/pcl_conversions
[0.040s] -- The C compiler identification is GNU 11.4.0
[0.076s] -- The CXX compiler identification is GNU 11.4.0
[0.081s] -- Detecting C compiler ABI info
[0.124s] -- Detecting C compiler ABI info - done
[0.129s] -- Check for working C compiler: /usr/bin/cc - skipped
[0.129s] -- Detecting C compile features
[0.129s] -- Detecting C compile features - done
[0.131s] -- Detecting CXX compiler ABI info
[0.182s] -- Detecting CXX compiler ABI info - done
[0.189s] -- Check for working CXX compiler: /usr/bin/c++ - skipped
[0.189s] -- Detecting CXX compile features
[0.189s] -- Detecting CXX compile features - done
[0.191s] -- Found ament_cmake: 1.3.11 (/opt/ros/humble/share/ament_cmake/cmake)
[0.285s] -- Found Python3: /usr/bin/python3 (found version "3.10.12") found components: Interpreter 
[0.348s] -- Found Boost: /usr/lib/x86_64-linux-gnu/cmake/Boost-1.74.0/BoostConfig.cmake (found version "1.74.0")  
[0.353s] -- Found message_filters: 4.3.5 (/opt/ros/humble/share/message_filters/cmake)
[0.377s] -- Found rosidl_generator_c: 3.1.6 (/opt/ros/humble/share/rosidl_generator_c/cmake)
[0.379s] -- Found rosidl_adapter: 3.1.6 (/opt/ros/humble/share/rosidl_adapter/cmake)
[0.384s] -- Found rosidl_generator_cpp: 3.1.6 (/opt/ros/humble/share/rosidl_generator_cpp/cmake)
[0.390s] -- Using all available rosidl_typesupport_c: rosidl_typesupport_fastrtps_c;rosidl_typesupport_introspection_c
[0.400s] -- Using all available rosidl_typesupport_cpp: rosidl_typesupport_fastrtps_cpp;rosidl_typesupport_introspection_cpp
[0.428s] -- Found rmw_implementation_cmake: 6.1.2 (/opt/ros/humble/share/rmw_implementation_cmake/cmake)
[0.430s] -- Found rmw_fastrtps_cpp: 6.2.7 (/opt/ros/humble/share/rmw_fastrtps_cpp/cmake)
[0.479s] -- Found OpenSSL: /usr/lib/x86_64-linux-gnu/libcrypto.so (found version "3.0.2")  
[0.495s] -- Found FastRTPS: /opt/ros/humble/include  
[0.517s] -- Using RMW implementation 'rmw_fastrtps_cpp' as default
[0.521s] -- Looking for pthread.h
[0.570s] -- Looking for pthread.h - found
[0.570s] -- Performing Test CMAKE_HAVE_LIBC_PTHREAD
[0.616s] -- Performing Test CMAKE_HAVE_LIBC_PTHREAD - Success
[0.617s] -- Found Threads: TRUE  
[0.657s] -- Checking for module 'eigen3'
[0.665s] --   Found eigen3, version 3.4.0
[0.683s] -- Found Eigen: /usr/include/eigen3 (Required is at least version "3.1") 
[0.683s] -- Eigen found (include: /usr/include/eigen3, version: 3.4.0)
[0.726s] -- Checking for module 'libusb-1.0'
[0.734s] --   Found libusb-1.0, version 1.0.25
[0.764s] -- Found libusb: /usr/lib/x86_64-linux-gnu/libusb-1.0.so  
[0.765s] -- OpenNI found (version: 1.5.4.0, include: /usr/include/ni, lib: /usr/lib/libOpenNI.so;libusb::libusb)
[0.822s] -- OpenNI2 found (version: 2.2.0.33, include: /usr/include/openni2, lib: /usr/lib/x86_64-linux-gnu/libOpenNI2.so;libusb::libusb)
[1.389s] -- Eigen found (include: /usr/include/eigen3, version: 3.4.0)
[1.390s] -- Found PCL_COMMON: /usr/lib/x86_64-linux-gnu/libpcl_common.so  
[1.390s] -- Found PCL_OCTREE: /usr/lib/x86_64-linux-gnu/libpcl_octree.so  
[1.391s] -- Found PCL_IO: /usr/lib/x86_64-linux-gnu/libpcl_io.so  
[1.392s] -- Found pcl_msgs: 1.0.0 (/opt/ros/humble/share/pcl_msgs/cmake)
[1.423s] -- Found ament_cmake_gtest: 1.3.11 (/opt/ros/humble/share/ament_cmake_gtest/cmake)
[1.432s] -- Found gtest sources under '/opt/ros/humble/src/gtest_vendor': C++ tests using 'Google Test' will be built
[1.477s] -- Configuring done
[1.489s] -- Generating done
[1.492s] -- Build files have been written to: /home/alex/thesis_ws/build/pcl_conversions
[1.503s] Invoked command in '/home/alex/thesis_ws/build/pcl_conversions' returned '0': CMAKE_PREFIX_PATH=${CMAKE_PREFIX_PATH}:/opt/ros/humble /usr/bin/cmake /home/alex/thesis_ws/src/perception_pcl/pcl_conversions -DCMAKE_INSTALL_PREFIX=/home/alex/thesis_ws/install/pcl_conversions
[1.504s] Invoking command in '/home/alex/thesis_ws/build/pcl_conversions': CMAKE_PREFIX_PATH=${CMAKE_PREFIX_PATH}:/opt/ros/humble /usr/bin/cmake --build /home/alex/thesis_ws/build/pcl_conversions -- -j8 -l8
[1.536s] [ 16%] [32mBuilding CXX object gtest/CMakeFiles/gtest.dir/src/gtest-all.cc.o[0m
[1.537s] [ 33%] [32mBuilding CXX object gtest/CMakeFiles/gtest_main.dir/src/gtest_main.cc.o[0m
[1.923s] [ 50%] [32m[1mLinking CXX static library libgtest_main.a[0m
[1.943s] [ 50%] Built target gtest_main
[3.310s] [ 66%] [32m[1mLinking CXX static library libgtest.a[0m
[3.349s] [ 66%] Built target gtest
[3.362s] [ 83%] [32mBuilding CXX object CMakeFiles/pcl_conversions-test.dir/test/test_pcl_conversions.cpp.o[0m
[7.530s] [100%] [32m[1mLinking CXX executable pcl_conversions-test[0m
[7.721s] [100%] Built target pcl_conversions-test
[7.729s] Invoked command in '/home/alex/thesis_ws/build/pcl_conversions' returned '0': CMAKE_PREFIX_PATH=${CMAKE_PREFIX_PATH}:/opt/ros/humble /usr/bin/cmake --build /home/alex/thesis_ws/build/pcl_conversions -- -j8 -l8
[7.735s] Invoking command in '/home/alex/thesis_ws/build/pcl_conversions': CMAKE_PREFIX_PATH=${CMAKE_PREFIX_PATH}:/opt/ros/humble /usr/bin/cmake --install /home/alex/thesis_ws/build/pcl_conversions
[7.739s] -- Install configuration: ""
[7.739s] -- Installing: /home/alex/thesis_ws/install/pcl_conversions/include/pcl_conversions
[7.739s] -- Installing: /home/alex/thesis_ws/install/pcl_conversions/include/pcl_conversions/pcl_conversions
[7.739s] -- Installing: /home/alex/thesis_ws/install/pcl_conversions/include/pcl_conversions/pcl_conversions/pcl_conversions.h
[7.740s] -- Installing: /home/alex/thesis_ws/install/pcl_conversions/share/ament_index/resource_index/package_run_dependencies/pcl_conversions
[7.740s] -- Installing: /home/alex/thesis_ws/install/pcl_conversions/share/ament_index/resource_index/parent_prefix_path/pcl_conversions
[7.740s] -- Installing: /home/alex/thesis_ws/install/pcl_conversions/share/pcl_conversions/environment/ament_prefix_path.sh
[7.740s] -- Installing: /home/alex/thesis_ws/install/pcl_conversions/share/pcl_conversions/environment/ament_prefix_path.dsv
[7.740s] -- Installing: /home/alex/thesis_ws/install/pcl_conversions/share/pcl_conversions/environment/path.sh
[7.740s] -- Installing: /home/alex/thesis_ws/install/pcl_conversions/share/pcl_conversions/environment/path.dsv
[7.740s] -- Installing: /home/alex/thesis_ws/install/pcl_conversions/share/pcl_conversions/local_setup.bash
[7.740s] -- Installing: /home/alex/thesis_ws/install/pcl_conversions/share/pcl_conversions/local_setup.sh
[7.740s] -- Installing: /home/alex/thesis_ws/install/pcl_conversions/share/pcl_conversions/local_setup.zsh
[7.740s] -- Installing: /home/alex/thesis_ws/install/pcl_conversions/share/pcl_conversions/local_setup.dsv
[7.741s] -- Installing: /home/alex/thesis_ws/install/pcl_conversions/share/pcl_conversions/package.dsv
[7.741s] -- Installing: /home/alex/thesis_ws/install/pcl_conversions/share/ament_index/resource_index/packages/pcl_conversions
[7.741s] -- Installing: /home/alex/thesis_ws/install/pcl_conversions/share/pcl_conversions/cmake/ament_cmake_export_include_directories-extras.cmake
[7.741s] -- Installing: /home/alex/thesis_ws/install/pcl_conversions/share/pcl_conversions/cmake/ament_cmake_export_dependencies-extras.cmake
[7.741s] -- Installing: /home/alex/thesis_ws/install/pcl_conversions/share/pcl_conversions/cmake/pcl_conversionsConfig.cmake
[7.741s] -- Installing: /home/alex/thesis_ws/install/pcl_conversions/share/pcl_conversions/cmake/pcl_conversionsConfig-version.cmake
[7.741s] -- Installing: /home/alex/thesis_ws/install/pcl_conversions/share/pcl_conversions/package.xml
[7.742s] Invoked command in '/home/alex/thesis_ws/build/pcl_conversions' returned '0': CMAKE_PREFIX_PATH=${CMAKE_PREFIX_PATH}:/opt/ros/humble /usr/bin/cmake --install /home/alex/thesis_ws/build/pcl_conversions
