[0.007s] Invoking command in '/home/alex/thesis_ws/new_clone/build/pcl_ros': AMENT_PREFIX_PATH=/home/alex/thesis_ws/new_clone/install/pcl_conversions:${AMENT_PREFIX_PATH} CMAKE_PREFIX_PATH=/home/alex/thesis_ws/new_clone/install/pcl_conversions:/home/alex/thesis_ws/install/pointcloud_to_laserscan:/home/alex/thesis_ws/install/perception_pcl:/home/alex/thesis_ws/install/pcl_ros:/home/alex/thesis_ws/install/pcl_conversions:/opt/ros/humble /usr/bin/cmake --build /home/alex/thesis_ws/new_clone/build/pcl_ros -- -j8 -l8
[0.038s] [35m[1mConsolidate compiler generated dependencies of target pcd_to_pointcloud[0m
[0.038s] [35m[1mConsolidate compiler generated dependencies of target pcd_to_pointcloud_lib[0m
[0.039s] [35m[1mConsolidate compiler generated dependencies of target pcl_ros_tf[0m
[0.050s] [ 33%] Built target pcd_to_pointcloud
[0.059s] [ 66%] Built target pcd_to_pointcloud_lib
[0.067s] [100%] Built target pcl_ros_tf
[0.075s] Invoked command in '/home/alex/thesis_ws/new_clone/build/pcl_ros' returned '0': AMENT_PREFIX_PATH=/home/alex/thesis_ws/new_clone/install/pcl_conversions:${AMENT_PREFIX_PATH} CMAKE_PREFIX_PATH=/home/alex/thesis_ws/new_clone/install/pcl_conversions:/home/alex/thesis_ws/install/pointcloud_to_laserscan:/home/alex/thesis_ws/install/perception_pcl:/home/alex/thesis_ws/install/pcl_ros:/home/alex/thesis_ws/install/pcl_conversions:/opt/ros/humble /usr/bin/cmake --build /home/alex/thesis_ws/new_clone/build/pcl_ros -- -j8 -l8
[0.077s] Invoking command in '/home/alex/thesis_ws/new_clone/build/pcl_ros': AMENT_PREFIX_PATH=/home/alex/thesis_ws/new_clone/install/pcl_conversions:${AMENT_PREFIX_PATH} CMAKE_PREFIX_PATH=/home/alex/thesis_ws/new_clone/install/pcl_conversions:/home/alex/thesis_ws/install/pointcloud_to_laserscan:/home/alex/thesis_ws/install/perception_pcl:/home/alex/thesis_ws/install/pcl_ros:/home/alex/thesis_ws/install/pcl_conversions:/opt/ros/humble /usr/bin/cmake --install /home/alex/thesis_ws/new_clone/build/pcl_ros
[0.083s] -- Install configuration: ""
[0.083s] -- Installing: /home/alex/thesis_ws/new_clone/install/pcl_ros/lib/pcl_ros/pcd_to_pointcloud
[0.083s] -- Set runtime path of "/home/alex/thesis_ws/new_clone/install/pcl_ros/lib/pcl_ros/pcd_to_pointcloud" to ""
[0.083s] -- Installing: /home/alex/thesis_ws/new_clone/install/pcl_ros/include/pcl_ros
[0.083s] -- Installing: /home/alex/thesis_ws/new_clone/install/pcl_ros/include/pcl_ros/pcl_ros
[0.083s] -- Installing: /home/alex/thesis_ws/new_clone/install/pcl_ros/include/pcl_ros/pcl_ros/features
[0.084s] -- Installing: /home/alex/thesis_ws/new_clone/install/pcl_ros/include/pcl_ros/pcl_ros/features/fpfh_omp.hpp
[0.084s] -- Installing: /home/alex/thesis_ws/new_clone/install/pcl_ros/include/pcl_ros/pcl_ros/features/principal_curvatures.hpp
[0.085s] -- Installing: /home/alex/thesis_ws/new_clone/install/pcl_ros/include/pcl_ros/pcl_ros/features/normal_3d.hpp
[0.085s] -- Installing: /home/alex/thesis_ws/new_clone/install/pcl_ros/include/pcl_ros/pcl_ros/features/feature.hpp
[0.085s] -- Installing: /home/alex/thesis_ws/new_clone/install/pcl_ros/include/pcl_ros/pcl_ros/features/vfh.hpp
[0.085s] -- Installing: /home/alex/thesis_ws/new_clone/install/pcl_ros/include/pcl_ros/pcl_ros/features/shot_omp.hpp
[0.085s] -- Installing: /home/alex/thesis_ws/new_clone/install/pcl_ros/include/pcl_ros/pcl_ros/features/normal_3d_tbb.hpp
[0.086s] -- Installing: /home/alex/thesis_ws/new_clone/install/pcl_ros/include/pcl_ros/pcl_ros/features/shot.hpp
[0.086s] -- Installing: /home/alex/thesis_ws/new_clone/install/pcl_ros/include/pcl_ros/pcl_ros/features/normal_3d_omp.hpp
[0.086s] -- Installing: /home/alex/thesis_ws/new_clone/install/pcl_ros/include/pcl_ros/pcl_ros/features/fpfh.hpp
[0.086s] -- Installing: /home/alex/thesis_ws/new_clone/install/pcl_ros/include/pcl_ros/pcl_ros/features/pfh.hpp
[0.086s] -- Installing: /home/alex/thesis_ws/new_clone/install/pcl_ros/include/pcl_ros/pcl_ros/features/boundary.hpp
[0.086s] -- Installing: /home/alex/thesis_ws/new_clone/install/pcl_ros/include/pcl_ros/pcl_ros/features/moment_invariants.hpp
[0.087s] -- Installing: /home/alex/thesis_ws/new_clone/install/pcl_ros/include/pcl_ros/pcl_ros/io
[0.087s] -- Installing: /home/alex/thesis_ws/new_clone/install/pcl_ros/include/pcl_ros/pcl_ros/io/bag_io.hpp
[0.087s] -- Installing: /home/alex/thesis_ws/new_clone/install/pcl_ros/include/pcl_ros/pcl_ros/io/concatenate_data.hpp
[0.088s] -- Installing: /home/alex/thesis_ws/new_clone/install/pcl_ros/include/pcl_ros/pcl_ros/io/concatenate_fields.hpp
[0.088s] -- Installing: /home/alex/thesis_ws/new_clone/install/pcl_ros/include/pcl_ros/pcl_ros/io/pcd_io.hpp
[0.089s] -- Installing: /home/alex/thesis_ws/new_clone/install/pcl_ros/include/pcl_ros/pcl_ros/transforms.hpp
[0.089s] -- Installing: /home/alex/thesis_ws/new_clone/install/pcl_ros/include/pcl_ros/pcl_ros/pcl_nodelet.hpp
[0.089s] -- Installing: /home/alex/thesis_ws/new_clone/install/pcl_ros/include/pcl_ros/pcl_ros/point_cloud.hpp
[0.090s] -- Installing: /home/alex/thesis_ws/new_clone/install/pcl_ros/include/pcl_ros/pcl_ros/filters
[0.090s] -- Installing: /home/alex/thesis_ws/new_clone/install/pcl_ros/include/pcl_ros/pcl_ros/filters/statistical_outlier_removal.hpp
[0.091s] -- Installing: /home/alex/thesis_ws/new_clone/install/pcl_ros/include/pcl_ros/pcl_ros/filters/passthrough.hpp
[0.091s] -- Installing: /home/alex/thesis_ws/new_clone/install/pcl_ros/include/pcl_ros/pcl_ros/filters/project_inliers.hpp
[0.092s] -- Installing: /home/alex/thesis_ws/new_clone/install/pcl_ros/include/pcl_ros/pcl_ros/filters/crop_box.hpp
[0.092s] -- Installing: /home/alex/thesis_ws/new_clone/install/pcl_ros/include/pcl_ros/pcl_ros/filters/radius_outlier_removal.hpp
[0.092s] -- Installing: /home/alex/thesis_ws/new_clone/install/pcl_ros/include/pcl_ros/pcl_ros/filters/extract_indices.hpp
[0.093s] -- Installing: /home/alex/thesis_ws/new_clone/install/pcl_ros/include/pcl_ros/pcl_ros/filters/filter.hpp
[0.093s] -- Installing: /home/alex/thesis_ws/new_clone/install/pcl_ros/include/pcl_ros/pcl_ros/filters/voxel_grid.hpp
[0.094s] -- Installing: /home/alex/thesis_ws/new_clone/install/pcl_ros/include/pcl_ros/pcl_ros/surface
[0.094s] -- Installing: /home/alex/thesis_ws/new_clone/install/pcl_ros/include/pcl_ros/pcl_ros/surface/convex_hull.hpp
[0.095s] -- Installing: /home/alex/thesis_ws/new_clone/install/pcl_ros/include/pcl_ros/pcl_ros/surface/moving_least_squares.hpp
[0.095s] -- Installing: /home/alex/thesis_ws/new_clone/install/pcl_ros/include/pcl_ros/pcl_ros/publisher.hpp
[0.095s] -- Installing: /home/alex/thesis_ws/new_clone/install/pcl_ros/include/pcl_ros/pcl_ros/segmentation
[0.096s] -- Installing: /home/alex/thesis_ws/new_clone/install/pcl_ros/include/pcl_ros/pcl_ros/segmentation/extract_polygonal_prism_data.hpp
[0.096s] -- Installing: /home/alex/thesis_ws/new_clone/install/pcl_ros/include/pcl_ros/pcl_ros/segmentation/sac_segmentation.hpp
[0.096s] -- Installing: /home/alex/thesis_ws/new_clone/install/pcl_ros/include/pcl_ros/pcl_ros/segmentation/segment_differences.hpp
[0.097s] -- Installing: /home/alex/thesis_ws/new_clone/install/pcl_ros/include/pcl_ros/pcl_ros/segmentation/extract_clusters.hpp
[0.097s] -- Installing: /home/alex/thesis_ws/new_clone/install/pcl_ros/include/pcl_ros/pcl_ros/impl
[0.097s] -- Installing: /home/alex/thesis_ws/new_clone/install/pcl_ros/include/pcl_ros/pcl_ros/impl/transforms.hpp
[0.098s] -- Installing: /home/alex/thesis_ws/new_clone/install/pcl_ros/lib/libpcl_ros_tf.a
[0.099s] -- Installing: /home/alex/thesis_ws/new_clone/install/pcl_ros/lib/libpcd_to_pointcloud_lib.so
[0.100s] -- Set runtime path of "/home/alex/thesis_ws/new_clone/install/pcl_ros/lib/libpcd_to_pointcloud_lib.so" to ""
[0.100s] -- Installing: /home/alex/thesis_ws/new_clone/install/pcl_ros/share/pcl_ros/plugins
[0.101s] -- Installing: /home/alex/thesis_ws/new_clone/install/pcl_ros/share/pcl_ros/plugins/nodelet
[0.101s] -- Installing: /home/alex/thesis_ws/new_clone/install/pcl_ros/share/pcl_ros/plugins/nodelet/libpcl_ros_surface.xml
[0.101s] -- Installing: /home/alex/thesis_ws/new_clone/install/pcl_ros/share/pcl_ros/plugins/nodelet/libpcl_ros_features.xml
[0.102s] -- Installing: /home/alex/thesis_ws/new_clone/install/pcl_ros/share/pcl_ros/plugins/nodelet/libpcl_ros_io.xml
[0.102s] -- Installing: /home/alex/thesis_ws/new_clone/install/pcl_ros/share/pcl_ros/plugins/nodelet/libpcl_ros_filters.xml
[0.103s] -- Installing: /home/alex/thesis_ws/new_clone/install/pcl_ros/share/pcl_ros/plugins/nodelet/libpcl_ros_segmentation.xml
[0.103s] -- Installing: /home/alex/thesis_ws/new_clone/install/pcl_ros/share/pcl_ros/samples
[0.103s] -- Installing: /home/alex/thesis_ws/new_clone/install/pcl_ros/share/pcl_ros/samples/pcl_ros
[0.104s] -- Installing: /home/alex/thesis_ws/new_clone/install/pcl_ros/share/pcl_ros/samples/pcl_ros/features
[0.104s] -- Installing: /home/alex/thesis_ws/new_clone/install/pcl_ros/share/pcl_ros/samples/pcl_ros/features/sample_normal_3d.launch
[0.104s] -- Installing: /home/alex/thesis_ws/new_clone/install/pcl_ros/share/pcl_ros/samples/pcl_ros/io
[0.105s] -- Installing: /home/alex/thesis_ws/new_clone/install/pcl_ros/share/pcl_ros/samples/pcl_ros/io/sample_concatenate_data.launch
[0.105s] -- Installing: /home/alex/thesis_ws/new_clone/install/pcl_ros/share/pcl_ros/samples/pcl_ros/filters
[0.106s] -- Installing: /home/alex/thesis_ws/new_clone/install/pcl_ros/share/pcl_ros/samples/pcl_ros/filters/sample_voxel_grid.launch
[0.106s] -- Installing: /home/alex/thesis_ws/new_clone/install/pcl_ros/share/pcl_ros/samples/pcl_ros/filters/sample_statistical_outlier_removal.launch
[0.107s] -- Installing: /home/alex/thesis_ws/new_clone/install/pcl_ros/share/pcl_ros/samples/pcl_ros/filters/config
[0.107s] -- Installing: /home/alex/thesis_ws/new_clone/install/pcl_ros/share/pcl_ros/samples/pcl_ros/filters/config/statistical_outlier_removal.rviz
[0.107s] -- Installing: /home/alex/thesis_ws/new_clone/install/pcl_ros/share/pcl_ros/samples/pcl_ros/filters/config/voxel_grid.rviz
[0.108s] -- Installing: /home/alex/thesis_ws/new_clone/install/pcl_ros/share/pcl_ros/samples/pcl_ros/surface
[0.108s] -- Installing: /home/alex/thesis_ws/new_clone/install/pcl_ros/share/pcl_ros/samples/pcl_ros/surface/sample_convex_hull.launch
[0.109s] -- Installing: /home/alex/thesis_ws/new_clone/install/pcl_ros/share/pcl_ros/samples/pcl_ros/segmentation
[0.109s] -- Installing: /home/alex/thesis_ws/new_clone/install/pcl_ros/share/pcl_ros/samples/pcl_ros/segmentation/sample_extract_clusters.launch
[0.109s] -- Installing: /home/alex/thesis_ws/new_clone/install/pcl_ros/share/pcl_ros/samples/data
[0.110s] -- Installing: /home/alex/thesis_ws/new_clone/install/pcl_ros/share/pcl_ros/samples/data/.gitignore
[0.110s] -- Installing: /home/alex/thesis_ws/new_clone/install/pcl_ros/share/pcl_ros/environment/library_path.sh
[0.110s] -- Installing: /home/alex/thesis_ws/new_clone/install/pcl_ros/share/pcl_ros/environment/library_path.dsv
[0.111s] -- Installing: /home/alex/thesis_ws/new_clone/install/pcl_ros/share/ament_index/resource_index/package_run_dependencies/pcl_ros
[0.111s] -- Installing: /home/alex/thesis_ws/new_clone/install/pcl_ros/share/ament_index/resource_index/parent_prefix_path/pcl_ros
[0.111s] -- Installing: /home/alex/thesis_ws/new_clone/install/pcl_ros/share/pcl_ros/environment/ament_prefix_path.sh
[0.111s] -- Installing: /home/alex/thesis_ws/new_clone/install/pcl_ros/share/pcl_ros/environment/ament_prefix_path.dsv
[0.111s] -- Installing: /home/alex/thesis_ws/new_clone/install/pcl_ros/share/pcl_ros/environment/path.sh
[0.111s] -- Installing: /home/alex/thesis_ws/new_clone/install/pcl_ros/share/pcl_ros/environment/path.dsv
[0.111s] -- Installing: /home/alex/thesis_ws/new_clone/install/pcl_ros/share/pcl_ros/local_setup.bash
[0.111s] -- Installing: /home/alex/thesis_ws/new_clone/install/pcl_ros/share/pcl_ros/local_setup.sh
[0.112s] -- Installing: /home/alex/thesis_ws/new_clone/install/pcl_ros/share/pcl_ros/local_setup.zsh
[0.112s] -- Installing: /home/alex/thesis_ws/new_clone/install/pcl_ros/share/pcl_ros/local_setup.dsv
[0.112s] -- Installing: /home/alex/thesis_ws/new_clone/install/pcl_ros/share/pcl_ros/package.dsv
[0.112s] -- Installing: /home/alex/thesis_ws/new_clone/install/pcl_ros/share/ament_index/resource_index/packages/pcl_ros
[0.112s] -- Installing: /home/alex/thesis_ws/new_clone/install/pcl_ros/share/ament_index/resource_index/rclcpp_components/pcl_ros
[0.112s] -- Installing: /home/alex/thesis_ws/new_clone/install/pcl_ros/share/pcl_ros/cmake/export_pcl_rosExport.cmake
[0.113s] -- Installing: /home/alex/thesis_ws/new_clone/install/pcl_ros/share/pcl_ros/cmake/export_pcl_rosExport-noconfig.cmake
[0.113s] -- Installing: /home/alex/thesis_ws/new_clone/install/pcl_ros/share/pcl_ros/cmake/ament_cmake_export_include_directories-extras.cmake
[0.113s] -- Installing: /home/alex/thesis_ws/new_clone/install/pcl_ros/share/pcl_ros/cmake/ament_cmake_export_libraries-extras.cmake
[0.113s] -- Installing: /home/alex/thesis_ws/new_clone/install/pcl_ros/share/pcl_ros/cmake/ament_cmake_export_targets-extras.cmake
[0.113s] -- Installing: /home/alex/thesis_ws/new_clone/install/pcl_ros/share/pcl_ros/cmake/ament_cmake_export_dependencies-extras.cmake
[0.113s] -- Installing: /home/alex/thesis_ws/new_clone/install/pcl_ros/share/pcl_ros/cmake/pcl_rosConfig.cmake
[0.114s] -- Installing: /home/alex/thesis_ws/new_clone/install/pcl_ros/share/pcl_ros/cmake/pcl_rosConfig-version.cmake
[0.114s] -- Installing: /home/alex/thesis_ws/new_clone/install/pcl_ros/share/pcl_ros/package.xml
[0.115s] Invoked command in '/home/alex/thesis_ws/new_clone/build/pcl_ros' returned '0': AMENT_PREFIX_PATH=/home/alex/thesis_ws/new_clone/install/pcl_conversions:${AMENT_PREFIX_PATH} CMAKE_PREFIX_PATH=/home/alex/thesis_ws/new_clone/install/pcl_conversions:/home/alex/thesis_ws/install/pointcloud_to_laserscan:/home/alex/thesis_ws/install/perception_pcl:/home/alex/thesis_ws/install/pcl_ros:/home/alex/thesis_ws/install/pcl_conversions:/opt/ros/humble /usr/bin/cmake --install /home/alex/thesis_ws/new_clone/build/pcl_ros
