[0.007s] Invoking command in '/home/alex/thesis_ws/new_clone/build/pcl_ros': AMENT_PREFIX_PATH=/home/alex/thesis_ws/new_clone/install/pcl_conversions:${AMENT_PREFIX_PATH} CMAKE_PREFIX_PATH=/home/alex/thesis_ws/new_clone/install/pcl_conversions:/home/alex/thesis_ws/install/pointcloud_to_laserscan:/home/alex/thesis_ws/install/perception_pcl:/home/alex/thesis_ws/install/pcl_ros:/home/alex/thesis_ws/install/pcl_conversions:/opt/ros/humble /usr/bin/cmake /home/alex/thesis_ws/new_clone/src/perception_pcl/pcl_ros -DCMAKE_INSTALL_PREFIX=/home/alex/thesis_ws/new_clone/install/pcl_ros
[0.057s] -- The C compiler identification is GNU 11.4.0
[0.104s] -- The CXX compiler identification is GNU 11.4.0
[0.111s] -- Detecting C compiler ABI info
[0.166s] -- Detecting C compiler ABI info - done
[0.175s] -- Check for working C compiler: /usr/bin/cc - skipped
[0.175s] -- Detecting C compile features
[0.176s] -- Detecting C compile features - done
[0.179s] -- Detecting CXX compiler ABI info
[0.241s] -- Detecting CXX compiler ABI info - done
[0.248s] -- Check for working CXX compiler: /usr/bin/c++ - skipped
[0.248s] -- Detecting CXX compile features
[0.248s] -- Detecting CXX compile features - done
[0.270s] -- Checking for module 'eigen3'
[0.280s] --   Found eigen3, version 3.4.0
[0.299s] -- Found Eigen: /usr/include/eigen3 (Required is at least version "3.1") 
[0.299s] -- Eigen found (include: /usr/include/eigen3, version: 3.4.0)
[0.327s] -- Checking for module 'flann'
[0.336s] --   Found flann, version 1.9.1
[0.364s] -- Found FLANN: /usr/lib/x86_64-linux-gnu/libflann_cpp.so  
[0.364s] -- FLANN found (include: /usr/include, lib: /usr/lib/x86_64-linux-gnu/libflann_cpp.so)
[1.275s] -- Checking for module 'libusb-1.0'
[1.287s] --   Found libusb-1.0, version 1.0.25
[1.313s] -- Found libusb: /usr/lib/x86_64-linux-gnu/libusb-1.0.so  
[1.314s] -- OpenNI found (version: 1.5.4.0, include: /usr/include/ni, lib: /usr/lib/libOpenNI.so;libusb::libusb)
[1.357s] -- OpenNI2 found (version: 2.2.0.33, include: /usr/include/openni2, lib: /usr/lib/x86_64-linux-gnu/libOpenNI2.so;libusb::libusb)
[1.456s] -- Eigen found (include: /usr/include/eigen3, version: 3.4.0)
[1.459s] -- Found Qhull version 8.0.2
[1.551s] -- Could NOT find PCL_CORE (missing: PCL_CORE_LIBRARY PCL_CORE_INCLUDE_DIR) 
[1.551s] -- Found PCL_COMMON: /usr/lib/x86_64-linux-gnu/libpcl_common.so  
[1.552s] -- Found PCL_KDTREE: /usr/lib/x86_64-linux-gnu/libpcl_kdtree.so  
[1.553s] -- Found PCL_OCTREE: /usr/lib/x86_64-linux-gnu/libpcl_octree.so  
[1.553s] -- Found PCL_SEARCH: /usr/lib/x86_64-linux-gnu/libpcl_search.so  
[1.554s] -- Found PCL_2D: /usr/include/pcl-1.12  
[1.554s] -- Found PCL_FEATURES: /usr/lib/x86_64-linux-gnu/libpcl_features.so  
[1.555s] -- Found PCL_SAMPLE_CONSENSUS: /usr/lib/x86_64-linux-gnu/libpcl_sample_consensus.so  
[1.556s] -- Found PCL_FILTERS: /usr/lib/x86_64-linux-gnu/libpcl_filters.so  
[1.556s] -- Found PCL_IO: /usr/lib/x86_64-linux-gnu/libpcl_io.so  
[1.557s] -- Found PCL_GEOMETRY: /usr/include/pcl-1.12  
[1.557s] -- Found PCL_ML: /usr/lib/x86_64-linux-gnu/libpcl_ml.so  
[1.558s] -- Found PCL_SEGMENTATION: /usr/lib/x86_64-linux-gnu/libpcl_segmentation.so  
[1.559s] -- Found PCL_SURFACE: /usr/lib/x86_64-linux-gnu/libpcl_surface.so  
[1.560s] -- Found ament_cmake: 1.3.11 (/opt/ros/humble/share/ament_cmake/cmake)
[1.668s] -- Found Python3: /usr/bin/python3 (found version "3.10.12") found components: Interpreter 
[1.742s] -- Found pcl_conversions: 2.4.5 (/home/alex/thesis_ws/new_clone/install/pcl_conversions/share/pcl_conversions/cmake)
[1.767s] -- Found rosidl_generator_c: 3.1.6 (/opt/ros/humble/share/rosidl_generator_c/cmake)
[1.770s] -- Found rosidl_adapter: 3.1.6 (/opt/ros/humble/share/rosidl_adapter/cmake)
[1.775s] -- Found rosidl_generator_cpp: 3.1.6 (/opt/ros/humble/share/rosidl_generator_cpp/cmake)
[1.783s] -- Using all available rosidl_typesupport_c: rosidl_typesupport_fastrtps_c;rosidl_typesupport_introspection_c
[1.792s] -- Using all available rosidl_typesupport_cpp: rosidl_typesupport_fastrtps_cpp;rosidl_typesupport_introspection_cpp
[1.820s] -- Found rmw_implementation_cmake: 6.1.2 (/opt/ros/humble/share/rmw_implementation_cmake/cmake)
[1.821s] -- Found rmw_fastrtps_cpp: 6.2.7 (/opt/ros/humble/share/rmw_fastrtps_cpp/cmake)
[1.877s] -- Found OpenSSL: /usr/lib/x86_64-linux-gnu/libcrypto.so (found version "3.0.2")  
[1.892s] -- Found FastRTPS: /opt/ros/humble/include  
[1.919s] -- Using RMW implementation 'rmw_fastrtps_cpp' as default
[1.924s] -- Found Threads: TRUE  
[1.992s] -- Found rclcpp_components: 16.0.11 (/opt/ros/humble/share/rclcpp_components/cmake)
[2.022s] -- Found tf2: 0.25.11 (/opt/ros/humble/share/tf2/cmake)
[2.028s] -- Found tf2_geometry_msgs: 0.25.11 (/opt/ros/humble/share/tf2_geometry_msgs/cmake)
[2.038s] -- Found eigen3_cmake_module: 0.1.1 (/opt/ros/humble/share/eigen3_cmake_module/cmake)
[2.039s] -- Found Eigen3: TRUE (found version "3.4.0") 
[2.039s] -- Ensuring Eigen3 include directory is part of orocos-kdl CMake target
[2.124s] -- Found ament_lint_auto: 0.12.11 (/opt/ros/humble/share/ament_lint_auto/cmake)
[2.199s] -- Added test 'cppcheck' to perform static code analysis on C / C++ code
[2.199s] -- Configured cppcheck include dirs: $<BUILD_INTERFACE:/home/alex/thesis_ws/new_clone/src/perception_pcl/pcl_ros/include>
[2.200s] -- Configured cppcheck exclude dirs and/or files: 
[2.203s] -- Added test 'cpplint' to check C / C++ code against the Google style
[2.203s] -- Configured cpplint exclude dirs and/or files: 
[2.204s] -- Added test 'flake8' to check Python code syntax and style conventions
[2.206s] -- Added test 'lint_cmake' to check CMake code style
[2.207s] -- Added test 'pep257' to check Python code against some of the docstring style conventions in PEP 257
[2.211s] -- Added test 'uncrustify' to check C / C++ code style
[2.211s] -- Configured uncrustify additional arguments: 
[2.211s] -- Added test 'xmllint' to check XML markup files
[2.214s] -- Configuring done
[2.260s] -- Generating done
[2.267s] -- Build files have been written to: /home/alex/thesis_ws/new_clone/build/pcl_ros
