[0.005s] Invoking command in '/home/alex/thesis_ws/build/pcl_ros': AMENT_PREFIX_PATH=/home/alex/thesis_ws/install/pcl_conversions:${AMENT_PREFIX_PATH} CMAKE_PREFIX_PATH=/home/alex/thesis_ws/install/pcl_conversions:/home/alex/thesis_ws/install/pointcloud_to_laserscan:/opt/ros/humble /usr/bin/cmake /home/alex/thesis_ws/src/perception_pcl/pcl_ros -DCMAKE_INSTALL_PREFIX=/home/alex/thesis_ws/install/pcl_ros
[0.038s] -- The C compiler identification is GNU 11.4.0
[0.072s] -- The CXX compiler identification is GNU 11.4.0
[0.077s] -- Detecting C compiler ABI info
[0.119s] -- Detecting C compiler ABI info - done
[0.123s] -- Check for working C compiler: /usr/bin/cc - skipped
[0.124s] -- Detecting C compile features
[0.124s] -- Detecting C compile features - done
[0.126s] -- Detecting CXX compiler ABI info
[0.177s] -- Detecting CXX compiler ABI info - done
[0.182s] -- Check for working CXX compiler: /usr/bin/c++ - skipped
[0.182s] -- Detecting CXX compile features
[0.182s] -- Detecting CXX compile features - done
[0.194s] -- Checking for module 'eigen3'
[0.201s] --   Found eigen3, version 3.4.0
[0.220s] -- Found Eigen: /usr/include/eigen3 (Required is at least version "3.1") 
[0.220s] -- Eigen found (include: /usr/include/eigen3, version: 3.4.0)
[0.240s] -- Checking for module 'flann'
[0.249s] --   Found flann, version 1.9.1
[0.277s] -- Found FLANN: /usr/lib/x86_64-linux-gnu/libflann_cpp.so  
[0.277s] -- FLANN found (include: /usr/include, lib: /usr/lib/x86_64-linux-gnu/libflann_cpp.so)
[1.018s] -- Checking for module 'libusb-1.0'
[1.026s] --   Found libusb-1.0, version 1.0.25
[1.048s] -- Found libusb: /usr/lib/x86_64-linux-gnu/libusb-1.0.so  
[1.049s] -- OpenNI found (version: 1.5.4.0, include: /usr/include/ni, lib: /usr/lib/libOpenNI.so;libusb::libusb)
[1.090s] -- OpenNI2 found (version: 2.2.0.33, include: /usr/include/openni2, lib: /usr/lib/x86_64-linux-gnu/libOpenNI2.so;libusb::libusb)
[1.185s] -- Eigen found (include: /usr/include/eigen3, version: 3.4.0)
[1.194s] -- Found Qhull version 8.0.2
[1.281s] -- Could NOT find PCL_CORE (missing: PCL_CORE_LIBRARY PCL_CORE_INCLUDE_DIR) 
[1.281s] -- Found PCL_COMMON: /usr/lib/x86_64-linux-gnu/libpcl_common.so  
[1.282s] -- Found PCL_KDTREE: /usr/lib/x86_64-linux-gnu/libpcl_kdtree.so  
[1.282s] -- Found PCL_OCTREE: /usr/lib/x86_64-linux-gnu/libpcl_octree.so  
[1.283s] -- Found PCL_SEARCH: /usr/lib/x86_64-linux-gnu/libpcl_search.so  
[1.283s] -- Found PCL_2D: /usr/include/pcl-1.12  
[1.283s] -- Found PCL_FEATURES: /usr/lib/x86_64-linux-gnu/libpcl_features.so  
[1.284s] -- Found PCL_SAMPLE_CONSENSUS: /usr/lib/x86_64-linux-gnu/libpcl_sample_consensus.so  
[1.284s] -- Found PCL_FILTERS: /usr/lib/x86_64-linux-gnu/libpcl_filters.so  
[1.285s] -- Found PCL_IO: /usr/lib/x86_64-linux-gnu/libpcl_io.so  
[1.285s] -- Found PCL_GEOMETRY: /usr/include/pcl-1.12  
[1.286s] -- Found PCL_ML: /usr/lib/x86_64-linux-gnu/libpcl_ml.so  
[1.286s] -- Found PCL_SEGMENTATION: /usr/lib/x86_64-linux-gnu/libpcl_segmentation.so  
[1.287s] -- Found PCL_SURFACE: /usr/lib/x86_64-linux-gnu/libpcl_surface.so  
[1.288s] -- Found ament_cmake: 1.3.11 (/opt/ros/humble/share/ament_cmake/cmake)
[1.386s] -- Found Python3: /usr/bin/python3 (found version "3.10.12") found components: Interpreter 
[1.438s] -- Found pcl_conversions: 2.4.5 (/home/alex/thesis_ws/install/pcl_conversions/share/pcl_conversions/cmake)
[1.461s] -- Found rosidl_generator_c: 3.1.6 (/opt/ros/humble/share/rosidl_generator_c/cmake)
[1.463s] -- Found rosidl_adapter: 3.1.6 (/opt/ros/humble/share/rosidl_adapter/cmake)
[1.468s] -- Found rosidl_generator_cpp: 3.1.6 (/opt/ros/humble/share/rosidl_generator_cpp/cmake)
[1.475s] -- Using all available rosidl_typesupport_c: rosidl_typesupport_fastrtps_c;rosidl_typesupport_introspection_c
[1.484s] -- Using all available rosidl_typesupport_cpp: rosidl_typesupport_fastrtps_cpp;rosidl_typesupport_introspection_cpp
[1.508s] -- Found rmw_implementation_cmake: 6.1.2 (/opt/ros/humble/share/rmw_implementation_cmake/cmake)
[1.509s] -- Found rmw_fastrtps_cpp: 6.2.7 (/opt/ros/humble/share/rmw_fastrtps_cpp/cmake)
[1.563s] -- Found OpenSSL: /usr/lib/x86_64-linux-gnu/libcrypto.so (found version "3.0.2")  
[1.577s] -- Found FastRTPS: /opt/ros/humble/include  
[1.600s] -- Using RMW implementation 'rmw_fastrtps_cpp' as default
[1.605s] -- Found Threads: TRUE  
[1.667s] -- Found rclcpp_components: 16.0.11 (/opt/ros/humble/share/rclcpp_components/cmake)
[1.682s] -- Found tf2: 0.25.11 (/opt/ros/humble/share/tf2/cmake)
[1.694s] -- Found tf2_geometry_msgs: 0.25.11 (/opt/ros/humble/share/tf2_geometry_msgs/cmake)
[1.702s] -- Found eigen3_cmake_module: 0.1.1 (/opt/ros/humble/share/eigen3_cmake_module/cmake)
[1.703s] -- Found Eigen3: TRUE (found version "3.4.0") 
[1.703s] -- Ensuring Eigen3 include directory is part of orocos-kdl CMake target
[1.757s] -- Found ament_lint_auto: 0.12.11 (/opt/ros/humble/share/ament_lint_auto/cmake)
[1.814s] -- Added test 'cppcheck' to perform static code analysis on C / C++ code
[1.814s] -- Configured cppcheck include dirs: $<BUILD_INTERFACE:/home/alex/thesis_ws/src/perception_pcl/pcl_ros/include>
[1.814s] -- Configured cppcheck exclude dirs and/or files: 
[1.817s] -- Added test 'cpplint' to check C / C++ code against the Google style
[1.817s] -- Configured cpplint exclude dirs and/or files: 
[1.817s] -- Added test 'flake8' to check Python code syntax and style conventions
[1.818s] -- Added test 'lint_cmake' to check CMake code style
[1.819s] -- Added test 'pep257' to check Python code against some of the docstring style conventions in PEP 257
[1.822s] -- Added test 'uncrustify' to check C / C++ code style
[1.822s] -- Configured uncrustify additional arguments: 
[1.822s] -- Added test 'xmllint' to check XML markup files
[1.825s] -- Configuring done
[1.867s] -- Generating done
[1.873s] -- Build files have been written to: /home/alex/thesis_ws/build/pcl_ros
