[0.009s] Invoking command in '/home/alex/thesis_ws/build/pointcloud_to_laserscan': AMENT_PREFIX_PATH=/home/alex/thesis_ws/install/pcl_ros:/home/alex/thesis_ws/install/pcl_conversions:${AMENT_PREFIX_PATH} CMAKE_PREFIX_PATH=/home/alex/thesis_ws/install/pcl_ros:/home/alex/thesis_ws/install/pcl_conversions:/home/alex/thesis_ws/install/pointcloud_to_laserscan:/opt/ros/humble LD_LIBRARY_PATH=/home/alex/thesis_ws/install/pcl_ros/lib:${LD_LIBRARY_PATH} /usr/bin/cmake --build /home/alex/thesis_ws/build/pointcloud_to_laserscan -- -j8 -l8
[0.056s] [ 20%] Built target pointcloud_to_laserscan_node
[0.060s] [ 40%] Built target laserscan_to_pointcloud_node
[0.060s] [ 60%] Built target laserscan_to_pointcloud
[0.075s] [35m[1mConsolidate compiler generated dependencies of target pointcloud_to_laserscan[0m
[0.096s] [ 70%] [32mBuilding CXX object CMakeFiles/pointcloud_to_laserscan.dir/src/pointcloud_to_laserscan_node.cpp.o[0m
[10.255s] [ 80%] [32m[1mLinking CXX shared library libpointcloud_to_laserscan.so[0m
[11.036s] [ 80%] Built target pointcloud_to_laserscan
[11.054s] [ 90%] [32m[1mLinking CXX executable dummy_pointcloud_publisher[0m
[11.378s] [100%] Built target dummy_pointcloud_publisher
[11.387s] Invoked command in '/home/alex/thesis_ws/build/pointcloud_to_laserscan' returned '0': AMENT_PREFIX_PATH=/home/alex/thesis_ws/install/pcl_ros:/home/alex/thesis_ws/install/pcl_conversions:${AMENT_PREFIX_PATH} CMAKE_PREFIX_PATH=/home/alex/thesis_ws/install/pcl_ros:/home/alex/thesis_ws/install/pcl_conversions:/home/alex/thesis_ws/install/pointcloud_to_laserscan:/opt/ros/humble LD_LIBRARY_PATH=/home/alex/thesis_ws/install/pcl_ros/lib:${LD_LIBRARY_PATH} /usr/bin/cmake --build /home/alex/thesis_ws/build/pointcloud_to_laserscan -- -j8 -l8
[11.388s] Invoking command in '/home/alex/thesis_ws/build/pointcloud_to_laserscan': AMENT_PREFIX_PATH=/home/alex/thesis_ws/install/pcl_ros:/home/alex/thesis_ws/install/pcl_conversions:${AMENT_PREFIX_PATH} CMAKE_PREFIX_PATH=/home/alex/thesis_ws/install/pcl_ros:/home/alex/thesis_ws/install/pcl_conversions:/home/alex/thesis_ws/install/pointcloud_to_laserscan:/opt/ros/humble LD_LIBRARY_PATH=/home/alex/thesis_ws/install/pcl_ros/lib:${LD_LIBRARY_PATH} /usr/bin/cmake --install /home/alex/thesis_ws/build/pointcloud_to_laserscan
[11.393s] -- Install configuration: ""
[11.393s] -- Up-to-date: /home/alex/thesis_ws/install/pointcloud_to_laserscan/lib/pointcloud_to_laserscan/laserscan_to_pointcloud_node
[11.393s] -- Up-to-date: /home/alex/thesis_ws/install/pointcloud_to_laserscan/lib/pointcloud_to_laserscan/pointcloud_to_laserscan_node
[11.393s] -- Up-to-date: /home/alex/thesis_ws/install/pointcloud_to_laserscan/include
[11.394s] -- Up-to-date: /home/alex/thesis_ws/install/pointcloud_to_laserscan/include/pointcloud_to_laserscan
[11.394s] -- Up-to-date: /home/alex/thesis_ws/install/pointcloud_to_laserscan/include/pointcloud_to_laserscan/pointcloud_to_laserscan_node.hpp
[11.394s] -- Up-to-date: /home/alex/thesis_ws/install/pointcloud_to_laserscan/include/pointcloud_to_laserscan/visibility_control.h
[11.394s] -- Up-to-date: /home/alex/thesis_ws/install/pointcloud_to_laserscan/include/pointcloud_to_laserscan/laserscan_to_pointcloud_node.hpp
[11.394s] -- Up-to-date: /home/alex/thesis_ws/install/pointcloud_to_laserscan/share/pointcloud_to_laserscan/environment/library_path.sh
[11.394s] -- Up-to-date: /home/alex/thesis_ws/install/pointcloud_to_laserscan/share/pointcloud_to_laserscan/environment/library_path.dsv
[11.394s] -- Up-to-date: /home/alex/thesis_ws/install/pointcloud_to_laserscan/lib/liblaserscan_to_pointcloud.so
[11.394s] -- Installing: /home/alex/thesis_ws/install/pointcloud_to_laserscan/lib/libpointcloud_to_laserscan.so
[11.400s] -- Set runtime path of "/home/alex/thesis_ws/install/pointcloud_to_laserscan/lib/libpointcloud_to_laserscan.so" to ""
[11.400s] -- Installing: /home/alex/thesis_ws/install/pointcloud_to_laserscan/lib/pointcloud_to_laserscan/dummy_pointcloud_publisher
[11.401s] -- Set runtime path of "/home/alex/thesis_ws/install/pointcloud_to_laserscan/lib/pointcloud_to_laserscan/dummy_pointcloud_publisher" to ""
[11.401s] -- Up-to-date: /home/alex/thesis_ws/install/pointcloud_to_laserscan/share/pointcloud_to_laserscan/launch
[11.401s] -- Up-to-date: /home/alex/thesis_ws/install/pointcloud_to_laserscan/share/pointcloud_to_laserscan/launch/sample_laserscan_to_pointcloud_launch.py
[11.401s] -- Up-to-date: /home/alex/thesis_ws/install/pointcloud_to_laserscan/share/pointcloud_to_laserscan/launch/sample_pointcloud_to_laserscan_launch.py
[11.401s] -- Up-to-date: /home/alex/thesis_ws/install/pointcloud_to_laserscan/share/ament_index/resource_index/package_run_dependencies/pointcloud_to_laserscan
[11.401s] -- Up-to-date: /home/alex/thesis_ws/install/pointcloud_to_laserscan/share/ament_index/resource_index/parent_prefix_path/pointcloud_to_laserscan
[11.401s] -- Up-to-date: /home/alex/thesis_ws/install/pointcloud_to_laserscan/share/pointcloud_to_laserscan/environment/ament_prefix_path.sh
[11.401s] -- Up-to-date: /home/alex/thesis_ws/install/pointcloud_to_laserscan/share/pointcloud_to_laserscan/environment/ament_prefix_path.dsv
[11.402s] -- Up-to-date: /home/alex/thesis_ws/install/pointcloud_to_laserscan/share/pointcloud_to_laserscan/environment/path.sh
[11.402s] -- Up-to-date: /home/alex/thesis_ws/install/pointcloud_to_laserscan/share/pointcloud_to_laserscan/environment/path.dsv
[11.402s] -- Up-to-date: /home/alex/thesis_ws/install/pointcloud_to_laserscan/share/pointcloud_to_laserscan/local_setup.bash
[11.402s] -- Up-to-date: /home/alex/thesis_ws/install/pointcloud_to_laserscan/share/pointcloud_to_laserscan/local_setup.sh
[11.402s] -- Up-to-date: /home/alex/thesis_ws/install/pointcloud_to_laserscan/share/pointcloud_to_laserscan/local_setup.zsh
[11.402s] -- Up-to-date: /home/alex/thesis_ws/install/pointcloud_to_laserscan/share/pointcloud_to_laserscan/local_setup.dsv
[11.402s] -- Installing: /home/alex/thesis_ws/install/pointcloud_to_laserscan/share/pointcloud_to_laserscan/package.dsv
[11.402s] -- Up-to-date: /home/alex/thesis_ws/install/pointcloud_to_laserscan/share/ament_index/resource_index/packages/pointcloud_to_laserscan
[11.402s] -- Up-to-date: /home/alex/thesis_ws/install/pointcloud_to_laserscan/share/ament_index/resource_index/rclcpp_components/pointcloud_to_laserscan
[11.402s] -- Up-to-date: /home/alex/thesis_ws/install/pointcloud_to_laserscan/share/pointcloud_to_laserscan/cmake/ament_cmake_export_dependencies-extras.cmake
[11.402s] -- Up-to-date: /home/alex/thesis_ws/install/pointcloud_to_laserscan/share/pointcloud_to_laserscan/cmake/ament_cmake_export_include_directories-extras.cmake
[11.402s] -- Up-to-date: /home/alex/thesis_ws/install/pointcloud_to_laserscan/share/pointcloud_to_laserscan/cmake/ament_cmake_export_libraries-extras.cmake
[11.402s] -- Up-to-date: /home/alex/thesis_ws/install/pointcloud_to_laserscan/share/pointcloud_to_laserscan/cmake/pointcloud_to_laserscanConfig.cmake
[11.402s] -- Up-to-date: /home/alex/thesis_ws/install/pointcloud_to_laserscan/share/pointcloud_to_laserscan/cmake/pointcloud_to_laserscanConfig-version.cmake
[11.402s] -- Up-to-date: /home/alex/thesis_ws/install/pointcloud_to_laserscan/share/pointcloud_to_laserscan/package.xml
[11.404s] Invoked command in '/home/alex/thesis_ws/build/pointcloud_to_laserscan' returned '0': AMENT_PREFIX_PATH=/home/alex/thesis_ws/install/pcl_ros:/home/alex/thesis_ws/install/pcl_conversions:${AMENT_PREFIX_PATH} CMAKE_PREFIX_PATH=/home/alex/thesis_ws/install/pcl_ros:/home/alex/thesis_ws/install/pcl_conversions:/home/alex/thesis_ws/install/pointcloud_to_laserscan:/opt/ros/humble LD_LIBRARY_PATH=/home/alex/thesis_ws/install/pcl_ros/lib:${LD_LIBRARY_PATH} /usr/bin/cmake --install /home/alex/thesis_ws/build/pointcloud_to_laserscan
