[0.006s] Invoking command in '/home/alex/thesis_ws/build/perception_pcl': AMENT_PREFIX_PATH=/home/alex/thesis_ws/install/pcl_ros:/home/alex/thesis_ws/install/pcl_conversions:${AMENT_PREFIX_PATH} CMAKE_PREFIX_PATH=/home/alex/thesis_ws/install/pcl_ros:/home/alex/thesis_ws/install/pcl_conversions:/home/alex/thesis_ws/install/pointcloud_to_laserscan:/opt/ros/humble LD_LIBRARY_PATH=/home/alex/thesis_ws/install/pcl_ros/lib:${LD_LIBRARY_PATH} /usr/bin/cmake /home/alex/thesis_ws/src/perception_pcl/perception_pcl -DCMAKE_INSTALL_PREFIX=/home/alex/thesis_ws/install/perception_pcl
[0.040s] -- The C compiler identification is GNU 11.4.0
[0.076s] -- The CXX compiler identification is GNU 11.4.0
[0.080s] -- Detecting C compiler ABI info
[0.123s] -- Detecting C compiler ABI info - done
[0.128s] -- Check for working C compiler: /usr/bin/cc - skipped
[0.128s] -- Detecting C compile features
[0.129s] -- Detecting C compile features - done
[0.131s] -- Detecting CXX compiler ABI info
[0.181s] -- Detecting CXX compiler ABI info - done
[0.186s] -- Check for working CXX compiler: /usr/bin/c++ - skipped
[0.186s] -- Detecting CXX compile features
[0.187s] -- Detecting CXX compile features - done
[0.188s] -- Found ament_cmake: 1.3.11 (/opt/ros/humble/share/ament_cmake/cmake)
[0.288s] -- Found Python3: /usr/bin/python3 (found version "3.10.12") found components: Interpreter 
[0.384s] -- Configuring done
[0.385s] -- Generating done
[0.387s] -- Build files have been written to: /home/alex/thesis_ws/build/perception_pcl
[0.390s] Invoked command in '/home/alex/thesis_ws/build/perception_pcl' returned '0': AMENT_PREFIX_PATH=/home/alex/thesis_ws/install/pcl_ros:/home/alex/thesis_ws/install/pcl_conversions:${AMENT_PREFIX_PATH} CMAKE_PREFIX_PATH=/home/alex/thesis_ws/install/pcl_ros:/home/alex/thesis_ws/install/pcl_conversions:/home/alex/thesis_ws/install/pointcloud_to_laserscan:/opt/ros/humble LD_LIBRARY_PATH=/home/alex/thesis_ws/install/pcl_ros/lib:${LD_LIBRARY_PATH} /usr/bin/cmake /home/alex/thesis_ws/src/perception_pcl/perception_pcl -DCMAKE_INSTALL_PREFIX=/home/alex/thesis_ws/install/perception_pcl
[0.391s] Invoking command in '/home/alex/thesis_ws/build/perception_pcl': AMENT_PREFIX_PATH=/home/alex/thesis_ws/install/pcl_ros:/home/alex/thesis_ws/install/pcl_conversions:${AMENT_PREFIX_PATH} CMAKE_PREFIX_PATH=/home/alex/thesis_ws/install/pcl_ros:/home/alex/thesis_ws/install/pcl_conversions:/home/alex/thesis_ws/install/pointcloud_to_laserscan:/opt/ros/humble LD_LIBRARY_PATH=/home/alex/thesis_ws/install/pcl_ros/lib:${LD_LIBRARY_PATH} /usr/bin/cmake --build /home/alex/thesis_ws/build/perception_pcl -- -j8 -l8
[0.414s] Invoked command in '/home/alex/thesis_ws/build/perception_pcl' returned '0': AMENT_PREFIX_PATH=/home/alex/thesis_ws/install/pcl_ros:/home/alex/thesis_ws/install/pcl_conversions:${AMENT_PREFIX_PATH} CMAKE_PREFIX_PATH=/home/alex/thesis_ws/install/pcl_ros:/home/alex/thesis_ws/install/pcl_conversions:/home/alex/thesis_ws/install/pointcloud_to_laserscan:/opt/ros/humble LD_LIBRARY_PATH=/home/alex/thesis_ws/install/pcl_ros/lib:${LD_LIBRARY_PATH} /usr/bin/cmake --build /home/alex/thesis_ws/build/perception_pcl -- -j8 -l8
[0.415s] Invoking command in '/home/alex/thesis_ws/build/perception_pcl': AMENT_PREFIX_PATH=/home/alex/thesis_ws/install/pcl_ros:/home/alex/thesis_ws/install/pcl_conversions:${AMENT_PREFIX_PATH} CMAKE_PREFIX_PATH=/home/alex/thesis_ws/install/pcl_ros:/home/alex/thesis_ws/install/pcl_conversions:/home/alex/thesis_ws/install/pointcloud_to_laserscan:/opt/ros/humble LD_LIBRARY_PATH=/home/alex/thesis_ws/install/pcl_ros/lib:${LD_LIBRARY_PATH} /usr/bin/cmake --install /home/alex/thesis_ws/build/perception_pcl
[0.420s] -- Install configuration: ""
[0.420s] -- Installing: /home/alex/thesis_ws/install/perception_pcl/share/ament_index/resource_index/package_run_dependencies/perception_pcl
[0.420s] -- Installing: /home/alex/thesis_ws/install/perception_pcl/share/ament_index/resource_index/parent_prefix_path/perception_pcl
[0.420s] -- Installing: /home/alex/thesis_ws/install/perception_pcl/share/perception_pcl/environment/ament_prefix_path.sh
[0.420s] -- Installing: /home/alex/thesis_ws/install/perception_pcl/share/perception_pcl/environment/ament_prefix_path.dsv
[0.420s] -- Installing: /home/alex/thesis_ws/install/perception_pcl/share/perception_pcl/environment/path.sh
[0.420s] -- Installing: /home/alex/thesis_ws/install/perception_pcl/share/perception_pcl/environment/path.dsv
[0.421s] -- Installing: /home/alex/thesis_ws/install/perception_pcl/share/perception_pcl/local_setup.bash
[0.421s] -- Installing: /home/alex/thesis_ws/install/perception_pcl/share/perception_pcl/local_setup.sh
[0.421s] -- Installing: /home/alex/thesis_ws/install/perception_pcl/share/perception_pcl/local_setup.zsh
[0.421s] -- Installing: /home/alex/thesis_ws/install/perception_pcl/share/perception_pcl/local_setup.dsv
[0.421s] -- Installing: /home/alex/thesis_ws/install/perception_pcl/share/perception_pcl/package.dsv
[0.421s] -- Installing: /home/alex/thesis_ws/install/perception_pcl/share/ament_index/resource_index/packages/perception_pcl
[0.421s] -- Installing: /home/alex/thesis_ws/install/perception_pcl/share/perception_pcl/cmake/perception_pclConfig.cmake
[0.421s] -- Installing: /home/alex/thesis_ws/install/perception_pcl/share/perception_pcl/cmake/perception_pclConfig-version.cmake
[0.421s] -- Installing: /home/alex/thesis_ws/install/perception_pcl/share/perception_pcl/package.xml
[0.423s] Invoked command in '/home/alex/thesis_ws/build/perception_pcl' returned '0': AMENT_PREFIX_PATH=/home/alex/thesis_ws/install/pcl_ros:/home/alex/thesis_ws/install/pcl_conversions:${AMENT_PREFIX_PATH} CMAKE_PREFIX_PATH=/home/alex/thesis_ws/install/pcl_ros:/home/alex/thesis_ws/install/pcl_conversions:/home/alex/thesis_ws/install/pointcloud_to_laserscan:/opt/ros/humble LD_LIBRARY_PATH=/home/alex/thesis_ws/install/pcl_ros/lib:${LD_LIBRARY_PATH} /usr/bin/cmake --install /home/alex/thesis_ws/build/perception_pcl
