[0.007s] Invoking command in '/home/alex/thesis_ws/build/pointcloud_to_laserscan': CMAKE_PREFIX_PATH=${CMAKE_PREFIX_PATH}:/opt/ros/humble /usr/bin/cmake --build /home/alex/thesis_ws/build/pointcloud_to_laserscan -- -j8 -l8
[0.047s] [ 20%] Built target pointcloud_to_laserscan_node
[0.048s] [ 40%] Built target laserscan_to_pointcloud_node
[0.048s] [ 60%] Built target laserscan_to_pointcloud
[0.059s] [35m[1mConsolidate compiler generated dependencies of target pointcloud_to_laserscan[0m
[0.074s] [ 70%] [32mBuilding CXX object CMakeFiles/pointcloud_to_laserscan.dir/src/pointcloud_to_laserscan_node.cpp.o[0m
[2.744s] [01m[K/home/alex/thesis_ws/src/pointcloud_to_laserscan/src/pointcloud_to_laserscan_node.cpp:[m[K In member function ‘[01m[Kvoid pointcloud_to_laserscan::PointCloudToLaserScanNode::cloudCallback(sensor_msgs::msg::PointCloud2_<std::allocator<void> >::ConstSharedPtr)[m[K’:
[2.744s] [01m[K/home/alex/thesis_ws/src/pointcloud_to_laserscan/src/pointcloud_to_laserscan_node.cpp:212:61:[m[K [01;31m[Kerror: [m[Kuse of deleted function ‘[01m[Kstd::unique_ptr<_Tp, _Dp>::unique_ptr(const std::unique_ptr<_Tp, _Dp>&) [with _Tp = sensor_msgs::msg::LaserScan_<std::allocator<void> >; _Dp = std::default_delete<sensor_msgs::msg::LaserScan_<std::allocator<void> > >][m[K’
[2.745s]   212 | [01;31m[KToLaserScanNode::mergeLaserScans(short_scan_msg, long_scan_msg)[m[K;
[2.745s]       | [01;31m[K~~~~~~~~~~~~~~~~~~~~~~~~~~~~~~~~^~~~~~~~~~~~~~~~~~~~~~~~~~~~~~~[m[K
[2.745s] 
[2.745s] In file included from [01m[K/usr/include/c++/11/memory:76[m[K,
[2.745s]                  from [01m[K/home/alex/thesis_ws/src/pointcloud_to_laserscan/include/pointcloud_to_laserscan/pointcloud_to_laserscan_node.hpp:45[m[K,
[2.745s]                  from [01m[K/home/alex/thesis_ws/src/pointcloud_to_laserscan/src/pointcloud_to_laserscan_node.cpp:41[m[K:
[2.745s] [01m[K/usr/include/c++/11/bits/unique_ptr.h:468:7:[m[K [01;36m[Knote: [m[Kdeclared here
[2.745s]   468 |       [01;36m[Kunique_ptr[m[K(const unique_ptr&) = delete;
[2.745s]       |       [01;36m[K^~~~~~~~~~[m[K
[2.745s] In file included from [01m[K/home/alex/thesis_ws/src/pointcloud_to_laserscan/src/pointcloud_to_laserscan_node.cpp:41[m[K:
[2.745s] [01m[K/home/alex/thesis_ws/src/pointcloud_to_laserscan/include/pointcloud_to_laserscan/pointcloud_to_laserscan_node.hpp:84:45:[m[K [01;36m[Knote: [m[K  initializing argument 2 of ‘[01m[Ksensor_msgs::msg::LaserScan_<std::allocator<void> >::UniquePtr pointcloud_to_laserscan::PointCloudToLaserScanNode::mergeLaserScans(const UniquePtr&, sensor_msgs::msg::LaserScan_<std::allocator<void> >::UniquePtr)[m[K’
[2.745s]    84 | [01;36m[Ksgs::msg::LaserScan::UniquePtr  long_scan[m[K);
[2.745s]       | [01;36m[K~~~~~~~~~~~~~~~~~~~~~~~~~~~~~~~~^~~~~~~~~[m[K
[2.745s] 
[5.090s] gmake[2]: *** [CMakeFiles/pointcloud_to_laserscan.dir/build.make:76: CMakeFiles/pointcloud_to_laserscan.dir/src/pointcloud_to_laserscan_node.cpp.o] Error 1
[5.090s] gmake[1]: *** [CMakeFiles/Makefile2:197: CMakeFiles/pointcloud_to_laserscan.dir/all] Error 2
[5.090s] gmake: *** [Makefile:146: all] Error 2
[5.092s] Invoked command in '/home/alex/thesis_ws/build/pointcloud_to_laserscan' returned '2': CMAKE_PREFIX_PATH=${CMAKE_PREFIX_PATH}:/opt/ros/humble /usr/bin/cmake --build /home/alex/thesis_ws/build/pointcloud_to_laserscan -- -j8 -l8
