[0.008s] Invoking command in '/home/alex/thesis_ws/build/pointcloud_to_laserscan': CMAKE_PREFIX_PATH=/home/alex/thesis_ws/install/pcl_ros:/home/alex/thesis_ws/install/pcl_conversions:/home/alex/thesis_ws/install/pointcloud_to_laserscan:/home/alex/thesis_ws/install/small_gicp:/home/alex/thesis_ws/install/perception_pcl:/opt/ros/humble LD_LIBRARY_PATH=/home/alex/thesis_ws/install/pcl_ros/lib:/home/alex/thesis_ws/install/pointcloud_to_laserscan/lib:/home/alex/thesis_ws/install/small_gicp/lib:/opt/ros/humble/opt/rviz_ogre_vendor/lib:/opt/ros/humble/lib/x86_64-linux-gnu:/opt/ros/humble/lib /usr/bin/cmake --build /home/alex/thesis_ws/build/pointcloud_to_laserscan -- -j8 -l8
[0.027s] -- Found ament_cmake_auto: 1.3.11 (/opt/ros/humble/share/ament_cmake_auto/cmake)
[0.118s] -- Found pcl_ros: 2.4.5 (/home/alex/thesis_ws/install/pcl_ros/share/pcl_ros/cmake)
[0.140s] -- Found rosidl_generator_c: 3.1.6 (/opt/ros/humble/share/rosidl_generator_c/cmake)
[0.141s] -- Found rosidl_adapter: 3.1.6 (/opt/ros/humble/share/rosidl_adapter/cmake)
[0.145s] -- Found rosidl_generator_cpp: 3.1.6 (/opt/ros/humble/share/rosidl_generator_cpp/cmake)
[0.151s] -- Using all available rosidl_typesupport_c: rosidl_typesupport_fastrtps_c;rosidl_typesupport_introspection_c
[0.158s] -- Using all available rosidl_typesupport_cpp: rosidl_typesupport_fastrtps_cpp;rosidl_typesupport_introspection_cpp
[0.178s] -- Found rmw_implementation_cmake: 6.1.2 (/opt/ros/humble/share/rmw_implementation_cmake/cmake)
[0.179s] -- Found rmw_fastrtps_cpp: 6.2.7 (/opt/ros/humble/share/rmw_fastrtps_cpp/cmake)
[0.246s] -- Using RMW implementation 'rmw_fastrtps_cpp' as default
[0.317s] -- Eigen found (include: /usr/include/eigen3, version: 3.4.0)
[0.335s] -- FLANN found (include: /usr/include, lib: /usr/lib/x86_64-linux-gnu/libflann_cpp.so)
[0.522s] -- OpenNI found (version: 1.5.4.0, include: /usr/include/ni, lib: /usr/lib/libOpenNI.so;libusb::libusb)
[0.526s] -- OpenNI2 found (version: 2.2.0.33, include: /usr/include/openni2, lib: /usr/lib/x86_64-linux-gnu/libOpenNI2.so;libusb::libusb)
[0.622s] -- Eigen found (include: /usr/include/eigen3, version: 3.4.0)
[0.625s] -- OpenNI found (version: 1.5.4.0, include: /usr/include/ni, lib: /usr/lib/libOpenNI.so;libusb::libusb)
[0.629s] -- OpenNI2 found (version: 2.2.0.33, include: /usr/include/openni2, lib: /usr/lib/x86_64-linux-gnu/libOpenNI2.so;libusb::libusb)
[0.716s] -- Found Qhull version 8.0.2
[0.807s] -- OpenNI found (version: 1.5.4.0, include: /usr/include/ni, lib: /usr/lib/libOpenNI.so;libusb::libusb)
[0.913s] -- Found eigen3_cmake_module: 0.1.1 (/opt/ros/humble/share/eigen3_cmake_module/cmake)
[0.914s] -- Ensuring Eigen3 include directory is part of orocos-kdl CMake target
[1.016s] [31mCMake Error at /opt/ros/humble/share/ament_cmake_auto/cmake/ament_auto_add_library.cmake:66 (add_library):
[1.016s]   add_library cannot create target "pointcloud_to_laserscan" because another
[1.016s]   target with the same name already exists.  The existing target is a shared
[1.016s]   library created in source directory
[1.017s]   "/home/alex/thesis_ws/src/pointcloud_to_laserscan".  See documentation for
[1.017s]   policy CMP0002 for more details.
[1.017s] Call Stack (most recent call first):
[1.017s]   CMakeLists.txt:21 (ament_auto_add_library)
[1.017s] 
[1.017s] [0m
[1.017s] -- Found ament_lint_auto: 0.12.11 (/opt/ros/humble/share/ament_lint_auto/cmake)
[1.025s] -- Added test 'cppcheck' to perform static code analysis on C / C++ code
[1.025s] -- Configured cppcheck include dirs: /home/alex/thesis_ws/src/pointcloud_to_laserscan/include
[1.025s] -- Configured cppcheck exclude dirs and/or files: 
[1.028s] -- Added test 'cpplint' to check C / C++ code against the Google style
[1.028s] -- Configured cpplint exclude dirs and/or files: 
[1.029s] -- Added test 'flake8' to check Python code syntax and style conventions
[1.030s] -- Added test 'lint_cmake' to check CMake code style
[1.030s] -- Added test 'pep257' to check Python code against some of the docstring style conventions in PEP 257
[1.033s] -- Added test 'uncrustify' to check C / C++ code style
[1.033s] -- Configured uncrustify additional arguments: 
[1.034s] -- Added test 'xmllint' to check XML markup files
[1.036s] -- Configuring incomplete, errors occurred!
[1.036s] See also "/home/alex/thesis_ws/build/pointcloud_to_laserscan/CMakeFiles/CMakeOutput.log".
[1.048s] gmake: *** [Makefile:349: cmake_check_build_system] Error 1
[1.050s] Invoked command in '/home/alex/thesis_ws/build/pointcloud_to_laserscan' returned '2': CMAKE_PREFIX_PATH=/home/alex/thesis_ws/install/pcl_ros:/home/alex/thesis_ws/install/pcl_conversions:/home/alex/thesis_ws/install/pointcloud_to_laserscan:/home/alex/thesis_ws/install/small_gicp:/home/alex/thesis_ws/install/perception_pcl:/opt/ros/humble LD_LIBRARY_PATH=/home/alex/thesis_ws/install/pcl_ros/lib:/home/alex/thesis_ws/install/pointcloud_to_laserscan/lib:/home/alex/thesis_ws/install/small_gicp/lib:/opt/ros/humble/opt/rviz_ogre_vendor/lib:/opt/ros/humble/lib/x86_64-linux-gnu:/opt/ros/humble/lib /usr/bin/cmake --build /home/alex/thesis_ws/build/pointcloud_to_laserscan -- -j8 -l8
