[0.005s] Invoking command in '/home/alex/thesis_ws/build/pcl_ros': CMAKE_PREFIX_PATH=/home/alex/thesis_ws/install/pcl_conversions:/home/alex/thesis_ws/install/pointcloud_to_laserscan:/home/alex/thesis_ws/install/small_gicp:/home/alex/thesis_ws/install/perception_pcl:/home/alex/thesis_ws/install/pcl_ros:/opt/ros/humble /usr/bin/cmake /home/alex/thesis_ws/src/perception_pcl/pcl_ros -DCMAKE_INSTALL_PREFIX=/home/alex/thesis_ws/install/pcl_ros
[0.040s] -- The C compiler identification is GNU 11.4.0
[0.078s] -- The CXX compiler identification is GNU 11.4.0
[0.083s] -- Detecting C compiler ABI info
[0.129s] -- Detecting C compiler ABI info - done
[0.135s] -- Check for working C compiler: /usr/bin/cc - skipped
[0.135s] -- Detecting C compile features
[0.135s] -- Detecting C compile features - done
[0.138s] -- Detecting CXX compiler ABI info
[0.193s] -- Detecting CXX compiler ABI info - done
[0.199s] -- Check for working CXX compiler: /usr/bin/c++ - skipped
[0.199s] -- Detecting CXX compile features
[0.199s] -- Detecting CXX compile features - done
[0.212s] -- Checking for module 'eigen3'
[0.219s] --   Found eigen3, version 3.4.0
[0.244s] -- Found Eigen: /usr/include/eigen3 (Required is at least version "3.1") 
[0.244s] -- Eigen found (include: /usr/include/eigen3, version: 3.4.0)
[0.265s] -- Checking for module 'flann'
[0.273s] --   Found flann, version 1.9.1
[0.300s] -- Found FLANN: /usr/lib/x86_64-linux-gnu/libflann_cpp.so  
[0.300s] -- FLANN found (include: /usr/include, lib: /usr/lib/x86_64-linux-gnu/libflann_cpp.so)
[1.080s] -- Checking for module 'libusb-1.0'
[1.088s] --   Found libusb-1.0, version 1.0.25
[1.111s] -- Found libusb: /usr/lib/x86_64-linux-gnu/libusb-1.0.so  
[1.112s] -- OpenNI found (version: 1.5.4.0, include: /usr/include/ni, lib: /usr/lib/libOpenNI.so;libusb::libusb)
[1.151s] -- OpenNI2 found (version: 2.2.0.33, include: /usr/include/openni2, lib: /usr/lib/x86_64-linux-gnu/libOpenNI2.so;libusb::libusb)
[1.250s] -- Eigen found (include: /usr/include/eigen3, version: 3.4.0)
[1.251s] -- Found Qhull version 8.0.2
[1.361s] -- Could NOT find PCL_CORE (missing: PCL_CORE_LIBRARY PCL_CORE_INCLUDE_DIR) 
[1.361s] -- Found PCL_COMMON: /usr/lib/x86_64-linux-gnu/libpcl_common.so  
[1.362s] -- Found PCL_KDTREE: /usr/lib/x86_64-linux-gnu/libpcl_kdtree.so  
[1.362s] -- Found PCL_OCTREE: /usr/lib/x86_64-linux-gnu/libpcl_octree.so  
[1.363s] -- Found PCL_SEARCH: /usr/lib/x86_64-linux-gnu/libpcl_search.so  
[1.363s] -- Found PCL_2D: /usr/include/pcl-1.12  
[1.364s] -- Found PCL_FEATURES: /usr/lib/x86_64-linux-gnu/libpcl_features.so  
[1.364s] -- Found PCL_SAMPLE_CONSENSUS: /usr/lib/x86_64-linux-gnu/libpcl_sample_consensus.so  
[1.365s] -- Found PCL_FILTERS: /usr/lib/x86_64-linux-gnu/libpcl_filters.so  
[1.365s] -- Found PCL_IO: /usr/lib/x86_64-linux-gnu/libpcl_io.so  
[1.365s] -- Found PCL_GEOMETRY: /usr/include/pcl-1.12  
[1.366s] -- Found PCL_ML: /usr/lib/x86_64-linux-gnu/libpcl_ml.so  
[1.366s] -- Found PCL_SEGMENTATION: /usr/lib/x86_64-linux-gnu/libpcl_segmentation.so  
[1.367s] -- Found PCL_SURFACE: /usr/lib/x86_64-linux-gnu/libpcl_surface.so  
[1.368s] -- Found ament_cmake: 1.3.11 (/opt/ros/humble/share/ament_cmake/cmake)
[1.468s] -- Found Python3: /usr/bin/python3 (found version "3.10.12") found components: Interpreter 
[1.522s] -- Found pcl_conversions: 2.4.5 (/home/alex/thesis_ws/install/pcl_conversions/share/pcl_conversions/cmake)
[1.546s] -- Found rosidl_generator_c: 3.1.6 (/opt/ros/humble/share/rosidl_generator_c/cmake)
[1.549s] -- Found rosidl_adapter: 3.1.6 (/opt/ros/humble/share/rosidl_adapter/cmake)
[1.553s] -- Found rosidl_generator_cpp: 3.1.6 (/opt/ros/humble/share/rosidl_generator_cpp/cmake)
[1.561s] -- Using all available rosidl_typesupport_c: rosidl_typesupport_fastrtps_c;rosidl_typesupport_introspection_c
[1.570s] -- Using all available rosidl_typesupport_cpp: rosidl_typesupport_fastrtps_cpp;rosidl_typesupport_introspection_cpp
[1.596s] -- Found rmw_implementation_cmake: 6.1.2 (/opt/ros/humble/share/rmw_implementation_cmake/cmake)
[1.597s] -- Found rmw_fastrtps_cpp: 6.2.7 (/opt/ros/humble/share/rmw_fastrtps_cpp/cmake)
[1.654s] -- Found OpenSSL: /usr/lib/x86_64-linux-gnu/libcrypto.so (found version "3.0.2")  
[1.670s] -- Found FastRTPS: /opt/ros/humble/include  
[1.695s] -- Using RMW implementation 'rmw_fastrtps_cpp' as default
[1.700s] -- Found Threads: TRUE  
[1.762s] -- Found rclcpp_components: 16.0.11 (/opt/ros/humble/share/rclcpp_components/cmake)
[1.779s] -- Found tf2: 0.25.11 (/opt/ros/humble/share/tf2/cmake)
[1.781s] -- Found tf2_geometry_msgs: 0.25.11 (/opt/ros/humble/share/tf2_geometry_msgs/cmake)
[1.786s] -- Found eigen3_cmake_module: 0.1.1 (/opt/ros/humble/share/eigen3_cmake_module/cmake)
[1.786s] -- Found Eigen3: TRUE (found version "3.4.0") 
[1.786s] -- Ensuring Eigen3 include directory is part of orocos-kdl CMake target
[1.843s] -- Found ament_lint_auto: 0.12.11 (/opt/ros/humble/share/ament_lint_auto/cmake)
[1.899s] -- Added test 'cppcheck' to perform static code analysis on C / C++ code
[1.899s] -- Configured cppcheck include dirs: $<BUILD_INTERFACE:/home/alex/thesis_ws/src/perception_pcl/pcl_ros/include>
[1.899s] -- Configured cppcheck exclude dirs and/or files: 
[1.902s] -- Added test 'cpplint' to check C / C++ code against the Google style
[1.902s] -- Configured cpplint exclude dirs and/or files: 
[1.903s] -- Added test 'flake8' to check Python code syntax and style conventions
[1.904s] -- Added test 'lint_cmake' to check CMake code style
[1.904s] -- Added test 'pep257' to check Python code against some of the docstring style conventions in PEP 257
[1.907s] -- Added test 'uncrustify' to check C / C++ code style
[1.907s] -- Configured uncrustify additional arguments: 
[1.908s] -- Added test 'xmllint' to check XML markup files
[1.910s] -- Configuring done
[1.942s] -- Generating done
[1.949s] -- Build files have been written to: /home/alex/thesis_ws/build/pcl_ros
[1.962s] Invoked command in '/home/alex/thesis_ws/build/pcl_ros' returned '0': CMAKE_PREFIX_PATH=/home/alex/thesis_ws/install/pcl_conversions:/home/alex/thesis_ws/install/pointcloud_to_laserscan:/home/alex/thesis_ws/install/small_gicp:/home/alex/thesis_ws/install/perception_pcl:/home/alex/thesis_ws/install/pcl_ros:/opt/ros/humble /usr/bin/cmake /home/alex/thesis_ws/src/perception_pcl/pcl_ros -DCMAKE_INSTALL_PREFIX=/home/alex/thesis_ws/install/pcl_ros
[1.963s] Invoking command in '/home/alex/thesis_ws/build/pcl_ros': CMAKE_PREFIX_PATH=/home/alex/thesis_ws/install/pcl_conversions:/home/alex/thesis_ws/install/pointcloud_to_laserscan:/home/alex/thesis_ws/install/small_gicp:/home/alex/thesis_ws/install/perception_pcl:/home/alex/thesis_ws/install/pcl_ros:/opt/ros/humble /usr/bin/cmake --build /home/alex/thesis_ws/build/pcl_ros -- -j8 -l8
[1.999s] [ 50%] [32mBuilding CXX object CMakeFiles/pcd_to_pointcloud_lib.dir/tools/pcd_to_pointcloud.cpp.o[0m
[1.999s] [ 50%] [32mBuilding CXX object CMakeFiles/pcd_to_pointcloud.dir/rclcpp_components/node_main_pcd_to_pointcloud.cpp.o[0m
[1.999s] [ 50%] [32mBuilding CXX object CMakeFiles/pcl_ros_tf.dir/src/transforms.cpp.o[0m
[4.443s] [ 66%] [32m[1mLinking CXX executable pcd_to_pointcloud[0m
[4.531s] [ 66%] Built target pcd_to_pointcloud
[7.294s] [ 83%] [32m[1mLinking CXX shared library libpcd_to_pointcloud_lib.so[0m
[7.619s] [ 83%] Built target pcd_to_pointcloud_lib
[8.562s] [100%] [32m[1mLinking CXX static library libpcl_ros_tf.a[0m
[8.597s] [100%] Built target pcl_ros_tf
[8.604s] Invoked command in '/home/alex/thesis_ws/build/pcl_ros' returned '0': CMAKE_PREFIX_PATH=/home/alex/thesis_ws/install/pcl_conversions:/home/alex/thesis_ws/install/pointcloud_to_laserscan:/home/alex/thesis_ws/install/small_gicp:/home/alex/thesis_ws/install/perception_pcl:/home/alex/thesis_ws/install/pcl_ros:/opt/ros/humble /usr/bin/cmake --build /home/alex/thesis_ws/build/pcl_ros -- -j8 -l8
[8.605s] Invoking command in '/home/alex/thesis_ws/build/pcl_ros': CMAKE_PREFIX_PATH=/home/alex/thesis_ws/install/pcl_conversions:/home/alex/thesis_ws/install/pointcloud_to_laserscan:/home/alex/thesis_ws/install/small_gicp:/home/alex/thesis_ws/install/perception_pcl:/home/alex/thesis_ws/install/pcl_ros:/opt/ros/humble /usr/bin/cmake --install /home/alex/thesis_ws/build/pcl_ros
[8.610s] -- Install configuration: ""
[8.610s] -- Installing: /home/alex/thesis_ws/install/pcl_ros/lib/pcl_ros/pcd_to_pointcloud
[8.610s] -- Set runtime path of "/home/alex/thesis_ws/install/pcl_ros/lib/pcl_ros/pcd_to_pointcloud" to ""
[8.610s] -- Installing: /home/alex/thesis_ws/install/pcl_ros/include/pcl_ros
[8.611s] -- Installing: /home/alex/thesis_ws/install/pcl_ros/include/pcl_ros/pcl_ros
[8.611s] -- Installing: /home/alex/thesis_ws/install/pcl_ros/include/pcl_ros/pcl_ros/features
[8.611s] -- Installing: /home/alex/thesis_ws/install/pcl_ros/include/pcl_ros/pcl_ros/features/fpfh_omp.hpp
[8.611s] -- Installing: /home/alex/thesis_ws/install/pcl_ros/include/pcl_ros/pcl_ros/features/principal_curvatures.hpp
[8.611s] -- Installing: /home/alex/thesis_ws/install/pcl_ros/include/pcl_ros/pcl_ros/features/normal_3d.hpp
[8.611s] -- Installing: /home/alex/thesis_ws/install/pcl_ros/include/pcl_ros/pcl_ros/features/feature.hpp
[8.611s] -- Installing: /home/alex/thesis_ws/install/pcl_ros/include/pcl_ros/pcl_ros/features/vfh.hpp
[8.611s] -- Installing: /home/alex/thesis_ws/install/pcl_ros/include/pcl_ros/pcl_ros/features/shot_omp.hpp
[8.611s] -- Installing: /home/alex/thesis_ws/install/pcl_ros/include/pcl_ros/pcl_ros/features/normal_3d_tbb.hpp
[8.611s] -- Installing: /home/alex/thesis_ws/install/pcl_ros/include/pcl_ros/pcl_ros/features/shot.hpp
[8.611s] -- Installing: /home/alex/thesis_ws/install/pcl_ros/include/pcl_ros/pcl_ros/features/normal_3d_omp.hpp
[8.611s] -- Installing: /home/alex/thesis_ws/install/pcl_ros/include/pcl_ros/pcl_ros/features/fpfh.hpp
[8.611s] -- Installing: /home/alex/thesis_ws/install/pcl_ros/include/pcl_ros/pcl_ros/features/pfh.hpp
[8.611s] -- Installing: /home/alex/thesis_ws/install/pcl_ros/include/pcl_ros/pcl_ros/features/boundary.hpp
[8.611s] -- Installing: /home/alex/thesis_ws/install/pcl_ros/include/pcl_ros/pcl_ros/features/moment_invariants.hpp
[8.611s] -- Installing: /home/alex/thesis_ws/install/pcl_ros/include/pcl_ros/pcl_ros/io
[8.611s] -- Installing: /home/alex/thesis_ws/install/pcl_ros/include/pcl_ros/pcl_ros/io/bag_io.hpp
[8.611s] -- Installing: /home/alex/thesis_ws/install/pcl_ros/include/pcl_ros/pcl_ros/io/concatenate_data.hpp
[8.611s] -- Installing: /home/alex/thesis_ws/install/pcl_ros/include/pcl_ros/pcl_ros/io/concatenate_fields.hpp
[8.611s] -- Installing: /home/alex/thesis_ws/install/pcl_ros/include/pcl_ros/pcl_ros/io/pcd_io.hpp
[8.611s] -- Installing: /home/alex/thesis_ws/install/pcl_ros/include/pcl_ros/pcl_ros/transforms.hpp
[8.612s] -- Installing: /home/alex/thesis_ws/install/pcl_ros/include/pcl_ros/pcl_ros/pcl_nodelet.hpp
[8.612s] -- Installing: /home/alex/thesis_ws/install/pcl_ros/include/pcl_ros/pcl_ros/point_cloud.hpp
[8.612s] -- Installing: /home/alex/thesis_ws/install/pcl_ros/include/pcl_ros/pcl_ros/filters
[8.612s] -- Installing: /home/alex/thesis_ws/install/pcl_ros/include/pcl_ros/pcl_ros/filters/statistical_outlier_removal.hpp
[8.612s] -- Installing: /home/alex/thesis_ws/install/pcl_ros/include/pcl_ros/pcl_ros/filters/passthrough.hpp
[8.612s] -- Installing: /home/alex/thesis_ws/install/pcl_ros/include/pcl_ros/pcl_ros/filters/project_inliers.hpp
[8.612s] -- Installing: /home/alex/thesis_ws/install/pcl_ros/include/pcl_ros/pcl_ros/filters/crop_box.hpp
[8.612s] -- Installing: /home/alex/thesis_ws/install/pcl_ros/include/pcl_ros/pcl_ros/filters/radius_outlier_removal.hpp
[8.612s] -- Installing: /home/alex/thesis_ws/install/pcl_ros/include/pcl_ros/pcl_ros/filters/extract_indices.hpp
[8.612s] -- Installing: /home/alex/thesis_ws/install/pcl_ros/include/pcl_ros/pcl_ros/filters/filter.hpp
[8.612s] -- Installing: /home/alex/thesis_ws/install/pcl_ros/include/pcl_ros/pcl_ros/filters/voxel_grid.hpp
[8.612s] -- Installing: /home/alex/thesis_ws/install/pcl_ros/include/pcl_ros/pcl_ros/surface
[8.612s] -- Installing: /home/alex/thesis_ws/install/pcl_ros/include/pcl_ros/pcl_ros/surface/convex_hull.hpp
[8.612s] -- Installing: /home/alex/thesis_ws/install/pcl_ros/include/pcl_ros/pcl_ros/surface/moving_least_squares.hpp
[8.612s] -- Installing: /home/alex/thesis_ws/install/pcl_ros/include/pcl_ros/pcl_ros/publisher.hpp
[8.612s] -- Installing: /home/alex/thesis_ws/install/pcl_ros/include/pcl_ros/pcl_ros/segmentation
[8.612s] -- Installing: /home/alex/thesis_ws/install/pcl_ros/include/pcl_ros/pcl_ros/segmentation/extract_polygonal_prism_data.hpp
[8.612s] -- Installing: /home/alex/thesis_ws/install/pcl_ros/include/pcl_ros/pcl_ros/segmentation/sac_segmentation.hpp
[8.612s] -- Installing: /home/alex/thesis_ws/install/pcl_ros/include/pcl_ros/pcl_ros/segmentation/segment_differences.hpp
[8.612s] -- Installing: /home/alex/thesis_ws/install/pcl_ros/include/pcl_ros/pcl_ros/segmentation/extract_clusters.hpp
[8.612s] -- Installing: /home/alex/thesis_ws/install/pcl_ros/include/pcl_ros/pcl_ros/impl
[8.612s] -- Installing: /home/alex/thesis_ws/install/pcl_ros/include/pcl_ros/pcl_ros/impl/transforms.hpp
[8.613s] -- Installing: /home/alex/thesis_ws/install/pcl_ros/lib/libpcl_ros_tf.a
[8.614s] -- Installing: /home/alex/thesis_ws/install/pcl_ros/lib/libpcd_to_pointcloud_lib.so
[8.615s] -- Set runtime path of "/home/alex/thesis_ws/install/pcl_ros/lib/libpcd_to_pointcloud_lib.so" to ""
[8.615s] -- Installing: /home/alex/thesis_ws/install/pcl_ros/share/pcl_ros/plugins
[8.615s] -- Installing: /home/alex/thesis_ws/install/pcl_ros/share/pcl_ros/plugins/nodelet
[8.615s] -- Installing: /home/alex/thesis_ws/install/pcl_ros/share/pcl_ros/plugins/nodelet/libpcl_ros_surface.xml
[8.615s] -- Installing: /home/alex/thesis_ws/install/pcl_ros/share/pcl_ros/plugins/nodelet/libpcl_ros_features.xml
[8.615s] -- Installing: /home/alex/thesis_ws/install/pcl_ros/share/pcl_ros/plugins/nodelet/libpcl_ros_io.xml
[8.615s] -- Installing: /home/alex/thesis_ws/install/pcl_ros/share/pcl_ros/plugins/nodelet/libpcl_ros_filters.xml
[8.615s] -- Installing: /home/alex/thesis_ws/install/pcl_ros/share/pcl_ros/plugins/nodelet/libpcl_ros_segmentation.xml
[8.615s] -- Installing: /home/alex/thesis_ws/install/pcl_ros/share/pcl_ros/samples
[8.615s] -- Installing: /home/alex/thesis_ws/install/pcl_ros/share/pcl_ros/samples/pcl_ros
[8.615s] -- Installing: /home/alex/thesis_ws/install/pcl_ros/share/pcl_ros/samples/pcl_ros/features
[8.615s] -- Installing: /home/alex/thesis_ws/install/pcl_ros/share/pcl_ros/samples/pcl_ros/features/sample_normal_3d.launch
[8.615s] -- Installing: /home/alex/thesis_ws/install/pcl_ros/share/pcl_ros/samples/pcl_ros/io
[8.615s] -- Installing: /home/alex/thesis_ws/install/pcl_ros/share/pcl_ros/samples/pcl_ros/io/sample_concatenate_data.launch
[8.615s] -- Installing: /home/alex/thesis_ws/install/pcl_ros/share/pcl_ros/samples/pcl_ros/filters
[8.615s] -- Installing: /home/alex/thesis_ws/install/pcl_ros/share/pcl_ros/samples/pcl_ros/filters/sample_voxel_grid.launch
[8.615s] -- Installing: /home/alex/thesis_ws/install/pcl_ros/share/pcl_ros/samples/pcl_ros/filters/sample_statistical_outlier_removal.launch
[8.615s] -- Installing: /home/alex/thesis_ws/install/pcl_ros/share/pcl_ros/samples/pcl_ros/filters/config
[8.616s] -- Installing: /home/alex/thesis_ws/install/pcl_ros/share/pcl_ros/samples/pcl_ros/filters/config/statistical_outlier_removal.rviz
[8.616s] -- Installing: /home/alex/thesis_ws/install/pcl_ros/share/pcl_ros/samples/pcl_ros/filters/config/voxel_grid.rviz
[8.616s] -- Installing: /home/alex/thesis_ws/install/pcl_ros/share/pcl_ros/samples/pcl_ros/surface
[8.616s] -- Installing: /home/alex/thesis_ws/install/pcl_ros/share/pcl_ros/samples/pcl_ros/surface/sample_convex_hull.launch
[8.616s] -- Installing: /home/alex/thesis_ws/install/pcl_ros/share/pcl_ros/samples/pcl_ros/segmentation
[8.616s] -- Installing: /home/alex/thesis_ws/install/pcl_ros/share/pcl_ros/samples/pcl_ros/segmentation/sample_extract_clusters.launch
[8.616s] -- Installing: /home/alex/thesis_ws/install/pcl_ros/share/pcl_ros/samples/data
[8.616s] -- Installing: /home/alex/thesis_ws/install/pcl_ros/share/pcl_ros/samples/data/.gitignore
[8.616s] -- Installing: /home/alex/thesis_ws/install/pcl_ros/share/pcl_ros/environment/library_path.sh
[8.616s] -- Installing: /home/alex/thesis_ws/install/pcl_ros/share/pcl_ros/environment/library_path.dsv
[8.616s] -- Installing: /home/alex/thesis_ws/install/pcl_ros/share/ament_index/resource_index/package_run_dependencies/pcl_ros
[8.616s] -- Installing: /home/alex/thesis_ws/install/pcl_ros/share/ament_index/resource_index/parent_prefix_path/pcl_ros
[8.616s] -- Installing: /home/alex/thesis_ws/install/pcl_ros/share/pcl_ros/environment/ament_prefix_path.sh
[8.616s] -- Installing: /home/alex/thesis_ws/install/pcl_ros/share/pcl_ros/environment/ament_prefix_path.dsv
[8.616s] -- Installing: /home/alex/thesis_ws/install/pcl_ros/share/pcl_ros/environment/path.sh
[8.616s] -- Installing: /home/alex/thesis_ws/install/pcl_ros/share/pcl_ros/environment/path.dsv
[8.616s] -- Installing: /home/alex/thesis_ws/install/pcl_ros/share/pcl_ros/local_setup.bash
[8.616s] -- Installing: /home/alex/thesis_ws/install/pcl_ros/share/pcl_ros/local_setup.sh
[8.616s] -- Installing: /home/alex/thesis_ws/install/pcl_ros/share/pcl_ros/local_setup.zsh
[8.617s] -- Installing: /home/alex/thesis_ws/install/pcl_ros/share/pcl_ros/local_setup.dsv
[8.617s] -- Installing: /home/alex/thesis_ws/install/pcl_ros/share/pcl_ros/package.dsv
[8.617s] -- Installing: /home/alex/thesis_ws/install/pcl_ros/share/ament_index/resource_index/packages/pcl_ros
[8.617s] -- Installing: /home/alex/thesis_ws/install/pcl_ros/share/ament_index/resource_index/rclcpp_components/pcl_ros
[8.617s] -- Installing: /home/alex/thesis_ws/install/pcl_ros/share/pcl_ros/cmake/export_pcl_rosExport.cmake
[8.617s] -- Installing: /home/alex/thesis_ws/install/pcl_ros/share/pcl_ros/cmake/export_pcl_rosExport-noconfig.cmake
[8.617s] -- Installing: /home/alex/thesis_ws/install/pcl_ros/share/pcl_ros/cmake/ament_cmake_export_include_directories-extras.cmake
[8.617s] -- Installing: /home/alex/thesis_ws/install/pcl_ros/share/pcl_ros/cmake/ament_cmake_export_libraries-extras.cmake
[8.617s] -- Installing: /home/alex/thesis_ws/install/pcl_ros/share/pcl_ros/cmake/ament_cmake_export_targets-extras.cmake
[8.617s] -- Installing: /home/alex/thesis_ws/install/pcl_ros/share/pcl_ros/cmake/ament_cmake_export_dependencies-extras.cmake
[8.618s] -- Installing: /home/alex/thesis_ws/install/pcl_ros/share/pcl_ros/cmake/pcl_rosConfig.cmake
[8.618s] -- Installing: /home/alex/thesis_ws/install/pcl_ros/share/pcl_ros/cmake/pcl_rosConfig-version.cmake
[8.618s] -- Installing: /home/alex/thesis_ws/install/pcl_ros/share/pcl_ros/package.xml
[8.619s] Invoked command in '/home/alex/thesis_ws/build/pcl_ros' returned '0': CMAKE_PREFIX_PATH=/home/alex/thesis_ws/install/pcl_conversions:/home/alex/thesis_ws/install/pointcloud_to_laserscan:/home/alex/thesis_ws/install/small_gicp:/home/alex/thesis_ws/install/perception_pcl:/home/alex/thesis_ws/install/pcl_ros:/opt/ros/humble /usr/bin/cmake --install /home/alex/thesis_ws/build/pcl_ros
