-- Found ament_cmake_auto: 1.3.11 (/opt/ros/humble/share/ament_cmake_auto/cmake)
-- Found pcl_ros: 2.4.5 (/home/alex/thesis_ws/install/pcl_ros/share/pcl_ros/cmake)
-- Found rosidl_generator_c: 3.1.6 (/opt/ros/humble/share/rosidl_generator_c/cmake)
-- Found rosidl_adapter: 3.1.6 (/opt/ros/humble/share/rosidl_adapter/cmake)
-- Found rosidl_generator_cpp: 3.1.6 (/opt/ros/humble/share/rosidl_generator_cpp/cmake)
-- Using all available rosidl_typesupport_c: rosidl_typesupport_fastrtps_c;rosidl_typesupport_introspection_c
-- Using all available rosidl_typesupport_cpp: rosidl_typesupport_fastrtps_cpp;rosidl_typesupport_introspection_cpp
-- Found rmw_implementation_cmake: 6.1.2 (/opt/ros/humble/share/rmw_implementation_cmake/cmake)
-- Found rmw_fastrtps_cpp: 6.2.7 (/opt/ros/humble/share/rmw_fastrtps_cpp/cmake)
-- Using RMW implementation 'rmw_fastrtps_cpp' as default
-- Eigen found (include: /usr/include/eigen3, version: 3.4.0)
-- FLANN found (include: /usr/include, lib: /usr/lib/x86_64-linux-gnu/libflann_cpp.so)
-- OpenNI found (version: 1.5.4.0, include: /usr/include/ni, lib: /usr/lib/libOpenNI.so;libusb::libusb)
-- OpenNI2 found (version: 2.2.0.33, include: /usr/include/openni2, lib: /usr/lib/x86_64-linux-gnu/libOpenNI2.so;libusb::libusb)
-- Eigen found (include: /usr/include/eigen3, version: 3.4.0)
-- OpenNI found (version: 1.5.4.0, include: /usr/include/ni, lib: /usr/lib/libOpenNI.so;libusb::libusb)
-- OpenNI2 found (version: 2.2.0.33, include: /usr/include/openni2, lib: /usr/lib/x86_64-linux-gnu/libOpenNI2.so;libusb::libusb)
-- Found Qhull version 8.0.2
-- OpenNI found (version: 1.5.4.0, include: /usr/include/ni, lib: /usr/lib/libOpenNI.so;libusb::libusb)
-- Found eigen3_cmake_module: 0.1.1 (/opt/ros/humble/share/eigen3_cmake_module/cmake)
-- Ensuring Eigen3 include directory is part of orocos-kdl CMake target
-- Found ament_lint_auto: 0.12.11 (/opt/ros/humble/share/ament_lint_auto/cmake)
-- Added test 'cppcheck' to perform static code analysis on C / C++ code
-- Configured cppcheck include dirs: /home/alex/thesis_ws/src/pointcloud_to_laserscan/include
-- Configured cppcheck exclude dirs and/or files: 
-- Added test 'cpplint' to check C / C++ code against the Google style
-- Configured cpplint exclude dirs and/or files: 
-- Added test 'flake8' to check Python code syntax and style conventions
-- Added test 'lint_cmake' to check CMake code style
-- Added test 'pep257' to check Python code against some of the docstring style conventions in PEP 257
-- Added test 'uncrustify' to check C / C++ code style
-- Configured uncrustify additional arguments: 
-- Added test 'xmllint' to check XML markup files
-- Configuring done
-- Generating done
-- Build files have been written to: /home/alex/thesis_ws/build/pointcloud_to_laserscan
[35m[1mConsolidate compiler generated dependencies of target pointcloud_to_laserscan_node[0m
[35m[1mConsolidate compiler generated dependencies of target laserscan_to_pointcloud[0m
[ 28%] Built target pointcloud_to_laserscan_node
[ 57%] Built target laserscan_to_pointcloud
[35m[1mConsolidate compiler generated dependencies of target pointcloud_to_laserscan[0m
[ 71%] [32mBuilding CXX object CMakeFiles/pointcloud_to_laserscan.dir/src/vgicp_registration.cpp.o[0m
In file included from [01m[K/usr/local/include/small_gicp/pcl/pcl_registration_impl.hpp:17[m[K,
                 from [01m[K/usr/local/include/small_gicp/pcl/pcl_registration.hpp:116[m[K,
                 from [01m[K/home/alex/thesis_ws/src/pointcloud_to_laserscan/include/pointcloud_to_laserscan/vgicp_registration.hpp:6[m[K,
                 from [01m[K/home/alex/thesis_ws/src/pointcloud_to_laserscan/src/vgicp_registration.cpp:4[m[K:
[01m[K/usr/local/include/small_gicp/registration/reduction_omp.hpp:10:2:[m[K [01;35m[Kwarning: [m[K#warning "OpenMP is not available. Parallel reduction will be disabled." [[01;35m[K]8;;https://gcc.gnu.org/onlinedocs/gcc/Warning-Options.html#index-Wcpp-Wcpp]8;;[m[K]
   10 | #[01;35m[Kwarning[m[K "OpenMP is not available. Parallel reduction will be disabled."
      |  [01;35m[K^~~~~~~[m[K
[01m[K/home/alex/thesis_ws/src/pointcloud_to_laserscan/src/vgicp_registration.cpp:12:48:[m[K [01;31m[Kerror: [m[Kdefinition of implicitly-declared ‘[01m[KvgicpRegistrationClass::vgicpRegistrationClass()[m[K’
   12 | vgicpRegistrationClass::vgicpRegistrationClass([01;31m[K)[m[K : firstTime_(true) {
      |                                                [01;31m[K^[m[K
[01m[K/home/alex/thesis_ws/src/pointcloud_to_laserscan/src/vgicp_registration.cpp:[m[K In member function ‘[01m[Kvoid vgicpRegistrationClass::setLastCloud(const pcl::PointCloud<pcl::PointXYZ>&)[m[K’:
[01m[K/home/alex/thesis_ws/src/pointcloud_to_laserscan/src/vgicp_registration.cpp:21:89:[m[K [01;31m[Kerror: [m[Kno match for ‘[01m[Koperator*[m[K’ (operand type is ‘[01m[Kconst pcl::PointCloud<pcl::PointXYZ>[m[K’)
   21 | ntXYZ>::Ptr downsampled_last_cloud = voxelgrid_sampling_omp([01;31m[K*last_cloud[m[K, 0.25);
      |                                                             [01;31m[K^~~~~~~~~~~[m[K

[01m[K/home/alex/thesis_ws/src/pointcloud_to_laserscan/src/vgicp_registration.cpp:23:19:[m[K [01;31m[Kerror: [m[Kno match for ‘[01m[Koperator=[m[K’ (operand types are ‘[01m[Kpcl::PointCloud<pcl::PointXYZ>[m[K’ and ‘[01m[Kpcl::PointCloud<pcl::PointXYZ>::Ptr[m[K’ {aka ‘[01m[Kstd::shared_ptr<pcl::PointCloud<pcl::PointXYZ> >[m[K’})
   23 |     last_cloud_ = [01;31m[Kdownsampled_last_cloud[m[K;
      |                   [01;31m[K^~~~~~~~~~~~~~~~~~~~~~[m[K
In file included from [01m[K/usr/local/include/small_gicp/pcl/pcl_point_traits.hpp:6[m[K,
                 from [01m[K/home/alex/thesis_ws/src/pointcloud_to_laserscan/include/pointcloud_to_laserscan/vgicp_registration.hpp:5[m[K,
                 from [01m[K/home/alex/thesis_ws/src/pointcloud_to_laserscan/src/vgicp_registration.cpp:4[m[K:
[01m[K/usr/include/pcl-1.12/pcl/point_cloud.h:172:21:[m[K [01;36m[Knote: [m[Kcandidate: ‘[01m[Kpcl::PointCloud<pcl::PointXYZ>& pcl::PointCloud<pcl::PointXYZ>::operator=(const pcl::PointCloud<pcl::PointXYZ>&)[m[K’
  172 |   class PCL_EXPORTS [01;36m[KPointCloud[m[K
      |                     [01;36m[K^~~~~~~~~~[m[K
[01m[K/usr/include/pcl-1.12/pcl/point_cloud.h:172:21:[m[K [01;36m[Knote: [m[K  no known conversion for argument 1 from ‘[01m[Kpcl::PointCloud<pcl::PointXYZ>::Ptr[m[K’ {aka ‘[01m[Kstd::shared_ptr<pcl::PointCloud<pcl::PointXYZ> >[m[K’} to ‘[01m[Kconst pcl::PointCloud<pcl::PointXYZ>&[m[K’
[01m[K/usr/include/pcl-1.12/pcl/point_cloud.h:172:21:[m[K [01;36m[Knote: [m[Kcandidate: ‘[01m[Kpcl::PointCloud<pcl::PointXYZ>& pcl::PointCloud<pcl::PointXYZ>::operator=(pcl::PointCloud<pcl::PointXYZ>&&)[m[K’
[01m[K/usr/include/pcl-1.12/pcl/point_cloud.h:172:21:[m[K [01;36m[Knote: [m[K  no known conversion for argument 1 from ‘[01m[Kpcl::PointCloud<pcl::PointXYZ>::Ptr[m[K’ {aka ‘[01m[Kstd::shared_ptr<pcl::PointCloud<pcl::PointXYZ> >[m[K’} to ‘[01m[Kpcl::PointCloud<pcl::PointXYZ>&&[m[K’
[01m[K/home/alex/thesis_ws/src/pointcloud_to_laserscan/src/vgicp_registration.cpp:25:25:[m[K [01;31m[Kerror: [m[Kcannot convert ‘[01m[Kpcl::PointCloud<pcl::PointXYZ>[m[K’ to ‘[01m[Kconst PointCloudSourceConstPtr&[m[K’ {aka ‘[01m[Kconst std::shared_ptr<const pcl::PointCloud<pcl::PointXYZ> >&[m[K’}
   25 |     reg_.setInputSource([01;31m[Klast_cloud_[m[K);
      |                         [01;31m[K^~~~~~~~~~~[m[K
      |                         [01;31m[K|[m[K
      |                         [01;31m[Kpcl::PointCloud<pcl::PointXYZ>[m[K
In file included from [01m[K/usr/local/include/small_gicp/pcl/pcl_registration.hpp:116[m[K,
                 from [01m[K/home/alex/thesis_ws/src/pointcloud_to_laserscan/include/pointcloud_to_laserscan/vgicp_registration.hpp:6[m[K,
                 from [01m[K/home/alex/thesis_ws/src/pointcloud_to_laserscan/src/vgicp_registration.cpp:4[m[K:
[01m[K/usr/local/include/small_gicp/pcl/pcl_registration_impl.hpp:41:96:[m[K [01;36m[Knote: [m[K  initializing argument 1 of ‘[01m[Kvoid small_gicp::RegistrationPCL<PointSource, PointTarget>::setInputSource(const PointCloudSourceConstPtr&) [with PointSource = pcl::PointXYZ; PointTarget = pcl::PointXYZ; small_gicp::RegistrationPCL<PointSource, PointTarget>::PointCloudSourceConstPtr = std::shared_ptr<const pcl::PointCloud<pcl::PointXYZ> >][m[K’
   41 | , PointTarget>::setInputSource([01;36m[Kconst PointCloudSourceConstPtr& cloud[m[K) {
      |                                [01;36m[K~~~~~~~~~~~~~~~~~~~~~~~~~~~~~~~~^~~~~[m[K

[01m[K/home/alex/thesis_ws/src/pointcloud_to_laserscan/src/vgicp_registration.cpp:[m[K In member function ‘[01m[Kvoid vgicpRegistrationClass::setNewCloud(const pcl::PointCloud<pcl::PointXYZ>&)[m[K’:
[01m[K/home/alex/thesis_ws/src/pointcloud_to_laserscan/src/vgicp_registration.cpp:29:88:[m[K [01;31m[Kerror: [m[Kno match for ‘[01m[Koperator*[m[K’ (operand type is ‘[01m[Kconst pcl::PointCloud<pcl::PointXYZ>[m[K’)
   29 | intXYZ>::Ptr downsampled_new_cloud = voxelgrid_sampling_omp([01;31m[K*new_cloud[m[K, 0.25);
      |                                                             [01;31m[K^~~~~~~~~~[m[K

[01m[K/home/alex/thesis_ws/src/pointcloud_to_laserscan/src/vgicp_registration.cpp:31:18:[m[K [01;31m[Kerror: [m[Kno match for ‘[01m[Koperator=[m[K’ (operand types are ‘[01m[Kpcl::PointCloud<pcl::PointXYZ>[m[K’ and ‘[01m[Kpcl::PointCloud<pcl::PointXYZ>::Ptr[m[K’ {aka ‘[01m[Kstd::shared_ptr<pcl::PointCloud<pcl::PointXYZ> >[m[K’})
   31 |     new_cloud_ = [01;31m[Kdownsampled_new_cloud[m[K;
      |                  [01;31m[K^~~~~~~~~~~~~~~~~~~~~[m[K
In file included from [01m[K/usr/local/include/small_gicp/pcl/pcl_point_traits.hpp:6[m[K,
                 from [01m[K/home/alex/thesis_ws/src/pointcloud_to_laserscan/include/pointcloud_to_laserscan/vgicp_registration.hpp:5[m[K,
                 from [01m[K/home/alex/thesis_ws/src/pointcloud_to_laserscan/src/vgicp_registration.cpp:4[m[K:
[01m[K/usr/include/pcl-1.12/pcl/point_cloud.h:172:21:[m[K [01;36m[Knote: [m[Kcandidate: ‘[01m[Kpcl::PointCloud<pcl::PointXYZ>& pcl::PointCloud<pcl::PointXYZ>::operator=(const pcl::PointCloud<pcl::PointXYZ>&)[m[K’
  172 |   class PCL_EXPORTS [01;36m[KPointCloud[m[K
      |                     [01;36m[K^~~~~~~~~~[m[K
[01m[K/usr/include/pcl-1.12/pcl/point_cloud.h:172:21:[m[K [01;36m[Knote: [m[K  no known conversion for argument 1 from ‘[01m[Kpcl::PointCloud<pcl::PointXYZ>::Ptr[m[K’ {aka ‘[01m[Kstd::shared_ptr<pcl::PointCloud<pcl::PointXYZ> >[m[K’} to ‘[01m[Kconst pcl::PointCloud<pcl::PointXYZ>&[m[K’
[01m[K/usr/include/pcl-1.12/pcl/point_cloud.h:172:21:[m[K [01;36m[Knote: [m[Kcandidate: ‘[01m[Kpcl::PointCloud<pcl::PointXYZ>& pcl::PointCloud<pcl::PointXYZ>::operator=(pcl::PointCloud<pcl::PointXYZ>&&)[m[K’
[01m[K/usr/include/pcl-1.12/pcl/point_cloud.h:172:21:[m[K [01;36m[Knote: [m[K  no known conversion for argument 1 from ‘[01m[Kpcl::PointCloud<pcl::PointXYZ>::Ptr[m[K’ {aka ‘[01m[Kstd::shared_ptr<pcl::PointCloud<pcl::PointXYZ> >[m[K’} to ‘[01m[Kpcl::PointCloud<pcl::PointXYZ>&&[m[K’
[01m[K/home/alex/thesis_ws/src/pointcloud_to_laserscan/src/vgicp_registration.cpp:33:25:[m[K [01;31m[Kerror: [m[Kcannot convert ‘[01m[Kpcl::PointCloud<pcl::PointXYZ>[m[K’ to ‘[01m[Kconst PointCloudTargetConstPtr&[m[K’ {aka ‘[01m[Kconst std::shared_ptr<const pcl::PointCloud<pcl::PointXYZ> >&[m[K’}
   33 |     reg_.setInputTarget([01;31m[Knew_cloud_[m[K);
      |                         [01;31m[K^~~~~~~~~~[m[K
      |                         [01;31m[K|[m[K
      |                         [01;31m[Kpcl::PointCloud<pcl::PointXYZ>[m[K
In file included from [01m[K/usr/local/include/small_gicp/pcl/pcl_registration.hpp:116[m[K,
                 from [01m[K/home/alex/thesis_ws/src/pointcloud_to_laserscan/include/pointcloud_to_laserscan/vgicp_registration.hpp:6[m[K,
                 from [01m[K/home/alex/thesis_ws/src/pointcloud_to_laserscan/src/vgicp_registration.cpp:4[m[K:
[01m[K/usr/local/include/small_gicp/pcl/pcl_registration_impl.hpp:53:96:[m[K [01;36m[Knote: [m[K  initializing argument 1 of ‘[01m[Kvoid small_gicp::RegistrationPCL<PointSource, PointTarget>::setInputTarget(const PointCloudTargetConstPtr&) [with PointSource = pcl::PointXYZ; PointTarget = pcl::PointXYZ; small_gicp::RegistrationPCL<PointSource, PointTarget>::PointCloudTargetConstPtr = std::shared_ptr<const pcl::PointCloud<pcl::PointXYZ> >][m[K’
   53 | , PointTarget>::setInputTarget([01;36m[Kconst PointCloudTargetConstPtr& cloud[m[K) {
      |                                [01;36m[K~~~~~~~~~~~~~~~~~~~~~~~~~~~~~~~~^~~~~[m[K

[01m[K/home/alex/thesis_ws/src/pointcloud_to_laserscan/src/vgicp_registration.cpp:[m[K In member function ‘[01m[Kpcl::PointCloud<pcl::PointXYZ> vgicpRegistrationClass::getNewTransformedCloud() const[m[K’:
[01m[K/home/alex/thesis_ws/src/pointcloud_to_laserscan/src/vgicp_registration.cpp:38:37:[m[K [01;31m[Kerror: [m[Kno matching function for call to ‘[01m[KtransformPointCloud(const pcl::PointCloud<pcl::PointXYZ>&, const pcl::PointCloud<pcl::PointXYZ>&, const TransformStamped&)[m[K’
   38 |         [01;31m[Kpcl_ros::transformPointCloud(new_cloud_, new_cloud_transformed_, ICP_output_transform_)[m[K;
      |         [01;31m[K~~~~~~~~~~~~~~~~~~~~~~~~~~~~^~~~~~~~~~~~~~~~~~~~~~~~~~~~~~~~~~~~~~~~~~~~~~~~~~~~~~~~~~~[m[K
In file included from [01m[K/home/alex/thesis_ws/src/pointcloud_to_laserscan/include/pointcloud_to_laserscan/vgicp_registration.hpp:19[m[K,
                 from [01m[K/home/alex/thesis_ws/src/pointcloud_to_laserscan/src/vgicp_registration.cpp:4[m[K:
[01m[K/home/alex/thesis_ws/install/pcl_ros/include/pcl_ros/pcl_ros/transforms.hpp:118:1:[m[K [01;36m[Knote: [m[Kcandidate: ‘[01m[Ktemplate<class PointT> void pcl_ros::transformPointCloud(const pcl::PointCloud<PointT>&, pcl::PointCloud<PointT>&, const tf2::Transform&)[m[K’
  118 | [01;36m[KtransformPointCloud[m[K(
      | [01;36m[K^~~~~~~~~~~~~~~~~~~[m[K
[01m[K/home/alex/thesis_ws/install/pcl_ros/include/pcl_ros/pcl_ros/transforms.hpp:118:1:[m[K [01;36m[Knote: [m[K  template argument deduction/substitution failed:
[01m[K/home/alex/thesis_ws/src/pointcloud_to_laserscan/src/vgicp_registration.cpp:38:37:[m[K [01;36m[Knote: [m[K  types ‘[01m[Kpcl::PointCloud<PointT>[m[K’ and ‘[01m[Kconst pcl::PointCloud<pcl::PointXYZ>[m[K’ have incompatible cv-qualifiers
   38 |         [01;36m[Kpcl_ros::transformPointCloud(new_cloud_, new_cloud_transformed_, ICP_output_transform_)[m[K;
      |         [01;36m[K~~~~~~~~~~~~~~~~~~~~~~~~~~~~^~~~~~~~~~~~~~~~~~~~~~~~~~~~~~~~~~~~~~~~~~~~~~~~~~~~~~~~~~~[m[K
In file included from [01m[K/home/alex/thesis_ws/src/pointcloud_to_laserscan/include/pointcloud_to_laserscan/vgicp_registration.hpp:19[m[K,
                 from [01m[K/home/alex/thesis_ws/src/pointcloud_to_laserscan/src/vgicp_registration.cpp:4[m[K:
[01m[K/home/alex/thesis_ws/install/pcl_ros/include/pcl_ros/pcl_ros/transforms.hpp:131:1:[m[K [01;36m[Knote: [m[Kcandidate: ‘[01m[Ktemplate<class PointT> void pcl_ros::transformPointCloud(const pcl::PointCloud<PointT>&, pcl::PointCloud<PointT>&, const TransformStamped&)[m[K’
  131 | [01;36m[KtransformPointCloud[m[K(
      | [01;36m[K^~~~~~~~~~~~~~~~~~~[m[K
[01m[K/home/alex/thesis_ws/install/pcl_ros/include/pcl_ros/pcl_ros/transforms.hpp:131:1:[m[K [01;36m[Knote: [m[K  template argument deduction/substitution failed:
[01m[K/home/alex/thesis_ws/src/pointcloud_to_laserscan/src/vgicp_registration.cpp:38:37:[m[K [01;36m[Knote: [m[K  types ‘[01m[Kpcl::PointCloud<PointT>[m[K’ and ‘[01m[Kconst pcl::PointCloud<pcl::PointXYZ>[m[K’ have incompatible cv-qualifiers
   38 |         [01;36m[Kpcl_ros::transformPointCloud(new_cloud_, new_cloud_transformed_, ICP_output_transform_)[m[K;
      |         [01;36m[K~~~~~~~~~~~~~~~~~~~~~~~~~~~~^~~~~~~~~~~~~~~~~~~~~~~~~~~~~~~~~~~~~~~~~~~~~~~~~~~~~~~~~~~[m[K
In file included from [01m[K/home/alex/thesis_ws/src/pointcloud_to_laserscan/include/pointcloud_to_laserscan/vgicp_registration.hpp:19[m[K,
                 from [01m[K/home/alex/thesis_ws/src/pointcloud_to_laserscan/src/vgicp_registration.cpp:4[m[K:
[01m[K/home/alex/thesis_ws/install/pcl_ros/include/pcl_ros/pcl_ros/transforms.hpp:144:1:[m[K [01;36m[Knote: [m[Kcandidate: ‘[01m[Ktemplate<class PointT> bool pcl_ros::transformPointCloud(const string&, const pcl::PointCloud<PointT>&, pcl::PointCloud<PointT>&, const tf2_ros::Buffer&)[m[K’
  144 | [01;36m[KtransformPointCloud[m[K(
      | [01;36m[K^~~~~~~~~~~~~~~~~~~[m[K
[01m[K/home/alex/thesis_ws/install/pcl_ros/include/pcl_ros/pcl_ros/transforms.hpp:144:1:[m[K [01;36m[Knote: [m[K  template argument deduction/substitution failed:
[01m[K/home/alex/thesis_ws/src/pointcloud_to_laserscan/src/vgicp_registration.cpp:38:37:[m[K [01;36m[Knote: [m[K  types ‘[01m[Kpcl::PointCloud<PointT>[m[K’ and ‘[01m[Kconst TransformStamped[m[K’ {aka ‘[01m[Kconst geometry_msgs::msg::TransformStamped_<std::allocator<void> >[m[K’} have incompatible cv-qualifiers
   38 |         [01;36m[Kpcl_ros::transformPointCloud(new_cloud_, new_cloud_transformed_, ICP_output_transform_)[m[K;
      |         [01;36m[K~~~~~~~~~~~~~~~~~~~~~~~~~~~~^~~~~~~~~~~~~~~~~~~~~~~~~~~~~~~~~~~~~~~~~~~~~~~~~~~~~~~~~~~[m[K
In file included from [01m[K/home/alex/thesis_ws/src/pointcloud_to_laserscan/include/pointcloud_to_laserscan/vgicp_registration.hpp:19[m[K,
                 from [01m[K/home/alex/thesis_ws/src/pointcloud_to_laserscan/src/vgicp_registration.cpp:4[m[K:
[01m[K/home/alex/thesis_ws/install/pcl_ros/include/pcl_ros/pcl_ros/transforms.hpp:160:1:[m[K [01;36m[Knote: [m[Kcandidate: ‘[01m[Ktemplate<class PointT> bool pcl_ros::transformPointCloud(const string&, const rclcpp::Time&, const pcl::PointCloud<PointT>&, const string&, pcl::PointCloud<PointT>&, const tf2_ros::Buffer&)[m[K’
  160 | [01;36m[KtransformPointCloud[m[K(
      | [01;36m[K^~~~~~~~~~~~~~~~~~~[m[K
[01m[K/home/alex/thesis_ws/install/pcl_ros/include/pcl_ros/pcl_ros/transforms.hpp:160:1:[m[K [01;36m[Knote: [m[K  template argument deduction/substitution failed:
[01m[K/home/alex/thesis_ws/src/pointcloud_to_laserscan/src/vgicp_registration.cpp:38:37:[m[K [01;36m[Knote: [m[K  ‘[01m[Kconst TransformStamped[m[K’ {aka ‘[01m[Kconst geometry_msgs::msg::TransformStamped_<std::allocator<void> >[m[K’} is not derived from ‘[01m[Kconst pcl::PointCloud<PointT>[m[K’
   38 |         [01;36m[Kpcl_ros::transformPointCloud(new_cloud_, new_cloud_transformed_, ICP_output_transform_)[m[K;
      |         [01;36m[K~~~~~~~~~~~~~~~~~~~~~~~~~~~~^~~~~~~~~~~~~~~~~~~~~~~~~~~~~~~~~~~~~~~~~~~~~~~~~~~~~~~~~~~[m[K
In file included from [01m[K/home/alex/thesis_ws/src/pointcloud_to_laserscan/include/pointcloud_to_laserscan/vgicp_registration.hpp:19[m[K,
                 from [01m[K/home/alex/thesis_ws/src/pointcloud_to_laserscan/src/vgicp_registration.cpp:4[m[K:
[01m[K/home/alex/thesis_ws/install/pcl_ros/include/pcl_ros/pcl_ros/transforms.hpp:175:1:[m[K [01;36m[Knote: [m[Kcandidate: ‘[01m[Kbool pcl_ros::transformPointCloud(const string&, const PointCloud2&, sensor_msgs::msg::PointCloud2&, const tf2_ros::Buffer&)[m[K’
  175 | [01;36m[KtransformPointCloud[m[K(
      | [01;36m[K^~~~~~~~~~~~~~~~~~~[m[K
[01m[K/home/alex/thesis_ws/install/pcl_ros/include/pcl_ros/pcl_ros/transforms.hpp:175:1:[m[K [01;36m[Knote: [m[K  candidate expects 4 arguments, 3 provided
[01m[K/home/alex/thesis_ws/install/pcl_ros/include/pcl_ros/pcl_ros/transforms.hpp:188:1:[m[K [01;36m[Knote: [m[Kcandidate: ‘[01m[Kvoid pcl_ros::transformPointCloud(const string&, const tf2::Transform&, const PointCloud2&, sensor_msgs::msg::PointCloud2&)[m[K’
  188 | [01;36m[KtransformPointCloud[m[K(
      | [01;36m[K^~~~~~~~~~~~~~~~~~~[m[K
[01m[K/home/alex/thesis_ws/install/pcl_ros/include/pcl_ros/pcl_ros/transforms.hpp:188:1:[m[K [01;36m[Knote: [m[K  candidate expects 4 arguments, 3 provided
[01m[K/home/alex/thesis_ws/install/pcl_ros/include/pcl_ros/pcl_ros/transforms.hpp:201:1:[m[K [01;36m[Knote: [m[Kcandidate: ‘[01m[Kvoid pcl_ros::transformPointCloud(const string&, const TransformStamped&, const PointCloud2&, sensor_msgs::msg::PointCloud2&)[m[K’
  201 | [01;36m[KtransformPointCloud[m[K(
      | [01;36m[K^~~~~~~~~~~~~~~~~~~[m[K
[01m[K/home/alex/thesis_ws/install/pcl_ros/include/pcl_ros/pcl_ros/transforms.hpp:201:1:[m[K [01;36m[Knote: [m[K  candidate expects 4 arguments, 3 provided
[01m[K/home/alex/thesis_ws/install/pcl_ros/include/pcl_ros/pcl_ros/transforms.hpp:213:1:[m[K [01;36m[Knote: [m[Kcandidate: ‘[01m[Kvoid pcl_ros::transformPointCloud(const Matrix4f&, const PointCloud2&, sensor_msgs::msg::PointCloud2&)[m[K’
  213 | [01;36m[KtransformPointCloud[m[K(
      | [01;36m[K^~~~~~~~~~~~~~~~~~~[m[K
[01m[K/home/alex/thesis_ws/install/pcl_ros/include/pcl_ros/pcl_ros/transforms.hpp:214:27:[m[K [01;36m[Knote: [m[K  no known conversion for argument 1 from ‘[01m[Kconst pcl::PointCloud<pcl::PointXYZ>[m[K’ to ‘[01m[Kconst Matrix4f&[m[K’ {aka ‘[01m[Kconst Eigen::Matrix<float, 4, 4>&[m[K’}
  214 |   [01;36m[Kconst Eigen::Matrix4f & transform[m[K,
      |   [01;36m[K~~~~~~~~~~~~~~~~~~~~~~~~^~~~~~~~~[m[K
[01m[K/home/alex/thesis_ws/src/pointcloud_to_laserscan/src/vgicp_registration.cpp:[m[K In member function ‘[01m[Kvoid vgicpRegistrationClass::computeRegistration()[m[K’:
[01m[K/home/alex/thesis_ws/src/pointcloud_to_laserscan/src/vgicp_registration.cpp:49:32:[m[K [01;31m[Kerror: [m[K‘[01m[Kclass pcl::PointCloud<pcl::PointXYZ>[m[K’ has no member named ‘[01m[Kreset[m[K’
   49 |         new_cloud_transformed_.[01;31m[Kreset[m[K(new pcl::PointCloud<pcl::PointXYZ>);
      |                                [01;31m[K^~~~~[m[K
[01m[K/home/alex/thesis_ws/src/pointcloud_to_laserscan/src/vgicp_registration.cpp:51:20:[m[K [01;31m[Kerror: [m[Kno match for ‘[01m[Koperator*[m[K’ (operand type is ‘[01m[Kpcl::PointCloud<pcl::PointXYZ>[m[K’)
   51 |         reg_.align([01;31m[K*new_cloud_transformed_[m[K);
      |                    [01;31m[K^~~~~~~~~~~~~~~~~~~~~~~[m[K
[01m[K/home/alex/thesis_ws/src/pointcloud_to_laserscan/src/vgicp_registration.cpp:55:38:[m[K [01;31m[Kerror: [m[K‘[01m[KeigenToTransform[m[K’ is not a member of ‘[01m[Ktf2[m[K’; did you mean ‘[01m[KdoTransform[m[K’?
   55 |         ICP_output_transform_ = tf2::[01;31m[KeigenToTransform[m[K(transform_matrix);
      |                                      [01;31m[K^~~~~~~~~~~~~~~~[m[K
      |                                      [32m[KdoTransform[m[K
gmake[2]: *** [CMakeFiles/pointcloud_to_laserscan.dir/build.make:90: CMakeFiles/pointcloud_to_laserscan.dir/src/vgicp_registration.cpp.o] Error 1
gmake[1]: *** [CMakeFiles/Makefile2:167: CMakeFiles/pointcloud_to_laserscan.dir/all] Error 2
gmake: *** [Makefile:146: all] Error 2
