[0.008s] Invoking command in '/home/alex/thesis_ws/new_clone/build/pointcloud_to_laserscan': AMENT_PREFIX_PATH=/home/alex/thesis_ws/new_clone/install/pcl_ros:/home/alex/thesis_ws/new_clone/install/pcl_conversions:${AMENT_PREFIX_PATH} CMAKE_PREFIX_PATH=/home/alex/thesis_ws/new_clone/install/pcl_ros:/home/alex/thesis_ws/new_clone/install/pcl_conversions:/home/alex/thesis_ws/new_clone/src/pointcloud_to_laserscan/install/pointcloud_to_laserscan:/home/alex/thesis_ws/install/pointcloud_to_laserscan:/home/alex/thesis_ws/install/perception_pcl:/home/alex/thesis_ws/install/pcl_ros:/home/alex/thesis_ws/install/pcl_conversions:/opt/ros/humble LD_LIBRARY_PATH=/home/alex/thesis_ws/new_clone/install/pcl_ros/lib:${LD_LIBRARY_PATH} /usr/bin/cmake --build /home/alex/thesis_ws/new_clone/build/pointcloud_to_laserscan -- -j8 -l8
[0.046s] [ 20%] Built target laserscan_to_pointcloud_node
[0.047s] [ 40%] Built target pointcloud_to_laserscan_node
[0.048s] [ 60%] Built target laserscan_to_pointcloud
[0.073s] [ 80%] Built target pointcloud_to_laserscan
[0.091s] [100%] Built target dummy_pointcloud_publisher
[0.098s] Invoked command in '/home/alex/thesis_ws/new_clone/build/pointcloud_to_laserscan' returned '0': AMENT_PREFIX_PATH=/home/alex/thesis_ws/new_clone/install/pcl_ros:/home/alex/thesis_ws/new_clone/install/pcl_conversions:${AMENT_PREFIX_PATH} CMAKE_PREFIX_PATH=/home/alex/thesis_ws/new_clone/install/pcl_ros:/home/alex/thesis_ws/new_clone/install/pcl_conversions:/home/alex/thesis_ws/new_clone/src/pointcloud_to_laserscan/install/pointcloud_to_laserscan:/home/alex/thesis_ws/install/pointcloud_to_laserscan:/home/alex/thesis_ws/install/perception_pcl:/home/alex/thesis_ws/install/pcl_ros:/home/alex/thesis_ws/install/pcl_conversions:/opt/ros/humble LD_LIBRARY_PATH=/home/alex/thesis_ws/new_clone/install/pcl_ros/lib:${LD_LIBRARY_PATH} /usr/bin/cmake --build /home/alex/thesis_ws/new_clone/build/pointcloud_to_laserscan -- -j8 -l8
[0.099s] Invoking command in '/home/alex/thesis_ws/new_clone/build/pointcloud_to_laserscan': AMENT_PREFIX_PATH=/home/alex/thesis_ws/new_clone/install/pcl_ros:/home/alex/thesis_ws/new_clone/install/pcl_conversions:${AMENT_PREFIX_PATH} CMAKE_PREFIX_PATH=/home/alex/thesis_ws/new_clone/install/pcl_ros:/home/alex/thesis_ws/new_clone/install/pcl_conversions:/home/alex/thesis_ws/new_clone/src/pointcloud_to_laserscan/install/pointcloud_to_laserscan:/home/alex/thesis_ws/install/pointcloud_to_laserscan:/home/alex/thesis_ws/install/perception_pcl:/home/alex/thesis_ws/install/pcl_ros:/home/alex/thesis_ws/install/pcl_conversions:/opt/ros/humble LD_LIBRARY_PATH=/home/alex/thesis_ws/new_clone/install/pcl_ros/lib:${LD_LIBRARY_PATH} /usr/bin/cmake --install /home/alex/thesis_ws/new_clone/build/pointcloud_to_laserscan
[0.104s] -- Install configuration: ""
[0.104s] -- Up-to-date: /home/alex/thesis_ws/new_clone/install/pointcloud_to_laserscan/lib/pointcloud_to_laserscan/laserscan_to_pointcloud_node
[0.104s] -- Up-to-date: /home/alex/thesis_ws/new_clone/install/pointcloud_to_laserscan/lib/pointcloud_to_laserscan/pointcloud_to_laserscan_node
[0.104s] -- Up-to-date: /home/alex/thesis_ws/new_clone/install/pointcloud_to_laserscan/include
[0.104s] -- Up-to-date: /home/alex/thesis_ws/new_clone/install/pointcloud_to_laserscan/include/pointcloud_to_laserscan
[0.104s] -- Up-to-date: /home/alex/thesis_ws/new_clone/install/pointcloud_to_laserscan/include/pointcloud_to_laserscan/pointcloud_to_laserscan_node.hpp
[0.105s] -- Up-to-date: /home/alex/thesis_ws/new_clone/install/pointcloud_to_laserscan/include/pointcloud_to_laserscan/visibility_control.h
[0.105s] -- Up-to-date: /home/alex/thesis_ws/new_clone/install/pointcloud_to_laserscan/include/pointcloud_to_laserscan/laserscan_to_pointcloud_node.hpp
[0.105s] -- Up-to-date: /home/alex/thesis_ws/new_clone/install/pointcloud_to_laserscan/share/pointcloud_to_laserscan/environment/library_path.sh
[0.105s] -- Up-to-date: /home/alex/thesis_ws/new_clone/install/pointcloud_to_laserscan/share/pointcloud_to_laserscan/environment/library_path.dsv
[0.105s] -- Up-to-date: /home/alex/thesis_ws/new_clone/install/pointcloud_to_laserscan/lib/liblaserscan_to_pointcloud.so
[0.105s] -- Up-to-date: /home/alex/thesis_ws/new_clone/install/pointcloud_to_laserscan/lib/libpointcloud_to_laserscan.so
[0.105s] -- Up-to-date: /home/alex/thesis_ws/new_clone/install/pointcloud_to_laserscan/lib/pointcloud_to_laserscan/dummy_pointcloud_publisher
[0.105s] -- Up-to-date: /home/alex/thesis_ws/new_clone/install/pointcloud_to_laserscan/share/pointcloud_to_laserscan/launch
[0.105s] -- Up-to-date: /home/alex/thesis_ws/new_clone/install/pointcloud_to_laserscan/share/pointcloud_to_laserscan/launch/sample_laserscan_to_pointcloud_launch.py
[0.105s] -- Installing: /home/alex/thesis_ws/new_clone/install/pointcloud_to_laserscan/share/pointcloud_to_laserscan/launch/sample_pointcloud_to_laserscan_launch.py
[0.105s] -- Up-to-date: /home/alex/thesis_ws/new_clone/install/pointcloud_to_laserscan/share/ament_index/resource_index/package_run_dependencies/pointcloud_to_laserscan
[0.105s] -- Up-to-date: /home/alex/thesis_ws/new_clone/install/pointcloud_to_laserscan/share/ament_index/resource_index/parent_prefix_path/pointcloud_to_laserscan
[0.106s] -- Up-to-date: /home/alex/thesis_ws/new_clone/install/pointcloud_to_laserscan/share/pointcloud_to_laserscan/environment/ament_prefix_path.sh
[0.106s] -- Up-to-date: /home/alex/thesis_ws/new_clone/install/pointcloud_to_laserscan/share/pointcloud_to_laserscan/environment/ament_prefix_path.dsv
[0.106s] -- Up-to-date: /home/alex/thesis_ws/new_clone/install/pointcloud_to_laserscan/share/pointcloud_to_laserscan/environment/path.sh
[0.106s] -- Up-to-date: /home/alex/thesis_ws/new_clone/install/pointcloud_to_laserscan/share/pointcloud_to_laserscan/environment/path.dsv
[0.106s] -- Up-to-date: /home/alex/thesis_ws/new_clone/install/pointcloud_to_laserscan/share/pointcloud_to_laserscan/local_setup.bash
[0.106s] -- Up-to-date: /home/alex/thesis_ws/new_clone/install/pointcloud_to_laserscan/share/pointcloud_to_laserscan/local_setup.sh
[0.106s] -- Up-to-date: /home/alex/thesis_ws/new_clone/install/pointcloud_to_laserscan/share/pointcloud_to_laserscan/local_setup.zsh
[0.106s] -- Up-to-date: /home/alex/thesis_ws/new_clone/install/pointcloud_to_laserscan/share/pointcloud_to_laserscan/local_setup.dsv
[0.106s] -- Installing: /home/alex/thesis_ws/new_clone/install/pointcloud_to_laserscan/share/pointcloud_to_laserscan/package.dsv
[0.106s] -- Up-to-date: /home/alex/thesis_ws/new_clone/install/pointcloud_to_laserscan/share/ament_index/resource_index/packages/pointcloud_to_laserscan
[0.106s] -- Up-to-date: /home/alex/thesis_ws/new_clone/install/pointcloud_to_laserscan/share/ament_index/resource_index/rclcpp_components/pointcloud_to_laserscan
[0.106s] -- Up-to-date: /home/alex/thesis_ws/new_clone/install/pointcloud_to_laserscan/share/pointcloud_to_laserscan/cmake/ament_cmake_export_dependencies-extras.cmake
[0.106s] -- Up-to-date: /home/alex/thesis_ws/new_clone/install/pointcloud_to_laserscan/share/pointcloud_to_laserscan/cmake/ament_cmake_export_include_directories-extras.cmake
[0.106s] -- Up-to-date: /home/alex/thesis_ws/new_clone/install/pointcloud_to_laserscan/share/pointcloud_to_laserscan/cmake/ament_cmake_export_libraries-extras.cmake
[0.106s] -- Up-to-date: /home/alex/thesis_ws/new_clone/install/pointcloud_to_laserscan/share/pointcloud_to_laserscan/cmake/pointcloud_to_laserscanConfig.cmake
[0.106s] -- Up-to-date: /home/alex/thesis_ws/new_clone/install/pointcloud_to_laserscan/share/pointcloud_to_laserscan/cmake/pointcloud_to_laserscanConfig-version.cmake
[0.106s] -- Up-to-date: /home/alex/thesis_ws/new_clone/install/pointcloud_to_laserscan/share/pointcloud_to_laserscan/package.xml
[0.107s] Invoked command in '/home/alex/thesis_ws/new_clone/build/pointcloud_to_laserscan' returned '0': AMENT_PREFIX_PATH=/home/alex/thesis_ws/new_clone/install/pcl_ros:/home/alex/thesis_ws/new_clone/install/pcl_conversions:${AMENT_PREFIX_PATH} CMAKE_PREFIX_PATH=/home/alex/thesis_ws/new_clone/install/pcl_ros:/home/alex/thesis_ws/new_clone/install/pcl_conversions:/home/alex/thesis_ws/new_clone/src/pointcloud_to_laserscan/install/pointcloud_to_laserscan:/home/alex/thesis_ws/install/pointcloud_to_laserscan:/home/alex/thesis_ws/install/perception_pcl:/home/alex/thesis_ws/install/pcl_ros:/home/alex/thesis_ws/install/pcl_conversions:/opt/ros/humble LD_LIBRARY_PATH=/home/alex/thesis_ws/new_clone/install/pcl_ros/lib:${LD_LIBRARY_PATH} /usr/bin/cmake --install /home/alex/thesis_ws/new_clone/build/pointcloud_to_laserscan
