[0.008s] Invoking command in '/home/alex/thesis_ws/build/pointcloud_to_laserscan': CMAKE_PREFIX_PATH=/home/alex/thesis_ws/install/pcl_ros:/home/alex/thesis_ws/install/small_gicp:/home/alex/thesis_ws/install/pcl_conversions:/home/alex/thesis_ws/install/pointcloud_to_laserscan:/home/alex/thesis_ws/install/perception_pcl:/opt/ros/humble LD_LIBRARY_PATH=/home/alex/thesis_ws/install/pcl_ros/lib:/home/alex/thesis_ws/install/small_gicp/lib:/home/alex/thesis_ws/install/pointcloud_to_laserscan/lib:/opt/ros/humble/opt/rviz_ogre_vendor/lib:/opt/ros/humble/lib/x86_64-linux-gnu:/opt/ros/humble/lib /usr/bin/cmake --build /home/alex/thesis_ws/build/pointcloud_to_laserscan -- -j8 -l8
[0.025s] -- Found ament_cmake_auto: 1.3.11 (/opt/ros/humble/share/ament_cmake_auto/cmake)
[0.111s] -- Found pcl_ros: 2.4.5 (/home/alex/thesis_ws/install/pcl_ros/share/pcl_ros/cmake)
[0.132s] -- Found rosidl_generator_c: 3.1.6 (/opt/ros/humble/share/rosidl_generator_c/cmake)
[0.133s] -- Found rosidl_adapter: 3.1.6 (/opt/ros/humble/share/rosidl_adapter/cmake)
[0.136s] -- Found rosidl_generator_cpp: 3.1.6 (/opt/ros/humble/share/rosidl_generator_cpp/cmake)
[0.142s] -- Using all available rosidl_typesupport_c: rosidl_typesupport_fastrtps_c;rosidl_typesupport_introspection_c
[0.149s] -- Using all available rosidl_typesupport_cpp: rosidl_typesupport_fastrtps_cpp;rosidl_typesupport_introspection_cpp
[0.168s] -- Found rmw_implementation_cmake: 6.1.2 (/opt/ros/humble/share/rmw_implementation_cmake/cmake)
[0.168s] -- Found rmw_fastrtps_cpp: 6.2.7 (/opt/ros/humble/share/rmw_fastrtps_cpp/cmake)
[0.232s] -- Using RMW implementation 'rmw_fastrtps_cpp' as default
[0.300s] -- Eigen found (include: /usr/include/eigen3, version: 3.4.0)
[0.317s] -- FLANN found (include: /usr/include, lib: /usr/lib/x86_64-linux-gnu/libflann_cpp.so)
[0.500s] -- OpenNI found (version: 1.5.4.0, include: /usr/include/ni, lib: /usr/lib/libOpenNI.so;libusb::libusb)
[0.505s] -- OpenNI2 found (version: 2.2.0.33, include: /usr/include/openni2, lib: /usr/lib/x86_64-linux-gnu/libOpenNI2.so;libusb::libusb)
[0.601s] -- Eigen found (include: /usr/include/eigen3, version: 3.4.0)
[0.604s] -- OpenNI found (version: 1.5.4.0, include: /usr/include/ni, lib: /usr/lib/libOpenNI.so;libusb::libusb)
[0.608s] -- OpenNI2 found (version: 2.2.0.33, include: /usr/include/openni2, lib: /usr/lib/x86_64-linux-gnu/libOpenNI2.so;libusb::libusb)
[0.695s] -- Found Qhull version 8.0.2
[0.790s] -- OpenNI found (version: 1.5.4.0, include: /usr/include/ni, lib: /usr/lib/libOpenNI.so;libusb::libusb)
[0.892s] -- Found eigen3_cmake_module: 0.1.1 (/opt/ros/humble/share/eigen3_cmake_module/cmake)
[0.892s] -- Ensuring Eigen3 include directory is part of orocos-kdl CMake target
[0.939s] [31mCMake Error at CMakeLists.txt:11 (add_library):
[0.939s]   The target name "src/vgicp_registration.cpp" is reserved or not valid for
[0.939s]   certain CMake features, such as generator expressions, and may result in
[0.939s]   undefined behavior.
[0.939s] 
[0.939s] [0m
[0.997s] -- Found ament_lint_auto: 0.12.11 (/opt/ros/humble/share/ament_lint_auto/cmake)
[1.004s] -- Added test 'cppcheck' to perform static code analysis on C / C++ code
[1.004s] -- Configured cppcheck include dirs: /home/alex/thesis_ws/src/pointcloud_to_laserscan/include
[1.004s] -- Configured cppcheck exclude dirs and/or files: 
[1.006s] -- Added test 'cpplint' to check C / C++ code against the Google style
[1.006s] -- Configured cpplint exclude dirs and/or files: 
[1.007s] -- Added test 'flake8' to check Python code syntax and style conventions
[1.008s] -- Added test 'lint_cmake' to check CMake code style
[1.008s] -- Added test 'pep257' to check Python code against some of the docstring style conventions in PEP 257
[1.011s] -- Added test 'uncrustify' to check C / C++ code style
[1.011s] -- Configured uncrustify additional arguments: 
[1.011s] -- Added test 'xmllint' to check XML markup files
[1.012s] -- Configuring incomplete, errors occurred!
[1.012s] See also "/home/alex/thesis_ws/build/pointcloud_to_laserscan/CMakeFiles/CMakeOutput.log".
[1.022s] gmake: *** [Makefile:431: cmake_check_build_system] Error 1
[1.024s] Invoked command in '/home/alex/thesis_ws/build/pointcloud_to_laserscan' returned '2': CMAKE_PREFIX_PATH=/home/alex/thesis_ws/install/pcl_ros:/home/alex/thesis_ws/install/small_gicp:/home/alex/thesis_ws/install/pcl_conversions:/home/alex/thesis_ws/install/pointcloud_to_laserscan:/home/alex/thesis_ws/install/perception_pcl:/opt/ros/humble LD_LIBRARY_PATH=/home/alex/thesis_ws/install/pcl_ros/lib:/home/alex/thesis_ws/install/small_gicp/lib:/home/alex/thesis_ws/install/pointcloud_to_laserscan/lib:/opt/ros/humble/opt/rviz_ogre_vendor/lib:/opt/ros/humble/lib/x86_64-linux-gnu:/opt/ros/humble/lib /usr/bin/cmake --build /home/alex/thesis_ws/build/pointcloud_to_laserscan -- -j8 -l8
